.:
bbuild
build
config
extra
kernel
modules.alias
modules.alias.bin
modules.block
modules.builtin
modules.builtin.bin
modules.dep
modules.dep.bin
modules.devname
modules.drm
modules.modesetting
modules.networking
modules.order
modules.softdep
modules.symbols
modules.symbols.bin
source
System.map
updates
vdso
vmlinuz

./build:

./extra:
drivers
fs
net

./extra/drivers:
input
isdn
message
net
pci
usb
uwb
w1

./extra/drivers/input:
joystick

./extra/drivers/input/joystick:
a3d.ko.xz
adi.ko.xz
analog.ko.xz
cobra.ko.xz
db9.ko.xz
gamecon.ko.xz
gf2k.ko.xz
grip.ko.xz
grip_mp.ko.xz
guillemot.ko.xz
iforce
interact.ko.xz
joydump.ko.xz
magellan.ko.xz
sidewinder.ko.xz
spaceball.ko.xz
spaceorb.ko.xz
stinger.ko.xz
tmdc.ko.xz
turbografx.ko.xz
twidjoy.ko.xz
walkera0701.ko.xz
warrior.ko.xz
xpad.ko.xz
zhenhua.ko.xz

./extra/drivers/input/joystick/iforce:
iforce.ko.xz

./extra/drivers/isdn:
capi
divert
gigaset
hardware
hisax
hysdn
mISDN

./extra/drivers/isdn/capi:
capi.ko.xz

./extra/drivers/isdn/divert:
dss1_divert.ko.xz

./extra/drivers/isdn/gigaset:
bas_gigaset.ko.xz

./extra/drivers/isdn/hardware:
avm
eicon
mISDN

./extra/drivers/isdn/hardware/avm:
avm_cs.ko.xz

./extra/drivers/isdn/hardware/eicon:
diva_idi.ko.xz
divas.ko.xz

./extra/drivers/isdn/hardware/mISDN:
avmfritz.ko.xz
hfcmulti.ko.xz
hfcpci.ko.xz
netjet.ko.xz
w6692.ko.xz

./extra/drivers/isdn/hisax:
avma1_cs.ko.xz
elsa_cs.ko.xz
hfc4s8s_l1.ko.xz

./extra/drivers/isdn/hysdn:
hysdn.ko.xz

./extra/drivers/isdn/mISDN:
mISDN_dsp.ko.xz

./extra/drivers/message:
fusion

./extra/drivers/message/fusion:
mptctl.ko.xz
mptfc.ko.xz

./extra/drivers/net:
appletalk
can
hamradio
irda
slip
wireless

./extra/drivers/net/appletalk:
ipddp.ko.xz

./extra/drivers/net/can:
c_can
sja1000
slcan.ko.xz
softing
usb
vcan.ko.xz

./extra/drivers/net/can/c_can:
c_can_platform.ko.xz

./extra/drivers/net/can/sja1000:
ems_pci.ko.xz
kvaser_pci.ko.xz
plx_pci.ko.xz
sja1000_platform.ko.xz

./extra/drivers/net/can/softing:
softing.ko.xz

./extra/drivers/net/can/usb:
ems_usb.ko.xz
esd_usb2.ko.xz

./extra/drivers/net/hamradio:
6pack.ko.xz
baycom_par.ko.xz
baycom_ser_fdx.ko.xz
baycom_ser_hdx.ko.xz
bpqether.ko.xz
hdlcdrv.ko.xz
mkiss.ko.xz
yam.ko.xz

./extra/drivers/net/irda:
act200l-sir.ko.xz
actisys-sir.ko.xz
ali-ircc.ko.xz
esi-sir.ko.xz
girbil-sir.ko.xz
kingsun-sir.ko.xz
ks959-sir.ko.xz
ksdazzle-sir.ko.xz
ma600-sir.ko.xz
mcp2120-sir.ko.xz
old_belkin-sir.ko.xz
tekram-sir.ko.xz
toim3232-sir.ko.xz

./extra/drivers/net/slip:
slip.ko.xz

./extra/drivers/net/wireless:
intersil

./extra/drivers/net/wireless/intersil:
orinoco

./extra/drivers/net/wireless/intersil/orinoco:
orinoco_cs.ko.xz
orinoco.ko.xz
orinoco_nortel.ko.xz
orinoco_pci.ko.xz
orinoco_plx.ko.xz
orinoco_usb.ko.xz

./extra/drivers/pci:
pcie

./extra/drivers/pci/pcie:
aer

./extra/drivers/pci/pcie/aer:
aer_inject.ko.xz

./extra/drivers/usb:
misc
usbip

./extra/drivers/usb/misc:
trancevibrator.ko.xz

./extra/drivers/usb/usbip:
usbip-core.ko.xz
usbip-host.ko.xz
vhci-hcd.ko.xz

./extra/drivers/uwb:
hwa-rc.ko.xz

./extra/drivers/w1:
masters
slaves

./extra/drivers/w1/masters:
ds1wm.ko.xz
ds2482.ko.xz
ds2490.ko.xz

./extra/drivers/w1/slaves:
w1_bq27000.ko.xz
w1_ds2408.ko.xz
w1_ds2423.ko.xz
w1_ds2431.ko.xz
w1_ds2433.ko.xz
w1_ds2760.ko.xz
w1_ds2780.ko.xz
w1_ds2781.ko.xz
w1_ds28e04.ko.xz
w1_smem.ko.xz
w1_therm.ko.xz

./extra/fs:
affs
befs
coda
dlm
fuse
gfs2
ncpfs
nilfs2
ocfs2
sysv
ubifs
ufs

./extra/fs/affs:
affs.ko.xz

./extra/fs/befs:
befs.ko.xz

./extra/fs/coda:
coda.ko.xz

./extra/fs/dlm:
dlm.ko.xz

./extra/fs/fuse:
cuse.ko.xz

./extra/fs/gfs2:
gfs2.ko.xz

./extra/fs/ncpfs:
ncpfs.ko.xz

./extra/fs/nilfs2:
nilfs2.ko.xz

./extra/fs/ocfs2:
cluster
dlm
dlmfs
ocfs2.ko.xz
ocfs2_stackglue.ko.xz
ocfs2_stack_o2cb.ko.xz
ocfs2_stack_user.ko.xz

./extra/fs/ocfs2/cluster:
ocfs2_nodemanager.ko.xz

./extra/fs/ocfs2/dlm:
ocfs2_dlm.ko.xz

./extra/fs/ocfs2/dlmfs:
ocfs2_dlmfs.ko.xz

./extra/fs/sysv:
sysv.ko.xz

./extra/fs/ubifs:
ubifs.ko.xz

./extra/fs/ufs:
ufs.ko.xz

./extra/net:
appletalk
atm
ax25
batman-adv
dccp
ipv4
ipx
l2tp
netrom
rds
rose
sched
sctp

./extra/net/appletalk:
appletalk.ko.xz

./extra/net/atm:
br2684.ko.xz
clip.ko.xz
lec.ko.xz
pppoatm.ko.xz

./extra/net/ax25:
ax25.ko.xz

./extra/net/batman-adv:
batman-adv.ko.xz

./extra/net/dccp:
dccp_diag.ko.xz
dccp_ipv4.ko.xz
dccp_ipv6.ko.xz
dccp.ko.xz

./extra/net/ipv4:
tcp_bic.ko.xz
tcp_highspeed.ko.xz
tcp_htcp.ko.xz
tcp_hybla.ko.xz
tcp_illinois.ko.xz
tcp_lp.ko.xz
tcp_scalable.ko.xz
tcp_vegas.ko.xz
tcp_veno.ko.xz
tcp_westwood.ko.xz
tcp_yeah.ko.xz

./extra/net/ipx:
ipx.ko.xz

./extra/net/l2tp:
l2tp_debugfs.ko.xz
l2tp_eth.ko.xz
l2tp_ip.ko.xz
l2tp_netlink.ko.xz
l2tp_ppp.ko.xz

./extra/net/netrom:
netrom.ko.xz

./extra/net/rds:
rds.ko.xz
rds_rdma.ko.xz
rds_tcp.ko.xz

./extra/net/rose:
rose.ko.xz

./extra/net/sched:
sch_atm.ko.xz
sch_cbq.ko.xz
sch_choke.ko.xz
sch_drr.ko.xz
sch_dsmark.ko.xz
sch_gred.ko.xz
sch_mqprio.ko.xz
sch_multiq.ko.xz
sch_netem.ko.xz
sch_qfq.ko.xz
sch_red.ko.xz
sch_sfb.ko.xz
sch_teql.ko.xz

./extra/net/sctp:
sctp.ko.xz
sctp_probe.ko.xz

./kernel:
arch
crypto
drivers
fs
kernel
lib
mm
net
security
sound
virt

./kernel/arch:
x86

./kernel/arch/x86:
crypto
kernel
kvm
oprofile
pci

./kernel/arch/x86/crypto:
blowfish-x86_64.ko.xz
camellia-aesni-avx2.ko.xz
camellia-aesni-avx-x86_64.ko.xz
camellia-x86_64.ko.xz
cast5-avx-x86_64.ko.xz
cast6-avx-x86_64.ko.xz
chacha20-x86_64.ko.xz
crc32c-intel.ko.xz
crc32-pclmul.ko.xz
crct10dif-pclmul.ko.xz
des3_ede-x86_64.ko.xz
ghash-clmulni-intel.ko.xz
poly1305-x86_64.ko.xz
salsa20-x86_64.ko.xz
serpent-avx2.ko.xz
serpent-avx-x86_64.ko.xz
serpent-sse2-x86_64.ko.xz
sha1-ssse3.ko.xz
sha256-ssse3.ko.xz
sha512-ssse3.ko.xz
twofish-avx-x86_64.ko.xz
twofish-x86_64-3way.ko.xz
twofish-x86_64.ko.xz

./kernel/arch/x86/kernel:
cpu
test_nx.ko.xz

./kernel/arch/x86/kernel/cpu:
mcheck

./kernel/arch/x86/kernel/cpu/mcheck:
mce-inject.ko.xz

./kernel/arch/x86/kvm:
kvm-amd.ko.xz
kvm-intel.ko.xz
kvm.ko.xz

./kernel/arch/x86/oprofile:
oprofile.ko.xz

./kernel/arch/x86/pci:
vmd.ko.xz

./kernel/crypto:
842.ko.xz
ansi_cprng.ko.xz
anubis.ko.xz
arc4.ko.xz
async_tx
authencesn.ko.xz
authenc.ko.xz
blowfish_common.ko.xz
blowfish_generic.ko.xz
camellia_generic.ko.xz
cast5_generic.ko.xz
cast6_generic.ko.xz
cast_common.ko.xz
ccm.ko.xz
chacha20_generic.ko.xz
chacha20poly1305.ko.xz
cmac.ko.xz
crc32.ko.xz
crypto_user.ko.xz
cts.ko.xz
deflate.ko.xz
des_generic.ko.xz
echainiv.ko.xz
fcrypt.ko.xz
gcm.ko.xz
ghash-generic.ko.xz
keywrap.ko.xz
khazad.ko.xz
lz4hc.ko.xz
lz4.ko.xz
md4.ko.xz
michael_mic.ko.xz
pcbc.ko.xz
pcrypt.ko.xz
poly1305_generic.ko.xz
rmd128.ko.xz
rmd160.ko.xz
rmd256.ko.xz
rmd320.ko.xz
rsa_generic.ko.xz
salsa20_generic.ko.xz
seed.ko.xz
serpent_generic.ko.xz
sha512_generic.ko.xz
tcrypt.ko.xz
tea.ko.xz
tgr192.ko.xz
twofish_common.ko.xz
twofish_generic.ko.xz
vmac.ko.xz
wp512.ko.xz
xcbc.ko.xz
xor.ko.xz
zlib.ko.xz

./kernel/crypto/async_tx:
async_memcpy.ko.xz
async_pq.ko.xz
async_raid6_recov.ko.xz
async_tx.ko.xz
async_xor.ko.xz
raid6test.ko.xz

./kernel/drivers:
acpi
ata
atm
auxdisplay
base
bcma
block
char
cpufreq
crypto
dca
devfreq
dma
edac
firewire
firmware
fmc
gpio
gpu
hid
hv
hwmon
i2c
idle
iio
infiniband
input
iommu
isdn
leds
md
media
memstick
message
mfd
misc
mmc
mtd
net
nfc
ntb
nvdimm
nvme
parport
pci
pcmcia
pinctrl
platform
power
powercap
pps
ptp
rtc
scsi
spi
ssb
staging
target
thermal
thunderbolt
tty
uio
usb
uwb
vfio
vhost
video
virtio
w1
watchdog
xen

./kernel/drivers/acpi:
acpi_ipmi.ko.xz
acpi_pad.ko.xz
custom_method.ko.xz
ec_sys.ko.xz
nfit.ko.xz
sbshc.ko.xz
sbs.ko.xz
video.ko.xz

./kernel/drivers/ata:
acard-ahci.ko.xz
ahci_platform.ko.xz
ata_generic.ko.xz
libahci_platform.ko.xz
pata_acpi.ko.xz
pata_ali.ko.xz
pata_amd.ko.xz
pata_artop.ko.xz
pata_atiixp.ko.xz
pata_atp867x.ko.xz
pata_cmd640.ko.xz
pata_cmd64x.ko.xz
pata_cypress.ko.xz
pata_efar.ko.xz
pata_hpt366.ko.xz
pata_hpt37x.ko.xz
pata_hpt3x2n.ko.xz
pata_hpt3x3.ko.xz
pata_it8213.ko.xz
pata_it821x.ko.xz
pata_jmicron.ko.xz
pata_marvell.ko.xz
pata_mpiix.ko.xz
pata_netcell.ko.xz
pata_ninja32.ko.xz
pata_ns87410.ko.xz
pata_ns87415.ko.xz
pata_oldpiix.ko.xz
pata_optidma.ko.xz
pata_opti.ko.xz
pata_pcmcia.ko.xz
pata_pdc2027x.ko.xz
pata_pdc202xx_old.ko.xz
pata_piccolo.ko.xz
pata_rdc.ko.xz
pata_sch.ko.xz
pata_serverworks.ko.xz
pata_sil680.ko.xz
pata_sis.ko.xz
pata_sl82c105.ko.xz
pata_triflex.ko.xz
pata_via.ko.xz
pdc_adma.ko.xz
sata_inic162x.ko.xz
sata_mv.ko.xz
sata_nv.ko.xz
sata_promise.ko.xz
sata_qstor.ko.xz
sata_sil24.ko.xz
sata_sil.ko.xz
sata_sis.ko.xz
sata_svw.ko.xz
sata_sx4.ko.xz
sata_uli.ko.xz
sata_via.ko.xz
sata_vsc.ko.xz

./kernel/drivers/atm:
atmtcp.ko.xz
eni.ko.xz
firestream.ko.xz
he.ko.xz
nicstar.ko.xz
solos-pci.ko.xz
suni.ko.xz

./kernel/drivers/auxdisplay:
cfag12864bfb.ko.xz
cfag12864b.ko.xz
ks0108.ko.xz

./kernel/drivers/base:
regmap

./kernel/drivers/base/regmap:
regmap-spi.ko.xz

./kernel/drivers/bcma:
bcma.ko.xz

./kernel/drivers/block:
aoe
brd.ko.xz
cciss.ko.xz
DAC960.ko.xz
drbd
floppy.ko.xz
loop.ko.xz
mtip32xx
nbd.ko.xz
null_blk.ko.xz
osdblk.ko.xz
pktcdvd.ko.xz
rbd.ko.xz
skd.ko.xz
sx8.ko.xz
umem.ko.xz
virtio_blk.ko.xz
xen-blkback
xen-blkfront.ko.xz
zram

./kernel/drivers/block/aoe:
aoe.ko.xz

./kernel/drivers/block/drbd:
drbd.ko.xz

./kernel/drivers/block/mtip32xx:
mtip32xx.ko.xz

./kernel/drivers/block/xen-blkback:
xen-blkback.ko.xz

./kernel/drivers/block/zram:
zram.ko.xz

./kernel/drivers/char:
crash.ko.xz
hangcheck-timer.ko.xz
hw_random
ipmi
lp.ko.xz
mwave
pcmcia
ppdev.ko.xz
tlclk.ko.xz
tpm
uv_mmtimer.ko.xz
virtio_console.ko.xz

./kernel/drivers/char/hw_random:
amd-rng.ko.xz
intel-rng.ko.xz
timeriomem-rng.ko.xz
tpm-rng.ko.xz
via-rng.ko.xz
virtio-rng.ko.xz

./kernel/drivers/char/ipmi:
ipmi_devintf.ko.xz
ipmi_msghandler.ko.xz
ipmi_poweroff.ko.xz
ipmi_si.ko.xz
ipmi_ssif.ko.xz
ipmi_watchdog.ko.xz

./kernel/drivers/char/mwave:
mwave.ko.xz

./kernel/drivers/char/pcmcia:
cm4000_cs.ko.xz
cm4040_cs.ko.xz

./kernel/drivers/char/tpm:
tpm_atmel.ko.xz
tpm_crb.ko.xz
tpm_infineon.ko.xz
tpm.ko.xz
tpm_nsc.ko.xz
tpm_tis.ko.xz

./kernel/drivers/cpufreq:
acpi-cpufreq.ko.xz
amd_freq_sensitivity.ko.xz
cpufreq_stats.ko.xz
p4-clockmod.ko.xz
pcc-cpufreq.ko.xz
powernow-k8.ko.xz
speedstep-lib.ko.xz

./kernel/drivers/crypto:
ccp
padlock-aes.ko.xz
padlock-sha.ko.xz
qat

./kernel/drivers/crypto/ccp:
ccp-crypto.ko.xz
ccp.ko.xz

./kernel/drivers/crypto/qat:
qat_c3xxx
qat_c3xxxvf
qat_c62x
qat_c62xvf
qat_common
qat_dh895xcc
qat_dh895xccvf

./kernel/drivers/crypto/qat/qat_c3xxx:
qat_c3xxx.ko.xz

./kernel/drivers/crypto/qat/qat_c3xxxvf:
qat_c3xxxvf.ko.xz

./kernel/drivers/crypto/qat/qat_c62x:
qat_c62x.ko.xz

./kernel/drivers/crypto/qat/qat_c62xvf:
qat_c62xvf.ko.xz

./kernel/drivers/crypto/qat/qat_common:
intel_qat.ko.xz

./kernel/drivers/crypto/qat/qat_dh895xcc:
qat_dh895xcc.ko.xz

./kernel/drivers/crypto/qat/qat_dh895xccvf:
qat_dh895xccvf.ko.xz

./kernel/drivers/dca:
dca.ko.xz

./kernel/drivers/devfreq:
governor_simpleondemand.ko.xz

./kernel/drivers/dma:
dw
idma64.ko.xz
ioat
mic_x100_dma.ko.xz

./kernel/drivers/dma/dw:
dw_dmac_pci.ko.xz

./kernel/drivers/dma/ioat:
ioatdma.ko.xz

./kernel/drivers/edac:
amd64_edac_mod.ko.xz
e752x_edac.ko.xz
edac_core.ko.xz
edac_mce_amd.ko.xz
i3000_edac.ko.xz
i3200_edac.ko.xz
i5000_edac.ko.xz
i5100_edac.ko.xz
i5400_edac.ko.xz
i7300_edac.ko.xz
i7core_edac.ko.xz
i82975x_edac.ko.xz
ie31200_edac.ko.xz
sb_edac.ko.xz
x38_edac.ko.xz

./kernel/drivers/firewire:
firewire-core.ko.xz
firewire-net.ko.xz
firewire-ohci.ko.xz
firewire-sbp2.ko.xz
nosy.ko.xz

./kernel/drivers/firmware:
dcdbas.ko.xz
edd.ko.xz
iscsi_ibft.ko.xz

./kernel/drivers/fmc:
fmc-chardev.ko.xz
fmc-fakedev.ko.xz
fmc.ko.xz
fmc-trivial.ko.xz
fmc-write-eeprom.ko.xz

./kernel/drivers/gpio:
gpio-ich.ko.xz
gpio-viperboard.ko.xz

./kernel/drivers/gpu:
drm

./kernel/drivers/gpu/drm:
amd
ast
bochs
cirrus
drm_kms_helper.ko.xz
drm.ko.xz
gma500
i2c
i915
mgag200
nouveau
qxl
radeon
ttm
udl
vgem
via
virtio
vmwgfx

./kernel/drivers/gpu/drm/amd:
amdgpu
amdkfd

./kernel/drivers/gpu/drm/amd/amdgpu:
amdgpu.ko.xz

./kernel/drivers/gpu/drm/amd/amdkfd:
amdkfd.ko.xz

./kernel/drivers/gpu/drm/ast:
ast.ko.xz

./kernel/drivers/gpu/drm/bochs:
bochs-drm.ko.xz

./kernel/drivers/gpu/drm/cirrus:
cirrus.ko.xz

./kernel/drivers/gpu/drm/gma500:
gma500_gfx.ko.xz

./kernel/drivers/gpu/drm/i2c:
adv7511.ko.xz
ch7006.ko.xz
sil164.ko.xz
tda998x.ko.xz

./kernel/drivers/gpu/drm/i915:
i915.ko.xz

./kernel/drivers/gpu/drm/mgag200:
mgag200.ko.xz

./kernel/drivers/gpu/drm/nouveau:
nouveau.ko.xz

./kernel/drivers/gpu/drm/qxl:
qxl.ko.xz

./kernel/drivers/gpu/drm/radeon:
radeon.ko.xz

./kernel/drivers/gpu/drm/ttm:
ttm.ko.xz

./kernel/drivers/gpu/drm/udl:
udl.ko.xz

./kernel/drivers/gpu/drm/vgem:
vgem.ko.xz

./kernel/drivers/gpu/drm/via:
via.ko.xz

./kernel/drivers/gpu/drm/virtio:
virtio-gpu.ko.xz

./kernel/drivers/gpu/drm/vmwgfx:
vmwgfx.ko.xz

./kernel/drivers/hid:
hid-a4tech.ko.xz
hid-appleir.ko.xz
hid-apple.ko.xz
hid-aureal.ko.xz
hid-axff.ko.xz
hid-belkin.ko.xz
hid-betopff.ko.xz
hid-cherry.ko.xz
hid-chicony.ko.xz
hid-corsair.ko.xz
hid-cypress.ko.xz
hid-dr.ko.xz
hid-elecom.ko.xz
hid-elo.ko.xz
hid-emsff.ko.xz
hid-ezkey.ko.xz
hid-gaff.ko.xz
hid-gembird.ko.xz
hid-gfrm.ko.xz
hid-gt683r.ko.xz
hid-gyration.ko.xz
hid-holtekff.ko.xz
hid-holtek-kbd.ko.xz
hid-holtek-mouse.ko.xz
hid-hyperv.ko.xz
hid-icade.ko.xz
hid-kensington.ko.xz
hid-keytouch.ko.xz
hid-kye.ko.xz
hid-lcpower.ko.xz
hid-lenovo.ko.xz
hid-logitech-dj.ko.xz
hid-logitech-hidpp.ko.xz
hid-logitech.ko.xz
hid-microsoft.ko.xz
hid-monterey.ko.xz
hid-multitouch.ko.xz
hid-ortek.ko.xz
hid-penmount.ko.xz
hid-petalynx.ko.xz
hid-picolcd.ko.xz
hid-plantronics.ko.xz
hid-pl.ko.xz
hid-primax.ko.xz
hid-prodikeys.ko.xz
hid-rmi.ko.xz
hid-roccat-arvo.ko.xz
hid-roccat-common.ko.xz
hid-roccat-isku.ko.xz
hid-roccat-kone.ko.xz
hid-roccat-koneplus.ko.xz
hid-roccat-konepure.ko.xz
hid-roccat-kovaplus.ko.xz
hid-roccat.ko.xz
hid-roccat-lua.ko.xz
hid-roccat-pyra.ko.xz
hid-roccat-ryos.ko.xz
hid-roccat-savu.ko.xz
hid-saitek.ko.xz
hid-samsung.ko.xz
hid-sensor-hub.ko.xz
hid-sjoy.ko.xz
hid-sony.ko.xz
hid-speedlink.ko.xz
hid-steelseries.ko.xz
hid-sunplus.ko.xz
hid-thingm.ko.xz
hid-tivo.ko.xz
hid-tmff.ko.xz
hid-topseed.ko.xz
hid-twinhan.ko.xz
hid-uclogic.ko.xz
hid-waltop.ko.xz
hid-wiimote.ko.xz
hid-xinmo.ko.xz
hid-zpff.ko.xz
hid-zydacron.ko.xz
i2c-hid
uhid.ko.xz
wacom.ko.xz

./kernel/drivers/hid/i2c-hid:
i2c-hid.ko.xz

./kernel/drivers/hv:
hv_balloon.ko.xz
hv_utils.ko.xz
hv_vmbus.ko.xz

./kernel/drivers/hwmon:
abituguru3.ko.xz
abituguru.ko.xz
acpi_power_meter.ko.xz
ad7314.ko.xz
ad7414.ko.xz
ad7418.ko.xz
adc128d818.ko.xz
adcxx.ko.xz
adm1021.ko.xz
adm1025.ko.xz
adm1026.ko.xz
adm1029.ko.xz
adm1031.ko.xz
adm9240.ko.xz
ads1015.ko.xz
ads7828.ko.xz
ads7871.ko.xz
adt7310.ko.xz
adt7410.ko.xz
adt7411.ko.xz
adt7462.ko.xz
adt7470.ko.xz
adt7475.ko.xz
adt7x10.ko.xz
amc6821.ko.xz
applesmc.ko.xz
asb100.ko.xz
asc7621.ko.xz
asus_atk0110.ko.xz
atxp1.ko.xz
coretemp.ko.xz
dell-smm-hwmon.ko.xz
dme1737.ko.xz
ds1621.ko.xz
ds620.ko.xz
emc1403.ko.xz
emc6w201.ko.xz
f71805f.ko.xz
f71882fg.ko.xz
f75375s.ko.xz
fam15h_power.ko.xz
fschmd.ko.xz
g760a.ko.xz
g762.ko.xz
gl518sm.ko.xz
gl520sm.ko.xz
hwmon-vid.ko.xz
i5500_temp.ko.xz
i5k_amb.ko.xz
ibmaem.ko.xz
ibmpex.ko.xz
ina209.ko.xz
ina2xx.ko.xz
it87.ko.xz
k10temp.ko.xz
k8temp.ko.xz
lineage-pem.ko.xz
lm63.ko.xz
lm70.ko.xz
lm73.ko.xz
lm75.ko.xz
lm77.ko.xz
lm78.ko.xz
lm80.ko.xz
lm83.ko.xz
lm85.ko.xz
lm87.ko.xz
lm90.ko.xz
lm92.ko.xz
lm93.ko.xz
lm95234.ko.xz
lm95241.ko.xz
lm95245.ko.xz
ltc2945.ko.xz
ltc4151.ko.xz
ltc4215.ko.xz
ltc4222.ko.xz
ltc4245.ko.xz
ltc4260.ko.xz
ltc4261.ko.xz
max1111.ko.xz
max16065.ko.xz
max1619.ko.xz
max1668.ko.xz
max197.ko.xz
max31790.ko.xz
max6639.ko.xz
max6642.ko.xz
max6650.ko.xz
max6697.ko.xz
mcp3021.ko.xz
nct6683.ko.xz
nct6775.ko.xz
nct7802.ko.xz
nct7904.ko.xz
ntc_thermistor.ko.xz
pc87360.ko.xz
pc87427.ko.xz
pcf8591.ko.xz
pmbus
powr1220.ko.xz
sch5627.ko.xz
sch5636.ko.xz
sch56xx-common.ko.xz
sht15.ko.xz
sht21.ko.xz
shtc1.ko.xz
sis5595.ko.xz
smsc47b397.ko.xz
smsc47m192.ko.xz
smsc47m1.ko.xz
tc74.ko.xz
thmc50.ko.xz
tmp102.ko.xz
tmp103.ko.xz
tmp401.ko.xz
tmp421.ko.xz
via686a.ko.xz
via-cputemp.ko.xz
vt1211.ko.xz
vt8231.ko.xz
w83627ehf.ko.xz
w83627hf.ko.xz
w83781d.ko.xz
w83791d.ko.xz
w83792d.ko.xz
w83793.ko.xz
w83795.ko.xz
w83l785ts.ko.xz
w83l786ng.ko.xz

./kernel/drivers/hwmon/pmbus:
adm1275.ko.xz
lm25066.ko.xz
ltc2978.ko.xz
ltc3815.ko.xz
max16064.ko.xz
max20751.ko.xz
max34440.ko.xz
max8688.ko.xz
pmbus_core.ko.xz
pmbus.ko.xz
tps40422.ko.xz
ucd9000.ko.xz
ucd9200.ko.xz
zl6100.ko.xz

./kernel/drivers/i2c:
algos
busses
i2c-dev.ko.xz
i2c-mux.ko.xz
i2c-slave-eeprom.ko.xz
i2c-smbus.ko.xz
i2c-stub.ko.xz

./kernel/drivers/i2c/algos:
i2c-algo-bit.ko.xz
i2c-algo-pca.ko.xz

./kernel/drivers/i2c/busses:
i2c-amd756.ko.xz
i2c-amd756-s4882.ko.xz
i2c-amd8111.ko.xz
i2c-designware-core.ko.xz
i2c-designware-pci.ko.xz
i2c-designware-platform.ko.xz
i2c-diolan-u2c.ko.xz
i2c-i801.ko.xz
i2c-isch.ko.xz
i2c-ismt.ko.xz
i2c-nforce2.ko.xz
i2c-nforce2-s4985.ko.xz
i2c-parport.ko.xz
i2c-parport-light.ko.xz
i2c-pca-platform.ko.xz
i2c-piix4.ko.xz
i2c-scmi.ko.xz
i2c-simtec.ko.xz
i2c-sis96x.ko.xz
i2c-tiny-usb.ko.xz
i2c-via.ko.xz
i2c-viapro.ko.xz
i2c-viperboard.ko.xz

./kernel/drivers/idle:
i7300_idle.ko.xz

./kernel/drivers/iio:
accel
buffer
common
gyro
health
humidity
industrialio-configfs.ko.xz
industrialio.ko.xz
industrialio-sw-trigger.ko.xz
light
magnetometer
orientation
trigger

./kernel/drivers/iio/accel:
bmc150-accel-core.ko.xz
bmc150-accel-i2c.ko.xz
bmc150-accel-spi.ko.xz
hid-sensor-accel-3d.ko.xz
kxcjk-1013.ko.xz
st_accel_i2c.ko.xz
st_accel.ko.xz
st_accel_spi.ko.xz

./kernel/drivers/iio/buffer:
industrialio-buffer-cb.ko.xz
industrialio-triggered-buffer.ko.xz
kfifo_buf.ko.xz

./kernel/drivers/iio/common:
hid-sensors
st_sensors

./kernel/drivers/iio/common/hid-sensors:
hid-sensor-iio-common.ko.xz
hid-sensor-trigger.ko.xz

./kernel/drivers/iio/common/st_sensors:
st_sensors_i2c.ko.xz
st_sensors.ko.xz
st_sensors_spi.ko.xz

./kernel/drivers/iio/gyro:
hid-sensor-gyro-3d.ko.xz
st_gyro_i2c.ko.xz
st_gyro.ko.xz
st_gyro_spi.ko.xz

./kernel/drivers/iio/health:
max30100.ko.xz

./kernel/drivers/iio/humidity:
dht11.ko.xz

./kernel/drivers/iio/light:
acpi-als.ko.xz
bh1750.ko.xz
cm32181.ko.xz
hid-sensor-als.ko.xz
opt3001.ko.xz
pa12203001.ko.xz
rpr0521.ko.xz
stk3310.ko.xz

./kernel/drivers/iio/magnetometer:
hid-sensor-magn-3d.ko.xz
st_magn_i2c.ko.xz
st_magn.ko.xz
st_magn_spi.ko.xz

./kernel/drivers/iio/orientation:
hid-sensor-incl-3d.ko.xz
hid-sensor-rotation.ko.xz

./kernel/drivers/iio/trigger:
iio-trig-interrupt.ko.xz

./kernel/drivers/infiniband:
core
hw
ulp

./kernel/drivers/infiniband/core:
ib_addr.ko.xz
ib_cm.ko.xz
ib_core.ko.xz
ib_mad.ko.xz
ib_sa.ko.xz
ib_ucm.ko.xz
ib_umad.ko.xz
ib_uverbs.ko.xz
iw_cm.ko.xz
rdma_cm.ko.xz
rdma_ucm.ko.xz

./kernel/drivers/infiniband/hw:
cxgb3
cxgb4
mlx4
mlx5
mthca
nes
ocrdma
qib
usnic

./kernel/drivers/infiniband/hw/cxgb3:
iw_cxgb3.ko.xz

./kernel/drivers/infiniband/hw/cxgb4:
iw_cxgb4.ko.xz

./kernel/drivers/infiniband/hw/mlx4:
mlx4_ib.ko.xz

./kernel/drivers/infiniband/hw/mlx5:
mlx5_ib.ko.xz

./kernel/drivers/infiniband/hw/mthca:
ib_mthca.ko.xz

./kernel/drivers/infiniband/hw/nes:
iw_nes.ko.xz

./kernel/drivers/infiniband/hw/ocrdma:
ocrdma.ko.xz

./kernel/drivers/infiniband/hw/qib:
ib_qib.ko.xz

./kernel/drivers/infiniband/hw/usnic:
usnic_verbs.ko.xz

./kernel/drivers/infiniband/ulp:
ipoib
iser
isert
srp
srpt

./kernel/drivers/infiniband/ulp/ipoib:
ib_ipoib.ko.xz

./kernel/drivers/infiniband/ulp/iser:
ib_iser.ko.xz

./kernel/drivers/infiniband/ulp/isert:
ib_isert.ko.xz

./kernel/drivers/infiniband/ulp/srp:
ib_srp.ko.xz

./kernel/drivers/infiniband/ulp/srpt:
ib_srpt.ko.xz

./kernel/drivers/input:
ff-memless.ko.xz
gameport
input-polldev.ko.xz
keyboard
misc
mouse
serio
sparse-keymap.ko.xz
tablet
touchscreen

./kernel/drivers/input/gameport:
emu10k1-gp.ko.xz
fm801-gp.ko.xz
gameport.ko.xz
lightning.ko.xz
ns558.ko.xz

./kernel/drivers/input/keyboard:
gpio_keys.ko.xz

./kernel/drivers/input/misc:
apanel.ko.xz
ati_remote2.ko.xz
atlas_btns.ko.xz
cm109.ko.xz
cma3000_d0x_i2c.ko.xz
cma3000_d0x.ko.xz
e3x0-button.ko.xz
gp2ap002a00f.ko.xz
ideapad_slidebar.ko.xz
keyspan_remote.ko.xz
kxtj9.ko.xz
mma8450.ko.xz
mpu3050.ko.xz
pcspkr.ko.xz
powermate.ko.xz
rotary_encoder.ko.xz
soc_button_array.ko.xz
uinput.ko.xz
xen-kbdfront.ko.xz
yealink.ko.xz

./kernel/drivers/input/mouse:
appletouch.ko.xz
bcm5974.ko.xz
cyapatp.ko.xz
elan_i2c.ko.xz
sermouse.ko.xz
synaptics_i2c.ko.xz
synaptics_usb.ko.xz
vsxxxaa.ko.xz

./kernel/drivers/input/serio:
altera_ps2.ko.xz
arc_ps2.ko.xz
hyperv-keyboard.ko.xz
serio_raw.ko.xz

./kernel/drivers/input/tablet:
acecad.ko.xz
aiptek.ko.xz
gtco.ko.xz
hanwang.ko.xz
kbtab.ko.xz
wacom_serial4.ko.xz

./kernel/drivers/input/touchscreen:
atmel_mxt_ts.ko.xz
auo-pixcir-ts.ko.xz
dynapro.ko.xz
edt-ft5x06.ko.xz
eeti_ts.ko.xz
egalax_ts_serial.ko.xz
elants_i2c.ko.xz
elo.ko.xz
fujitsu_ts.ko.xz
goodix.ko.xz
gunze.ko.xz
ili210x.ko.xz
inexio.ko.xz
mcs5000_ts.ko.xz
mk712.ko.xz
mms114.ko.xz
mtouch.ko.xz
penmount.ko.xz
pixcir_i2c_ts.ko.xz
st1232.ko.xz
touchit213.ko.xz
touchright.ko.xz
touchwin.ko.xz
tsc2007.ko.xz
tsc40.ko.xz
usbtouchscreen.ko.xz
wacom_i2c.ko.xz
wacom_w8001.ko.xz
zforce_ts.ko.xz

./kernel/drivers/iommu:
amd_iommu_v2.ko.xz

./kernel/drivers/isdn:
capi
divert
gigaset
hardware
hisax
hysdn
i4l
mISDN

./kernel/drivers/isdn/capi:
capidrv.ko.xz
kernelcapi.ko.xz

./kernel/drivers/isdn/divert:

./kernel/drivers/isdn/gigaset:
gigaset.ko.xz
ser_gigaset.ko.xz
usb_gigaset.ko.xz

./kernel/drivers/isdn/hardware:
avm
eicon
mISDN

./kernel/drivers/isdn/hardware/avm:
b1dma.ko.xz
b1.ko.xz
b1pci.ko.xz
b1pcmcia.ko.xz
c4.ko.xz
t1pci.ko.xz

./kernel/drivers/isdn/hardware/eicon:
divacapi.ko.xz
divadidd.ko.xz
diva_mnt.ko.xz

./kernel/drivers/isdn/hardware/mISDN:
hfcsusb.ko.xz
mISDNinfineon.ko.xz
mISDNipac.ko.xz
mISDNisar.ko.xz
speedfax.ko.xz

./kernel/drivers/isdn/hisax:
hisax_fcpcipnp.ko.xz
hisax_isac.ko.xz
hisax.ko.xz
hisax_st5481.ko.xz
sedlbauer_cs.ko.xz
teles_cs.ko.xz

./kernel/drivers/isdn/hysdn:

./kernel/drivers/isdn/i4l:
isdnhdlc.ko.xz
isdn.ko.xz

./kernel/drivers/isdn/mISDN:
l1oip.ko.xz
mISDN_core.ko.xz

./kernel/drivers/leds:
dell-led.ko.xz
led-class-flash.ko.xz
leds-blinkm.ko.xz
leds-clevo-mail.ko.xz
leds-lm3530.ko.xz
leds-lp3944.ko.xz
leds-lt3593.ko.xz
leds-ss4200.ko.xz
trigger

./kernel/drivers/leds/trigger:
ledtrig-backlight.ko.xz
ledtrig-camera.ko.xz
ledtrig-default-on.ko.xz
ledtrig-gpio.ko.xz
ledtrig-heartbeat.ko.xz
ledtrig-oneshot.ko.xz
ledtrig-timer.ko.xz
ledtrig-transient.ko.xz

./kernel/drivers/md:
bcache
dm-bio-prison.ko.xz
dm-cache-cleaner.ko.xz
dm-cache.ko.xz
dm-cache-mq.ko.xz
dm-cache-smq.ko.xz
dm-crypt.ko.xz
dm-delay.ko.xz
dm-flakey.ko.xz
dm-log-userspace.ko.xz
dm-log-writes.ko.xz
dm-multipath.ko.xz
dm-queue-length.ko.xz
dm-raid.ko.xz
dm-round-robin.ko.xz
dm-service-time.ko.xz
dm-switch.ko.xz
dm-thin-pool.ko.xz
dm-verity.ko.xz
faulty.ko.xz
linear.ko.xz
multipath.ko.xz
persistent-data
raid0.ko.xz
raid10.ko.xz
raid1.ko.xz
raid456.ko.xz

./kernel/drivers/md/bcache:
bcache.ko.xz

./kernel/drivers/md/persistent-data:
dm-persistent-data.ko.xz

./kernel/drivers/media:
common
dvb-core
dvb-frontends
firewire
i2c
media.ko.xz
mmc
pci
radio
rc
tuners
usb
v4l2-core

./kernel/drivers/media/common:
b2c2
cx2341x.ko.xz
cypress_firmware.ko.xz
saa7146
siano
tveeprom.ko.xz

./kernel/drivers/media/common/b2c2:
b2c2-flexcop.ko.xz

./kernel/drivers/media/common/saa7146:
saa7146.ko.xz
saa7146_vv.ko.xz

./kernel/drivers/media/common/siano:
smsdvb.ko.xz
smsmdtv.ko.xz

./kernel/drivers/media/dvb-core:
dvb-core.ko.xz

./kernel/drivers/media/dvb-frontends:
a8293.ko.xz
af9013.ko.xz
af9033.ko.xz
ascot2e.ko.xz
atbm8830.ko.xz
au8522_common.ko.xz
au8522_decoder.ko.xz
au8522_dig.ko.xz
bcm3510.ko.xz
cx22700.ko.xz
cx22702.ko.xz
cx24110.ko.xz
cx24113.ko.xz
cx24116.ko.xz
cx24117.ko.xz
cx24120.ko.xz
cx24123.ko.xz
cxd2820r.ko.xz
cxd2841er.ko.xz
dib0070.ko.xz
dib0090.ko.xz
dib3000mb.ko.xz
dib3000mc.ko.xz
dib7000m.ko.xz
dib7000p.ko.xz
dib8000.ko.xz
dibx000_common.ko.xz
drx39xyj
drxd.ko.xz
drxk.ko.xz
ds3000.ko.xz
dvb-pll.ko.xz
ec100.ko.xz
horus3a.ko.xz
isl6405.ko.xz
isl6421.ko.xz
isl6423.ko.xz
itd1000.ko.xz
ix2505v.ko.xz
l64781.ko.xz
lg2160.ko.xz
lgdt3305.ko.xz
lgdt3306a.ko.xz
lgdt330x.ko.xz
lgs8gxx.ko.xz
lnbh25.ko.xz
lnbp21.ko.xz
lnbp22.ko.xz
m88ds3103.ko.xz
m88rs2000.ko.xz
mb86a16.ko.xz
mb86a20s.ko.xz
mt312.ko.xz
mt352.ko.xz
nxt200x.ko.xz
nxt6000.ko.xz
or51132.ko.xz
or51211.ko.xz
rtl2830.ko.xz
rtl2832.ko.xz
s5h1409.ko.xz
s5h1411.ko.xz
s5h1420.ko.xz
s921.ko.xz
si2165.ko.xz
si2168.ko.xz
si21xx.ko.xz
sp2.ko.xz
sp8870.ko.xz
sp887x.ko.xz
stb0899.ko.xz
stb6000.ko.xz
stb6100.ko.xz
stv0288.ko.xz
stv0297.ko.xz
stv0299.ko.xz
stv0367.ko.xz
stv0900.ko.xz
stv090x.ko.xz
stv6110.ko.xz
stv6110x.ko.xz
tda10021.ko.xz
tda10023.ko.xz
tda10048.ko.xz
tda1004x.ko.xz
tda10071.ko.xz
tda10086.ko.xz
tda18271c2dd.ko.xz
tda665x.ko.xz
tda8083.ko.xz
tda8261.ko.xz
tda826x.ko.xz
ts2020.ko.xz
tua6100.ko.xz
ves1820.ko.xz
ves1x93.ko.xz
zl10036.ko.xz
zl10039.ko.xz
zl10353.ko.xz

./kernel/drivers/media/dvb-frontends/drx39xyj:
drx39xyj.ko.xz

./kernel/drivers/media/firewire:
firedtv.ko.xz

./kernel/drivers/media/i2c:
adv7170.ko.xz
adv7175.ko.xz
bt819.ko.xz
bt856.ko.xz
bt866.ko.xz
cs3308.ko.xz
cs5345.ko.xz
cs53l32a.ko.xz
cx25840
ir-kbd-i2c.ko.xz
ks0127.ko.xz
m52790.ko.xz
msp3400.ko.xz
mt9v011.ko.xz
ov7640.ko.xz
saa6588.ko.xz
saa6752hs.ko.xz
saa7110.ko.xz
saa7115.ko.xz
saa7127.ko.xz
saa717x.ko.xz
saa7185.ko.xz
sony-btf-mpx.ko.xz
tda7432.ko.xz
tda9840.ko.xz
tea6415c.ko.xz
tea6420.ko.xz
tvaudio.ko.xz
tvp5150.ko.xz
tw2804.ko.xz
tw9903.ko.xz
tw9906.ko.xz
uda1342.ko.xz
upd64031a.ko.xz
upd64083.ko.xz
vp27smpx.ko.xz
vpx3220.ko.xz
wm8739.ko.xz
wm8775.ko.xz

./kernel/drivers/media/i2c/cx25840:
cx25840.ko.xz

./kernel/drivers/media/mmc:
siano

./kernel/drivers/media/mmc/siano:
smssdio.ko.xz

./kernel/drivers/media/pci:
b2c2
bt8xx
cx18
cx23885
cx88
ddbridge
dm1105
ivtv
mantis
meye
netup_unidvb
ngene
pluto2
pt1
saa7134
saa7146
saa7164
smipcie
solo6x10
ttpci
zoran

./kernel/drivers/media/pci/b2c2:
b2c2-flexcop-pci.ko.xz

./kernel/drivers/media/pci/bt8xx:
bt878.ko.xz
bttv.ko.xz
dst_ca.ko.xz
dst.ko.xz
dvb-bt8xx.ko.xz

./kernel/drivers/media/pci/cx18:
cx18-alsa.ko.xz
cx18.ko.xz

./kernel/drivers/media/pci/cx23885:
altera-ci.ko.xz
cx23885.ko.xz

./kernel/drivers/media/pci/cx88:
cx8800.ko.xz
cx8802.ko.xz
cx88-alsa.ko.xz
cx88-blackbird.ko.xz
cx88-dvb.ko.xz
cx88-vp3054-i2c.ko.xz
cx88xx.ko.xz

./kernel/drivers/media/pci/ddbridge:
ddbridge.ko.xz

./kernel/drivers/media/pci/dm1105:
dm1105.ko.xz

./kernel/drivers/media/pci/ivtv:
ivtvfb.ko.xz
ivtv.ko.xz

./kernel/drivers/media/pci/mantis:
hopper.ko.xz
mantis_core.ko.xz
mantis.ko.xz

./kernel/drivers/media/pci/meye:
meye.ko.xz

./kernel/drivers/media/pci/netup_unidvb:
netup-unidvb.ko.xz

./kernel/drivers/media/pci/ngene:
ngene.ko.xz

./kernel/drivers/media/pci/pluto2:
pluto2.ko.xz

./kernel/drivers/media/pci/pt1:
earth-pt1.ko.xz

./kernel/drivers/media/pci/saa7134:
saa7134-alsa.ko.xz
saa7134-dvb.ko.xz
saa7134-empress.ko.xz
saa7134-go7007.ko.xz
saa7134.ko.xz

./kernel/drivers/media/pci/saa7146:
hexium_gemini.ko.xz
hexium_orion.ko.xz
mxb.ko.xz

./kernel/drivers/media/pci/saa7164:
saa7164.ko.xz

./kernel/drivers/media/pci/smipcie:
smipcie.ko.xz

./kernel/drivers/media/pci/solo6x10:
solo6x10.ko.xz

./kernel/drivers/media/pci/ttpci:
budget-av.ko.xz
budget-ci.ko.xz
budget-core.ko.xz
budget.ko.xz
budget-patch.ko.xz
dvb-ttpci.ko.xz
ttpci-eeprom.ko.xz

./kernel/drivers/media/pci/zoran:
videocodec.ko.xz
zr36016.ko.xz
zr36050.ko.xz
zr36060.ko.xz
zr36067.ko.xz

./kernel/drivers/media/radio:
dsbr100.ko.xz
radio-keene.ko.xz
radio-ma901.ko.xz
radio-maxiradio.ko.xz
radio-mr800.ko.xz
radio-shark.ko.xz
radio-tea5764.ko.xz
radio-wl1273.ko.xz
saa7706h.ko.xz
shark2.ko.xz
si470x
tea575x.ko.xz

./kernel/drivers/media/radio/si470x:
radio-i2c-si470x.ko.xz
radio-usb-si470x.ko.xz

./kernel/drivers/media/rc:
ati_remote.ko.xz
ene_ir.ko.xz
fintek-cir.ko.xz
gpio-ir-recv.ko.xz
igorplugusb.ko.xz
iguanair.ko.xz
imon.ko.xz
ir-hix5hd2.ko.xz
ir-jvc-decoder.ko.xz
ir-lirc-codec.ko.xz
ir-mce_kbd-decoder.ko.xz
ir-nec-decoder.ko.xz
ir-rc5-decoder.ko.xz
ir-rc6-decoder.ko.xz
ir-sanyo-decoder.ko.xz
ir-sharp-decoder.ko.xz
ir-sony-decoder.ko.xz
ir-xmp-decoder.ko.xz
ite-cir.ko.xz
keymaps
lirc_dev.ko.xz
mceusb.ko.xz
nuvoton-cir.ko.xz
rc-core.ko.xz
rc-loopback.ko.xz
redrat3.ko.xz
streamzap.ko.xz
ttusbir.ko.xz
winbond-cir.ko.xz

./kernel/drivers/media/rc/keymaps:
rc-adstech-dvb-t-pci.ko.xz
rc-alink-dtu-m.ko.xz
rc-anysee.ko.xz
rc-apac-viewcomp.ko.xz
rc-asus-pc39.ko.xz
rc-asus-ps3-100.ko.xz
rc-ati-tv-wonder-hd-600.ko.xz
rc-ati-x10.ko.xz
rc-avermedia-a16d.ko.xz
rc-avermedia-cardbus.ko.xz
rc-avermedia-dvbt.ko.xz
rc-avermedia.ko.xz
rc-avermedia-m135a.ko.xz
rc-avermedia-m733a-rm-k6.ko.xz
rc-avermedia-rm-ks.ko.xz
rc-avertv-303.ko.xz
rc-azurewave-ad-tu700.ko.xz
rc-behold-columbus.ko.xz
rc-behold.ko.xz
rc-budget-ci-old.ko.xz
rc-cinergy-1400.ko.xz
rc-cinergy.ko.xz
rc-delock-61959.ko.xz
rc-dib0700-nec.ko.xz
rc-dib0700-rc5.ko.xz
rc-digitalnow-tinytwin.ko.xz
rc-digittrade.ko.xz
rc-dm1105-nec.ko.xz
rc-dntv-live-dvb-t.ko.xz
rc-dntv-live-dvbt-pro.ko.xz
rc-dvbsky.ko.xz
rc-em-terratec.ko.xz
rc-encore-enltv2.ko.xz
rc-encore-enltv-fm53.ko.xz
rc-encore-enltv.ko.xz
rc-evga-indtube.ko.xz
rc-eztv.ko.xz
rc-flydvb.ko.xz
rc-flyvideo.ko.xz
rc-fusionhdtv-mce.ko.xz
rc-gadmei-rm008z.ko.xz
rc-genius-tvgo-a11mce.ko.xz
rc-gotview7135.ko.xz
rc-hauppauge.ko.xz
rc-imon-mce.ko.xz
rc-imon-pad.ko.xz
rc-iodata-bctv7e.ko.xz
rc-it913x-v1.ko.xz
rc-it913x-v2.ko.xz
rc-kaiomy.ko.xz
rc-kworld-315u.ko.xz
rc-kworld-pc150u.ko.xz
rc-kworld-plus-tv-analog.ko.xz
rc-leadtek-y04g0051.ko.xz
rc-lirc.ko.xz
rc-lme2510.ko.xz
rc-manli.ko.xz
rc-medion-x10-digitainer.ko.xz
rc-medion-x10.ko.xz
rc-medion-x10-or2x.ko.xz
rc-msi-digivox-iii.ko.xz
rc-msi-digivox-ii.ko.xz
rc-msi-tvanywhere.ko.xz
rc-msi-tvanywhere-plus.ko.xz
rc-nebula.ko.xz
rc-nec-terratec-cinergy-xs.ko.xz
rc-norwood.ko.xz
rc-npgtech.ko.xz
rc-pctv-sedna.ko.xz
rc-pinnacle-color.ko.xz
rc-pinnacle-grey.ko.xz
rc-pinnacle-pctv-hd.ko.xz
rc-pixelview-002t.ko.xz
rc-pixelview.ko.xz
rc-pixelview-mk12.ko.xz
rc-pixelview-new.ko.xz
rc-powercolor-real-angel.ko.xz
rc-proteus-2309.ko.xz
rc-purpletv.ko.xz
rc-pv951.ko.xz
rc-rc6-mce.ko.xz
rc-real-audio-220-32-keys.ko.xz
rc-reddo.ko.xz
rc-snapstream-firefly.ko.xz
rc-streamzap.ko.xz
rc-su3000.ko.xz
rc-tbs-nec.ko.xz
rc-technisat-ts35.ko.xz
rc-technisat-usb2.ko.xz
rc-terratec-cinergy-c-pci.ko.xz
rc-terratec-cinergy-s2-hd.ko.xz
rc-terratec-cinergy-xs.ko.xz
rc-terratec-slim-2.ko.xz
rc-terratec-slim.ko.xz
rc-tevii-nec.ko.xz
rc-tivo.ko.xz
rc-total-media-in-hand-02.ko.xz
rc-total-media-in-hand.ko.xz
rc-trekstor.ko.xz
rc-tt-1500.ko.xz
rc-twinhan1027.ko.xz
rc-twinhan-dtv-cab-ci.ko.xz
rc-videomate-m1f.ko.xz
rc-videomate-s350.ko.xz
rc-videomate-tv-pvr.ko.xz
rc-winfast.ko.xz
rc-winfast-usbii-deluxe.ko.xz

./kernel/drivers/media/tuners:
e4000.ko.xz
fc0011.ko.xz
fc0012.ko.xz
fc0013.ko.xz
fc2580.ko.xz
it913x.ko.xz
m88rs6000t.ko.xz
max2165.ko.xz
mc44s803.ko.xz
mt2060.ko.xz
mt2063.ko.xz
mt20xx.ko.xz
mt2131.ko.xz
mt2266.ko.xz
mxl5005s.ko.xz
mxl5007t.ko.xz
qt1010.ko.xz
r820t.ko.xz
si2157.ko.xz
tda18212.ko.xz
tda18218.ko.xz
tda18271.ko.xz
tda827x.ko.xz
tda8290.ko.xz
tda9887.ko.xz
tea5761.ko.xz
tea5767.ko.xz
tua9001.ko.xz
tuner-simple.ko.xz
tuner-types.ko.xz
tuner-xc2028.ko.xz
xc4000.ko.xz
xc5000.ko.xz

./kernel/drivers/media/usb:
au0828
b2c2
cpia2
cx231xx
dvb-usb
dvb-usb-v2
em28xx
go7007
gspca
hdpvr
pvrusb2
pwc
s2255
siano
stk1160
stkwebcam
tm6000
ttusb-budget
ttusb-dec
usbtv
usbvision
uvc
zr364xx

./kernel/drivers/media/usb/au0828:
au0828.ko.xz

./kernel/drivers/media/usb/b2c2:
b2c2-flexcop-usb.ko.xz

./kernel/drivers/media/usb/cpia2:
cpia2.ko.xz

./kernel/drivers/media/usb/cx231xx:
cx231xx-alsa.ko.xz
cx231xx-dvb.ko.xz
cx231xx.ko.xz

./kernel/drivers/media/usb/dvb-usb:
dvb-usb-a800.ko.xz
dvb-usb-af9005.ko.xz
dvb-usb-af9005-remote.ko.xz
dvb-usb-az6027.ko.xz
dvb-usb-cinergyT2.ko.xz
dvb-usb-cxusb.ko.xz
dvb-usb-dib0700.ko.xz
dvb-usb-dibusb-common.ko.xz
dvb-usb-dibusb-mb.ko.xz
dvb-usb-dibusb-mc.ko.xz
dvb-usb-digitv.ko.xz
dvb-usb-dtt200u.ko.xz
dvb-usb-dtv5100.ko.xz
dvb-usb-dw2102.ko.xz
dvb-usb-friio.ko.xz
dvb-usb-gp8psk.ko.xz
dvb-usb.ko.xz
dvb-usb-m920x.ko.xz
dvb-usb-nova-t-usb2.ko.xz
dvb-usb-opera.ko.xz
dvb-usb-pctv452e.ko.xz
dvb-usb-technisat-usb2.ko.xz
dvb-usb-ttusb2.ko.xz
dvb-usb-umt-010.ko.xz
dvb-usb-vp702x.ko.xz
dvb-usb-vp7045.ko.xz

./kernel/drivers/media/usb/dvb-usb-v2:
dvb-usb-af9015.ko.xz
dvb-usb-af9035.ko.xz
dvb-usb-anysee.ko.xz
dvb-usb-au6610.ko.xz
dvb-usb-az6007.ko.xz
dvb-usb-ce6230.ko.xz
dvb-usb-dvbsky.ko.xz
dvb-usb-ec168.ko.xz
dvb-usb-gl861.ko.xz
dvb-usb-lmedm04.ko.xz
dvb-usb-mxl111sf.ko.xz
dvb-usb-rtl28xxu.ko.xz
dvb_usb_v2.ko.xz
mxl111sf-demod.ko.xz
mxl111sf-tuner.ko.xz

./kernel/drivers/media/usb/em28xx:
em28xx-alsa.ko.xz
em28xx-dvb.ko.xz
em28xx.ko.xz
em28xx-rc.ko.xz
em28xx-v4l.ko.xz

./kernel/drivers/media/usb/go7007:
go7007.ko.xz
go7007-loader.ko.xz
go7007-usb.ko.xz
s2250.ko.xz

./kernel/drivers/media/usb/gspca:
gl860
gspca_benq.ko.xz
gspca_conex.ko.xz
gspca_cpia1.ko.xz
gspca_dtcs033.ko.xz
gspca_etoms.ko.xz
gspca_finepix.ko.xz
gspca_jeilinj.ko.xz
gspca_jl2005bcd.ko.xz
gspca_kinect.ko.xz
gspca_konica.ko.xz
gspca_main.ko.xz
gspca_mars.ko.xz
gspca_mr97310a.ko.xz
gspca_nw80x.ko.xz
gspca_ov519.ko.xz
gspca_ov534_9.ko.xz
gspca_ov534.ko.xz
gspca_pac207.ko.xz
gspca_pac7302.ko.xz
gspca_pac7311.ko.xz
gspca_se401.ko.xz
gspca_sn9c2028.ko.xz
gspca_sn9c20x.ko.xz
gspca_sonixb.ko.xz
gspca_sonixj.ko.xz
gspca_spca1528.ko.xz
gspca_spca500.ko.xz
gspca_spca501.ko.xz
gspca_spca505.ko.xz
gspca_spca506.ko.xz
gspca_spca508.ko.xz
gspca_spca561.ko.xz
gspca_sq905c.ko.xz
gspca_sq905.ko.xz
gspca_sq930x.ko.xz
gspca_stk014.ko.xz
gspca_stk1135.ko.xz
gspca_stv0680.ko.xz
gspca_sunplus.ko.xz
gspca_t613.ko.xz
gspca_topro.ko.xz
gspca_touptek.ko.xz
gspca_tv8532.ko.xz
gspca_vc032x.ko.xz
gspca_vicam.ko.xz
gspca_xirlink_cit.ko.xz
gspca_zc3xx.ko.xz
m5602
stv06xx

./kernel/drivers/media/usb/gspca/gl860:
gspca_gl860.ko.xz

./kernel/drivers/media/usb/gspca/m5602:
gspca_m5602.ko.xz

./kernel/drivers/media/usb/gspca/stv06xx:
gspca_stv06xx.ko.xz

./kernel/drivers/media/usb/hdpvr:
hdpvr.ko.xz

./kernel/drivers/media/usb/pvrusb2:
pvrusb2.ko.xz

./kernel/drivers/media/usb/pwc:
pwc.ko.xz

./kernel/drivers/media/usb/s2255:
s2255drv.ko.xz

./kernel/drivers/media/usb/siano:
smsusb.ko.xz

./kernel/drivers/media/usb/stk1160:
stk1160.ko.xz

./kernel/drivers/media/usb/stkwebcam:
stkwebcam.ko.xz

./kernel/drivers/media/usb/tm6000:
tm6000-alsa.ko.xz
tm6000-dvb.ko.xz
tm6000.ko.xz

./kernel/drivers/media/usb/ttusb-budget:
dvb-ttusb-budget.ko.xz

./kernel/drivers/media/usb/ttusb-dec:
ttusbdecfe.ko.xz
ttusb_dec.ko.xz

./kernel/drivers/media/usb/usbtv:
usbtv.ko.xz

./kernel/drivers/media/usb/usbvision:
usbvision.ko.xz

./kernel/drivers/media/usb/uvc:
uvcvideo.ko.xz

./kernel/drivers/media/usb/zr364xx:
zr364xx.ko.xz

./kernel/drivers/media/v4l2-core:
tuner.ko.xz
v4l2-common.ko.xz
v4l2-dv-timings.ko.xz
videobuf2-core.ko.xz
videobuf2-dma-contig.ko.xz
videobuf2-dma-sg.ko.xz
videobuf2-dvb.ko.xz
videobuf2-memops.ko.xz
videobuf2-v4l2.ko.xz
videobuf2-vmalloc.ko.xz
videobuf-core.ko.xz
videobuf-dma-sg.ko.xz
videobuf-dvb.ko.xz
videobuf-vmalloc.ko.xz
videodev.ko.xz

./kernel/drivers/memstick:
core
host

./kernel/drivers/memstick/core:
memstick.ko.xz
mspro_block.ko.xz

./kernel/drivers/memstick/host:
jmb38x_ms.ko.xz
r592.ko.xz
rtsx_pci_ms.ko.xz
rtsx_usb_ms.ko.xz
tifm_ms.ko.xz

./kernel/drivers/message:
fusion

./kernel/drivers/message/fusion:
mptbase.ko.xz
mptlan.ko.xz
mptsas.ko.xz
mptscsih.ko.xz
mptspi.ko.xz

./kernel/drivers/mfd:
intel-lpss-acpi.ko.xz
intel-lpss.ko.xz
intel-lpss-pci.ko.xz
lpc_ich.ko.xz
lpc_sch.ko.xz
rtsx_pci.ko.xz
rtsx_usb.ko.xz
sm501.ko.xz
viperboard.ko.xz
vx855.ko.xz
wl1273-core.ko.xz

./kernel/drivers/misc:
altera-stapl
apds9802als.ko.xz
apds990x.ko.xz
bh1770glc.ko.xz
cb710
echo
eeprom
enclosure.ko.xz
hpilo.ko.xz
ioc4.ko.xz
isl29003.ko.xz
isl29020.ko.xz
lis3lv02d
mei
mic
sgi-gru
sgi-xp
tifm_7xx1.ko.xz
tifm_core.ko.xz
tsl2550.ko.xz
vmw_balloon.ko.xz
vmw_vmci

./kernel/drivers/misc/altera-stapl:
altera-stapl.ko.xz

./kernel/drivers/misc/cb710:
cb710.ko.xz

./kernel/drivers/misc/echo:
echo.ko.xz

./kernel/drivers/misc/eeprom:
at24.ko.xz
eeprom_93cx6.ko.xz
eeprom.ko.xz
max6875.ko.xz

./kernel/drivers/misc/lis3lv02d:
lis3lv02d_i2c.ko.xz
lis3lv02d.ko.xz

./kernel/drivers/misc/mei:
mei.ko.xz
mei-me.ko.xz
mei-txe.ko.xz

./kernel/drivers/misc/mic:
bus
card
cosm
cosm_client
host
scif

./kernel/drivers/misc/mic/bus:
cosm_bus.ko.xz
mic_bus.ko.xz
scif_bus.ko.xz

./kernel/drivers/misc/mic/card:
mic_card.ko.xz

./kernel/drivers/misc/mic/cosm:
mic_cosm.ko.xz

./kernel/drivers/misc/mic/cosm_client:
cosm_client.ko.xz

./kernel/drivers/misc/mic/host:
mic_host.ko.xz

./kernel/drivers/misc/mic/scif:
scif.ko.xz

./kernel/drivers/misc/sgi-gru:
gru.ko.xz

./kernel/drivers/misc/sgi-xp:
xpc.ko.xz
xp.ko.xz
xpnet.ko.xz

./kernel/drivers/misc/vmw_vmci:
vmw_vmci.ko.xz

./kernel/drivers/mmc:
card
core
host

./kernel/drivers/mmc/card:
mmc_block.ko.xz
sdio_uart.ko.xz

./kernel/drivers/mmc/core:
mmc_core.ko.xz

./kernel/drivers/mmc/host:
cb710-mmc.ko.xz
mtk-sd.ko.xz
rtsx_pci_sdmmc.ko.xz
rtsx_usb_sdmmc.ko.xz
sdhci-acpi.ko.xz
sdhci.ko.xz
sdhci-pci.ko.xz
sdhci-pltfm.ko.xz
sdricoh_cs.ko.xz
tifm_sd.ko.xz
toshsd.ko.xz
ushc.ko.xz
via-sdmmc.ko.xz
vub300.ko.xz
wbsd.ko.xz

./kernel/drivers/mtd:
chips
mtd_blkdevs.ko.xz
mtdblock.ko.xz
mtd.ko.xz
ubi

./kernel/drivers/mtd/chips:
chipreg.ko.xz

./kernel/drivers/mtd/ubi:
ubi.ko.xz

./kernel/drivers/net:
appletalk
bonding
can
dsa
dummy.ko.xz
eql.ko.xz
ethernet
geneve.ko.xz
hamradio
hyperv
ieee802154
ifb.ko.xz
ipvlan
irda
macvlan.ko.xz
macvtap.ko.xz
mdio.ko.xz
mii.ko.xz
netconsole.ko.xz
nlmon.ko.xz
ntb_netdev.ko.xz
phy
ppp
slip
sungem_phy.ko.xz
team
tun.ko.xz
usb
veth.ko.xz
virtio_net.ko.xz
vmxnet3
vxlan.ko.xz
wireless
xen-netback
xen-netfront.ko.xz

./kernel/drivers/net/appletalk:

./kernel/drivers/net/bonding:
bonding.ko.xz

./kernel/drivers/net/can:
can-dev.ko.xz
cc770
c_can
m_can
sja1000
softing
usb

./kernel/drivers/net/can/cc770:
cc770.ko.xz
cc770_platform.ko.xz

./kernel/drivers/net/can/c_can:
c_can.ko.xz
c_can_pci.ko.xz

./kernel/drivers/net/can/m_can:
m_can.ko.xz

./kernel/drivers/net/can/sja1000:
peak_pci.ko.xz
sja1000.ko.xz

./kernel/drivers/net/can/softing:

./kernel/drivers/net/can/usb:
gs_usb.ko.xz
kvaser_usb.ko.xz
peak_usb
usb_8dev.ko.xz

./kernel/drivers/net/can/usb/peak_usb:
peak_usb.ko.xz

./kernel/drivers/net/dsa:
bcm_sf2.ko.xz
mv88e6060.ko.xz
mv88e6xxx_drv.ko.xz

./kernel/drivers/net/ethernet:
3com
8390
adaptec
agere
alteon
altera
amd
atheros
broadcom
brocade
cadence
chelsio
cisco
dec
dlink
dnet.ko.xz
emulex
ethoc.ko.xz
fealnx.ko.xz
intel
jme.ko.xz
marvell
mellanox
micrel
myricom
natsemi
neterion
netronome
nvidia
packetengines
qlogic
rdc
realtek
rocker
sfc
silan
sis
smsc
stmicro
sun
tehuti
ti
via
wiznet
xircom

./kernel/drivers/net/ethernet/3com:
3c574_cs.ko.xz
3c589_cs.ko.xz
3c59x.ko.xz
typhoon.ko.xz

./kernel/drivers/net/ethernet/8390:
8390.ko.xz
axnet_cs.ko.xz
ne2k-pci.ko.xz
pcnet_cs.ko.xz

./kernel/drivers/net/ethernet/adaptec:
starfire.ko.xz

./kernel/drivers/net/ethernet/agere:
et131x.ko.xz

./kernel/drivers/net/ethernet/alteon:
acenic.ko.xz

./kernel/drivers/net/ethernet/altera:
altera_tse.ko.xz

./kernel/drivers/net/ethernet/amd:
amd8111e.ko.xz
nmclan_cs.ko.xz
pcnet32.ko.xz

./kernel/drivers/net/ethernet/atheros:
alx
atl1c
atl1e
atlx

./kernel/drivers/net/ethernet/atheros/alx:
alx.ko.xz

./kernel/drivers/net/ethernet/atheros/atl1c:
atl1c.ko.xz

./kernel/drivers/net/ethernet/atheros/atl1e:
atl1e.ko.xz

./kernel/drivers/net/ethernet/atheros/atlx:
atl1.ko.xz
atl2.ko.xz

./kernel/drivers/net/ethernet/broadcom:
b44.ko.xz
bnx2.ko.xz
bnx2x
bnxt
cnic.ko.xz
genet
tg3.ko.xz

./kernel/drivers/net/ethernet/broadcom/bnx2x:
bnx2x.ko.xz

./kernel/drivers/net/ethernet/broadcom/bnxt:
bnxt_en.ko.xz

./kernel/drivers/net/ethernet/broadcom/genet:
genet.ko.xz

./kernel/drivers/net/ethernet/brocade:
bna

./kernel/drivers/net/ethernet/brocade/bna:
bna.ko.xz

./kernel/drivers/net/ethernet/cadence:
macb.ko.xz

./kernel/drivers/net/ethernet/chelsio:
cxgb
cxgb3
cxgb4
cxgb4vf

./kernel/drivers/net/ethernet/chelsio/cxgb:
cxgb.ko.xz

./kernel/drivers/net/ethernet/chelsio/cxgb3:
cxgb3.ko.xz

./kernel/drivers/net/ethernet/chelsio/cxgb4:
cxgb4.ko.xz

./kernel/drivers/net/ethernet/chelsio/cxgb4vf:
cxgb4vf.ko.xz

./kernel/drivers/net/ethernet/cisco:
enic

./kernel/drivers/net/ethernet/cisco/enic:
enic.ko.xz

./kernel/drivers/net/ethernet/dec:
tulip

./kernel/drivers/net/ethernet/dec/tulip:
de2104x.ko.xz
de4x5.ko.xz
dmfe.ko.xz
tulip.ko.xz
uli526x.ko.xz
winbond-840.ko.xz
xircom_cb.ko.xz

./kernel/drivers/net/ethernet/dlink:
dl2k.ko.xz
sundance.ko.xz

./kernel/drivers/net/ethernet/emulex:
benet

./kernel/drivers/net/ethernet/emulex/benet:
be2net.ko.xz

./kernel/drivers/net/ethernet/intel:
e1000
e1000e
e100.ko.xz
fm10k
i40e
i40evf
igb
igbvf
ixgb
ixgbe
ixgbevf

./kernel/drivers/net/ethernet/intel/e1000:
e1000.ko.xz

./kernel/drivers/net/ethernet/intel/e1000e:
e1000e.ko.xz

./kernel/drivers/net/ethernet/intel/fm10k:
fm10k.ko.xz

./kernel/drivers/net/ethernet/intel/i40e:
i40e.ko.xz

./kernel/drivers/net/ethernet/intel/i40evf:
i40evf.ko.xz

./kernel/drivers/net/ethernet/intel/igb:
igb.ko.xz

./kernel/drivers/net/ethernet/intel/igbvf:
igbvf.ko.xz

./kernel/drivers/net/ethernet/intel/ixgb:
ixgb.ko.xz

./kernel/drivers/net/ethernet/intel/ixgbe:
ixgbe.ko.xz

./kernel/drivers/net/ethernet/intel/ixgbevf:
ixgbevf.ko.xz

./kernel/drivers/net/ethernet/marvell:
mvmdio.ko.xz
skge.ko.xz
sky2.ko.xz

./kernel/drivers/net/ethernet/mellanox:
mlx4
mlx5
mlxsw

./kernel/drivers/net/ethernet/mellanox/mlx4:
mlx4_core.ko.xz
mlx4_en.ko.xz

./kernel/drivers/net/ethernet/mellanox/mlx5:
core

./kernel/drivers/net/ethernet/mellanox/mlx5/core:
mlx5_core.ko.xz

./kernel/drivers/net/ethernet/mellanox/mlxsw:
mlxsw_core.ko.xz
mlxsw_pci.ko.xz
mlxsw_spectrum.ko.xz
mlxsw_switchx2.ko.xz

./kernel/drivers/net/ethernet/micrel:
ksz884x.ko.xz

./kernel/drivers/net/ethernet/myricom:
myri10ge

./kernel/drivers/net/ethernet/myricom/myri10ge:
myri10ge.ko.xz

./kernel/drivers/net/ethernet/natsemi:
natsemi.ko.xz
ns83820.ko.xz

./kernel/drivers/net/ethernet/neterion:
s2io.ko.xz
vxge

./kernel/drivers/net/ethernet/neterion/vxge:
vxge.ko.xz

./kernel/drivers/net/ethernet/netronome:
nfp

./kernel/drivers/net/ethernet/netronome/nfp:
nfp_netvf.ko.xz

./kernel/drivers/net/ethernet/nvidia:
forcedeth.ko.xz

./kernel/drivers/net/ethernet/packetengines:
hamachi.ko.xz
yellowfin.ko.xz

./kernel/drivers/net/ethernet/qlogic:
netxen
qed
qede
qla3xxx.ko.xz
qlcnic
qlge

./kernel/drivers/net/ethernet/qlogic/netxen:
netxen_nic.ko.xz

./kernel/drivers/net/ethernet/qlogic/qed:
qed.ko.xz

./kernel/drivers/net/ethernet/qlogic/qede:
qede.ko.xz

./kernel/drivers/net/ethernet/qlogic/qlcnic:
qlcnic.ko.xz

./kernel/drivers/net/ethernet/qlogic/qlge:
qlge.ko.xz

./kernel/drivers/net/ethernet/rdc:
r6040.ko.xz

./kernel/drivers/net/ethernet/realtek:
8139cp.ko.xz
8139too.ko.xz
atp.ko.xz
r8169.ko.xz

./kernel/drivers/net/ethernet/rocker:
rocker.ko.xz

./kernel/drivers/net/ethernet/sfc:
sfc.ko.xz

./kernel/drivers/net/ethernet/silan:
sc92031.ko.xz

./kernel/drivers/net/ethernet/sis:
sis190.ko.xz
sis900.ko.xz

./kernel/drivers/net/ethernet/smsc:
epic100.ko.xz
smc91c92_cs.ko.xz
smsc911x.ko.xz
smsc9420.ko.xz

./kernel/drivers/net/ethernet/stmicro:
stmmac

./kernel/drivers/net/ethernet/stmicro/stmmac:
stmmac.ko.xz

./kernel/drivers/net/ethernet/sun:
cassini.ko.xz
niu.ko.xz
sungem.ko.xz
sunhme.ko.xz

./kernel/drivers/net/ethernet/tehuti:
tehuti.ko.xz

./kernel/drivers/net/ethernet/ti:
tlan.ko.xz

./kernel/drivers/net/ethernet/via:
via-rhine.ko.xz
via-velocity.ko.xz

./kernel/drivers/net/ethernet/wiznet:
w5100.ko.xz
w5300.ko.xz

./kernel/drivers/net/ethernet/xircom:
xirc2ps_cs.ko.xz

./kernel/drivers/net/hamradio:

./kernel/drivers/net/hyperv:
hv_netvsc.ko.xz

./kernel/drivers/net/ieee802154:
at86rf230.ko.xz
atusb.ko.xz
cc2520.ko.xz
fakelb.ko.xz

./kernel/drivers/net/ipvlan:
ipvlan.ko.xz

./kernel/drivers/net/irda:
irda-usb.ko.xz
irtty-sir.ko.xz
litelink-sir.ko.xz
mcs7780.ko.xz
nsc-ircc.ko.xz
sir-dev.ko.xz
smsc-ircc2.ko.xz
stir4200.ko.xz
via-ircc.ko.xz
vlsi_ir.ko.xz
w83977af_ir.ko.xz

./kernel/drivers/net/phy:
amd.ko.xz
aquantia.ko.xz
at803x.ko.xz
bcm7xxx.ko.xz
bcm87xx.ko.xz
bcm-phy-lib.ko.xz
broadcom.ko.xz
cicada.ko.xz
davicom.ko.xz
dp83640.ko.xz
dp83848.ko.xz
dp83867.ko.xz
et1011c.ko.xz
icplus.ko.xz
lxt.ko.xz
marvell.ko.xz
mdio-bcm-unimac.ko.xz
mdio-bitbang.ko.xz
mdio-octeon.ko.xz
micrel.ko.xz
microchip.ko.xz
national.ko.xz
qsemi.ko.xz
realtek.ko.xz
smsc.ko.xz
ste10Xp.ko.xz
teranetics.ko.xz
vitesse.ko.xz

./kernel/drivers/net/ppp:
bsd_comp.ko.xz
ppp_async.ko.xz
ppp_deflate.ko.xz
ppp_generic.ko.xz
ppp_mppe.ko.xz
pppoe.ko.xz
pppox.ko.xz
ppp_synctty.ko.xz
pptp.ko.xz

./kernel/drivers/net/slip:
slhc.ko.xz

./kernel/drivers/net/team:
team.ko.xz
team_mode_activebackup.ko.xz
team_mode_broadcast.ko.xz
team_mode_loadbalance.ko.xz
team_mode_random.ko.xz
team_mode_roundrobin.ko.xz

./kernel/drivers/net/usb:
asix.ko.xz
ax88179_178a.ko.xz
catc.ko.xz
cdc_eem.ko.xz
cdc_ether.ko.xz
cdc_mbim.ko.xz
cdc_ncm.ko.xz
cdc_subset.ko.xz
ch9200.ko.xz
cx82310_eth.ko.xz
dm9601.ko.xz
gl620a.ko.xz
hso.ko.xz
huawei_cdc_ncm.ko.xz
int51x1.ko.xz
ipheth.ko.xz
kalmia.ko.xz
kaweth.ko.xz
lan78xx.ko.xz
lg-vl600.ko.xz
mcs7830.ko.xz
net1080.ko.xz
pegasus.ko.xz
plusb.ko.xz
qmi_wwan.ko.xz
r8152.ko.xz
rndis_host.ko.xz
rtl8150.ko.xz
sierra_net.ko.xz
smsc75xx.ko.xz
smsc95xx.ko.xz
sr9700.ko.xz
usbnet.ko.xz
zaurus.ko.xz

./kernel/drivers/net/vmxnet3:
vmxnet3.ko.xz

./kernel/drivers/net/wireless:
ath
broadcom
intel
intersil
mac80211_hwsim.ko.xz
marvell
mediatek
ralink
realtek
rndis_wlan.ko.xz
rsi
st
ti
zydas

./kernel/drivers/net/wireless/ath:
ar5523
ath10k
ath5k
ath6kl
ath9k
ath.ko.xz
carl9170
wcn36xx
wil6210

./kernel/drivers/net/wireless/ath/ar5523:
ar5523.ko.xz

./kernel/drivers/net/wireless/ath/ath10k:
ath10k_core.ko.xz
ath10k_pci.ko.xz

./kernel/drivers/net/wireless/ath/ath5k:
ath5k.ko.xz

./kernel/drivers/net/wireless/ath/ath6kl:
ath6kl_core.ko.xz
ath6kl_sdio.ko.xz
ath6kl_usb.ko.xz

./kernel/drivers/net/wireless/ath/ath9k:
ath9k_common.ko.xz
ath9k_htc.ko.xz
ath9k_hw.ko.xz
ath9k.ko.xz

./kernel/drivers/net/wireless/ath/carl9170:
carl9170.ko.xz

./kernel/drivers/net/wireless/ath/wcn36xx:
wcn36xx.ko.xz

./kernel/drivers/net/wireless/ath/wil6210:
wil6210.ko.xz

./kernel/drivers/net/wireless/broadcom:
b43
b43legacy
brcm80211

./kernel/drivers/net/wireless/broadcom/b43:
b43.ko.xz

./kernel/drivers/net/wireless/broadcom/b43legacy:
b43legacy.ko.xz

./kernel/drivers/net/wireless/broadcom/brcm80211:
brcmfmac
brcmsmac
brcmutil

./kernel/drivers/net/wireless/broadcom/brcm80211/brcmfmac:
brcmfmac.ko.xz

./kernel/drivers/net/wireless/broadcom/brcm80211/brcmsmac:
brcmsmac.ko.xz

./kernel/drivers/net/wireless/broadcom/brcm80211/brcmutil:
brcmutil.ko.xz

./kernel/drivers/net/wireless/intel:
ipw2x00
iwlegacy
iwlwifi

./kernel/drivers/net/wireless/intel/ipw2x00:
ipw2100.ko.xz
ipw2200.ko.xz
libipw.ko.xz

./kernel/drivers/net/wireless/intel/iwlegacy:
iwl3945.ko.xz
iwl4965.ko.xz
iwlegacy.ko.xz

./kernel/drivers/net/wireless/intel/iwlwifi:
dvm
iwlwifi.ko.xz
mvm

./kernel/drivers/net/wireless/intel/iwlwifi/dvm:
iwldvm.ko.xz

./kernel/drivers/net/wireless/intel/iwlwifi/mvm:
iwlmvm.ko.xz

./kernel/drivers/net/wireless/intersil:
orinoco
p54

./kernel/drivers/net/wireless/intersil/orinoco:

./kernel/drivers/net/wireless/intersil/p54:
p54common.ko.xz
p54pci.ko.xz
p54usb.ko.xz

./kernel/drivers/net/wireless/marvell:
libertas
mwifiex
mwl8k.ko.xz

./kernel/drivers/net/wireless/marvell/libertas:
libertas_cs.ko.xz
libertas.ko.xz
libertas_sdio.ko.xz
usb8xxx.ko.xz

./kernel/drivers/net/wireless/marvell/mwifiex:
mwifiex.ko.xz
mwifiex_pcie.ko.xz
mwifiex_sdio.ko.xz
mwifiex_usb.ko.xz

./kernel/drivers/net/wireless/mediatek:
mt7601u

./kernel/drivers/net/wireless/mediatek/mt7601u:
mt7601u.ko.xz

./kernel/drivers/net/wireless/ralink:
rt2x00

./kernel/drivers/net/wireless/ralink/rt2x00:
rt2400pci.ko.xz
rt2500pci.ko.xz
rt2500usb.ko.xz
rt2800lib.ko.xz
rt2800mmio.ko.xz
rt2800pci.ko.xz
rt2800usb.ko.xz
rt2x00lib.ko.xz
rt2x00mmio.ko.xz
rt2x00pci.ko.xz
rt2x00usb.ko.xz
rt61pci.ko.xz
rt73usb.ko.xz

./kernel/drivers/net/wireless/realtek:
rtl818x
rtl8xxxu
rtlwifi

./kernel/drivers/net/wireless/realtek/rtl818x:
rtl8180
rtl8187

./kernel/drivers/net/wireless/realtek/rtl818x/rtl8180:
rtl818x_pci.ko.xz

./kernel/drivers/net/wireless/realtek/rtl818x/rtl8187:
rtl8187.ko.xz

./kernel/drivers/net/wireless/realtek/rtl8xxxu:
rtl8xxxu.ko.xz

./kernel/drivers/net/wireless/realtek/rtlwifi:
btcoexist
rtl8188ee
rtl8192c
rtl8192ce
rtl8192cu
rtl8192de
rtl8192ee
rtl8192se
rtl8723ae
rtl8723be
rtl8723com
rtl8821ae
rtl_pci.ko.xz
rtl_usb.ko.xz
rtlwifi.ko.xz

./kernel/drivers/net/wireless/realtek/rtlwifi/btcoexist:
btcoexist.ko.xz

./kernel/drivers/net/wireless/realtek/rtlwifi/rtl8188ee:
rtl8188ee.ko.xz

./kernel/drivers/net/wireless/realtek/rtlwifi/rtl8192c:
rtl8192c-common.ko.xz

./kernel/drivers/net/wireless/realtek/rtlwifi/rtl8192ce:
rtl8192ce.ko.xz

./kernel/drivers/net/wireless/realtek/rtlwifi/rtl8192cu:
rtl8192cu.ko.xz

./kernel/drivers/net/wireless/realtek/rtlwifi/rtl8192de:
rtl8192de.ko.xz

./kernel/drivers/net/wireless/realtek/rtlwifi/rtl8192ee:
rtl8192ee.ko.xz

./kernel/drivers/net/wireless/realtek/rtlwifi/rtl8192se:
rtl8192se.ko.xz

./kernel/drivers/net/wireless/realtek/rtlwifi/rtl8723ae:
rtl8723ae.ko.xz

./kernel/drivers/net/wireless/realtek/rtlwifi/rtl8723be:
rtl8723be.ko.xz

./kernel/drivers/net/wireless/realtek/rtlwifi/rtl8723com:
rtl8723-common.ko.xz

./kernel/drivers/net/wireless/realtek/rtlwifi/rtl8821ae:
rtl8821ae.ko.xz

./kernel/drivers/net/wireless/rsi:
rsi_91x.ko.xz
rsi_sdio.ko.xz
rsi_usb.ko.xz

./kernel/drivers/net/wireless/st:
cw1200

./kernel/drivers/net/wireless/st/cw1200:
cw1200_core.ko.xz
cw1200_wlan_sdio.ko.xz
cw1200_wlan_spi.ko.xz

./kernel/drivers/net/wireless/ti:
wl1251
wl12xx
wl18xx
wlcore

./kernel/drivers/net/wireless/ti/wl1251:
wl1251.ko.xz
wl1251_sdio.ko.xz
wl1251_spi.ko.xz

./kernel/drivers/net/wireless/ti/wl12xx:
wl12xx.ko.xz

./kernel/drivers/net/wireless/ti/wl18xx:
wl18xx.ko.xz

./kernel/drivers/net/wireless/ti/wlcore:
wlcore.ko.xz
wlcore_sdio.ko.xz
wlcore_spi.ko.xz

./kernel/drivers/net/wireless/zydas:
zd1211rw

./kernel/drivers/net/wireless/zydas/zd1211rw:
zd1211rw.ko.xz

./kernel/drivers/net/xen-netback:
xen-netback.ko.xz

./kernel/drivers/nfc:
mei_phy.ko.xz
microread
nfcmrvl
nfcsim.ko.xz
nxp-nci
pn533.ko.xz
pn544
port100.ko.xz
st21nfca
trf7970a.ko.xz

./kernel/drivers/nfc/microread:
microread_i2c.ko.xz
microread.ko.xz
microread_mei.ko.xz

./kernel/drivers/nfc/nfcmrvl:
nfcmrvl.ko.xz
nfcmrvl_usb.ko.xz

./kernel/drivers/nfc/nxp-nci:
nxp-nci_i2c.ko.xz
nxp-nci.ko.xz

./kernel/drivers/nfc/pn544:
pn544_i2c.ko.xz
pn544.ko.xz
pn544_mei.ko.xz

./kernel/drivers/nfc/st21nfca:
st21nfca_hci.ko.xz
st21nfca_i2c.ko.xz

./kernel/drivers/ntb:
hw
ntb.ko.xz
ntb_transport.ko.xz
test

./kernel/drivers/ntb/hw:
amd
intel

./kernel/drivers/ntb/hw/amd:
ntb_hw_amd.ko.xz

./kernel/drivers/ntb/hw/intel:
ntb_hw_intel.ko.xz

./kernel/drivers/ntb/test:
ntb_perf.ko.xz
ntb_pingpong.ko.xz
ntb_tool.ko.xz

./kernel/drivers/nvdimm:
nd_blk.ko.xz
nd_btt.ko.xz
nd_pmem.ko.xz

./kernel/drivers/nvme:
host

./kernel/drivers/nvme/host:
nvme.ko.xz

./kernel/drivers/parport:
parport_cs.ko.xz
parport.ko.xz
parport_pc.ko.xz
parport_serial.ko.xz

./kernel/drivers/pci:
hotplug
pcie
xen-pcifront.ko.xz

./kernel/drivers/pci/hotplug:
acpiphp_ibm.ko.xz
shpchp.ko.xz

./kernel/drivers/pci/pcie:
aer

./kernel/drivers/pci/pcie/aer:

./kernel/drivers/pcmcia:
i82092.ko.xz
pd6729.ko.xz
yenta_socket.ko.xz

./kernel/drivers/pinctrl:
intel

./kernel/drivers/pinctrl/intel:
pinctrl-broxton.ko.xz
pinctrl-intel.ko.xz
pinctrl-sunrisepoint.ko.xz

./kernel/drivers/platform:
chrome
x86

./kernel/drivers/platform/chrome:
chromeos_laptop.ko.xz
chromeos_pstore.ko.xz

./kernel/drivers/platform/x86:
acerhdf.ko.xz
acer-wmi.ko.xz
alienware-wmi.ko.xz
amilo-rfkill.ko.xz
apple-gmux.ko.xz
asus-laptop.ko.xz
asus-nb-wmi.ko.xz
asus-wireless.ko.xz
asus-wmi.ko.xz
classmate-laptop.ko.xz
compal-laptop.ko.xz
dell-laptop.ko.xz
dell-rbtn.ko.xz
dell-smo8800.ko.xz
dell-wmi-aio.ko.xz
dell-wmi.ko.xz
eeepc-laptop.ko.xz
eeepc-wmi.ko.xz
fujitsu-laptop.ko.xz
fujitsu-tablet.ko.xz
hdaps.ko.xz
hp_accel.ko.xz
hp-wireless.ko.xz
hp-wmi.ko.xz
ideapad-laptop.ko.xz
intel-hid.ko.xz
intel_ips.ko.xz
intel_oaktrail.ko.xz
intel_punit_ipc.ko.xz
intel-rst.ko.xz
msi-laptop.ko.xz
msi-wmi.ko.xz
mxm-wmi.ko.xz
panasonic-laptop.ko.xz
pvpanic.ko.xz
samsung-laptop.ko.xz
samsung-q10.ko.xz
sony-laptop.ko.xz
surfacepro3_button.ko.xz
thinkpad_acpi.ko.xz
topstar-laptop.ko.xz
toshiba_acpi.ko.xz
toshiba_bluetooth.ko.xz
toshiba_haps.ko.xz
toshiba-wmi.ko.xz
wmi.ko.xz

./kernel/drivers/power:
smb347-charger.ko.xz

./kernel/drivers/powercap:
intel_rapl.ko.xz

./kernel/drivers/pps:
clients
pps_core.ko.xz

./kernel/drivers/pps/clients:
pps-gpio.ko.xz
pps-ldisc.ko.xz
pps_parport.ko.xz

./kernel/drivers/ptp:
ptp.ko.xz

./kernel/drivers/rtc:
rtc-abx80x.ko.xz
rtc-bq32k.ko.xz
rtc-bq4802.ko.xz
rtc-ds1286.ko.xz
rtc-ds1305.ko.xz
rtc-ds1307.ko.xz
rtc-ds1343.ko.xz
rtc-ds1347.ko.xz
rtc-ds1374.ko.xz
rtc-ds1390.ko.xz
rtc-ds1511.ko.xz
rtc-ds1553.ko.xz
rtc-ds1672.ko.xz
rtc-ds1685.ko.xz
rtc-ds1742.ko.xz
rtc-ds2404.ko.xz
rtc-ds3232.ko.xz
rtc-ds3234.ko.xz
rtc-em3027.ko.xz
rtc-fm3130.ko.xz
rtc-isl12022.ko.xz
rtc-isl1208.ko.xz
rtc-m41t80.ko.xz
rtc-m41t93.ko.xz
rtc-m41t94.ko.xz
rtc-m48t35.ko.xz
rtc-m48t59.ko.xz
rtc-max6900.ko.xz
rtc-max6902.ko.xz
rtc-mcp795.ko.xz
rtc-msm6242.ko.xz
rtc-pcf2123.ko.xz
rtc-pcf2127.ko.xz
rtc-pcf85063.ko.xz
rtc-pcf8523.ko.xz
rtc-pcf8563.ko.xz
rtc-pcf8583.ko.xz
rtc-r9701.ko.xz
rtc-rp5c01.ko.xz
rtc-rs5c348.ko.xz
rtc-rs5c372.ko.xz
rtc-rv3029c2.ko.xz
rtc-rx4581.ko.xz
rtc-rx8010.ko.xz
rtc-rx8025.ko.xz
rtc-rx8581.ko.xz
rtc-stk17ta8.ko.xz
rtc-v3020.ko.xz
rtc-x1205.ko.xz

./kernel/drivers/scsi:
3w-9xxx.ko.xz
3w-sas.ko.xz
3w-xxxx.ko.xz
a100u2w.ko.xz
aacraid
advansys.ko.xz
aic7xxx
am53c974.ko.xz
arcmsr
atp870u.ko.xz
be2iscsi
bfa
bnx2fc
bnx2i
BusLogic.ko.xz
ch.ko.xz
csiostor
cxgbi
dc395x.ko.xz
device_handler
dmx3191d.ko.xz
esas2r
esp_scsi.ko.xz
fcoe
fnic
gdth.ko.xz
hpsa.ko.xz
hptiop.ko.xz
hv_storvsc.ko.xz
initio.ko.xz
ipr.ko.xz
ips.ko.xz
isci
iscsi_boot_sysfs.ko.xz
iscsi_tcp.ko.xz
libfc
libiscsi.ko.xz
libiscsi_tcp.ko.xz
libsas
lpfc
megaraid
megaraid.ko.xz
mpt3sas
mvsas
mvumi.ko.xz
osd
osst.ko.xz
pm8001
pmcraid.ko.xz
qla1280.ko.xz
qla2xxx
qla4xxx
raid_class.ko.xz
scsi_debug.ko.xz
scsi_transport_fc.ko.xz
scsi_transport_iscsi.ko.xz
scsi_transport_sas.ko.xz
scsi_transport_spi.ko.xz
scsi_transport_srp.ko.xz
ses.ko.xz
snic
stex.ko.xz
st.ko.xz
sym53c8xx_2
ufs
virtio_scsi.ko.xz
vmw_pvscsi.ko.xz
wd719x.ko.xz
xen-scsifront.ko.xz

./kernel/drivers/scsi/aacraid:
aacraid.ko.xz

./kernel/drivers/scsi/aic7xxx:
aic79xx.ko.xz
aic7xxx.ko.xz

./kernel/drivers/scsi/arcmsr:
arcmsr.ko.xz

./kernel/drivers/scsi/be2iscsi:
be2iscsi.ko.xz

./kernel/drivers/scsi/bfa:
bfa.ko.xz

./kernel/drivers/scsi/bnx2fc:
bnx2fc.ko.xz

./kernel/drivers/scsi/bnx2i:
bnx2i.ko.xz

./kernel/drivers/scsi/csiostor:
csiostor.ko.xz

./kernel/drivers/scsi/cxgbi:
cxgb3i
cxgb4i
libcxgbi.ko.xz

./kernel/drivers/scsi/cxgbi/cxgb3i:
cxgb3i.ko.xz

./kernel/drivers/scsi/cxgbi/cxgb4i:
cxgb4i.ko.xz

./kernel/drivers/scsi/device_handler:
scsi_dh_alua.ko.xz
scsi_dh_emc.ko.xz
scsi_dh_hp_sw.ko.xz
scsi_dh_rdac.ko.xz

./kernel/drivers/scsi/esas2r:
esas2r.ko.xz

./kernel/drivers/scsi/fcoe:
fcoe.ko.xz
libfcoe.ko.xz

./kernel/drivers/scsi/fnic:
fnic.ko.xz

./kernel/drivers/scsi/isci:
isci.ko.xz

./kernel/drivers/scsi/libfc:
libfc.ko.xz

./kernel/drivers/scsi/libsas:
libsas.ko.xz

./kernel/drivers/scsi/lpfc:
lpfc.ko.xz

./kernel/drivers/scsi/megaraid:
megaraid_mbox.ko.xz
megaraid_mm.ko.xz
megaraid_sas.ko.xz

./kernel/drivers/scsi/mpt3sas:
mpt3sas.ko.xz

./kernel/drivers/scsi/mvsas:
mvsas.ko.xz

./kernel/drivers/scsi/osd:
libosd.ko.xz
osd.ko.xz

./kernel/drivers/scsi/pm8001:
pm80xx.ko.xz

./kernel/drivers/scsi/qla2xxx:
qla2xxx.ko.xz
tcm_qla2xxx.ko.xz

./kernel/drivers/scsi/qla4xxx:
qla4xxx.ko.xz

./kernel/drivers/scsi/snic:
snic.ko.xz

./kernel/drivers/scsi/sym53c8xx_2:
sym53c8xx.ko.xz

./kernel/drivers/scsi/ufs:
ufshcd.ko.xz
ufshcd-pci.ko.xz

./kernel/drivers/spi:
spi-pxa2xx-pci.ko.xz
spi-pxa2xx-platform.ko.xz

./kernel/drivers/ssb:
ssb.ko.xz

./kernel/drivers/staging:
media
rdma
rtl8192e
rtl8712
rtl8723au

./kernel/drivers/staging/media:
lirc

./kernel/drivers/staging/media/lirc:
lirc_bt829.ko.xz
lirc_imon.ko.xz
lirc_parallel.ko.xz
lirc_sasem.ko.xz
lirc_serial.ko.xz
lirc_sir.ko.xz
lirc_zilog.ko.xz

./kernel/drivers/staging/rdma:
hfi1

./kernel/drivers/staging/rdma/hfi1:
hfi1.ko.xz

./kernel/drivers/staging/rtl8192e:
rtl8192e
rtllib_crypt_ccmp.ko.xz
rtllib_crypt_tkip.ko.xz
rtllib_crypt_wep.ko.xz
rtllib.ko.xz

./kernel/drivers/staging/rtl8192e/rtl8192e:
r8192e_pci.ko.xz

./kernel/drivers/staging/rtl8712:
r8712u.ko.xz

./kernel/drivers/staging/rtl8723au:
r8723au.ko.xz

./kernel/drivers/target:
iscsi
loopback
sbp
target_core_file.ko.xz
target_core_iblock.ko.xz
target_core_mod.ko.xz
target_core_pscsi.ko.xz
target_core_user.ko.xz
tcm_fc

./kernel/drivers/target/iscsi:
iscsi_target_mod.ko.xz

./kernel/drivers/target/loopback:
tcm_loop.ko.xz

./kernel/drivers/target/sbp:
sbp_target.ko.xz

./kernel/drivers/target/tcm_fc:
tcm_fc.ko.xz

./kernel/drivers/thermal:
int340x_thermal
intel_pch_thermal.ko.xz
intel_soc_dts_iosf.ko.xz
intel_soc_dts_thermal.ko.xz
x86_pkg_temp_thermal.ko.xz

./kernel/drivers/thermal/int340x_thermal:
acpi_thermal_rel.ko.xz
int3400_thermal.ko.xz
int3402_thermal.ko.xz
int3403_thermal.ko.xz
int340x_thermal_zone.ko.xz
processor_thermal_device.ko.xz

./kernel/drivers/thunderbolt:
thunderbolt.ko.xz

./kernel/drivers/tty:
cyclades.ko.xz
n_gsm.ko.xz
n_hdlc.ko.xz
nozomi.ko.xz
n_r3964.ko.xz
rocket.ko.xz
serial
synclink_gt.ko.xz
synclink.ko.xz
synclinkmp.ko.xz

./kernel/drivers/tty/serial:
8250
arc_uart.ko.xz
jsm

./kernel/drivers/tty/serial/8250:
serial_cs.ko.xz

./kernel/drivers/tty/serial/jsm:
jsm.ko.xz

./kernel/drivers/uio:
uio_aec.ko.xz
uio_cif.ko.xz
uio.ko.xz
uio_pci_generic.ko.xz
uio_sercos3.ko.xz

./kernel/drivers/usb:
atm
class
common
host
image
misc
phy
serial
storage
usbip
wusbcore

./kernel/drivers/usb/atm:
cxacru.ko.xz
speedtch.ko.xz
ueagle-atm.ko.xz
usbatm.ko.xz
xusbatm.ko.xz

./kernel/drivers/usb/class:
cdc-acm.ko.xz
cdc-wdm.ko.xz
usblp.ko.xz
usbtmc.ko.xz

./kernel/drivers/usb/common:
ulpi.ko.xz

./kernel/drivers/usb/host:
hwa-hc.ko.xz
isp1362-hcd.ko.xz
sl811-hcd.ko.xz

./kernel/drivers/usb/image:
mdc800.ko.xz
microtek.ko.xz

./kernel/drivers/usb/misc:
adutux.ko.xz
appledisplay.ko.xz
chaoskey.ko.xz
emi26.ko.xz
emi62.ko.xz
ezusb.ko.xz
ftdi-elan.ko.xz
idmouse.ko.xz
iowarrior.ko.xz
isight_firmware.ko.xz
ldusb.ko.xz
legousbtower.ko.xz
sisusbvga
usb3503.ko.xz
usblcd.ko.xz
usbled.ko.xz
usbsevseg.ko.xz
uss720.ko.xz
yurex.ko.xz

./kernel/drivers/usb/misc/sisusbvga:
sisusbvga.ko.xz

./kernel/drivers/usb/phy:
phy-generic.ko.xz

./kernel/drivers/usb/serial:
aircable.ko.xz
ark3116.ko.xz
belkin_sa.ko.xz
ch341.ko.xz
cp210x.ko.xz
cyberjack.ko.xz
cypress_m8.ko.xz
digi_acceleport.ko.xz
empeg.ko.xz
ftdi_sio.ko.xz
garmin_gps.ko.xz
io_edgeport.ko.xz
io_ti.ko.xz
ipaq.ko.xz
ipw.ko.xz
ir-usb.ko.xz
iuu_phoenix.ko.xz
keyspan.ko.xz
keyspan_pda.ko.xz
kl5kusb105.ko.xz
kobil_sct.ko.xz
mct_u232.ko.xz
mos7720.ko.xz
mos7840.ko.xz
navman.ko.xz
omninet.ko.xz
opticon.ko.xz
option.ko.xz
oti6858.ko.xz
pl2303.ko.xz
qcaux.ko.xz
qcserial.ko.xz
quatech2.ko.xz
safe_serial.ko.xz
sierra.ko.xz
spcp8x5.ko.xz
ssu100.ko.xz
symbolserial.ko.xz
ti_usb_3410_5052.ko.xz
usb_debug.ko.xz
usb-serial-simple.ko.xz
usb_wwan.ko.xz
visor.ko.xz
whiteheat.ko.xz
xsens_mt.ko.xz

./kernel/drivers/usb/storage:
uas.ko.xz
ums-alauda.ko.xz
ums-cypress.ko.xz
ums-datafab.ko.xz
ums-eneub6250.ko.xz
ums-freecom.ko.xz
ums-isd200.ko.xz
ums-jumpshot.ko.xz
ums-karma.ko.xz
ums-onetouch.ko.xz
ums-realtek.ko.xz
ums-sddr09.ko.xz
ums-sddr55.ko.xz
ums-usbat.ko.xz
usb-storage.ko.xz

./kernel/drivers/usb/usbip:

./kernel/drivers/usb/wusbcore:
wusb-cbaf.ko.xz
wusbcore.ko.xz
wusb-wa.ko.xz

./kernel/drivers/uwb:
i1480
umc.ko.xz
uwb.ko.xz
whci.ko.xz
whc-rc.ko.xz

./kernel/drivers/uwb/i1480:
dfu
i1480-est.ko.xz

./kernel/drivers/uwb/i1480/dfu:
i1480-dfu-usb.ko.xz

./kernel/drivers/vfio:
pci
vfio_iommu_type1.ko.xz
vfio.ko.xz
vfio_virqfd.ko.xz

./kernel/drivers/vfio/pci:
vfio-pci.ko.xz

./kernel/drivers/vhost:
vhost.ko.xz
vhost_net.ko.xz
vhost_scsi.ko.xz
vringh.ko.xz

./kernel/drivers/video:
backlight
fbdev
vgastate.ko.xz

./kernel/drivers/video/backlight:
apple_bl.ko.xz
lcd.ko.xz
platform_lcd.ko.xz

./kernel/drivers/video/fbdev:
hyperv_fb.ko.xz
vfb.ko.xz
vga16fb.ko.xz

./kernel/drivers/virtio:
virtio_balloon.ko.xz
virtio_input.ko.xz
virtio.ko.xz
virtio_mmio.ko.xz
virtio_pci.ko.xz
virtio_ring.ko.xz

./kernel/drivers/w1:
masters
slaves
wire.ko.xz

./kernel/drivers/w1/masters:

./kernel/drivers/w1/slaves:
w1_ds2406.ko.xz
w1_ds2413.ko.xz

./kernel/drivers/watchdog:
alim1535_wdt.ko.xz
alim7101_wdt.ko.xz
f71808e_wdt.ko.xz
hpwdt.ko.xz
i6300esb.ko.xz
ib700wdt.ko.xz
ibmasr.ko.xz
ie6xx_wdt.ko.xz
it8712f_wdt.ko.xz
it87_wdt.ko.xz
iTCO_vendor_support.ko.xz
iTCO_wdt.ko.xz
machzwd.ko.xz
nv_tco.ko.xz
pcwd_pci.ko.xz
pcwd_usb.ko.xz
sbc_fitpc2_wdt.ko.xz
sch311x_wdt.ko.xz
softdog.ko.xz
sp5100_tco.ko.xz
via_wdt.ko.xz
w83627hf_wdt.ko.xz
w83877f_wdt.ko.xz
w83977f_wdt.ko.xz
wdt_pci.ko.xz
xen_wdt.ko.xz

./kernel/drivers/xen:
tmem.ko.xz
xen-acpi-processor.ko.xz
xen-evtchn.ko.xz
xenfs
xen-gntalloc.ko.xz
xen-gntdev.ko.xz
xen-pciback
xen-privcmd.ko.xz
xen-scsiback.ko.xz

./kernel/drivers/xen/xenfs:
xenfs.ko.xz

./kernel/drivers/xen/xen-pciback:
xen-pciback.ko.xz

./kernel/fs:
9p
affs
befs
btrfs
cachefiles
ceph
cifs
coda
cramfs
dlm
ecryptfs
exofs
f2fs
fat
fscache
fuse
gfs2
hfs
hfsplus
isofs
jfs
lockd
minix
ncpfs
nfs
nfs_common
nfsd
nilfs2
nls
ocfs2
overlayfs
pstore
reiserfs
romfs
squashfs
sysv
ubifs
udf
ufs
xfs

./kernel/fs/9p:
9p.ko.xz

./kernel/fs/affs:

./kernel/fs/befs:

./kernel/fs/btrfs:
btrfs.ko.xz

./kernel/fs/cachefiles:
cachefiles.ko.xz

./kernel/fs/ceph:
ceph.ko.xz

./kernel/fs/cifs:
cifs.ko.xz

./kernel/fs/coda:

./kernel/fs/cramfs:
cramfs.ko.xz

./kernel/fs/dlm:

./kernel/fs/ecryptfs:
ecryptfs.ko.xz

./kernel/fs/exofs:
libore.ko.xz

./kernel/fs/f2fs:
f2fs.ko.xz

./kernel/fs/fat:
fat.ko.xz
msdos.ko.xz
vfat.ko.xz

./kernel/fs/fscache:
fscache.ko.xz

./kernel/fs/fuse:
fuse.ko.xz

./kernel/fs/gfs2:

./kernel/fs/hfs:
hfs.ko.xz

./kernel/fs/hfsplus:
hfsplus.ko.xz

./kernel/fs/isofs:
isofs.ko.xz

./kernel/fs/jfs:
jfs.ko.xz

./kernel/fs/lockd:
lockd.ko.xz

./kernel/fs/minix:
minix.ko.xz

./kernel/fs/ncpfs:

./kernel/fs/nfs:
blocklayout
filelayout
flexfilelayout
nfs.ko.xz
nfsv3.ko.xz
nfsv4.ko.xz
objlayout

./kernel/fs/nfs/blocklayout:
blocklayoutdriver.ko.xz

./kernel/fs/nfs/filelayout:
nfs_layout_nfsv41_files.ko.xz

./kernel/fs/nfs/flexfilelayout:
nfs_layout_flexfiles.ko.xz

./kernel/fs/nfs/objlayout:
objlayoutdriver.ko.xz

./kernel/fs/nfs_common:
grace.ko.xz
nfs_acl.ko.xz

./kernel/fs/nfsd:
nfsd.ko.xz

./kernel/fs/nilfs2:

./kernel/fs/nls:
mac-celtic.ko.xz
mac-centeuro.ko.xz
mac-croatian.ko.xz
mac-cyrillic.ko.xz
mac-gaelic.ko.xz
mac-greek.ko.xz
mac-iceland.ko.xz
mac-inuit.ko.xz
mac-romanian.ko.xz
mac-roman.ko.xz
mac-turkish.ko.xz
nls_cp1250.ko.xz
nls_cp1251.ko.xz
nls_cp1255.ko.xz
nls_cp737.ko.xz
nls_cp775.ko.xz
nls_cp850.ko.xz
nls_cp852.ko.xz
nls_cp855.ko.xz
nls_cp857.ko.xz
nls_cp860.ko.xz
nls_cp861.ko.xz
nls_cp862.ko.xz
nls_cp863.ko.xz
nls_cp864.ko.xz
nls_cp865.ko.xz
nls_cp866.ko.xz
nls_cp869.ko.xz
nls_cp874.ko.xz
nls_cp932.ko.xz
nls_cp936.ko.xz
nls_cp949.ko.xz
nls_cp950.ko.xz
nls_euc-jp.ko.xz
nls_iso8859-13.ko.xz
nls_iso8859-14.ko.xz
nls_iso8859-15.ko.xz
nls_iso8859-1.ko.xz
nls_iso8859-2.ko.xz
nls_iso8859-3.ko.xz
nls_iso8859-4.ko.xz
nls_iso8859-5.ko.xz
nls_iso8859-6.ko.xz
nls_iso8859-7.ko.xz
nls_iso8859-9.ko.xz
nls_koi8-r.ko.xz
nls_koi8-ru.ko.xz
nls_koi8-u.ko.xz
nls_utf8.ko.xz

./kernel/fs/ocfs2:
cluster
dlm
dlmfs

./kernel/fs/ocfs2/cluster:

./kernel/fs/ocfs2/dlm:

./kernel/fs/ocfs2/dlmfs:

./kernel/fs/overlayfs:
overlay.ko.xz

./kernel/fs/pstore:
ramoops.ko.xz

./kernel/fs/reiserfs:
reiserfs.ko.xz

./kernel/fs/romfs:
romfs.ko.xz

./kernel/fs/squashfs:
squashfs.ko.xz

./kernel/fs/sysv:

./kernel/fs/ubifs:

./kernel/fs/udf:
udf.ko.xz

./kernel/fs/ufs:

./kernel/fs/xfs:
xfs.ko.xz

./kernel/kernel:
rcu
torture.ko.xz
trace

./kernel/kernel/rcu:
rcutorture.ko.xz

./kernel/kernel/trace:
ring_buffer_benchmark.ko.xz

./kernel/lib:
842
cordic.ko.xz
crc7.ko.xz
crc8.ko.xz
crc-ccitt.ko.xz
crc-itu-t.ko.xz
libcrc32c.ko.xz
lru_cache.ko.xz
lz4
raid6
reed_solomon
ts_bm.ko.xz
ts_fsm.ko.xz
ts_kmp.ko.xz

./kernel/lib/842:
842_compress.ko.xz
842_decompress.ko.xz

./kernel/lib/lz4:
lz4_compress.ko.xz
lz4hc_compress.ko.xz

./kernel/lib/raid6:
raid6_pq.ko.xz

./kernel/lib/reed_solomon:
reed_solomon.ko.xz

./kernel/mm:
hwpoison-inject.ko.xz

./kernel/net:
6lowpan
802
8021q
9p
appletalk
atm
ax25
batman-adv
bridge
can
ceph
core
dccp
dns_resolver
dsa
ieee802154
ipv4
ipv6
ipx
irda
key
l2tp
llc
mac80211
mac802154
mpls
netfilter
netlink
netrom
nfc
openvswitch
packet
rds
rfkill
rose
sched
sctp
sunrpc
tipc
unix
vmw_vsock
wireless
xfrm

./kernel/net/6lowpan:
6lowpan.ko.xz
nhc_dest.ko.xz
nhc_fragment.ko.xz
nhc_ghc_ext_dest.ko.xz
nhc_ghc_ext_frag.ko.xz
nhc_ghc_ext_hop.ko.xz
nhc_ghc_ext_route.ko.xz
nhc_ghc_icmpv6.ko.xz
nhc_ghc_udp.ko.xz
nhc_hop.ko.xz
nhc_ipv6.ko.xz
nhc_mobility.ko.xz
nhc_routing.ko.xz
nhc_udp.ko.xz

./kernel/net/802:
garp.ko.xz
mrp.ko.xz
p8022.ko.xz
p8023.ko.xz
psnap.ko.xz
stp.ko.xz

./kernel/net/8021q:
8021q.ko.xz

./kernel/net/9p:
9pnet.ko.xz
9pnet_rdma.ko.xz
9pnet_virtio.ko.xz

./kernel/net/appletalk:

./kernel/net/atm:
atm.ko.xz

./kernel/net/ax25:

./kernel/net/batman-adv:

./kernel/net/bridge:

./kernel/net/can:
can-bcm.ko.xz
can-gw.ko.xz
can.ko.xz
can-raw.ko.xz

./kernel/net/ceph:
libceph.ko.xz

./kernel/net/core:
pktgen.ko.xz

./kernel/net/dccp:

./kernel/net/dns_resolver:
dns_resolver.ko.xz

./kernel/net/dsa:
dsa_core.ko.xz

./kernel/net/ieee802154:
6lowpan
ieee802154.ko.xz
ieee802154_socket.ko.xz

./kernel/net/ieee802154/6lowpan:
ieee802154_6lowpan.ko.xz

./kernel/net/ipv4:
ah4.ko.xz
esp4.ko.xz
fou.ko.xz
gre.ko.xz
inet_diag.ko.xz
ipcomp.ko.xz
ip_gre.ko.xz
ipip.ko.xz
ip_tunnel.ko.xz
ip_vti.ko.xz
netfilter
tcp_cdg.ko.xz
tcp_dctcp.ko.xz
tcp_diag.ko.xz
tunnel4.ko.xz
udp_diag.ko.xz
udp_tunnel.ko.xz
xfrm4_mode_beet.ko.xz
xfrm4_mode_transport.ko.xz
xfrm4_mode_tunnel.ko.xz
xfrm4_tunnel.ko.xz

./kernel/net/ipv4/netfilter:
arptable_filter.ko.xz
arp_tables.ko.xz
arpt_mangle.ko.xz
iptable_mangle.ko.xz
iptable_nat.ko.xz
iptable_raw.ko.xz
iptable_security.ko.xz
ipt_ah.ko.xz
ipt_CLUSTERIP.ko.xz
ipt_ECN.ko.xz
ipt_MASQUERADE.ko.xz
ipt_rpfilter.ko.xz
ipt_SYNPROXY.ko.xz
nf_conntrack_ipv4.ko.xz
nf_defrag_ipv4.ko.xz
nf_dup_ipv4.ko.xz
nf_log_arp.ko.xz
nf_log_ipv4.ko.xz
nf_nat_h323.ko.xz
nf_nat_ipv4.ko.xz
nf_nat_masquerade_ipv4.ko.xz
nf_nat_pptp.ko.xz
nf_nat_proto_gre.ko.xz
nf_nat_snmp_basic.ko.xz
nf_tables_arp.ko.xz
nf_tables_ipv4.ko.xz
nft_chain_nat_ipv4.ko.xz
nft_chain_route_ipv4.ko.xz
nft_dup_ipv4.ko.xz
nft_masq_ipv4.ko.xz
nft_redir_ipv4.ko.xz
nft_reject_ipv4.ko.xz

./kernel/net/ipv6:
ah6.ko.xz
esp6.ko.xz
ila
ip6_tunnel.ko.xz
ip6_udp_tunnel.ko.xz
ip6_vti.ko.xz
ipcomp6.ko.xz
netfilter
sit.ko.xz
tunnel6.ko.xz
xfrm6_mode_beet.ko.xz
xfrm6_mode_ro.ko.xz
xfrm6_mode_transport.ko.xz
xfrm6_mode_tunnel.ko.xz
xfrm6_tunnel.ko.xz

./kernel/net/ipv6/ila:
ila.ko.xz

./kernel/net/ipv6/netfilter:
ip6table_filter.ko.xz
ip6table_mangle.ko.xz
ip6table_nat.ko.xz
ip6table_raw.ko.xz
ip6table_security.ko.xz
ip6_tables.ko.xz
ip6t_ah.ko.xz
ip6t_eui64.ko.xz
ip6t_frag.ko.xz
ip6t_hbh.ko.xz
ip6t_ipv6header.ko.xz
ip6t_MASQUERADE.ko.xz
ip6t_mh.ko.xz
ip6t_REJECT.ko.xz
ip6t_rpfilter.ko.xz
ip6t_rt.ko.xz
ip6t_SYNPROXY.ko.xz
nf_conntrack_ipv6.ko.xz
nf_defrag_ipv6.ko.xz
nf_dup_ipv6.ko.xz
nf_log_ipv6.ko.xz
nf_nat_ipv6.ko.xz
nf_nat_masquerade_ipv6.ko.xz
nf_reject_ipv6.ko.xz
nf_tables_ipv6.ko.xz
nft_chain_nat_ipv6.ko.xz
nft_chain_route_ipv6.ko.xz
nft_dup_ipv6.ko.xz
nft_masq_ipv6.ko.xz
nft_redir_ipv6.ko.xz
nft_reject_ipv6.ko.xz

./kernel/net/ipx:

./kernel/net/irda:
ircomm
irda.ko.xz
irlan
irnet

./kernel/net/irda/ircomm:
ircomm.ko.xz
ircomm-tty.ko.xz

./kernel/net/irda/irlan:
irlan.ko.xz

./kernel/net/irda/irnet:
irnet.ko.xz

./kernel/net/key:
af_key.ko.xz

./kernel/net/l2tp:
l2tp_core.ko.xz
l2tp_ip6.ko.xz

./kernel/net/llc:
llc.ko.xz

./kernel/net/mac80211:
mac80211.ko.xz

./kernel/net/mac802154:
mac802154.ko.xz

./kernel/net/mpls:
mpls_gso.ko.xz
mpls_iptunnel.ko.xz
mpls_router.ko.xz

./kernel/net/netfilter:
ipset
ipvs
nf_conntrack_amanda.ko.xz
nf_conntrack_broadcast.ko.xz
nf_conntrack_ftp.ko.xz
nf_conntrack_h323.ko.xz
nf_conntrack_irc.ko.xz
nf_conntrack.ko.xz
nf_conntrack_netbios_ns.ko.xz
nf_conntrack_netlink.ko.xz
nf_conntrack_pptp.ko.xz
nf_conntrack_proto_dccp.ko.xz
nf_conntrack_proto_gre.ko.xz
nf_conntrack_proto_sctp.ko.xz
nf_conntrack_proto_udplite.ko.xz
nf_conntrack_sane.ko.xz
nf_conntrack_sip.ko.xz
nf_conntrack_snmp.ko.xz
nf_conntrack_tftp.ko.xz
nf_dup_netdev.ko.xz
nf_log_common.ko.xz
nf_nat_amanda.ko.xz
nf_nat_ftp.ko.xz
nf_nat_irc.ko.xz
nf_nat.ko.xz
nf_nat_proto_dccp.ko.xz
nf_nat_proto_sctp.ko.xz
nf_nat_proto_udplite.ko.xz
nf_nat_redirect.ko.xz
nf_nat_sip.ko.xz
nf_nat_tftp.ko.xz
nfnetlink_acct.ko.xz
nfnetlink.ko.xz
nfnetlink_log.ko.xz
nfnetlink_queue.ko.xz
nf_synproxy_core.ko.xz
nf_tables_inet.ko.xz
nf_tables.ko.xz
nf_tables_netdev.ko.xz
nft_compat.ko.xz
nft_counter.ko.xz
nft_ct.ko.xz
nft_dup_netdev.ko.xz
nft_exthdr.ko.xz
nft_fwd_netdev.ko.xz
nft_hash.ko.xz
nft_limit.ko.xz
nft_log.ko.xz
nft_masq.ko.xz
nft_meta.ko.xz
nft_nat.ko.xz
nft_queue.ko.xz
nft_rbtree.ko.xz
nft_redir.ko.xz
nft_reject_inet.ko.xz
nft_reject.ko.xz
xt_addrtype.ko.xz
xt_AUDIT.ko.xz
xt_bpf.ko.xz
xt_cgroup.ko.xz
xt_CHECKSUM.ko.xz
xt_CLASSIFY.ko.xz
xt_cluster.ko.xz
xt_comment.ko.xz
xt_connbytes.ko.xz
xt_connlabel.ko.xz
xt_connlimit.ko.xz
xt_connmark.ko.xz
xt_CONNSECMARK.ko.xz
xt_conntrack.ko.xz
xt_cpu.ko.xz
xt_CT.ko.xz
xt_dccp.ko.xz
xt_devgroup.ko.xz
xt_dscp.ko.xz
xt_DSCP.ko.xz
xt_ecn.ko.xz
xt_esp.ko.xz
xt_hashlimit.ko.xz
xt_helper.ko.xz
xt_hl.ko.xz
xt_HL.ko.xz
xt_HMARK.ko.xz
xt_IDLETIMER.ko.xz
xt_ipcomp.ko.xz
xt_iprange.ko.xz
xt_ipvs.ko.xz
xt_l2tp.ko.xz
xt_LED.ko.xz
xt_length.ko.xz
xt_limit.ko.xz
xt_LOG.ko.xz
xt_mac.ko.xz
xt_mark.ko.xz
xt_multiport.ko.xz
xt_nat.ko.xz
xt_NETMAP.ko.xz
xt_nfacct.ko.xz
xt_NFLOG.ko.xz
xt_NFQUEUE.ko.xz
xt_osf.ko.xz
xt_owner.ko.xz
xt_physdev.ko.xz
xt_pkttype.ko.xz
xt_policy.ko.xz
xt_quota.ko.xz
xt_rateest.ko.xz
xt_RATEEST.ko.xz
xt_realm.ko.xz
xt_recent.ko.xz
xt_REDIRECT.ko.xz
xt_sctp.ko.xz
xt_SECMARK.ko.xz
xt_set.ko.xz
xt_socket.ko.xz
xt_state.ko.xz
xt_statistic.ko.xz
xt_string.ko.xz
xt_tcpmss.ko.xz
xt_TCPMSS.ko.xz
xt_TCPOPTSTRIP.ko.xz
xt_TEE.ko.xz
xt_time.ko.xz
xt_TPROXY.ko.xz
xt_TRACE.ko.xz
xt_u32.ko.xz

./kernel/net/netfilter/ipset:
ip_set_bitmap_ip.ko.xz
ip_set_bitmap_ipmac.ko.xz
ip_set_bitmap_port.ko.xz
ip_set_hash_ip.ko.xz
ip_set_hash_ipmark.ko.xz
ip_set_hash_ipportip.ko.xz
ip_set_hash_ipport.ko.xz
ip_set_hash_ipportnet.ko.xz
ip_set_hash_mac.ko.xz
ip_set_hash_netiface.ko.xz
ip_set_hash_net.ko.xz
ip_set_hash_netnet.ko.xz
ip_set_hash_netport.ko.xz
ip_set_hash_netportnet.ko.xz
ip_set.ko.xz
ip_set_list_set.ko.xz

./kernel/net/netfilter/ipvs:
ip_vs_dh.ko.xz
ip_vs_fo.ko.xz
ip_vs_ftp.ko.xz
ip_vs.ko.xz
ip_vs_lblc.ko.xz
ip_vs_lblcr.ko.xz
ip_vs_lc.ko.xz
ip_vs_nq.ko.xz
ip_vs_ovf.ko.xz
ip_vs_pe_sip.ko.xz
ip_vs_rr.ko.xz
ip_vs_sed.ko.xz
ip_vs_sh.ko.xz
ip_vs_wlc.ko.xz
ip_vs_wrr.ko.xz

./kernel/net/netlink:
netlink_diag.ko.xz

./kernel/net/netrom:

./kernel/net/nfc:
hci
nci
nfc_digital.ko.xz
nfc.ko.xz

./kernel/net/nfc/hci:
hci.ko.xz

./kernel/net/nfc/nci:
nci.ko.xz

./kernel/net/openvswitch:
openvswitch.ko.xz
vport-geneve.ko.xz
vport-gre.ko.xz
vport-vxlan.ko.xz

./kernel/net/packet:
af_packet_diag.ko.xz

./kernel/net/rds:

./kernel/net/rfkill:
rfkill-gpio.ko.xz
rfkill.ko.xz

./kernel/net/rose:

./kernel/net/sched:
act_bpf.ko.xz
act_connmark.ko.xz
act_csum.ko.xz
act_gact.ko.xz
act_ipt.ko.xz
act_mirred.ko.xz
act_nat.ko.xz
act_pedit.ko.xz
act_police.ko.xz
act_simple.ko.xz
act_skbedit.ko.xz
act_vlan.ko.xz
cls_basic.ko.xz
cls_bpf.ko.xz
cls_flower.ko.xz
cls_flow.ko.xz
cls_fw.ko.xz
cls_route.ko.xz
cls_rsvp6.ko.xz
cls_rsvp.ko.xz
cls_tcindex.ko.xz
cls_u32.ko.xz
em_canid.ko.xz
em_cmp.ko.xz
em_ipset.ko.xz
em_meta.ko.xz
em_nbyte.ko.xz
em_text.ko.xz
em_u32.ko.xz
sch_codel.ko.xz
sch_fq.ko.xz
sch_hfsc.ko.xz
sch_hhf.ko.xz
sch_htb.ko.xz
sch_ingress.ko.xz
sch_pie.ko.xz
sch_plug.ko.xz
sch_prio.ko.xz
sch_sfq.ko.xz
sch_tbf.ko.xz

./kernel/net/sctp:

./kernel/net/sunrpc:
auth_gss
sunrpc.ko.xz
xprtrdma

./kernel/net/sunrpc/auth_gss:
auth_rpcgss.ko.xz
rpcsec_gss_krb5.ko.xz

./kernel/net/sunrpc/xprtrdma:
rpcrdma.ko.xz

./kernel/net/tipc:
tipc.ko.xz

./kernel/net/unix:
unix_diag.ko.xz

./kernel/net/vmw_vsock:
vmw_vsock_vmci_transport.ko.xz
vsock.ko.xz

./kernel/net/wireless:
cfg80211.ko.xz
lib80211_crypt_ccmp.ko.xz
lib80211_crypt_tkip.ko.xz
lib80211_crypt_wep.ko.xz
lib80211.ko.xz

./kernel/net/xfrm:
xfrm_ipcomp.ko.xz

./kernel/security:
keys

./kernel/security/keys:
encrypted-keys
trusted.ko.xz

./kernel/security/keys/encrypted-keys:
encrypted-keys.ko.xz

./kernel/sound:
ac97_bus.ko.xz
core
drivers
firewire
hda
i2c
isa
pci
soc
soundcore.ko.xz
synth
usb

./kernel/sound/core:
oss
seq
snd-compress.ko.xz
snd-hrtimer.ko.xz
snd-hwdep.ko.xz
snd.ko.xz
snd-pcm-dmaengine.ko.xz
snd-pcm.ko.xz
snd-rawmidi.ko.xz
snd-timer.ko.xz

./kernel/sound/core/oss:
snd-mixer-oss.ko.xz
snd-pcm-oss.ko.xz

./kernel/sound/core/seq:
oss
snd-seq-device.ko.xz
snd-seq-dummy.ko.xz
snd-seq.ko.xz
snd-seq-midi-emul.ko.xz
snd-seq-midi-event.ko.xz
snd-seq-midi.ko.xz
snd-seq-virmidi.ko.xz

./kernel/sound/core/seq/oss:
snd-seq-oss.ko.xz

./kernel/sound/drivers:
mpu401
opl3
pcsp
snd-aloop.ko.xz
snd-dummy.ko.xz
snd-mtpav.ko.xz
snd-mts64.ko.xz
snd-portman2x4.ko.xz
snd-serial-u16550.ko.xz
snd-virmidi.ko.xz
vx

./kernel/sound/drivers/mpu401:
snd-mpu401.ko.xz
snd-mpu401-uart.ko.xz

./kernel/sound/drivers/opl3:
snd-opl3-lib.ko.xz
snd-opl3-synth.ko.xz

./kernel/sound/drivers/pcsp:
snd-pcsp.ko.xz

./kernel/sound/drivers/vx:
snd-vx-lib.ko.xz

./kernel/sound/firewire:
bebob
dice
digi00x
fireworks
oxfw
snd-firewire-lib.ko.xz
snd-isight.ko.xz
tascam

./kernel/sound/firewire/bebob:
snd-bebob.ko.xz

./kernel/sound/firewire/dice:
snd-dice.ko.xz

./kernel/sound/firewire/digi00x:
snd-firewire-digi00x.ko.xz

./kernel/sound/firewire/fireworks:
snd-fireworks.ko.xz

./kernel/sound/firewire/oxfw:
snd-oxfw.ko.xz

./kernel/sound/firewire/tascam:
snd-firewire-tascam.ko.xz

./kernel/sound/hda:
ext
snd-hda-core.ko.xz

./kernel/sound/hda/ext:
snd-hda-ext-core.ko.xz

./kernel/sound/i2c:
other
snd-cs8427.ko.xz
snd-i2c.ko.xz

./kernel/sound/i2c/other:
snd-ak4113.ko.xz
snd-ak4114.ko.xz
snd-ak4xxx-adda.ko.xz
snd-pt2258.ko.xz

./kernel/sound/isa:
sb

./kernel/sound/isa/sb:
snd-sb-common.ko.xz

./kernel/sound/pci:
ac97
ali5451
asihpi
au88x0
ca0106
cs46xx
ctxfi
echoaudio
emu10k1
hda
ice1712
korg1212
lola
lx6464es
mixart
nm256
oxygen
pcxhr
riptide
rme9652
snd-ad1889.ko.xz
snd-als300.ko.xz
snd-als4000.ko.xz
snd-atiixp.ko.xz
snd-atiixp-modem.ko.xz
snd-azt3328.ko.xz
snd-bt87x.ko.xz
snd-cmipci.ko.xz
snd-cs4281.ko.xz
snd-ens1370.ko.xz
snd-ens1371.ko.xz
snd-es1938.ko.xz
snd-es1968.ko.xz
snd-fm801.ko.xz
snd-intel8x0.ko.xz
snd-intel8x0m.ko.xz
snd-maestro3.ko.xz
snd-rme32.ko.xz
snd-rme96.ko.xz
snd-sonicvibes.ko.xz
snd-via82xx.ko.xz
snd-via82xx-modem.ko.xz
trident
vx222
ymfpci

./kernel/sound/pci/ac97:
snd-ac97-codec.ko.xz

./kernel/sound/pci/ali5451:
snd-ali5451.ko.xz

./kernel/sound/pci/asihpi:
snd-asihpi.ko.xz

./kernel/sound/pci/au88x0:
snd-au8810.ko.xz
snd-au8820.ko.xz
snd-au8830.ko.xz

./kernel/sound/pci/ca0106:
snd-ca0106.ko.xz

./kernel/sound/pci/cs46xx:
snd-cs46xx.ko.xz

./kernel/sound/pci/ctxfi:
snd-ctxfi.ko.xz

./kernel/sound/pci/echoaudio:
snd-darla20.ko.xz
snd-darla24.ko.xz
snd-echo3g.ko.xz
snd-gina20.ko.xz
snd-gina24.ko.xz
snd-indigodj.ko.xz
snd-indigodjx.ko.xz
snd-indigoio.ko.xz
snd-indigoiox.ko.xz
snd-indigo.ko.xz
snd-layla20.ko.xz
snd-layla24.ko.xz
snd-mia.ko.xz
snd-mona.ko.xz

./kernel/sound/pci/emu10k1:
snd-emu10k1.ko.xz
snd-emu10k1-synth.ko.xz
snd-emu10k1x.ko.xz

./kernel/sound/pci/hda:
snd-hda-codec-analog.ko.xz
snd-hda-codec-ca0110.ko.xz
snd-hda-codec-ca0132.ko.xz
snd-hda-codec-cirrus.ko.xz
snd-hda-codec-cmedia.ko.xz
snd-hda-codec-conexant.ko.xz
snd-hda-codec-generic.ko.xz
snd-hda-codec-hdmi.ko.xz
snd-hda-codec-idt.ko.xz
snd-hda-codec.ko.xz
snd-hda-codec-realtek.ko.xz
snd-hda-codec-si3054.ko.xz
snd-hda-codec-via.ko.xz
snd-hda-intel.ko.xz

./kernel/sound/pci/ice1712:
snd-ice1712.ko.xz
snd-ice1724.ko.xz
snd-ice17xx-ak4xxx.ko.xz

./kernel/sound/pci/korg1212:
snd-korg1212.ko.xz

./kernel/sound/pci/lola:
snd-lola.ko.xz

./kernel/sound/pci/lx6464es:
snd-lx6464es.ko.xz

./kernel/sound/pci/mixart:
snd-mixart.ko.xz

./kernel/sound/pci/nm256:
snd-nm256.ko.xz

./kernel/sound/pci/oxygen:
snd-oxygen.ko.xz
snd-oxygen-lib.ko.xz
snd-virtuoso.ko.xz

./kernel/sound/pci/pcxhr:
snd-pcxhr.ko.xz

./kernel/sound/pci/riptide:
snd-riptide.ko.xz

./kernel/sound/pci/rme9652:
snd-hdsp.ko.xz
snd-hdspm.ko.xz
snd-rme9652.ko.xz

./kernel/sound/pci/trident:
snd-trident.ko.xz

./kernel/sound/pci/vx222:
snd-vx222.ko.xz

./kernel/sound/pci/ymfpci:
snd-ymfpci.ko.xz

./kernel/sound/soc:
amd
codecs
dwc
generic
intel
snd-soc-core.ko.xz

./kernel/sound/soc/amd:
snd-soc-acp-pcm.ko.xz

./kernel/sound/soc/codecs:
snd-soc-ac97.ko.xz
snd-soc-dmic.ko.xz
snd-soc-max98090.ko.xz
snd-soc-max98357a.ko.xz
snd-soc-nau8825.ko.xz
snd-soc-rl6231.ko.xz
snd-soc-rl6347a.ko.xz
snd-soc-rt286.ko.xz
snd-soc-rt5640.ko.xz
snd-soc-rt5645.ko.xz
snd-soc-rt5651.ko.xz
snd-soc-rt5670.ko.xz
snd-soc-spdif-rx.ko.xz
snd-soc-spdif-tx.ko.xz
snd-soc-ssm4567.ko.xz
snd-soc-ts3a227e.ko.xz

./kernel/sound/soc/dwc:
designware_i2s.ko.xz

./kernel/sound/soc/generic:
snd-soc-simple-card.ko.xz

./kernel/sound/soc/intel:
atom
boards
common
haswell
skylake

./kernel/sound/soc/intel/atom:
snd-soc-sst-mfld-platform.ko.xz
sst

./kernel/sound/soc/intel/atom/sst:
snd-intel-sst-acpi.ko.xz
snd-intel-sst-core.ko.xz

./kernel/sound/soc/intel/boards:
snd-skl_nau88l25_max98357a.ko.xz
snd-soc-skl_nau88l25_ssm4567.ko.xz
snd-soc-skl_rt286.ko.xz
snd-soc-sst-broadwell.ko.xz
snd-soc-sst-bytcr-rt5640.ko.xz
snd-soc-sst-bytcr-rt5651.ko.xz
snd-soc-sst-cht-bsw-max98090_ti.ko.xz
snd-soc-sst-cht-bsw-rt5645.ko.xz
snd-soc-sst-cht-bsw-rt5672.ko.xz
snd-soc-sst-haswell.ko.xz

./kernel/sound/soc/intel/common:
snd-soc-sst-acpi.ko.xz
snd-soc-sst-dsp.ko.xz
snd-soc-sst-ipc.ko.xz
snd-soc-sst-match.ko.xz

./kernel/sound/soc/intel/haswell:
snd-soc-sst-haswell-pcm.ko.xz

./kernel/sound/soc/intel/skylake:
snd-soc-skl-ipc.ko.xz
snd-soc-skl.ko.xz

./kernel/sound/synth:
emux
snd-util-mem.ko.xz

./kernel/sound/synth/emux:
snd-emux-synth.ko.xz

./kernel/sound/usb:
6fire
caiaq
hiface
line6
misc
snd-usb-audio.ko.xz
snd-usbmidi-lib.ko.xz
usx2y

./kernel/sound/usb/6fire:
snd-usb-6fire.ko.xz

./kernel/sound/usb/caiaq:
snd-usb-caiaq.ko.xz

./kernel/sound/usb/hiface:
snd-usb-hiface.ko.xz

./kernel/sound/usb/line6:
snd-usb-line6.ko.xz
snd-usb-podhd.ko.xz
snd-usb-pod.ko.xz
snd-usb-toneport.ko.xz
snd-usb-variax.ko.xz

./kernel/sound/usb/misc:
snd-ua101.ko.xz

./kernel/sound/usb/usx2y:
snd-usb-us122l.ko.xz
snd-usb-usx2y.ko.xz

./kernel/virt:
lib

./kernel/virt/lib:
irqbypass.ko.xz

./updates:

./vdso:
vdso32.so
vdso64.so
