	linux-vdso.so.1 (0x00007ffe82349000)
	libselinux.so.1 => /lib64/libselinux.so.1 (0x00007fbcfe6d8000)
	libcap.so.2 => /lib64/libcap.so.2 (0x00007fbcfe4d3000)
	librt.so.1 => /lib64/librt.so.1 (0x00007fbcfe2cb000)
	libseccomp.so.2 => /lib64/libseccomp.so.2 (0x00007fbcfe08a000)
	libpam.so.0 => /lib64/libpam.so.0 (0x00007fbcfde7b000)
	libaudit.so.1 => /lib64/libaudit.so.1 (0x00007fbcfdc52000)
	libkmod.so.2 => /lib64/libkmod.so.2 (0x00007fbcfda3c000)
	libmount.so.1 => /lib64/libmount.so.1 (0x00007fbcfd7f2000)
	libgcc_s.so.1 => /lib64/libgcc_s.so.1 (0x00007fbcfd5db000)
	libpthread.so.0 => /lib64/libpthread.so.0 (0x00007fbcfd3bf000)
	libc.so.6 => /lib64/libc.so.6 (0x00007fbcfcffc000)
	/lib64/ld-linux-x86-64.so.2 (0x00007fbcfe8ff000)
	libpcre.so.1 => /lib64/libpcre.so.1 (0x00007fbcfcd8b000)
	libdl.so.2 => /lib64/libdl.so.2 (0x00007fbcfcb87000)
	libattr.so.1 => /lib64/libattr.so.1 (0x00007fbcfc982000)
	libcap-ng.so.0 => /lib64/libcap-ng.so.0 (0x00007fbcfc77c000)
	liblzma.so.5 => /lib64/liblzma.so.5 (0x00007fbcfc556000)
	libz.so.1 => /lib64/libz.so.1 (0x00007fbcfc340000)
	libblkid.so.1 => /lib64/libblkid.so.1 (0x00007fbcfc0fd000)
	libuuid.so.1 => /lib64/libuuid.so.1 (0x00007fbcfbef8000)
