[abr15 08:31] Linux version 4.5.5-300.fc24.x86_64 (mockbuild@bkernel01.phx2.fedoraproject.org) (gcc version 6.1.1 20160510 (Red Hat 6.1.1-2) (GCC) ) #1 SMP Thu May 19 13:05:32 UTC 2016
[  +0,000000] Command line: BOOT_IMAGE=/boot/vmlinuz-4.5.5-300.fc24.x86_64 root=/dev/mapper/fedora-root ro rd.lvm.lv=fedora/root rd.lvm.lv=fedora/swap rhgb quiet
[  +0,000000] x86/fpu: Supporting XSAVE feature 0x01: 'x87 floating point registers'
[  +0,000000] x86/fpu: Supporting XSAVE feature 0x02: 'SSE registers'
[  +0,000000] x86/fpu: Enabled xstate features 0x3, context size is 576 bytes, using 'standard' format.
[  +0,000000] x86/fpu: Using 'lazy' FPU context switches.
[  +0,000000] e820: BIOS-provided physical RAM map:
[  +0,000000] BIOS-e820: [mem 0x0000000000000000-0x000000000009f3ff] usable
[  +0,000000] BIOS-e820: [mem 0x000000000009f400-0x000000000009ffff] reserved
[  +0,000000] BIOS-e820: [mem 0x00000000000f0000-0x00000000000fffff] reserved
[  +0,000000] BIOS-e820: [mem 0x0000000000100000-0x00000000cfe8ffff] usable
[  +0,000000] BIOS-e820: [mem 0x00000000cfe90000-0x00000000cfee2fff] ACPI NVS
[  +0,000000] BIOS-e820: [mem 0x00000000cfee3000-0x00000000cfeeffff] ACPI data
[  +0,000000] BIOS-e820: [mem 0x00000000cfef0000-0x00000000cfefffff] reserved
[  +0,000000] BIOS-e820: [mem 0x00000000e0000000-0x00000000efffffff] reserved
[  +0,000000] BIOS-e820: [mem 0x00000000fec00000-0x00000000ffffffff] reserved
[  +0,000000] BIOS-e820: [mem 0x0000000100000000-0x000000012fffffff] usable
[  +0,000000] NX (Execute Disable) protection: active
[  +0,000000] SMBIOS 2.5 present.
[  +0,000000] DMI: HP-Pavilion NR021AA-ABE p6027es/Boston, BIOS 5.19 03/06/2009
[  +0,000000] e820: update [mem 0x00000000-0x00000fff] usable ==> reserved
[  +0,000000] e820: remove [mem 0x000a0000-0x000fffff] usable
[  +0,000000] e820: last_pfn = 0x130000 max_arch_pfn = 0x400000000
[  +0,000000] MTRR default type: uncachable
[  +0,000000] MTRR fixed ranges enabled:
[  +0,000000]   00000-9FFFF write-back
[  +0,000000]   A0000-BFFFF uncachable
[  +0,000000]   C0000-CFFFF write-protect
[  +0,000000]   D0000-EFFFF uncachable
[  +0,000000]   F0000-FFFFF write-through
[  +0,000000] MTRR variable ranges enabled:
[  +0,000000]   0 base 100000000 mask FE0000000 write-back
[  +0,000000]   1 base 120000000 mask FF0000000 write-back
[  +0,000000]   2 base 000000000 mask F80000000 write-back
[  +0,000000]   3 base 080000000 mask FC0000000 write-back
[  +0,000000]   4 base 0C0000000 mask FF0000000 write-back
[  +0,000000]   5 base 0CFF00000 mask FFFF00000 uncachable
[  +0,000000]   6 disabled
[  +0,000000]   7 disabled
[  +0,000000] x86/PAT: Configuration [0-7]: WB  WC  UC- UC  WB  WC  UC- WT  
[  +0,000000] e820: update [mem 0xcff00000-0xffffffff] usable ==> reserved
[  +0,000000] e820: last_pfn = 0xcfe90 max_arch_pfn = 0x400000000
[  +0,000000] found SMP MP-table at [mem 0x000f4280-0x000f428f] mapped at [ffff8800000f4280]
[  +0,000000] Base memory trampoline at [ffff880000099000] 99000 size 24576
[  +0,000000] BRK [0x0205f000, 0x0205ffff] PGTABLE
[  +0,000000] BRK [0x02060000, 0x02060fff] PGTABLE
[  +0,000000] BRK [0x02061000, 0x02061fff] PGTABLE
[  +0,000000] BRK [0x02062000, 0x02062fff] PGTABLE
[  +0,000000] RAMDISK: [mem 0x35616000-0x36b02fff]
[  +0,000000] ACPI: Early table checksum verification disabled
[  +0,000000] ACPI: RSDP 0x00000000000F8300 000024 (v02 HPQOEM)
[  +0,000000] ACPI: XSDT 0x00000000CFEE3080 000054 (v01 HPQOEM SLIC-CPC 42302E31 AWRD 00000000)
[  +0,000000] ACPI: FACP 0x00000000CFEE7300 0000F4 (v03 HPQOEM SLIC-CPC 42302E31 AWRD 00000000)
[  +0,000000] ACPI BIOS Warning (bug): 32/64X length mismatch in FADT/Pm1aEventBlock: 32/8 (20160108/tbfadt-623)
[  +0,000000] ACPI BIOS Warning (bug): 32/64X length mismatch in FADT/Pm1aControlBlock: 16/8 (20160108/tbfadt-623)
[  +0,000000] ACPI BIOS Warning (bug): 32/64X length mismatch in FADT/PmTimerBlock: 32/8 (20160108/tbfadt-623)
[  +0,000000] ACPI BIOS Warning (bug): 32/64X length mismatch in FADT/Gpe0Block: 64/8 (20160108/tbfadt-623)
[  +0,000000] ACPI BIOS Warning (bug): Invalid length for FADT/Pm1aEventBlock: 8, using default 32 (20160108/tbfadt-704)
[  +0,000000] ACPI BIOS Warning (bug): Invalid length for FADT/Pm1aControlBlock: 8, using default 16 (20160108/tbfadt-704)
[  +0,000000] ACPI BIOS Warning (bug): Invalid length for FADT/PmTimerBlock: 8, using default 32 (20160108/tbfadt-704)
[  +0,000000] ACPI: DSDT 0x00000000CFEE3240 004097 (v01 HPQOEM SLIC-CPC 00001000 MSFT 03000000)
[  +0,000000] ACPI: FACS 0x00000000CFE90000 000040
[  +0,000000] ACPI: FACS 0x00000000CFE90000 000040
[  +0,000000] ACPI: SLIC 0x00000000CFEE74C0 000176 (v01 HPQOEM SLIC-CPC 42302E31 AWRD 00000000)
[  +0,000000] ACPI: HPET 0x00000000CFEE7740 000038 (v01 HPQOEM SLIC-CPC 42302E31 AWRD 00000098)
[  +0,000000] ACPI: MCFG 0x00000000CFEE7780 00003C (v01 HPQOEM SLIC-CPC 42302E31 AWRD 00000000)
[  +0,000000] ACPI: APIC 0x00000000CFEE7400 000084 (v01 HPQOEM SLIC-CPC 42302E31 AWRD 00000000)
[  +0,000000] ACPI: SSDT 0x00000000CFEE7E20 000380 (v01 HPQOEM SLIC-CPC 00003000 INTL 20041203)
[  +0,000000] ACPI: Local APIC address 0xfee00000
[  +0,000000] No NUMA configuration found
[  +0,000000] Faking a node at [mem 0x0000000000000000-0x000000012fffffff]
[  +0,000000] NODE_DATA(0) allocated [mem 0x12ffe5000-0x12fffbfff]
[  +0,000000] Zone ranges:
[  +0,000000]   DMA      [mem 0x0000000000001000-0x0000000000ffffff]
[  +0,000000]   DMA32    [mem 0x0000000001000000-0x00000000ffffffff]
[  +0,000000]   Normal   [mem 0x0000000100000000-0x000000012fffffff]
[  +0,000000]   Device   empty
[  +0,000000] Movable zone start for each node
[  +0,000000] Early memory node ranges
[  +0,000000]   node   0: [mem 0x0000000000001000-0x000000000009efff]
[  +0,000000]   node   0: [mem 0x0000000000100000-0x00000000cfe8ffff]
[  +0,000000]   node   0: [mem 0x0000000100000000-0x000000012fffffff]
[  +0,000000] Initmem setup node 0 [mem 0x0000000000001000-0x000000012fffffff]
[  +0,000000] On node 0 totalpages: 1048110
[  +0,000000]   DMA zone: 64 pages used for memmap
[  +0,000000]   DMA zone: 21 pages reserved
[  +0,000000]   DMA zone: 3998 pages, LIFO batch:0
[  +0,000000]   DMA32 zone: 13243 pages used for memmap
[  +0,000000]   DMA32 zone: 847504 pages, LIFO batch:31
[  +0,000000]   Normal zone: 3072 pages used for memmap
[  +0,000000]   Normal zone: 196608 pages, LIFO batch:31
[  +0,000000] ACPI: PM-Timer IO Port: 0x408
[  +0,000000] ACPI: Local APIC address 0xfee00000
[  +0,000000] ACPI: LAPIC_NMI (acpi_id[0x00] high edge lint[0x1])
[  +0,000000] ACPI: LAPIC_NMI (acpi_id[0x01] high edge lint[0x1])
[  +0,000000] ACPI: LAPIC_NMI (acpi_id[0x02] high edge lint[0x1])
[  +0,000000] ACPI: LAPIC_NMI (acpi_id[0x03] high edge lint[0x1])
[  +0,000000] IOAPIC[0]: apic_id 4, version 32, address 0xfec00000, GSI 0-23
[  +0,000000] ACPI: INT_SRC_OVR (bus 0 bus_irq 0 global_irq 2 dfl dfl)
[  +0,000000] ACPI: INT_SRC_OVR (bus 0 bus_irq 9 global_irq 9 high level)
[  +0,000000] ACPI: IRQ0 used by override.
[  +0,000000] ACPI: IRQ9 used by override.
[  +0,000000] Using ACPI (MADT) for SMP configuration information
[  +0,000000] ACPI: HPET id: 0x8086a201 base: 0xfed00000
[  +0,000000] smpboot: Allowing 4 CPUs, 2 hotplug CPUs
[  +0,000000] PM: Registered nosave memory: [mem 0x00000000-0x00000fff]
[  +0,000000] PM: Registered nosave memory: [mem 0x0009f000-0x0009ffff]
[  +0,000000] PM: Registered nosave memory: [mem 0x000a0000-0x000effff]
[  +0,000000] PM: Registered nosave memory: [mem 0x000f0000-0x000fffff]
[  +0,000000] PM: Registered nosave memory: [mem 0xcfe90000-0xcfee2fff]
[  +0,000000] PM: Registered nosave memory: [mem 0xcfee3000-0xcfeeffff]
[  +0,000000] PM: Registered nosave memory: [mem 0xcfef0000-0xcfefffff]
[  +0,000000] PM: Registered nosave memory: [mem 0xcff00000-0xdfffffff]
[  +0,000000] PM: Registered nosave memory: [mem 0xe0000000-0xefffffff]
[  +0,000000] PM: Registered nosave memory: [mem 0xf0000000-0xfebfffff]
[  +0,000000] PM: Registered nosave memory: [mem 0xfec00000-0xffffffff]
[  +0,000000] e820: [mem 0xcff00000-0xdfffffff] available for PCI devices
[  +0,000000] Booting paravirtualized kernel on bare hardware
[  +0,000000] clocksource: refined-jiffies: mask: 0xffffffff max_cycles: 0xffffffff, max_idle_ns: 1910969940391419 ns
[  +0,000000] setup_percpu: NR_CPUS:1024 nr_cpumask_bits:4 nr_cpu_ids:4 nr_node_ids:1
[  +0,000000] PERCPU: Embedded 34 pages/cpu @ffff88012fc00000 s98648 r8192 d32424 u524288
[  +0,000000] pcpu-alloc: s98648 r8192 d32424 u524288 alloc=1*2097152
[  +0,000000] pcpu-alloc: [0] 0 1 2 3 
[  +0,000000] Built 1 zonelists in Node order, mobility grouping on.  Total pages: 1031710
[  +0,000000] Policy zone: Normal
[  +0,000000] Kernel command line: BOOT_IMAGE=/boot/vmlinuz-4.5.5-300.fc24.x86_64 root=/dev/mapper/fedora-root ro rd.lvm.lv=fedora/root rd.lvm.lv=fedora/swap rhgb quiet
[  +0,000000] PID hash table entries: 4096 (order: 3, 32768 bytes)
[  +0,000000] Memory: 4021652K/4192440K available (8014K kernel code, 1336K rwdata, 3512K rodata, 1552K init, 1544K bss, 170788K reserved, 0K cma-reserved)
[  +0,000000] SLUB: HWalign=64, Order=0-3, MinObjects=0, CPUs=4, Nodes=1
[  +0,000000] Hierarchical RCU implementation.
[  +0,000000] 	Build-time adjustment of leaf fanout to 64.
[  +0,000000] 	RCU restricting CPUs from NR_CPUS=1024 to nr_cpu_ids=4.
[  +0,000000] RCU: Adjusting geometry for rcu_fanout_leaf=64, nr_cpu_ids=4
[  +0,000000] NR_IRQS:65792 nr_irqs:456 16
[  +0,000000] 	Offload RCU callbacks from all CPUs
[  +0,000000] 	Offload RCU callbacks from CPUs: 0-3.
[  +0,000000] Console: colour VGA+ 80x25
[  +0,000000] console [tty0] enabled
[  +0,000000] clocksource: hpet: mask: 0xffffffff max_cycles: 0xffffffff, max_idle_ns: 133484882848 ns
[  +0,000000] hpet clockevent registered
[  +0,000000] tsc: Fast TSC calibration using PIT
[  +0,000000] tsc: Detected 3333.346 MHz processor
[  +0,000000] Calibrating delay loop (skipped), value calculated using timer frequency.. 6666.69 BogoMIPS (lpj=3333346)
[  +0,000003] pid_max: default: 32768 minimum: 301
[  +0,000007] ACPI: Core revision 20160108
[  +0,002126] ACPI: 2 ACPI AML tables successfully acquired and loaded

[  +0,000025] Security Framework initialized
[  +0,000002] Yama: becoming mindful.
[  +0,000006] SELinux:  Initializing.
[  +0,000013] SELinux:  Starting in permissive mode
[  +0,000286] Dentry cache hash table entries: 524288 (order: 10, 4194304 bytes)
[  +0,001782] Inode-cache hash table entries: 262144 (order: 9, 2097152 bytes)
[  +0,000797] Mount-cache hash table entries: 8192 (order: 4, 65536 bytes)
[  +0,000005] Mountpoint-cache hash table entries: 8192 (order: 4, 65536 bytes)
[  +0,000313] CPU: Physical Processor ID: 0
[  +0,000001] CPU: Processor Core ID: 0
[  +0,000002] mce: CPU supports 6 MCE banks
[  +0,000007] CPU0: Thermal monitoring enabled (TM2)
[  +0,000003] process: using mwait in idle threads
[  +0,000004] Last level iTLB entries: 4KB 128, 2MB 4, 4MB 4
[  +0,000001] Last level dTLB entries: 4KB 256, 2MB 0, 4MB 32, 1GB 0
[  +0,000286] Freeing SMP alternatives memory: 32K (ffffffff81ed3000 - ffffffff81edb000)
[  +0,002324] ftrace: allocating 29874 entries in 117 pages
[  +0,006427] ..TIMER: vector=0x30 apic1=0 pin1=2 apic2=-1 pin2=-1
[  +0,010570] smpboot: CPU0: Intel(R) Core(TM)2 Duo CPU     E8600  @ 3.33GHz (family: 0x6, model: 0x17, stepping: 0xa)
[  +0,000000] Performance Events: PEBS fmt0+, 4-deep LBR, Core2 events, Intel PMU driver.
[  +0,000000] ... version:                2
[  +0,000000] ... bit width:              40
[  +0,000000] ... generic registers:      2
[  +0,000000] ... value mask:             000000ffffffffff
[  +0,000000] ... max period:             000000007fffffff
[  +0,000000] ... fixed-purpose events:   3
[  +0,000000] ... event mask:             0000000700000003
[  +0,000000] x86: Booting SMP configuration:
[  +0,000000] .... node  #0, CPUs:      #1
[  +0,001038] x86: Booted up 1 node, 2 CPUs
[  +0,000003] smpboot: Total of 2 processors activated (13333.38 BogoMIPS)
[  +0,001035] NMI watchdog: enabled on all CPUs, permanently consumes one hw-PMU counter.
[  +0,000113] devtmpfs: initialized
[  +0,002844] PM: Registering ACPI NVS region [mem 0xcfe90000-0xcfee2fff] (339968 bytes)
[  +0,000065] clocksource: jiffies: mask: 0xffffffff max_cycles: 0xffffffff, max_idle_ns: 1911260446275000 ns
[  +0,000051] atomic64_test: passed for x86-64 platform with CX8 and with SSE
[  +0,000002] pinctrl core: initialized pinctrl subsystem
[  +0,000043] RTC time:  8:31:56, date: 04/15/17
[  +0,000097] NET: Registered protocol family 16
[  +0,001712] cpuidle: using governor menu
[  +0,000085] ACPI: bus type PCI registered
[  +0,000002] acpiphp: ACPI Hot Plug PCI Controller Driver version: 0.5
[  +0,000090] PCI: MMCONFIG for domain 0000 [bus 00-ff] at [mem 0xe0000000-0xefffffff] (base 0xe0000000)
[  +0,000003] PCI: MMCONFIG at [mem 0xe0000000-0xefffffff] reserved in E820
[  +0,000023] PCI: Using configuration type 1 for base access
[  +0,002847] HugeTLB registered 2 MB page size, pre-allocated 0 pages
[  +0,000029] ACPI: Added _OSI(Module Device)
[  +0,000000] ACPI: Added _OSI(Processor Device)
[  +0,000000] ACPI: Added _OSI(3.0 _SCP Extensions)
[  +0,000000] ACPI: Added _OSI(Processor Aggregator Device)
[  +0,002690] ACPI: Dynamic OEM Table Load:
[  +0,000005] ACPI: SSDT 0xFFFF88012A580C00 00026C (v01 PmRef  Cpu0Ist  00003000 INTL 20041203)
[  +0,000197] ACPI: Dynamic OEM Table Load:
[  +0,000003] ACPI: SSDT 0xFFFF88012A5B0400 000152 (v01 PmRef  Cpu1Ist  00003000 INTL 20041203)
[  +0,000250] ACPI: Interpreter enabled
[  +0,000014] ACPI: (supports S0 S1 S3 S4 S5)
[  +0,000002] ACPI: Using IOAPIC for interrupt routing
[  +0,000016] PCI: Using host bridge windows from ACPI; if necessary, use "pci=nocrs" and report a bug
[  +0,003050] ACPI: PCI Root Bridge [PCI0] (domain 0000 [bus 00-ff])
[  +0,000005] acpi PNP0A08:00: _OSC: OS supports [ExtendedConfig ASPM ClockPM Segments MSI]
[  +0,000004] acpi PNP0A08:00: _OSC failed (AE_NOT_FOUND); disabling ASPM
[  +0,000161] PCI host bridge to bus 0000:00
[  +0,000003] pci_bus 0000:00: root bus resource [io  0x0000-0x0cf7 window]
[  +0,000001] pci_bus 0000:00: root bus resource [io  0x0d00-0xffff window]
[  +0,000002] pci_bus 0000:00: root bus resource [mem 0x000a0000-0x000bffff window]
[  +0,000001] pci_bus 0000:00: root bus resource [mem 0x000c0000-0x000dffff window]
[  +0,000002] pci_bus 0000:00: root bus resource [mem 0xcff00000-0xfebfffff window]
[  +0,000002] pci_bus 0000:00: root bus resource [bus 00-ff]
[  +0,000006] pci 0000:00:00.0: [8086:29c0] type 00 class 0x060000
[  +0,000080] pci 0000:00:01.0: [8086:29c1] type 01 class 0x060400
[  +0,000028] pci 0000:00:01.0: PME# supported from D0 D3hot D3cold
[  +0,000079] pci 0000:00:1c.0: [8086:27d0] type 01 class 0x060400
[  +0,000054] pci 0000:00:1c.0: PME# supported from D0 D3hot D3cold
[  +0,000038] pci 0000:00:1c.0: System wakeup disabled by ACPI
[  +0,000039] pci 0000:00:1d.0: [8086:27c8] type 00 class 0x0c0300
[  +0,000032] pci 0000:00:1d.0: reg 0x20: [io  0xf500-0xf51f]
[  +0,000048] pci 0000:00:1d.0: System wakeup disabled by ACPI
[  +0,000033] pci 0000:00:1d.1: [8086:27c9] type 00 class 0x0c0300
[  +0,000031] pci 0000:00:1d.1: reg 0x20: [io  0xf600-0xf61f]
[  +0,000050] pci 0000:00:1d.1: System wakeup disabled by ACPI
[  +0,000034] pci 0000:00:1d.2: [8086:27ca] type 00 class 0x0c0300
[  +0,000031] pci 0000:00:1d.2: reg 0x20: [io  0xf700-0xf71f]
[  +0,000049] pci 0000:00:1d.2: System wakeup disabled by ACPI
[  +0,000035] pci 0000:00:1d.3: [8086:27cb] type 00 class 0x0c0300
[  +0,000031] pci 0000:00:1d.3: reg 0x20: [io  0xf800-0xf81f]
[  +0,000047] pci 0000:00:1d.3: System wakeup disabled by ACPI
[  +0,000039] pci 0000:00:1d.7: [8086:27cc] type 00 class 0x0c0320
[  +0,000014] pci 0000:00:1d.7: reg 0x10: [mem 0xfdfff000-0xfdfff3ff]
[  +0,000063] pci 0000:00:1d.7: PME# supported from D0 D3hot D3cold
[  +0,000033] pci 0000:00:1d.7: System wakeup disabled by ACPI
[  +0,000035] pci 0000:00:1e.0: [8086:244e] type 01 class 0x060401
[  +0,000064] pci 0000:00:1e.0: System wakeup disabled by ACPI
[  +0,000039] pci 0000:00:1f.0: [8086:27b8] type 00 class 0x060100
[  +0,000064] pci 0000:00:1f.0: quirk: [io  0x0400-0x047f] claimed by ICH6 ACPI/GPIO/TCO
[  +0,000004] pci 0000:00:1f.0: quirk: [io  0x0480-0x04bf] claimed by ICH6 GPIO
[  +0,000003] pci 0000:00:1f.0: ICH7 LPC Generic IO decode 1 PIO at 0800 (mask 003f)
[  +0,000002] pci 0000:00:1f.0: ICH7 LPC Generic IO decode 2 PIO at 0290 (mask 001f)
[  +0,000080] pci 0000:00:1f.2: [8086:27c0] type 00 class 0x01018a
[  +0,000010] pci 0000:00:1f.2: reg 0x10: [io  0x0000-0x0007]
[  +0,000006] pci 0000:00:1f.2: reg 0x14: [io  0x0000-0x0003]
[  +0,000006] pci 0000:00:1f.2: reg 0x18: [io  0x0000-0x0007]
[  +0,000006] pci 0000:00:1f.2: reg 0x1c: [io  0x0000-0x0003]
[  +0,000006] pci 0000:00:1f.2: reg 0x20: [io  0xf900-0xf90f]
[  +0,000012] pci 0000:00:1f.2: legacy IDE quirk: reg 0x10: [io  0x01f0-0x01f7]
[  +0,000001] pci 0000:00:1f.2: legacy IDE quirk: reg 0x14: [io  0x03f6]
[  +0,000002] pci 0000:00:1f.2: legacy IDE quirk: reg 0x18: [io  0x0170-0x0177]
[  +0,000001] pci 0000:00:1f.2: legacy IDE quirk: reg 0x1c: [io  0x0376]
[  +0,000017] pci 0000:00:1f.2: PME# supported from D3hot
[  +0,000062] pci 0000:00:1f.3: [8086:27da] type 00 class 0x0c0500
[  +0,000042] pci 0000:00:1f.3: reg 0x20: [io  0x0500-0x051f]
[  +0,000111] pci 0000:01:00.0: [1002:6779] type 00 class 0x030000
[  +0,000014] pci 0000:01:00.0: reg 0x10: [mem 0xd0000000-0xdfffffff 64bit pref]
[  +0,000009] pci 0000:01:00.0: reg 0x18: [mem 0xfdaa0000-0xfdabffff 64bit]
[  +0,000007] pci 0000:01:00.0: reg 0x20: [io  0xce00-0xceff]
[  +0,000012] pci 0000:01:00.0: reg 0x30: [mem 0x00000000-0x0001ffff pref]
[  +0,000035] pci 0000:01:00.0: supports D1 D2
[  +0,000044] pci 0000:01:00.1: [1002:aa98] type 00 class 0x040300
[  +0,000013] pci 0000:01:00.1: reg 0x10: [mem 0xfdafc000-0xfdafffff 64bit]
[  +0,000058] pci 0000:01:00.1: supports D1 D2
[  +0,000055] pci 0000:00:01.0: PCI bridge to [bus 01]
[  +0,000002] pci 0000:00:01.0:   bridge window [io  0xc000-0xcfff]
[  +0,000002] pci 0000:00:01.0:   bridge window [mem 0xfda00000-0xfdafffff]
[  +0,000003] pci 0000:00:01.0:   bridge window [mem 0xd0000000-0xdfffffff 64bit pref]
[  +0,000050] pci 0000:02:00.0: [10ec:8136] type 00 class 0x020000
[  +0,000019] pci 0000:02:00.0: reg 0x10: [io  0xde00-0xdeff]
[  +0,000027] pci 0000:02:00.0: reg 0x18: [mem 0xfdbff000-0xfdbfffff 64bit]
[  +0,000031] pci 0000:02:00.0: reg 0x30: [mem 0x00000000-0x0001ffff pref]
[  +0,000081] pci 0000:02:00.0: supports D1 D2
[  +0,000001] pci 0000:02:00.0: PME# supported from D1 D2 D3hot D3cold
[  +0,000059] pci 0000:02:00.0: disabling ASPM on pre-1.1 PCIe device.  You can enable it with 'pcie_aspm=force'
[  +0,000008] pci 0000:00:1c.0: PCI bridge to [bus 02]
[  +0,000003] pci 0000:00:1c.0:   bridge window [io  0xd000-0xdfff]
[  +0,000002] pci 0000:00:1c.0:   bridge window [mem 0xfdb00000-0xfdbfffff]
[  +0,000005] pci 0000:00:1c.0:   bridge window [mem 0xfdc00000-0xfdcfffff 64bit pref]
[  +0,000032] pci 0000:05:00.0: [10ec:8169] type 00 class 0x020000
[  +0,000013] pci 0000:05:00.0: reg 0x10: [io  0xee00-0xeeff]
[  +0,000008] pci 0000:05:00.0: reg 0x14: [mem 0xfddff000-0xfddff0ff]
[  +0,000034] pci 0000:05:00.0: reg 0x30: [mem 0x00000000-0x0001ffff pref]
[  +0,000024] pci 0000:05:00.0: supports D1 D2
[  +0,000001] pci 0000:05:00.0: PME# supported from D1 D2 D3hot D3cold
[  +0,000067] pci 0000:00:1e.0: PCI bridge to [bus 05] (subtractive decode)
[  +0,000002] pci 0000:00:1e.0:   bridge window [io  0xe000-0xefff]
[  +0,000003] pci 0000:00:1e.0:   bridge window [mem 0xfdd00000-0xfddfffff]
[  +0,000004] pci 0000:00:1e.0:   bridge window [mem 0xfde00000-0xfdefffff 64bit pref]
[  +0,000002] pci 0000:00:1e.0:   bridge window [io  0x0000-0x0cf7 window] (subtractive decode)
[  +0,000001] pci 0000:00:1e.0:   bridge window [io  0x0d00-0xffff window] (subtractive decode)
[  +0,000002] pci 0000:00:1e.0:   bridge window [mem 0x000a0000-0x000bffff window] (subtractive decode)
[  +0,000001] pci 0000:00:1e.0:   bridge window [mem 0x000c0000-0x000dffff window] (subtractive decode)
[  +0,000002] pci 0000:00:1e.0:   bridge window [mem 0xcff00000-0xfebfffff window] (subtractive decode)
[  +0,000449] ACPI: PCI Interrupt Link [LNKA] (IRQs 3 4 5 7 9 *10 11 12 14 15)
[  +0,000044] ACPI: PCI Interrupt Link [LNKB] (IRQs 3 4 *5 7 9 10 11 12 14 15)
[  +0,000043] ACPI: PCI Interrupt Link [LNKC] (IRQs *3 4 5 7 9 10 11 12 14 15)
[  +0,000043] ACPI: PCI Interrupt Link [LNKD] (IRQs 3 4 5 7 9 10 *11 12 14 15)
[  +0,000042] ACPI: PCI Interrupt Link [LNKE] (IRQs 3 4 5 7 9 10 11 12 14 15) *0, disabled.
[  +0,000043] ACPI: PCI Interrupt Link [LNKF] (IRQs 3 4 5 7 9 10 11 12 14 15) *0, disabled.
[  +0,000042] ACPI: PCI Interrupt Link [LNK0] (IRQs 3 4 5 7 9 10 11 12 14 15) *0, disabled.
[  +0,000043] ACPI: PCI Interrupt Link [LNK1] (IRQs 3 4 5 *7 9 10 11 12 14 15)
[  +0,000047] ACPI: Enabled 2 GPEs in block 00 to 1F
[  +0,000065] vgaarb: setting as boot device: PCI:0000:01:00.0
[  +0,000000] vgaarb: device added: PCI:0000:01:00.0,decodes=io+mem,owns=io+mem,locks=none
[  +0,000000] vgaarb: loaded
[  +0,000000] vgaarb: bridge control possible 0000:01:00.0
[  +0,000000] SCSI subsystem initialized
[  +0,000000] libata version 3.00 loaded.
[  +0,000000] ACPI: bus type USB registered
[  +0,000000] usbcore: registered new interface driver usbfs
[  +0,000000] usbcore: registered new interface driver hub
[  +0,000000] usbcore: registered new device driver usb
[  +0,000000] PCI: Using ACPI for IRQ routing
[  +0,004871] PCI: pci_cache_line_size set to 64 bytes
[  +0,000031] e820: reserve RAM buffer [mem 0x0009f400-0x0009ffff]
[  +0,000002] e820: reserve RAM buffer [mem 0xcfe90000-0xcfffffff]
[  +0,000101] NetLabel: Initializing
[  +0,000001] NetLabel:  domain hash size = 128
[  +0,000001] NetLabel:  protocols = UNLABELED CIPSOv4
[  +0,000013] NetLabel:  unlabeled traffic allowed by default
[  +0,000036] HPET: 3 timers in total, 0 timers will be used for per-cpu timer
[  +0,000003] hpet0: at MMIO 0xfed00000, IRQs 2, 8, 0
[  +0,000003] hpet0: 3 comparators, 64-bit 14.318180 MHz counter
[  +0,001398] clocksource: Switched to clocksource hpet
[  +0,007872] VFS: Disk quotas dquot_6.6.0
[  +0,000020] VFS: Dquot-cache hash table entries: 512 (order 0, 4096 bytes)
[  +0,000129] pnp: PnP ACPI init
[  +0,000146] system 00:00: [io  0x04d0-0x04d1] has been reserved
[  +0,000002] system 00:00: [io  0x0800-0x087f] has been reserved
[  +0,000001] system 00:00: [io  0x0290-0x0297] has been reserved
[  +0,000002] system 00:00: [io  0x0880-0x088f] has been reserved
[  +0,000004] system 00:00: Plug and Play ACPI device, IDs PNP0c02 (active)
[  +0,000061] pnp 00:01: Plug and Play ACPI device, IDs PNP0b00 (active)
[  +0,000212] system 00:02: [io  0x0400-0x04bf] could not be reserved
[  +0,000003] system 00:02: Plug and Play ACPI device, IDs PNP0c02 (active)
[  +0,000153] system 00:03: [mem 0xe0000000-0xefffffff] has been reserved
[  +0,000002] system 00:03: Plug and Play ACPI device, IDs PNP0c02 (active)
[  +0,000073] system 00:04: [mem 0x000f0000-0x000fffff] could not be reserved
[  +0,000002] system 00:04: [mem 0xcff00000-0xcfffffff] has been reserved
[  +0,000002] system 00:04: [mem 0xfed00000-0xfed000ff] has been reserved
[  +0,000001] system 00:04: [mem 0xcfe90000-0xcfefffff] could not be reserved
[  +0,000002] system 00:04: [mem 0x00000000-0x0009ffff] could not be reserved
[  +0,000002] system 00:04: [mem 0x00100000-0xcfe8ffff] could not be reserved
[  +0,000001] system 00:04: [mem 0xfec00000-0xfec00fff] could not be reserved
[  +0,000002] system 00:04: [mem 0xfed13000-0xfed1dfff] has been reserved
[  +0,000002] system 00:04: [mem 0xfed20000-0xfed8ffff] has been reserved
[  +0,000001] system 00:04: [mem 0xfee00000-0xfee00fff] has been reserved
[  +0,000002] system 00:04: [mem 0xffb00000-0xffb7ffff] has been reserved
[  +0,000002] system 00:04: [mem 0xfff00000-0xffffffff] has been reserved
[  +0,000001] system 00:04: [mem 0x000e0000-0x000effff] has been reserved
[  +0,000003] system 00:04: Plug and Play ACPI device, IDs PNP0c01 (active)
[  +0,000004] pnp: PnP ACPI: found 5 devices
[  +0,006328] clocksource: acpi_pm: mask: 0xffffff max_cycles: 0xffffff, max_idle_ns: 2085701024 ns
[  +0,000025] pci 0000:01:00.0: BAR 6: assigned [mem 0xfda00000-0xfda1ffff pref]
[  +0,000003] pci 0000:00:01.0: PCI bridge to [bus 01]
[  +0,000002] pci 0000:00:01.0:   bridge window [io  0xc000-0xcfff]
[  +0,000003] pci 0000:00:01.0:   bridge window [mem 0xfda00000-0xfdafffff]
[  +0,000002] pci 0000:00:01.0:   bridge window [mem 0xd0000000-0xdfffffff 64bit pref]
[  +0,000003] pci 0000:02:00.0: BAR 6: assigned [mem 0xfdb00000-0xfdb1ffff pref]
[  +0,000002] pci 0000:00:1c.0: PCI bridge to [bus 02]
[  +0,000002] pci 0000:00:1c.0:   bridge window [io  0xd000-0xdfff]
[  +0,000003] pci 0000:00:1c.0:   bridge window [mem 0xfdb00000-0xfdbfffff]
[  +0,000003] pci 0000:00:1c.0:   bridge window [mem 0xfdc00000-0xfdcfffff 64bit pref]
[  +0,000005] pci 0000:05:00.0: BAR 6: assigned [mem 0xfdd00000-0xfdd1ffff pref]
[  +0,000002] pci 0000:00:1e.0: PCI bridge to [bus 05]
[  +0,000002] pci 0000:00:1e.0:   bridge window [io  0xe000-0xefff]
[  +0,000003] pci 0000:00:1e.0:   bridge window [mem 0xfdd00000-0xfddfffff]
[  +0,000003] pci 0000:00:1e.0:   bridge window [mem 0xfde00000-0xfdefffff 64bit pref]
[  +0,000005] pci_bus 0000:00: resource 4 [io  0x0000-0x0cf7 window]
[  +0,000002] pci_bus 0000:00: resource 5 [io  0x0d00-0xffff window]
[  +0,000001] pci_bus 0000:00: resource 6 [mem 0x000a0000-0x000bffff window]
[  +0,000002] pci_bus 0000:00: resource 7 [mem 0x000c0000-0x000dffff window]
[  +0,000001] pci_bus 0000:00: resource 8 [mem 0xcff00000-0xfebfffff window]
[  +0,000002] pci_bus 0000:01: resource 0 [io  0xc000-0xcfff]
[  +0,000001] pci_bus 0000:01: resource 1 [mem 0xfda00000-0xfdafffff]
[  +0,000002] pci_bus 0000:01: resource 2 [mem 0xd0000000-0xdfffffff 64bit pref]
[  +0,000001] pci_bus 0000:02: resource 0 [io  0xd000-0xdfff]
[  +0,000002] pci_bus 0000:02: resource 1 [mem 0xfdb00000-0xfdbfffff]
[  +0,000001] pci_bus 0000:02: resource 2 [mem 0xfdc00000-0xfdcfffff 64bit pref]
[  +0,000001] pci_bus 0000:05: resource 0 [io  0xe000-0xefff]
[  +0,000002] pci_bus 0000:05: resource 1 [mem 0xfdd00000-0xfddfffff]
[  +0,000001] pci_bus 0000:05: resource 2 [mem 0xfde00000-0xfdefffff 64bit pref]
[  +0,000002] pci_bus 0000:05: resource 4 [io  0x0000-0x0cf7 window]
[  +0,000001] pci_bus 0000:05: resource 5 [io  0x0d00-0xffff window]
[  +0,000002] pci_bus 0000:05: resource 6 [mem 0x000a0000-0x000bffff window]
[  +0,000001] pci_bus 0000:05: resource 7 [mem 0x000c0000-0x000dffff window]
[  +0,000001] pci_bus 0000:05: resource 8 [mem 0xcff00000-0xfebfffff window]
[  +0,000027] NET: Registered protocol family 2
[  +0,000158] TCP established hash table entries: 32768 (order: 6, 262144 bytes)
[  +0,000125] TCP bind hash table entries: 32768 (order: 7, 524288 bytes)
[  +0,000203] TCP: Hash tables configured (established 32768 bind 32768)
[  +0,000043] UDP hash table entries: 2048 (order: 4, 65536 bytes)
[  +0,000029] UDP-Lite hash table entries: 2048 (order: 4, 65536 bytes)
[  +0,000065] NET: Registered protocol family 1
[  +0,000500] pci 0000:01:00.0: Video device with shadowed ROM
[  +0,000008] PCI: CLS 64 bytes, default 64
[  +0,000043] Unpacking initramfs...
[  +0,279422] Freeing initrd memory: 21428K (ffff880035616000 - ffff880036b03000)
[  +0,000032] PCI-DMA: Using software bounce buffering for IO (SWIOTLB)
[  +0,000004] software IO TLB [mem 0xcbe90000-0xcfe90000] (64MB) mapped at [ffff8800cbe90000-ffff8800cfe8ffff]
[  +0,000736] futex hash table entries: 1024 (order: 4, 65536 bytes)
[  +0,000047] audit: initializing netlink subsys (disabled)
[  +0,000022] audit: type=2000 audit(1492245116.347:1): initialized
[  +0,000240] Initialise system trusted keyring
[  +0,001815] zbud: loaded
[  +0,000475] Key type big_key registered
[  +0,000002] SELinux:  Registering netfilter hooks
[  +0,003914] NET: Registered protocol family 38
[  +0,000007] Key type asymmetric registered
[  +0,000002] Asymmetric key parser 'x509' registered
[  +0,000038] Block layer SCSI generic (bsg) driver version 0.4 loaded (major 250)
[  +0,000026] io scheduler noop registered
[  +0,000002] io scheduler deadline registered
[  +0,000031] io scheduler cfq registered (default)
[  +0,000325] pci_hotplug: PCI Hot Plug PCI Core version: 0.5
[  +0,000006] pciehp: PCI Express Hot Plug Controller Driver version: 0.4
[  +0,000022] intel_idle: does not run on family 6 model 23
[  +0,000071] input: Power Button as /devices/LNXSYSTM:00/LNXSYBUS:00/PNP0C0C:00/input/input0
[  +0,000003] ACPI: Power Button [PWRB]
[  +0,000040] input: Power Button as /devices/LNXSYSTM:00/LNXPWRBN:00/input/input1
[  +0,000001] ACPI: Power Button [PWRF]
[  +0,000128] GHES: HEST is not enabled!
[  +0,000060] Serial: 8250/16550 driver, 32 ports, IRQ sharing enabled
[  +0,001522] Non-volatile memory driver v1.3
[  +0,000029] Linux agpgart interface v0.103
[  +0,000281] ata_piix 0000:00:1f.2: version 2.13
[  +0,000049] ata_piix 0000:00:1f.2: MAP [ P0 P2 P1 P3 ]
[  +0,000557] scsi host0: ata_piix
[  +0,000082] scsi host1: ata_piix
[  +0,000034] ata1: SATA max UDMA/133 cmd 0x1f0 ctl 0x3f6 bmdma 0xf900 irq 14
[  +0,000001] ata2: SATA max UDMA/133 cmd 0x170 ctl 0x376 bmdma 0xf908 irq 15
[  +0,000053] libphy: Fixed MDIO Bus: probed
[  +0,000039] ehci_hcd: USB 2.0 'Enhanced' Host Controller (EHCI) Driver
[  +0,000004] ehci-pci: EHCI PCI platform driver
[  +0,000070] ehci-pci 0000:00:1d.7: EHCI Host Controller
[  +0,000091] ehci-pci 0000:00:1d.7: new USB bus registered, assigned bus number 1
[  +0,000010] ehci-pci 0000:00:1d.7: debug port 1
[  +0,003914] ehci-pci 0000:00:1d.7: cache line size of 64 is not supported
[  +0,000009] ehci-pci 0000:00:1d.7: irq 23, io mem 0xfdfff000
[  +0,005454] ehci-pci 0000:00:1d.7: USB 2.0 started, EHCI 1.00
[  +0,000075] usb usb1: New USB device found, idVendor=1d6b, idProduct=0002
[  +0,000003] usb usb1: New USB device strings: Mfr=3, Product=2, SerialNumber=1
[  +0,000003] usb usb1: Product: EHCI Host Controller
[  +0,000002] usb usb1: Manufacturer: Linux 4.5.5-300.fc24.x86_64 ehci_hcd
[  +0,000002] usb usb1: SerialNumber: 0000:00:1d.7
[  +0,000138] hub 1-0:1.0: USB hub found
[  +0,000006] hub 1-0:1.0: 8 ports detected
[  +0,000161] ohci_hcd: USB 1.1 'Open' Host Controller (OHCI) Driver
[  +0,000004] ohci-pci: OHCI PCI platform driver
[  +0,000010] uhci_hcd: USB Universal Host Controller Interface driver
[  +0,000055] uhci_hcd 0000:00:1d.0: UHCI Host Controller
[  +0,000032] uhci_hcd 0000:00:1d.0: new USB bus registered, assigned bus number 2
[  +0,000007] uhci_hcd 0000:00:1d.0: detected 2 ports
[  +0,000016] uhci_hcd 0000:00:1d.0: irq 23, io base 0x0000f500
[  +0,000033] usb usb2: New USB device found, idVendor=1d6b, idProduct=0001
[  +0,000002] usb usb2: New USB device strings: Mfr=3, Product=2, SerialNumber=1
[  +0,000001] usb usb2: Product: UHCI Host Controller
[  +0,000002] usb usb2: Manufacturer: Linux 4.5.5-300.fc24.x86_64 uhci_hcd
[  +0,000001] usb usb2: SerialNumber: 0000:00:1d.0
[  +0,000086] hub 2-0:1.0: USB hub found
[  +0,000005] hub 2-0:1.0: 2 ports detected
[  +0,000119] uhci_hcd 0000:00:1d.1: UHCI Host Controller
[  +0,000033] uhci_hcd 0000:00:1d.1: new USB bus registered, assigned bus number 3
[  +0,000005] uhci_hcd 0000:00:1d.1: detected 2 ports
[  +0,000019] uhci_hcd 0000:00:1d.1: irq 19, io base 0x0000f600
[  +0,000034] usb usb3: New USB device found, idVendor=1d6b, idProduct=0001
[  +0,000002] usb usb3: New USB device strings: Mfr=3, Product=2, SerialNumber=1
[  +0,000002] usb usb3: Product: UHCI Host Controller
[  +0,000001] usb usb3: Manufacturer: Linux 4.5.5-300.fc24.x86_64 uhci_hcd
[  +0,000001] usb usb3: SerialNumber: 0000:00:1d.1
[  +0,000082] hub 3-0:1.0: USB hub found
[  +0,000007] hub 3-0:1.0: 2 ports detected
[  +0,000130] uhci_hcd 0000:00:1d.2: UHCI Host Controller
[  +0,000036] uhci_hcd 0000:00:1d.2: new USB bus registered, assigned bus number 4
[  +0,000005] uhci_hcd 0000:00:1d.2: detected 2 ports
[  +0,000020] uhci_hcd 0000:00:1d.2: irq 18, io base 0x0000f700
[  +0,000036] usb usb4: New USB device found, idVendor=1d6b, idProduct=0001
[  +0,000002] usb usb4: New USB device strings: Mfr=3, Product=2, SerialNumber=1
[  +0,000001] usb usb4: Product: UHCI Host Controller
[  +0,000002] usb usb4: Manufacturer: Linux 4.5.5-300.fc24.x86_64 uhci_hcd
[  +0,000001] usb usb4: SerialNumber: 0000:00:1d.2
[  +0,000086] hub 4-0:1.0: USB hub found
[  +0,000005] hub 4-0:1.0: 2 ports detected
[  +0,000120] uhci_hcd 0000:00:1d.3: UHCI Host Controller
[  +0,000033] uhci_hcd 0000:00:1d.3: new USB bus registered, assigned bus number 5
[  +0,000005] uhci_hcd 0000:00:1d.3: detected 2 ports
[  +0,000020] uhci_hcd 0000:00:1d.3: irq 16, io base 0x0000f800
[  +0,000032] usb usb5: New USB device found, idVendor=1d6b, idProduct=0001
[  +0,000002] usb usb5: New USB device strings: Mfr=3, Product=2, SerialNumber=1
[  +0,000002] usb usb5: Product: UHCI Host Controller
[  +0,000001] usb usb5: Manufacturer: Linux 4.5.5-300.fc24.x86_64 uhci_hcd
[  +0,000001] usb usb5: SerialNumber: 0000:00:1d.3
[  +0,000084] hub 5-0:1.0: USB hub found
[  +0,000006] hub 5-0:1.0: 2 ports detected
[  +0,000108] usbcore: registered new interface driver usbserial
[  +0,000006] usbcore: registered new interface driver usbserial_generic
[  +0,000008] usbserial: USB Serial support registered for generic
[  +0,000023] i8042: PNP: No PS/2 controller found. Probing ports directly.
[  +0,002281] serio: i8042 KBD port at 0x60,0x64 irq 1
[  +0,000004] serio: i8042 AUX port at 0x60,0x64 irq 12
[  +0,000096] mousedev: PS/2 mouse device common for all mice
[  +0,000127] rtc_cmos 00:01: RTC can wake from S4
[  +0,000108] rtc_cmos 00:01: rtc core: registered rtc_cmos as rtc0
[  +0,000020] rtc_cmos 00:01: alarms up to one month, 242 bytes nvram, hpet irqs
[  +0,000043] device-mapper: uevent: version 1.0.3
[  +0,000058] device-mapper: ioctl: 4.34.0-ioctl (2015-10-28) initialised: dm-devel@redhat.com
[  +0,000177] hidraw: raw HID events driver (C) Jiri Kosina
[  +0,000036] usbcore: registered new interface driver usbhid
[  +0,000001] usbhid: USB HID core driver
[  +0,000053] drop_monitor: Initializing network drop monitor service
[  +0,000064] ip_tables: (C) 2000-2006 Netfilter Core Team
[  +0,000023] Initializing XFRM netlink socket
[  +0,000149] NET: Registered protocol family 10
[  +0,000162] mip6: Mobile IPv6
[  +0,000003] NET: Registered protocol family 17
[  +0,000145] microcode: CPU0 sig=0x1067a, pf=0x1, revision=0xa07
[  +0,000004] microcode: CPU1 sig=0x1067a, pf=0x1, revision=0xa07
[  +0,000029] microcode: Microcode Update Driver: v2.01 <tigran@aivazian.fsnet.co.uk>, Peter Oruba
[  +0,000140] registered taskstats version 1
[  +0,000011] Loading compiled-in X.509 certificates
[  +0,000799] Loaded X.509 cert 'Fedora kernel signing key: 1304c420836ce81b5a1692090e4eee89aac431dd'
[  +0,000015] zswap: loaded using pool lzo/zbud
[  +0,000189]   Magic number: 13:438:523
[  +0,000068] rtc_cmos 00:01: setting system clock to 2017-04-15 08:31:57 UTC (1492245117)
[  +0,000047] PM: Hibernation image not present or could not be loaded.
[  +0,147787] ata1.00: ATA-9: ST1000DM003-1ER162, CC45, max UDMA/133
[  +0,000004] ata1.00: 1953525168 sectors, multi 16: LBA48 NCQ (depth 0/32)
[  +0,000006] ata1.01: ATAPI: TSSTcorp CDDVDW TS-H653Z, 4303, max UDMA/33
[  +0,004689] ata1.00: configured for UDMA/133
[  +0,004463] ata1.01: configured for UDMA/33
[  +0,000448] scsi 0:0:0:0: Direct-Access     ATA      ST1000DM003-1ER1 CC45 PQ: 0 ANSI: 5
[  +0,006197] sd 0:0:0:0: [sda] 1953525168 512-byte logical blocks: (1.00 TB/932 GiB)
[  +0,000004] sd 0:0:0:0: [sda] 4096-byte physical blocks
[  +0,000043] sd 0:0:0:0: Attached scsi generic sg0 type 0
[  +0,000005] sd 0:0:0:0: [sda] Write Protect is off
[  +0,000002] sd 0:0:0:0: [sda] Mode Sense: 00 3a 00 00
[  +0,000016] sd 0:0:0:0: [sda] Write cache: enabled, read cache: enabled, doesn't support DPO or FUA
[  +0,000604] scsi 0:0:1:0: CD-ROM            TSSTcorp CDDVDW TS-H653Z  4303 PQ: 0 ANSI: 5
[  +0,031413]  sda: sda1 sda2 sda3
[  +0,013267] sr 0:0:1:0: [sr0] scsi3-mmc drive: 40x/40x writer dvd-ram cd/rw xa/form2 cdda tray
[  +0,000003] cdrom: Uniform CD-ROM driver Revision: 3.20
[  +0,000101] sd 0:0:0:0: [sda] Attached SCSI disk
[  +0,000037] sr 0:0:1:0: Attached scsi CD-ROM sr0
[  +0,000108] sr 0:0:1:0: Attached scsi generic sg1 type 5
[  +0,001351] Freeing unused kernel memory: 1552K (ffffffff81d4f000 - ffffffff81ed3000)
[  +0,000001] Write protecting the kernel read-only data: 12288k
[  +0,000163] Freeing unused kernel memory: 168K (ffff8800017d6000 - ffff880001800000)
[  +0,001265] Freeing unused kernel memory: 584K (ffff880001b6e000 - ffff880001c00000)
[  +0,006272] random: systemd urandom read with 13 bits of entropy available
[  +0,052185] audit: type=1130 audit(1492245117.769:2): pid=1 uid=0 auid=4294967295 ses=4294967295 subj=kernel msg='unit=systemd-sysctl comm="systemd" exe="/usr/lib/systemd/systemd" hostname=? addr=? terminal=? res=success'
[  +0,000266] audit: type=1130 audit(1492245117.769:3): pid=1 uid=0 auid=4294967295 ses=4294967295 subj=kernel msg='unit=kmod-static-nodes comm="systemd" exe="/usr/lib/systemd/systemd" hostname=? addr=? terminal=? res=success'
[  +0,037775] audit: type=1130 audit(1492245117.807:4): pid=1 uid=0 auid=4294967295 ses=4294967295 subj=kernel msg='unit=systemd-tmpfiles-setup-dev comm="systemd" exe="/usr/lib/systemd/systemd" hostname=? addr=? terminal=? res=success'
[  +0,011924] audit: type=1130 audit(1492245117.818:5): pid=1 uid=0 auid=4294967295 ses=4294967295 subj=kernel msg='unit=systemd-journald comm="systemd" exe="/usr/lib/systemd/systemd" hostname=? addr=? terminal=? res=success'
[  +0,015268] audit: type=1130 audit(1492245117.834:6): pid=1 uid=0 auid=4294967295 ses=4294967295 subj=kernel msg='unit=dracut-cmdline comm="systemd" exe="/usr/lib/systemd/systemd" hostname=? addr=? terminal=? res=success'
[  +0,026300] audit: type=1130 audit(1492245117.860:7): pid=1 uid=0 auid=4294967295 ses=4294967295 subj=kernel msg='unit=dracut-pre-udev comm="systemd" exe="/usr/lib/systemd/systemd" hostname=? addr=? terminal=? res=success'
[  +0,009554] audit: type=1130 audit(1492245117.870:8): pid=1 uid=0 auid=4294967295 ses=4294967295 subj=kernel msg='unit=systemd-udevd comm="systemd" exe="/usr/lib/systemd/systemd" hostname=? addr=? terminal=? res=success'
[  +0,006641] audit: type=1130 audit(1492245117.876:9): pid=1 uid=0 auid=4294967295 ses=4294967295 subj=kernel msg='unit=systemd-vconsole-setup comm="systemd" exe="/usr/lib/systemd/systemd" hostname=? addr=? terminal=? res=success'
[  +0,040314] usb 2-1: new low-speed USB device number 2 using uhci_hcd
[  +0,000390] audit: type=1130 audit(1492245117.917:10): pid=1 uid=0 auid=4294967295 ses=4294967295 subj=kernel msg='unit=systemd-udev-trigger comm="systemd" exe="/usr/lib/systemd/systemd" hostname=? addr=? terminal=? res=success'
[  +0,025208] FUJITSU Extended Socket Network Device Driver - version 1.0 - Copyright (c) 2015 FUJITSU LIMITED
[  +0,005071] r8169 Gigabit Ethernet driver 2.3LK-NAPI loaded
[  +0,000010] r8169 0000:02:00.0: can't disable ASPM; OS doesn't have ASPM control
[  +0,001212] r8169 0000:02:00.0 eth0: RTL8101e at 0xffffc90000750000, 00:24:21:28:f7:65, XID 94200000 IRQ 26
[  +0,000020] r8169 Gigabit Ethernet driver 2.3LK-NAPI loaded
[  +0,000169] r8169 0000:05:00.0 (unnamed net_device) (uninitialized): not PCI Express
[  +0,000433] r8169 0000:05:00.0 eth1: RTL8169sb/8110sb at 0xffffc90000754000, 18:a6:f7:01:78:98, XID 10000000 IRQ 16
[  +0,000002] r8169 0000:05:00.0 eth1: jumbo features [frames: 7152 bytes, tx checksumming: ok]
[  +0,018435] usb 3-1: new low-speed USB device number 2 using uhci_hcd
[  +0,003520] [drm] Initialized drm 1.1.0 20060810
[  +0,019798] r8169 0000:02:00.0 enp2s0: renamed from eth0
[  +0,003026] r8169 0000:05:00.0 enp5s0: renamed from eth1
[  +0,064595] [drm] radeon kernel modesetting enabled.
[  +0,002833] AMD IOMMUv2 driver by Joerg Roedel <jroedel@suse.de>
[  +0,000002] AMD IOMMUv2 functionality not available on this system
[  +0,007416] CRAT table not found
[  +0,000002] Finished initializing topology ret=0
[  +0,000040] kfd kfd: Initialized module
[  +0,000750] [drm] initializing kernel modesetting (CAICOS 0x1002:0x6779 0x174B:0xE199).
[  +0,000020] [drm] register mmio base: 0xFDAA0000
[  +0,000001] [drm] register mmio size: 131072
[  +0,000056] ATOM BIOS: AMD
[  +0,000446] radeon 0000:01:00.0: VRAM: 2048M 0x0000000000000000 - 0x000000007FFFFFFF (2048M used)
[  +0,000001] radeon 0000:01:00.0: GTT: 1024M 0x0000000080000000 - 0x00000000BFFFFFFF
[  +0,000002] [drm] Detected VRAM RAM=2048M, BAR=256M
[  +0,000001] [drm] RAM width 64bits DDR
[  +0,000435] [TTM] Zone  kernel: Available graphics memory: 2022708 kiB
[  +0,000002] [TTM] Initializing pool allocator
[  +0,000005] [TTM] Initializing DMA pool allocator
[  +0,000018] [drm] radeon: 2048M of VRAM memory ready
[  +0,000001] [drm] radeon: 1024M of GTT memory ready.
[  +0,000023] [drm] Loading CAICOS Microcode
[  +0,000086] [drm] Internal thermal controller without fan control
[  +0,004256] [drm] radeon: dpm initialized
[  +0,000116] [drm] GART: num cpu pages 262144, num gpu pages 262144
[  +0,010505] [drm] PCIE GART of 1024M enabled (table at 0x0000000000274000).
[  +0,000117] radeon 0000:01:00.0: WB enabled
[  +0,000003] radeon 0000:01:00.0: fence driver on ring 0 use gpu addr 0x0000000080000c00 and cpu addr 0xffff880035d5bc00
[  +0,000002] radeon 0000:01:00.0: fence driver on ring 3 use gpu addr 0x0000000080000c0c and cpu addr 0xffff880035d5bc0c
[  +0,001453] radeon 0000:01:00.0: fence driver on ring 5 use gpu addr 0x0000000000072118 and cpu addr 0xffffc90000c32118
[  +0,000006] [drm] Supports vblank timestamp caching Rev 2 (21.10.2013).
[  +0,000001] [drm] Driver supports precise vblank timestamp query.
[  +0,000002] radeon 0000:01:00.0: radeon: MSI limited to 32-bit
[  +0,000029] radeon 0000:01:00.0: radeon: using MSI.
[  +0,000032] [drm] radeon: irq initialized.
[  +0,016740] [drm] ring test on 0 succeeded in 2 usecs
[  +0,000011] [drm] ring test on 3 succeeded in 6 usecs
[  +0,177135] [drm] ring test on 5 succeeded in 2 usecs
[  +0,000009] [drm] UVD initialized successfully.
[  +0,000250] [drm] ib test on ring 0 succeeded in 0 usecs
[  +0,000047] [drm] ib test on ring 3 succeeded in 0 usecs
[  +0,019225] usb 3-1: New USB device found, idVendor=046d, idProduct=c31c
[  +0,000003] usb 3-1: New USB device strings: Mfr=1, Product=2, SerialNumber=0
[  +0,000001] usb 3-1: Product: USB Keyboard
[  +0,000002] usb 3-1: Manufacturer: Logitech
[  +0,034316] input: Logitech USB Keyboard as /devices/pci0000:00/0000:00:1d.1/usb3/3-1/3-1:1.0/0003:046D:C31C.0001/input/input5
[  +0,050784] usb 2-1: New USB device found, idVendor=046d, idProduct=c05a
[  +0,000002] usb 2-1: New USB device strings: Mfr=1, Product=2, SerialNumber=0
[  +0,000002] usb 2-1: Product: USB Optical Mouse
[  +0,000001] usb 2-1: Manufacturer: Logitech
[  +0,000096] hid-generic 0003:046D:C31C.0001: input,hidraw0: USB HID v1.10 Keyboard [Logitech USB Keyboard] on usb-0000:00:1d.1-1/input0
[  +0,016076] input: Logitech USB Optical Mouse as /devices/pci0000:00/0000:00:1d.0/usb2/2-1/2-1:1.0/0003:046D:C05A.0002/input/input6
[  +0,000079] hid-generic 0003:046D:C05A.0002: input,hidraw1: USB HID v1.11 Mouse [Logitech USB Optical Mouse] on usb-0000:00:1d.0-1/input0
[  +0,032704] input: Logitech USB Keyboard as /devices/pci0000:00/0000:00:1d.1/usb3/3-1/3-1:1.1/0003:046D:C31C.0003/input/input7
[  +0,036914] tsc: Refined TSC clocksource calibration: 3333.268 MHz
[  +0,000004] clocksource: tsc: mask: 0xffffffffffffffff max_cycles: 0x300c0ff73e1, max_idle_ns: 440795367013 ns
[  +0,014094] hid-generic 0003:046D:C31C.0003: input,hidraw2: USB HID v1.10 Device [Logitech USB Keyboard] on usb-0000:00:1d.1-1/input1
[  +0,446929] [drm] ib test on ring 5 succeeded
[  +0,000466] [drm] Radeon Display Connectors
[  +0,000002] [drm] Connector 0:
[  +0,000001] [drm]   HDMI-A-1
[  +0,000001] [drm]   HPD1
[  +0,000001] [drm]   DDC: 0x6460 0x6460 0x6464 0x6464 0x6468 0x6468 0x646c 0x646c
[  +0,000001] [drm]   Encoders:
[  +0,000001] [drm]     DFP1: INTERNAL_UNIPHY1
[  +0,000001] [drm] Connector 1:
[  +0,000000] [drm]   DVI-D-1
[  +0,000001] [drm]   HPD4
[  +0,000001] [drm]   DDC: 0x6440 0x6440 0x6444 0x6444 0x6448 0x6448 0x644c 0x644c
[  +0,000001] [drm]   Encoders:
[  +0,000001] [drm]     DFP2: INTERNAL_UNIPHY
[  +0,000001] [drm] Connector 2:
[  +0,000001] [drm]   VGA-1
[  +0,000001] [drm]   DDC: 0x6430 0x6430 0x6434 0x6434 0x6438 0x6438 0x643c 0x643c
[  +0,000001] [drm]   Encoders:
[  +0,000001] [drm]     CRT1: INTERNAL_KLDSCP_DAC1
[  +0,044592] [drm] fb mappable at 0xD0475000
[  +0,000002] [drm] vram apper at 0xD0000000
[  +0,000001] [drm] size 5324800
[  +0,000001] [drm] fb depth is 24
[  +0,000001] [drm]    pitch is 5888
[  +0,000046] fbcon: radeondrmfb (fb0) is primary device
[  +0,026500] Console: switching to colour frame buffer device 180x56
[  +0,003351] radeon 0000:01:00.0: fb0: radeondrmfb frame buffer device
[  +0,009827] [drm] Initialized radeon 2.43.0 20080528 for 0000:01:00.0 on minor 0
[  +0,387542] random: nonblocking pool is initialized
[  +0,065574] EXT4-fs (dm-0): mounted filesystem with ordered data mode. Opts: (null)
[  +0,001207] clocksource: Switched to clocksource tsc
[abr15 08:32] SELinux: 32768 avtab hash slots, 104786 rules.
[  +0,012807] SELinux: 32768 avtab hash slots, 104786 rules.
[  +0,017733] SELinux:  8 users, 14 roles, 5012 types, 303 bools, 1 sens, 1024 cats
[  +0,000004] SELinux:  92 classes, 104786 rules
[  +0,002910] SELinux:  Permission validate_trans in class security not defined in policy.
[  +0,000100] SELinux: the above unknown classes and permissions will be allowed
[  +0,000005] SELinux:  Completing initialization.
[  +0,000000] SELinux:  Setting up existing superblocks.
[  +1,240125] EXT4-fs (dm-0): re-mounted. Opts: (null)
[  +0,909677] RPC: Registered named UNIX socket transport module.
[  +0,000003] RPC: Registered udp transport module.
[  +0,000002] RPC: Registered tcp transport module.
[  +0,000000] RPC: Registered tcp NFSv4.1 backchannel transport module.
[  +0,155083] audit_printk_skb: 138 callbacks suppressed
[  +0,000003] audit: type=1130 audit(1492237922.484:57): pid=1 uid=0 auid=4294967295 ses=4294967295 subj=system_u:system_r:init_t:s0 msg='unit=systemd-random-seed comm="systemd" exe="/usr/lib/systemd/systemd" hostname=? addr=? terminal=? res=success'
[  +0,016233] Installing knfsd (copyright (C) 1996 okir@monad.swb.de).
[  +0,098297] audit: type=1130 audit(1492237922.599:58): pid=1 uid=0 auid=4294967295 ses=4294967295 subj=system_u:system_r:init_t:s0 msg='unit=lvm2-monitor comm="systemd" exe="/usr/lib/systemd/systemd" hostname=? addr=? terminal=? res=success'
[  +0,070802] audit: type=1130 audit(1492237922.670:59): pid=1 uid=0 auid=4294967295 ses=4294967295 subj=system_u:system_r:init_t:s0 msg='unit=systemd-journald comm="systemd" exe="/usr/lib/systemd/systemd" hostname=? addr=? terminal=? res=success'
[  +0,792647] shpchp: Standard Hot Plug PCI Controller Driver version: 0.4
[  +0,014022] intel_rng: FWH not detected
[  +0,055711] i801_smbus 0000:00:1f.3: SMBus using PCI interrupt
[  +0,401520] ACPI Warning: SystemIO range 0x0000000000000428-0x000000000000042F conflicts with OpRegion 0x0000000000000429-0x0000000000000429 (\PM2S) (20160108/utaddress-255)
[  +0,000006] ACPI: If an ACPI driver is available for this device, you should use it instead of the native driver
[  +0,000003] ACPI Warning: SystemIO range 0x00000000000004B0-0x00000000000004BF conflicts with OpRegion 0x00000000000004B8-0x00000000000004BB (\GPO2) (20160108/utaddress-255)
[  +0,000003] ACPI: If an ACPI driver is available for this device, you should use it instead of the native driver
[  +0,000001] ACPI Warning: SystemIO range 0x0000000000000480-0x00000000000004AF conflicts with OpRegion 0x000000000000048C-0x000000000000048F (\GPO) (20160108/utaddress-255)
[  +0,000003] ACPI: If an ACPI driver is available for this device, you should use it instead of the native driver
[  +0,000001] lpc_ich: Resource conflict(s) found affecting gpio_ich
[  +1,191983] leds_ss4200: no LED devices found
[  +0,328789] iTCO_vendor_support: vendor-support=0
[  +0,013003] iTCO_wdt: Intel TCO WatchDog Timer Driver v1.11
[  +0,000058] iTCO_wdt: Found a ICH7 or ICH7R TCO device (Version=2, TCOBASE=0x0460)
[  +0,000119] iTCO_wdt: initialized. heartbeat=30 sec (nowayout=0)
[  +0,375570] Adding 2097148k swap on /dev/mapper/fedora-swap.  Priority:-1 extents:1 across:2097148k FS
[  +0,294474] audit: type=1130 audit(1492237926.138:60): pid=1 uid=0 auid=4294967295 ses=4294967295 subj=system_u:system_r:init_t:s0 msg='unit=systemd-journal-flush comm="systemd" exe="/usr/lib/systemd/systemd" hostname=? addr=? terminal=? res=success'
[  +0,002207] snd_hda_intel 0000:01:00.1: Handle vga_switcheroo audio client
[  +0,091953] input: HDA ATI HDMI HDMI/DP,pcm=3 as /devices/pci0000:00/0000:00:01.0/0000:01:00.1/sound/card0/input8
[  +0,125275] audit: type=1130 audit(1492237926.357:61): pid=1 uid=0 auid=4294967295 ses=4294967295 subj=system_u:system_r:init_t:s0 msg='unit=lvm2-pvscan@8:3 comm="systemd" exe="/usr/lib/systemd/systemd" hostname=? addr=? terminal=? res=success'
[  +0,001939] audit: type=1130 audit(1492237926.359:62): pid=1 uid=0 auid=4294967295 ses=4294967295 subj=system_u:system_r:init_t:s0 msg='unit=systemd-udev-settle comm="systemd" exe="/usr/lib/systemd/systemd" hostname=? addr=? terminal=? res=success'
[  +0,169807] audit: type=1130 audit(1492237926.529:63): pid=1 uid=0 auid=4294967295 ses=4294967295 subj=system_u:system_r:init_t:s0 msg='unit=dmraid-activation comm="systemd" exe="/usr/lib/systemd/systemd" hostname=? addr=? terminal=? res=success'
[  +0,000019] audit: type=1131 audit(1492237926.529:64): pid=1 uid=0 auid=4294967295 ses=4294967295 subj=system_u:system_r:init_t:s0 msg='unit=dmraid-activation comm="systemd" exe="/usr/lib/systemd/systemd" hostname=? addr=? terminal=? res=success'
[  +0,249099] audit: type=1130 audit(1492237926.778:65): pid=1 uid=0 auid=4294967295 ses=4294967295 subj=system_u:system_r:init_t:s0 msg='unit=systemd-fsck@dev-mapper-fedora\x2dhome comm="systemd" exe="/usr/lib/systemd/systemd" hostname=? addr=? terminal=? res=success'
[  +0,086108] audit: type=1130 audit(1492237926.864:66): pid=1 uid=0 auid=4294967295 ses=4294967295 subj=system_u:system_r:init_t:s0 msg='unit=systemd-fsck@dev-mapper-fedora\x2dtmp comm="systemd" exe="/usr/lib/systemd/systemd" hostname=? addr=? terminal=? res=success'
[  +0,061501] EXT4-fs (dm-2): mounted filesystem with ordered data mode. Opts: (null)
[  +0,032471] EXT4-fs (dm-3): mounted filesystem with ordered data mode. Opts: (null)
[  +6,408774] ip6_tables: (C) 2000-2006 Netfilter Core Team
[  +0,897728] Ebtables v2.0 registered
[  +0,909231] nf_conntrack version 0.5.0 (16384 buckets, 65536 max)
[  +0,820002] bridge: automatic filtering via arp/ip/ip6tables has been deprecated. Update your scripts to load br_netfilter if you need this.
[  +0,071454] Netfilter messages via NETLINK v0.30.
[  +0,015044] ip_set: protocol 6
[  +0,175091] IPv6: ADDRCONF(NETDEV_UP): enp5s0: link is not ready
[  +0,002604] r8169 0000:05:00.0 enp5s0: link down
[  +0,000048] IPv6: ADDRCONF(NETDEV_UP): enp5s0: link is not ready
[  +0,002063] IPv6: ADDRCONF(NETDEV_UP): enp2s0: link is not ready
[  +0,003552] r8169 0000:02:00.0 enp2s0: link down
[  +0,000122] IPv6: ADDRCONF(NETDEV_UP): enp2s0: link is not ready
[  +0,138380] IPv6: ADDRCONF(NETDEV_UP): pte0: link is not ready
[  +7,075004] fuse init (API version 7.24)
[ +27,086487] radeon 0000:01:00.0: evergreen_surface_check_2d:281 texture pitch 1472 invalid must be aligned with 128
[  +0,000005] radeon 0000:01:00.0: evergreen_cs_track_validate_texture:830 texture invalid 0x167c2dc1 0x40000383 0x060a0000 0x00000000 0x80000000 0x800204da
[  +0,000034] [drm:radeon_cs_ioctl [radeon]] *ERROR* Invalid command stream !
[abr15 11:19] perf interrupt took too long (2506 > 2500), lowering kernel.perf_event_max_sample_rate to 50000
[abr15 12:57] PM: Syncing filesystems ... done.
[  +1,295759] PM: Preparing system for sleep (mem)
[  +0,000162] Freezing user space processes ... (elapsed 0.001 seconds) done.
[  +0,001778] Freezing remaining freezable tasks ... (elapsed 0.001 seconds) done.
[  +0,001136] PM: Suspending system (mem)
[  +0,000041] Suspending console(s) (use no_console_suspend to debug)
[  +0,001944] sd 0:0:0:0: [sda] Synchronizing SCSI cache
[  +0,085635] sd 0:0:0:0: [sda] Stopping disk
[  +0,715728] PM: suspend of devices complete after 803.122 msecs
[  +0,000295] PM: late suspend of devices complete after 0.292 msecs
[  +0,000128] pci 0000:00:1e.0: System wakeup enabled by ACPI
[  +0,000094] pcieport 0000:00:1c.0: System wakeup enabled by ACPI
[  +0,000058] ehci-pci 0000:00:1d.7: System wakeup enabled by ACPI
[  +0,000037] uhci_hcd 0000:00:1d.3: System wakeup enabled by ACPI
[  +0,000003] uhci_hcd 0000:00:1d.2: System wakeup enabled by ACPI
[  +0,000029] uhci_hcd 0000:00:1d.1: System wakeup enabled by ACPI
[  +0,000003] uhci_hcd 0000:00:1d.0: System wakeup enabled by ACPI
[  +0,010433] PM: noirq suspend of devices complete after 10.783 msecs
[  +0,000816] ACPI: Preparing to enter system sleep state S3
[  +0,000296] PM: Saving platform NVS memory
[  +0,000260] Disabling non-boot CPUs ...
[  +0,001234] smpboot: CPU 1 is now offline
[  +0,000293] ACPI: Low-level resume complete
[  +0,000000] PM: Restoring platform NVS memory
[  +0,000000] Enabling non-boot CPUs ...
[  +0,000000] x86: Booting SMP configuration:
[  +0,000000] smpboot: Booting Node 0 Processor 1 APIC 0x1
[  +0,002969]  cache: parent cpu1 should not be sleeping
[  +0,000181] CPU1 is up
[  +0,002333] ACPI: Waking up from system sleep state S3
[  +0,000421] uhci_hcd 0000:00:1d.0: System wakeup disabled by ACPI
[  +0,000019] uhci_hcd 0000:00:1d.1: System wakeup disabled by ACPI
[  +0,000018] uhci_hcd 0000:00:1d.2: System wakeup disabled by ACPI
[  +0,000018] uhci_hcd 0000:00:1d.3: System wakeup disabled by ACPI
[  +0,010084] ehci-pci 0000:00:1d.7: System wakeup disabled by ACPI
[  +0,001209] PM: noirq resume of devices complete after 11.516 msecs
[  +0,000134] PM: early resume of devices complete after 0.118 msecs
[  +0,000037] usb usb2: root hub lost power or was reset
[  +0,000028] usb usb3: root hub lost power or was reset
[  +0,000027] usb usb4: root hub lost power or was reset
[  +0,000026] usb usb5: root hub lost power or was reset
[  +0,000030] rtc_cmos 00:01: System wakeup disabled by ACPI
[  +0,007285] pcieport 0000:00:1c.0: System wakeup disabled by ACPI
[  +0,000264] pci 0000:00:1e.0: System wakeup disabled by ACPI
[  +0,006341] [drm] PCIE GART of 1024M enabled (table at 0x0000000000274000).
[  +0,000091] radeon 0000:01:00.0: WB enabled
[  +0,000002] radeon 0000:01:00.0: fence driver on ring 0 use gpu addr 0x0000000080000c00 and cpu addr 0xffff880035d5bc00
[  +0,000001] radeon 0000:01:00.0: fence driver on ring 3 use gpu addr 0x0000000080000c0c and cpu addr 0xffff880035d5bc0c
[  +0,001456] radeon 0000:01:00.0: fence driver on ring 5 use gpu addr 0x0000000000072118 and cpu addr 0xffffc90000c32118
[  +0,008888] sd 0:0:0:0: [sda] Starting disk
[  +0,007599] r8169 0000:05:00.0 enp5s0: link down
[  +0,000228] r8169 0000:02:00.0 enp2s0: link down
[  +0,000007] [drm] ring test on 0 succeeded in 2 usecs
[  +0,000009] [drm] ring test on 3 succeeded in 6 usecs
[  +0,177094] [drm] ring test on 5 succeeded in 2 usecs
[  +0,000008] [drm] UVD initialized successfully.
[  +0,000078] [drm] ib test on ring 0 succeeded in 0 usecs
[  +0,000075] [drm] ib test on ring 3 succeeded in 0 usecs
[  +0,268058] usb 3-1: reset low-speed USB device number 2 using uhci_hcd
[  +0,010993] usb 2-1: reset low-speed USB device number 2 using uhci_hcd
[  +0,373028] [drm] ib test on ring 5 succeeded
[  +0,005299] PM: resume of devices complete after 866.950 msecs
[  +0,000278] PM: Finishing wakeup.
[  +0,000002] Restarting tasks ... done.
[  +0,022349] IPv6: ADDRCONF(NETDEV_UP): enp5s0: link is not ready
[  +0,002560] r8169 0000:05:00.0 enp5s0: link down
[  +0,000049] IPv6: ADDRCONF(NETDEV_UP): enp5s0: link is not ready
[  +0,000829] IPv6: ADDRCONF(NETDEV_UP): enp2s0: link is not ready
[  +0,002751] r8169 0000:02:00.0 enp2s0: link down
[  +0,000044] IPv6: ADDRCONF(NETDEV_UP): enp2s0: link is not ready
[  +4,161808] ata1: link is slow to respond, please be patient (ready=0)
[  +0,679115] ata1.01: ACPI cmd ef/03:42:00:00:00:b0 (SET FEATURES) filtered out
[  +0,000004] ata1.01: ACPI cmd ef/03:42:00:00:00:b0 (SET FEATURES) filtered out
[  +0,000003] ata1.01: ACPI cmd ef/03:0c:00:00:00:b0 (SET FEATURES) filtered out
[  +0,000003] ata1.01: ACPI cmd f5/00:00:00:00:00:b0 (SECURITY FREEZE LOCK) filtered out
[  +0,017986] ata1.00: ACPI cmd ef/03:45:00:00:00:a0 (SET FEATURES) filtered out
[  +0,000005] ata1.00: ACPI cmd ef/03:45:00:00:00:a0 (SET FEATURES) filtered out
[  +0,000002] ata1.00: ACPI cmd ef/03:0c:00:00:00:a0 (SET FEATURES) filtered out
[  +0,000003] ata1.00: ACPI cmd f5/00:00:00:00:00:a0 (SECURITY FREEZE LOCK) filtered out
[  +0,004909] ata1.00: configured for UDMA/133
[  +0,054072] ata1.01: configured for UDMA/33
[abr15 16:49] nr_pdflush_threads exported in /proc is scheduled for removal
[abr15 18:46] PM: Syncing filesystems ... done.
[  +1,271236] PM: Preparing system for sleep (mem)
[  +0,000306] Freezing user space processes ... (elapsed 0.001 seconds) done.
[  +0,001750] Freezing remaining freezable tasks ... (elapsed 0.001 seconds) done.
[  +0,001139] PM: Suspending system (mem)
[  +0,000040] Suspending console(s) (use no_console_suspend to debug)
[  +0,009947] sd 0:0:0:0: [sda] Synchronizing SCSI cache
[  +0,045723] sd 0:0:0:0: [sda] Stopping disk
[  +0,704277] PM: suspend of devices complete after 759.765 msecs
[  +0,000293] PM: late suspend of devices complete after 0.290 msecs
[  +0,000127] pci 0000:00:1e.0: System wakeup enabled by ACPI
[  +0,000099] pcieport 0000:00:1c.0: System wakeup enabled by ACPI
[  +0,000053] uhci_hcd 0000:00:1d.3: System wakeup enabled by ACPI
[  +0,000007] ehci-pci 0000:00:1d.7: System wakeup enabled by ACPI
[  +0,000020] uhci_hcd 0000:00:1d.2: System wakeup enabled by ACPI
[  +0,000018] uhci_hcd 0000:00:1d.1: System wakeup enabled by ACPI
[  +0,000010] uhci_hcd 0000:00:1d.0: System wakeup enabled by ACPI
[  +0,010440] PM: noirq suspend of devices complete after 10.772 msecs
[  +0,000816] ACPI: Preparing to enter system sleep state S3
[  +0,000277] PM: Saving platform NVS memory
[  +0,000254] Disabling non-boot CPUs ...
[  +0,001227] smpboot: CPU 1 is now offline
[  +0,000343] ACPI: Low-level resume complete
[  +0,000000] PM: Restoring platform NVS memory
[  +0,000000] Enabling non-boot CPUs ...
[  +0,000000] x86: Booting SMP configuration:
[  +0,000000] smpboot: Booting Node 0 Processor 1 APIC 0x1
[  +0,002920]  cache: parent cpu1 should not be sleeping
[  +0,000180] CPU1 is up
[  +0,002324] ACPI: Waking up from system sleep state S3
[  +0,000388] uhci_hcd 0000:00:1d.0: System wakeup disabled by ACPI
[  +0,000011] uhci_hcd 0000:00:1d.1: System wakeup disabled by ACPI
[  +0,000015] uhci_hcd 0000:00:1d.2: System wakeup disabled by ACPI
[  +0,000012] uhci_hcd 0000:00:1d.3: System wakeup disabled by ACPI
[  +0,010368] ehci-pci 0000:00:1d.7: System wakeup disabled by ACPI
[  +0,000060] PM: noirq resume of devices complete after 10.585 msecs
[  +0,000132] PM: early resume of devices complete after 0.116 msecs
[  +0,000037] usb usb2: root hub lost power or was reset
[  +0,000028] usb usb3: root hub lost power or was reset
[  +0,000027] usb usb4: root hub lost power or was reset
[  +0,000026] usb usb5: root hub lost power or was reset
[  +0,000029] rtc_cmos 00:01: System wakeup disabled by ACPI
[  +0,007273] pcieport 0000:00:1c.0: System wakeup disabled by ACPI
[  +0,004016] pci 0000:00:1e.0: System wakeup disabled by ACPI
[  +0,001963] [drm] PCIE GART of 1024M enabled (table at 0x0000000000274000).
[  +0,000089] radeon 0000:01:00.0: WB enabled
[  +0,000002] radeon 0000:01:00.0: fence driver on ring 0 use gpu addr 0x0000000080000c00 and cpu addr 0xffff880035d5bc00
[  +0,000001] radeon 0000:01:00.0: fence driver on ring 3 use gpu addr 0x0000000080000c0c and cpu addr 0xffff880035d5bc0c
[  +0,001456] radeon 0000:01:00.0: fence driver on ring 5 use gpu addr 0x0000000000072118 and cpu addr 0xffffc90000c32118
[  +0,009947] sd 0:0:0:0: [sda] Starting disk
[  +0,006538] [drm] ring test on 0 succeeded in 3 usecs
[  +0,000009] [drm] ring test on 3 succeeded in 6 usecs
[  +0,000194] r8169 0000:02:00.0 enp2s0: link down
[  +0,176905] [drm] ring test on 5 succeeded in 2 usecs
[  +0,000007] [drm] UVD initialized successfully.
[  +0,000079] [drm] ib test on ring 0 succeeded in 0 usecs
[  +0,000077] [drm] ib test on ring 3 succeeded in 0 usecs
[  +0,000049] r8169 0000:05:00.0 enp5s0: link down
[  +0,268856] usb 3-1: reset low-speed USB device number 2 using uhci_hcd
[  +0,010992] usb 2-1: reset low-speed USB device number 2 using uhci_hcd
[  +0,372034] [drm] ib test on ring 5 succeeded
[  +0,005296] PM: resume of devices complete after 865.928 msecs
[  +0,000275] PM: Finishing wakeup.
[  +0,000002] Restarting tasks ... done.
[  +0,048240] IPv6: ADDRCONF(NETDEV_UP): enp5s0: link is not ready
[  +0,002963] r8169 0000:05:00.0 enp5s0: link down
[  +0,000195] IPv6: ADDRCONF(NETDEV_UP): enp5s0: link is not ready
[  +0,000807] IPv6: ADDRCONF(NETDEV_UP): enp2s0: link is not ready
[  +0,003585] r8169 0000:02:00.0 enp2s0: link down
[  +0,002613] IPv6: ADDRCONF(NETDEV_UP): enp2s0: link is not ready
[  +4,147988] ata1: link is slow to respond, please be patient (ready=0)
[  +0,630222] ata1.01: ACPI cmd ef/03:42:00:00:00:b0 (SET FEATURES) filtered out
[  +0,000004] ata1.01: ACPI cmd ef/03:42:00:00:00:b0 (SET FEATURES) filtered out
[  +0,000002] ata1.01: ACPI cmd ef/03:0c:00:00:00:b0 (SET FEATURES) filtered out
[  +0,000002] ata1.01: ACPI cmd f5/00:00:00:00:00:b0 (SECURITY FREEZE LOCK) filtered out
[  +0,035884] ata1.00: ACPI cmd ef/03:45:00:00:00:a0 (SET FEATURES) filtered out
[  +0,000006] ata1.00: ACPI cmd ef/03:45:00:00:00:a0 (SET FEATURES) filtered out
[  +0,000003] ata1.00: ACPI cmd ef/03:0c:00:00:00:a0 (SET FEATURES) filtered out
[  +0,000003] ata1.00: ACPI cmd f5/00:00:00:00:00:a0 (SECURITY FREEZE LOCK) filtered out
[  +0,004906] ata1.00: configured for UDMA/133
[  +0,054079] ata1.01: configured for UDMA/33
[abr15 19:53] PM: Syncing filesystems ... done.
[  +1,032665] PM: Preparing system for sleep (mem)
[  +0,000167] Freezing user space processes ... (elapsed 0.001 seconds) done.
[  +0,001911] Freezing remaining freezable tasks ... (elapsed 0.001 seconds) done.
[  +0,001139] PM: Suspending system (mem)
[  +0,000051] Suspending console(s) (use no_console_suspend to debug)
[  +0,001562] sd 0:0:0:0: [sda] Synchronizing SCSI cache
[  +0,026401] sd 0:0:0:0: [sda] Stopping disk
[  +0,717035] PM: suspend of devices complete after 744.800 msecs
[  +0,000315] PM: late suspend of devices complete after 0.313 msecs
[  +0,000189] pci 0000:00:1e.0: System wakeup enabled by ACPI
[  +0,000109] pcieport 0000:00:1c.0: System wakeup enabled by ACPI
[  +0,000065] uhci_hcd 0000:00:1d.3: System wakeup enabled by ACPI
[  +0,000005] ehci-pci 0000:00:1d.7: System wakeup enabled by ACPI
[  +0,000030] uhci_hcd 0000:00:1d.2: System wakeup enabled by ACPI
[  +0,000013] uhci_hcd 0000:00:1d.1: System wakeup enabled by ACPI
[  +0,000014] uhci_hcd 0000:00:1d.0: System wakeup enabled by ACPI
[  +0,010338] PM: noirq suspend of devices complete after 10.760 msecs
[  +0,000811] ACPI: Preparing to enter system sleep state S3
[  +0,000332] PM: Saving platform NVS memory
[  +0,000336] Disabling non-boot CPUs ...
[  +0,001277] smpboot: CPU 1 is now offline
[  +0,000280] ACPI: Low-level resume complete
[  +0,000000] PM: Restoring platform NVS memory
[  +0,000000] Enabling non-boot CPUs ...
[  +0,000000] x86: Booting SMP configuration:
[  +0,000000] smpboot: Booting Node 0 Processor 1 APIC 0x1
[  +0,003091]  cache: parent cpu1 should not be sleeping
[  +0,000170] CPU1 is up
[  +0,002332] ACPI: Waking up from system sleep state S3
[  +0,000407] uhci_hcd 0000:00:1d.0: System wakeup disabled by ACPI
[  +0,000032] uhci_hcd 0000:00:1d.1: System wakeup disabled by ACPI
[  +0,000005] uhci_hcd 0000:00:1d.2: System wakeup disabled by ACPI
[  +0,000016] uhci_hcd 0000:00:1d.3: System wakeup disabled by ACPI
[  +0,011074] ehci-pci 0000:00:1d.7: System wakeup disabled by ACPI
[  +0,000022] PM: noirq resume of devices complete after 11.308 msecs
[  +0,000137] PM: early resume of devices complete after 0.121 msecs
[  +0,000038] usb usb2: root hub lost power or was reset
[  +0,000027] usb usb3: root hub lost power or was reset
[  +0,000027] usb usb4: root hub lost power or was reset
[  +0,000026] usb usb5: root hub lost power or was reset
[  +0,000030] rtc_cmos 00:01: System wakeup disabled by ACPI
[  +0,009897] pcieport 0000:00:1c.0: System wakeup disabled by ACPI
[  +0,001597] [drm] PCIE GART of 1024M enabled (table at 0x0000000000274000).
[  +0,000088] radeon 0000:01:00.0: WB enabled
[  +0,000002] radeon 0000:01:00.0: fence driver on ring 0 use gpu addr 0x0000000080000c00 and cpu addr 0xffff880035d5bc00
[  +0,000002] radeon 0000:01:00.0: fence driver on ring 3 use gpu addr 0x0000000080000c0c and cpu addr 0xffff880035d5bc0c
[  +0,001458] radeon 0000:01:00.0: fence driver on ring 5 use gpu addr 0x0000000000072118 and cpu addr 0xffffc90000c32118
[  +0,010608] pci 0000:00:1e.0: System wakeup disabled by ACPI
[  +0,003032] sd 0:0:0:0: [sda] Starting disk
[  +0,002644] [drm] ring test on 0 succeeded in 1 usecs
[  +0,000010] [drm] ring test on 3 succeeded in 6 usecs
[  +0,000203] r8169 0000:02:00.0 enp2s0: link down
[  +0,176894] [drm] ring test on 5 succeeded in 2 usecs
[  +0,000007] [drm] UVD initialized successfully.
[  +0,000079] [drm] ib test on ring 0 succeeded in 0 usecs
[  +0,000077] [drm] ib test on ring 3 succeeded in 0 usecs
[  +0,000056] r8169 0000:05:00.0 enp5s0: link down
[  +0,272797] usb 3-1: reset low-speed USB device number 2 using uhci_hcd
[  +0,010996] usb 2-1: reset low-speed USB device number 2 using uhci_hcd
[  +0,368028] [drm] ib test on ring 5 succeeded
[  +0,005297] PM: resume of devices complete after 863.918 msecs
[  +0,000196] PM: Finishing wakeup.
[  +0,000001] Restarting tasks ... done.
[  +0,028545] IPv6: ADDRCONF(NETDEV_UP): enp5s0: link is not ready
[  +0,002413] r8169 0000:05:00.0 enp5s0: link down
[  +0,000048] IPv6: ADDRCONF(NETDEV_UP): enp5s0: link is not ready
[  +0,000573] IPv6: ADDRCONF(NETDEV_UP): enp2s0: link is not ready
[  +0,003097] r8169 0000:02:00.0 enp2s0: link down
[  +0,000054] IPv6: ADDRCONF(NETDEV_UP): enp2s0: link is not ready
[  +4,131737] ata1: link is slow to respond, please be patient (ready=0)
[  +0,663318] ata1.01: ACPI cmd ef/03:42:00:00:00:b0 (SET FEATURES) filtered out
[  +0,000005] ata1.01: ACPI cmd ef/03:42:00:00:00:b0 (SET FEATURES) filtered out
[  +0,000003] ata1.01: ACPI cmd ef/03:0c:00:00:00:b0 (SET FEATURES) filtered out
[  +0,000003] ata1.01: ACPI cmd f5/00:00:00:00:00:b0 (SECURITY FREEZE LOCK) filtered out
[  +0,035782] ata1.00: ACPI cmd ef/03:45:00:00:00:a0 (SET FEATURES) filtered out
[  +0,000004] ata1.00: ACPI cmd ef/03:45:00:00:00:a0 (SET FEATURES) filtered out
[  +0,000003] ata1.00: ACPI cmd ef/03:0c:00:00:00:a0 (SET FEATURES) filtered out
[  +0,000003] ata1.00: ACPI cmd f5/00:00:00:00:00:a0 (SECURITY FREEZE LOCK) filtered out
[  +0,004918] ata1.00: configured for UDMA/133
[  +0,038070] ata1.01: configured for UDMA/33
