[abr17 10:20] Linux version 4.5.5-300.fc24.x86_64 (mockbuild@bkernel01.phx2.fedoraproject.org) (gcc version 6.1.1 20160510 (Red Hat 6.1.1-2) (GCC) ) #1 SMP Thu May 19 13:05:32 UTC 2016
  +0,000000] Command line: BOOT_IMAGE=/boot/vmlinuz-4.5.5-300.fc24.x86_64 root=/dev/mapper/fedora-root ro rd.lvm.lv=fedora/root rd.lvm.lv=fedora/swap rhgb quiet
  +0,000000] x86/fpu: Supporting XSAVE feature 0x01: 'x87 floating point registers'
  +0,000000] x86/fpu: Supporting XSAVE feature 0x02: 'SSE registers'
  +0,000000] x86/fpu: Enabled xstate features 0x3, context size is 576 bytes, using 'standard' format.
  +0,000000] x86/fpu: Using 'lazy' FPU context switches.
  +0,000000] e820: BIOS-provided physical RAM map:
  +0,000000] BIOS-e820: [mem 0x0000000000000000-0x000000000009f3ff] usable
  +0,000000] BIOS-e820: [mem 0x000000000009f400-0x000000000009ffff] reserved
  +0,000000] BIOS-e820: [mem 0x00000000000f0000-0x00000000000fffff] reserved
  +0,000000] BIOS-e820: [mem 0x0000000000100000-0x00000000cfe8ffff] usable
  +0,000000] BIOS-e820: [mem 0x00000000cfe90000-0x00000000cfee2fff] ACPI NVS
  +0,000000] BIOS-e820: [mem 0x00000000cfee3000-0x00000000cfeeffff] ACPI data
  +0,000000] BIOS-e820: [mem 0x00000000cfef0000-0x00000000cfefffff] reserved
  +0,000000] BIOS-e820: [mem 0x00000000e0000000-0x00000000efffffff] reserved
  +0,000000] BIOS-e820: [mem 0x00000000fec00000-0x00000000ffffffff] reserved
  +0,000000] BIOS-e820: [mem 0x0000000100000000-0x000000012fffffff] usable
  +0,000000] NX (Execute Disable) protection: active
  +0,000000] SMBIOS 2.5 present.
  +0,000000] DMI: HP-Pavilion NR021AA-ABE p6027es/Boston, BIOS 5.19 03/06/2009
  +0,000000] e820: update [mem 0x00000000-0x00000fff] usable ==> reserved
  +0,000000] e820: remove [mem 0x000a0000-0x000fffff] usable
  +0,000000] e820: last_pfn = 0x130000 max_arch_pfn = 0x400000000
  +0,000000] MTRR default type: uncachable
  +0,000000] MTRR fixed ranges enabled:
  +0,000000]   00000-9FFFF write-back
  +0,000000]   A0000-BFFFF uncachable
  +0,000000]   C0000-CFFFF write-protect
  +0,000000]   D0000-EFFFF uncachable
  +0,000000]   F0000-FFFFF write-through
  +0,000000] MTRR variable ranges enabled:
  +0,000000]   0 base 100000000 mask FE0000000 write-back
  +0,000000]   1 base 120000000 mask FF0000000 write-back
  +0,000000]   2 base 000000000 mask F80000000 write-back
  +0,000000]   3 base 080000000 mask FC0000000 write-back
  +0,000000]   4 base 0C0000000 mask FF0000000 write-back
  +0,000000]   5 base 0CFF00000 mask FFFF00000 uncachable
  +0,000000]   6 disabled
  +0,000000]   7 disabled
  +0,000000] x86/PAT: Configuration [0-7]: WB  WC  UC- UC  WB  WC  UC- WT
  +0,000000] e820: update [mem 0xcff00000-0xffffffff] usable ==> reserved
  +0,000000] e820: last_pfn = 0xcfe90 max_arch_pfn = 0x400000000
  +0,000000] found SMP MP-table at [mem 0x000f4280-0x000f428f] mapped at [ffff8800000f4280]
  +0,000000] Base memory trampoline at [ffff880000099000] 99000 size 24576
  +0,000000] BRK [0x0205f000, 0x0205ffff] PGTABLE
  +0,000000] BRK [0x02060000, 0x02060fff] PGTABLE
  +0,000000] BRK [0x02061000, 0x02061fff] PGTABLE
  +0,000000] BRK [0x02062000, 0x02062fff] PGTABLE
  +0,000000] RAMDISK: [mem 0x35616000-0x36b02fff]
  +0,000000] ACPI: Early table checksum verification disabled
  +0,000000] ACPI: RSDP 0x00000000000F8300 000024 (v02 HPQOEM)
  +0,000000] ACPI: XSDT 0x00000000CFEE3080 000054 (v01 HPQOEM SLIC-CPC 42302E31 AWRD 00000000)
  +0,000000] ACPI: FACP 0x00000000CFEE7300 0000F4 (v03 HPQOEM SLIC-CPC 42302E31 AWRD 00000000)
  +0,000000] ACPI BIOS Warning (bug): 32/64X length mismatch in FADT/Pm1aEventBlock: 32/8 (20160108/tbfadt-623)
  +0,000000] ACPI BIOS Warning (bug): 32/64X length mismatch in FADT/Pm1aControlBlock: 16/8 (20160108/tbfadt-623)
  +0,000000] ACPI BIOS Warning (bug): 32/64X length mismatch in FADT/PmTimerBlock: 32/8 (20160108/tbfadt-623)
  +0,000000] ACPI BIOS Warning (bug): 32/64X length mismatch in FADT/Gpe0Block: 64/8 (20160108/tbfadt-623)
  +0,000000] ACPI BIOS Warning (bug): Invalid length for FADT/Pm1aEventBlock: 8, using default 32 (20160108/tbfadt-704)
  +0,000000] ACPI BIOS Warning (bug): Invalid length for FADT/Pm1aControlBlock: 8, using default 16 (20160108/tbfadt-704)
  +0,000000] ACPI BIOS Warning (bug): Invalid length for FADT/PmTimerBlock: 8, using default 32 (20160108/tbfadt-704)
  +0,000000] ACPI: DSDT 0x00000000CFEE3240 004097 (v01 HPQOEM SLIC-CPC 00001000 MSFT 03000000)
  +0,000000] ACPI: FACS 0x00000000CFE90000 000040
  +0,000000] ACPI: FACS 0x00000000CFE90000 000040
  +0,000000] ACPI: SLIC 0x00000000CFEE74C0 000176 (v01 HPQOEM SLIC-CPC 42302E31 AWRD 00000000)
  +0,000000] ACPI: HPET 0x00000000CFEE7740 000038 (v01 HPQOEM SLIC-CPC 42302E31 AWRD 00000098)
  +0,000000] ACPI: MCFG 0x00000000CFEE7780 00003C (v01 HPQOEM SLIC-CPC 42302E31 AWRD 00000000)
  +0,000000] ACPI: APIC 0x00000000CFEE7400 000084 (v01 HPQOEM SLIC-CPC 42302E31 AWRD 00000000)
  +0,000000] ACPI: SSDT 0x00000000CFEE7E20 000380 (v01 HPQOEM SLIC-CPC 00003000 INTL 20041203)
  +0,000000] ACPI: Local APIC address 0xfee00000
  +0,000000] No NUMA configuration found
  +0,000000] Faking a node at [mem 0x0000000000000000-0x000000012fffffff]
  +0,000000] NODE_DATA(0) allocated [mem 0x12ffe5000-0x12fffbfff]
  +0,000000] Zone ranges:
  +0,000000]   DMA      [mem 0x0000000000001000-0x0000000000ffffff]
  +0,000000]   DMA32    [mem 0x0000000001000000-0x00000000ffffffff]
  +0,000000]   Normal   [mem 0x0000000100000000-0x000000012fffffff]
  +0,000000]   Device   empty
  +0,000000] Movable zone start for each node
  +0,000000] Early memory node ranges
  +0,000000]   node   0: [mem 0x0000000000001000-0x000000000009efff]
  +0,000000]   node   0: [mem 0x0000000000100000-0x00000000cfe8ffff]
  +0,000000]   node   0: [mem 0x0000000100000000-0x000000012fffffff]
  +0,000000] Initmem setup node 0 [mem 0x0000000000001000-0x000000012fffffff]
  +0,000000] On node 0 totalpages: 1048110
  +0,000000]   DMA zone: 64 pages used for memmap
  +0,000000]   DMA zone: 21 pages reserved
  +0,000000]   DMA zone: 3998 pages, LIFO batch:0
  +0,000000]   DMA32 zone: 13243 pages used for memmap
  +0,000000]   DMA32 zone: 847504 pages, LIFO batch:31
  +0,000000]   Normal zone: 3072 pages used for memmap
  +0,000000]   Normal zone: 196608 pages, LIFO batch:31
  +0,000000] ACPI: PM-Timer IO Port: 0x408
  +0,000000] ACPI: Local APIC address 0xfee00000
  +0,000000] ACPI: LAPIC_NMI (acpi_id[0x00] high edge lint[0x1])
  +0,000000] ACPI: LAPIC_NMI (acpi_id[0x01] high edge lint[0x1])
  +0,000000] ACPI: LAPIC_NMI (acpi_id[0x02] high ed
