***************************************

ip6t_rpfilter          16384  1
ip6t_REJECT            16384  2
nf_reject_ipv6         16384  1 ip6t_REJECT
ip6table_security      16384  1
ip6table_raw           16384  1
ip6table_mangle        16384  1
ip6table_nat           16384  1
nf_nat_ipv6            16384  1 ip6table_nat
ip6table_filter        16384  1
ip6_tables             28672  5 ip6table_filter,ip6table_mangle,ip6table_security,ip6table_nat,ip6table_raw
***************************************

     1	Module                  Size  Used by
     2	fuse                   98304  5
     3	ip6t_rpfilter          16384  1
     4	ip6t_REJECT            16384  2
     5	nf_reject_ipv6         16384  1 ip6t_REJECT
     6	xt_conntrack           16384  21
     7	ip_set                 36864  0
     8	nfnetlink              16384  1 ip_set
     9	ip6table_security      16384  1
    10	ip6table_raw           16384  1
    11	ip6table_mangle        16384  1
    12	ip6table_nat           16384  1
    13	nf_conntrack_ipv6      20480  12
    14	nf_defrag_ipv6         36864  1 nf_conntrack_ipv6
    15	nf_nat_ipv6            16384  1 ip6table_nat
    16	iptable_security       16384  1
    17	iptable_raw            16384  1
    18	iptable_mangle         16384  1
    19	iptable_nat            16384  1
    20	nf_conntrack_ipv4      16384  11
    21	nf_defrag_ipv4         16384  1 nf_conntrack_ipv4
    22	nf_nat_ipv4            16384  1 iptable_nat
    23	nf_nat                 24576  2 nf_nat_ipv4,nf_nat_ipv6
    24	nf_conntrack          106496  6 nf_nat,nf_nat_ipv4,nf_nat_ipv6,xt_conntrack,nf_conntrack_ipv4,nf_conntrack_ipv6
    25	ip6table_filter        16384  1
    26	ip6_tables             28672  5 ip6table_filter,ip6table_mangle,ip6table_security,ip6table_nat,ip6table_raw
    27	snd_hda_codec_hdmi     53248  1
    28	snd_hda_intel          36864  5
    29	snd_hda_codec         126976  2 snd_hda_codec_hdmi,snd_hda_intel
    30	snd_hda_core           61440  3 snd_hda_codec_hdmi,snd_hda_codec,snd_hda_intel
    31	iTCO_wdt               16384  0
    32	iTCO_vendor_support    16384  1 iTCO_wdt
    33	snd_hwdep              16384  1 snd_hda_codec
    34	coretemp               16384  0
    35	snd_seq                69632  0
    36	snd_seq_device         16384  1 snd_seq
    37	snd_pcm               114688  4 snd_hda_codec_hdmi,snd_hda_codec,snd_hda_intel,snd_hda_core
    38	lpc_ich                24576  0
    39	kvm_intel             184320  0
    40	kvm                   552960  1 kvm_intel
    41	snd_timer              32768  2 snd_pcm,snd_seq
    42	snd                    77824  18 snd_hwdep,snd_timer,snd_hda_codec_hdmi,snd_pcm,snd_seq,snd_hda_codec,snd_hda_intel,snd_seq_device
    43	soundcore              16384  1 snd
    44	irqbypass              16384  1 kvm
    45	acpi_cpufreq           20480  1
    46	tpm_tis                20480  0
    47	tpm                    40960  1 tpm_tis
    48	i2c_i801               20480  0
    49	shpchp                 36864  0
    50	nfsd                  323584  1
    51	auth_rpcgss            61440  1 nfsd
    52	nfs_acl                16384  1 nfsd
    53	lockd                  90112  1 nfsd
    54	grace                  16384  2 nfsd,lockd
    55	amdkfd                131072  1
    56	amd_iommu_v2           20480  1 amdkfd
    57	radeon               1503232  7
    58	8021q                  32768  0
    59	i2c_algo_bit           16384  1 radeon
    60	garp                   16384  1 8021q
    61	drm_kms_helper        131072  1 radeon
    62	stp                    16384  1 garp
    63	serio_raw              16384  0
    64	llc                    16384  2 stp,garp
    65	mrp                    20480  1 8021q
    66	ttm                    90112  1 radeon
    67	ata_generic            16384  0
    68	drm                   335872  10 ttm,drm_kms_helper,radeon
    69	pata_acpi              16384  0
    70	r8169                  81920  0
    71	mii                    16384  1 r8169
    72	sunrpc                319488  7 nfsd,auth_rpcgss,lockd,nfs_acl
    73	scsi_transport_iscsi    94208  0
****************************************

     1	Module                  Size  Used by
     2	fuse                   98304  5
     3	nf_conntrack_netbios_ns    16384  0
     4	nf_conntrack_broadcast    16384  1 nf_conntrack_netbios_ns
     5	xt_conntrack           16384  10
     6	ip_set                 36864  0
     7	nfnetlink              16384  1 ip_set
     8	iptable_nat            16384  1
     9	nf_conntrack_ipv4      16384  11
    10	nf_defrag_ipv4         16384  1 nf_conntrack_ipv4
    11	nf_nat_ipv4            16384  1 iptable_nat
    12	nf_nat                 24576  1 nf_nat_ipv4
    13	nf_conntrack          106496  6 nf_conntrack_netbios_ns,nf_nat,nf_nat_ipv4,xt_conntrack,nf_conntrack_broadcast,nf_conntrack_ipv4
    14	iptable_mangle         16384  1
    15	iptable_security       16384  1
    16	iptable_raw            16384  1
    17	coretemp               16384  0
    18	iTCO_wdt               16384  0
    19	iTCO_vendor_support    16384  1 iTCO_wdt
    20	kvm_intel             184320  0
    21	snd_hda_codec_hdmi     53248  1
    22	snd_hda_intel          36864  5
    23	snd_hda_codec         126976  2 snd_hda_codec_hdmi,snd_hda_intel
    24	snd_hda_core           61440  3 snd_hda_codec_hdmi,snd_hda_codec,snd_hda_intel
    25	snd_hwdep              16384  1 snd_hda_codec
    26	snd_seq                69632  0
    27	snd_seq_device         16384  1 snd_seq
    28	snd_pcm               114688  4 snd_hda_codec_hdmi,snd_hda_codec,snd_hda_intel,snd_hda_core
    29	kvm                   552960  1 kvm_intel
    30	snd_timer              32768  2 snd_pcm,snd_seq
    31	snd                    77824  18 snd_hwdep,snd_timer,snd_hda_codec_hdmi,snd_pcm,snd_seq,snd_hda_codec,snd_hda_intel,snd_seq_device
    32	soundcore              16384  1 snd
    33	irqbypass              16384  1 kvm
    34	lpc_ich                24576  0
    35	shpchp                 36864  0
    36	acpi_cpufreq           20480  1
    37	tpm_tis                20480  0
    38	tpm                    40960  1 tpm_tis
    39	i2c_i801               20480  0
    40	nfsd                  323584  1
    41	auth_rpcgss            61440  1 nfsd
    42	nfs_acl                16384  1 nfsd
    43	lockd                  90112  1 nfsd
    44	grace                  16384  2 nfsd,lockd
    45	sunrpc                319488  7 nfsd,auth_rpcgss,lockd,nfs_acl
    46	amdkfd                131072  1
    47	amd_iommu_v2           20480  1 amdkfd
    48	radeon               1503232  7
    49	i2c_algo_bit           16384  1 radeon
    50	r8169                  81920  0
    51	drm_kms_helper        131072  1 radeon
    52	serio_raw              16384  0
    53	ttm                    90112  1 radeon
    54	drm                   335872  10 ttm,drm_kms_helper,radeon
    55	mii                    16384  1 r8169
    56	ata_generic            16384  0
    57	pata_acpi              16384  0
    58	fjes                   28672  0
****************************************

     1	Module                  Size  Used by
     2	fuse                   98304  5
     3	xt_conntrack           16384  10
     4	ip_set                 36864  0
     5	nfnetlink              16384  1 ip_set
     6	iptable_nat            16384  1
     7	nf_conntrack_ipv4      16384  11
     8	nf_defrag_ipv4         16384  1 nf_conntrack_ipv4
     9	nf_nat_ipv4            16384  1 iptable_nat
    10	nf_nat                 24576  1 nf_nat_ipv4
    11	nf_conntrack          106496  4 nf_nat,nf_nat_ipv4,xt_conntrack,nf_conntrack_ipv4
    12	iptable_mangle         16384  1
    13	iptable_security       16384  1
    14	iptable_raw            16384  1
    15	coretemp               16384  0
    16	iTCO_wdt               16384  0
    17	iTCO_vendor_support    16384  1 iTCO_wdt
    18	kvm_intel             184320  0
    19	snd_hda_codec_hdmi     53248  1
    20	snd_hda_intel          36864  5
    21	snd_hda_codec         126976  2 snd_hda_codec_hdmi,snd_hda_intel
    22	snd_hda_core           61440  3 snd_hda_codec_hdmi,snd_hda_codec,snd_hda_intel
    23	snd_hwdep              16384  1 snd_hda_codec
    24	snd_seq                69632  0
    25	snd_seq_device         16384  1 snd_seq
    26	snd_pcm               114688  4 snd_hda_codec_hdmi,snd_hda_codec,snd_hda_intel,snd_hda_core
    27	kvm                   552960  1 kvm_intel
    28	snd_timer              32768  2 snd_pcm,snd_seq
    29	snd                    77824  18 snd_hwdep,snd_timer,snd_hda_codec_hdmi,snd_pcm,snd_seq,snd_hda_codec,snd_hda_intel,snd_seq_device
    30	soundcore              16384  1 snd
    31	irqbypass              16384  1 kvm
    32	lpc_ich                24576  0
    33	shpchp                 36864  0
    34	acpi_cpufreq           20480  1
    35	tpm_tis                20480  0
    36	tpm                    40960  1 tpm_tis
    37	i2c_i801               20480  0
    38	nfsd                  323584  1
    39	auth_rpcgss            61440  1 nfsd
    40	nfs_acl                16384  1 nfsd
    41	lockd                  90112  1 nfsd
    42	grace                  16384  2 nfsd,lockd
    43	sunrpc                319488  7 nfsd,auth_rpcgss,lockd,nfs_acl
    44	amdkfd                131072  1
    45	amd_iommu_v2           20480  1 amdkfd
    46	radeon               1503232  7
    47	i2c_algo_bit           16384  1 radeon
    48	r8169                  81920  0
    49	drm_kms_helper        131072  1 radeon
    50	serio_raw              16384  0
    51	ttm                    90112  1 radeon
    52	drm                   335872  10 ttm,drm_kms_helper,radeon
    53	mii                    16384  1 r8169
    54	ata_generic            16384  0
    55	pata_acpi              16384  0
    56	fjes                   28672  0
***********************************

     1	Module                  Size  Used by
     2	fuse                   98304  5
     3	nf_conntrack_netbios_ns    16384  0
     4	nf_conntrack_broadcast    16384  1 nf_conntrack_netbios_ns
     5	nf_conntrack_ipv4      16384  10
     6	nf_defrag_ipv4         16384  1 nf_conntrack_ipv4
     7	xt_conntrack           16384  10
     8	nf_conntrack          106496  4 nf_conntrack_netbios_ns,xt_conntrack,nf_conntrack_broadcast,nf_conntrack_ipv4
     9	ip_set                 36864  0
    10	nfnetlink              16384  1 ip_set
    11	iptable_raw            16384  1
    12	iptable_mangle         16384  1
    13	iptable_security       16384  1
    14	iTCO_wdt               16384  0
    15	snd_hda_codec_hdmi     53248  1
    16	iTCO_vendor_support    16384  1 iTCO_wdt
    17	coretemp               16384  0
    18	snd_hda_intel          36864  5
    19	kvm_intel             184320  0
    20	snd_hda_codec         126976  2 snd_hda_codec_hdmi,snd_hda_intel
    21	snd_hda_core           61440  3 snd_hda_codec_hdmi,snd_hda_codec,snd_hda_intel
    22	snd_hwdep              16384  1 snd_hda_codec
    23	snd_seq                69632  0
    24	snd_seq_device         16384  1 snd_seq
    25	snd_pcm               114688  4 snd_hda_codec_hdmi,snd_hda_codec,snd_hda_intel,snd_hda_core
    26	kvm                   552960  1 kvm_intel
    27	lpc_ich                24576  0
    28	snd_timer              32768  2 snd_pcm,snd_seq
    29	snd                    77824  18 snd_hwdep,snd_timer,snd_hda_codec_hdmi,snd_pcm,snd_seq,snd_hda_codec,snd_hda_intel,snd_seq_device
    30	soundcore              16384  1 snd
    31	shpchp                 36864  0
    32	irqbypass              16384  1 kvm
    33	i2c_i801               20480  0
    34	acpi_cpufreq           20480  1
    35	tpm_tis                20480  0
    36	tpm                    40960  1 tpm_tis
    37	nfsd                  323584  1
    38	auth_rpcgss            61440  1 nfsd
    39	nfs_acl                16384  1 nfsd
    40	lockd                  90112  1 nfsd
    41	grace                  16384  2 nfsd,lockd
    42	sunrpc                319488  7 nfsd,auth_rpcgss,lockd,nfs_acl
    43	amdkfd                131072  1
    44	amd_iommu_v2           20480  1 amdkfd
    45	radeon               1503232  7
    46	i2c_algo_bit           16384  1 radeon
    47	drm_kms_helper        131072  1 radeon
    48	ttm                    90112  1 radeon
    49	serio_raw              16384  0
    50	drm                   335872  10 ttm,drm_kms_helper,radeon
    51	r8169                  81920  0
    52	ata_generic            16384  0
    53	pata_acpi              16384  0
    54	mii                    16384  1 r8169
    55	fjes                   28672  0
***********************************

     1	Module                  Size  Used by
     2	fuse                   98304  5
     3	nf_conntrack_ipv4      16384  10
     4	nf_defrag_ipv4         16384  1 nf_conntrack_ipv4
     5	xt_conntrack           16384  10
     6	nf_conntrack          106496  2 xt_conntrack,nf_conntrack_ipv4
     7	ip_set                 36864  0
     8	nfnetlink              16384  1 ip_set
     9	iptable_raw            16384  1
    10	iptable_mangle         16384  1
    11	iptable_security       16384  1
    12	iTCO_wdt               16384  0
    13	snd_hda_codec_hdmi     53248  1
    14	iTCO_vendor_support    16384  1 iTCO_wdt
    15	coretemp               16384  0
    16	snd_hda_intel          36864  5
    17	kvm_intel             184320  0
    18	snd_hda_codec         126976  2 snd_hda_codec_hdmi,snd_hda_intel
    19	snd_hda_core           61440  3 snd_hda_codec_hdmi,snd_hda_codec,snd_hda_intel
    20	snd_hwdep              16384  1 snd_hda_codec
    21	snd_seq                69632  0
    22	snd_seq_device         16384  1 snd_seq
    23	snd_pcm               114688  4 snd_hda_codec_hdmi,snd_hda_codec,snd_hda_intel,snd_hda_core
    24	kvm                   552960  1 kvm_intel
    25	snd_timer              32768  2 snd_pcm,snd_seq
    26	snd                    77824  18 snd_hwdep,snd_timer,snd_hda_codec_hdmi,snd_pcm,snd_seq,snd_hda_codec,snd_hda_intel,snd_seq_device
    27	soundcore              16384  1 snd
    28	shpchp                 36864  0
    29	irqbypass              16384  1 kvm
    30	i2c_i801               20480  0
    31	acpi_cpufreq           20480  1
    32	tpm_tis                20480  0
    33	tpm                    40960  1 tpm_tis
    34	nfsd                  323584  1
    35	auth_rpcgss            61440  1 nfsd
    36	nfs_acl                16384  1 nfsd
    37	lockd                  90112  1 nfsd
    38	grace                  16384  2 nfsd,lockd
    39	sunrpc                319488  7 nfsd,auth_rpcgss,lockd,nfs_acl
    40	amdkfd                131072  1
    41	amd_iommu_v2           20480  1 amdkfd
    42	radeon               1503232  7
    43	i2c_algo_bit           16384  1 radeon
    44	drm_kms_helper        131072  1 radeon
    45	ttm                    90112  1 radeon
    46	serio_raw              16384  0
    47	drm                   335872  10 ttm,drm_kms_helper,radeon
    48	r8169                  81920  0
    49	ata_generic            16384  0
    50	pata_acpi              16384  0
    51	mii                    16384  1 r8169
    52	fjes                   28672  0
***************************************

     1	Module                  Size  Used by
     2	fuse                   98304  5
     3	nf_conntrack_ipv4      16384  10
     4	nf_defrag_ipv4         16384  1 nf_conntrack_ipv4
     5	xt_conntrack           16384  10
     6	nf_conntrack          106496  2 xt_conntrack,nf_conntrack_ipv4
     7	iptable_raw            16384  1
     8	iptable_mangle         16384  1
     9	iptable_security       16384  1
    10	iTCO_wdt               16384  0
    11	snd_hda_codec_hdmi     53248  1
    12	iTCO_vendor_support    16384  1 iTCO_wdt
    13	coretemp               16384  0
    14	snd_hda_intel          36864  5
    15	kvm_intel             184320  0
    16	snd_hda_codec         126976  2 snd_hda_codec_hdmi,snd_hda_intel
    17	snd_hda_core           61440  3 snd_hda_codec_hdmi,snd_hda_codec,snd_hda_intel
    18	snd_hwdep              16384  1 snd_hda_codec
    19	snd_seq                69632  0
    20	snd_seq_device         16384  1 snd_seq
    21	snd_pcm               114688  4 snd_hda_codec_hdmi,snd_hda_codec,snd_hda_intel,snd_hda_core
    22	kvm                   552960  1 kvm_intel
    23	snd_timer              32768  2 snd_pcm,snd_seq
    24	snd                    77824  18 snd_hwdep,snd_timer,snd_hda_codec_hdmi,snd_pcm,snd_seq,snd_hda_codec,snd_hda_intel,snd_seq_device
    25	soundcore              16384  1 snd
    26	shpchp                 36864  0
    27	irqbypass              16384  1 kvm
    28	i2c_i801               20480  0
    29	acpi_cpufreq           20480  1
    30	tpm_tis                20480  0
    31	tpm                    40960  1 tpm_tis
    32	nfsd                  323584  1
    33	auth_rpcgss            61440  1 nfsd
    34	nfs_acl                16384  1 nfsd
    35	lockd                  90112  1 nfsd
    36	grace                  16384  2 nfsd,lockd
    37	sunrpc                319488  7 nfsd,auth_rpcgss,lockd,nfs_acl
    38	amdkfd                131072  1
    39	amd_iommu_v2           20480  1 amdkfd
    40	radeon               1503232  7
    41	i2c_algo_bit           16384  1 radeon
    42	drm_kms_helper        131072  1 radeon
    43	ttm                    90112  1 radeon
    44	serio_raw              16384  0
    45	drm                   335872  10 ttm,drm_kms_helper,radeon
    46	r8169                  81920  0
    47	ata_generic            16384  0
    48	pata_acpi              16384  0
    49	mii                    16384  1 r8169
    50	fjes                   28672  0
***********************************

     1	Module                  Size  Used by
     2	fuse                   98304  5
     3	nf_conntrack_ipv4      16384  8
     4	nf_defrag_ipv4         16384  1 nf_conntrack_ipv4
     5	xt_conntrack           16384  8
     6	nf_conntrack          106496  2 xt_conntrack,nf_conntrack_ipv4
     7	iptable_security       16384  1
     8	iptable_raw            16384  1
     9	snd_hda_codec_hdmi     53248  1
    10	snd_hda_intel          36864  5
    11	snd_hda_codec         126976  2 snd_hda_codec_hdmi,snd_hda_intel
    12	snd_hda_core           61440  3 snd_hda_codec_hdmi,snd_hda_codec,snd_hda_intel
    13	snd_hwdep              16384  1 snd_hda_codec
    14	coretemp               16384  0
    15	snd_seq                69632  0
    16	snd_seq_device         16384  1 snd_seq
    17	snd_pcm               114688  4 snd_hda_codec_hdmi,snd_hda_codec,snd_hda_intel,snd_hda_core
    18	snd_timer              32768  2 snd_pcm,snd_seq
    19	kvm_intel             184320  0
    20	snd                    77824  18 snd_hwdep,snd_timer,snd_hda_codec_hdmi,snd_pcm,snd_seq,snd_hda_codec,snd_hda_intel,snd_seq_device
    21	soundcore              16384  1 snd
    22	kvm                   552960  1 kvm_intel
    23	irqbypass              16384  1 kvm
    24	shpchp                 36864  0
    25	i2c_i801               20480  0
    26	acpi_cpufreq           20480  1
    27	tpm_tis                20480  0
    28	tpm                    40960  1 tpm_tis
    29	nfsd                  323584  1
    30	auth_rpcgss            61440  1 nfsd
    31	nfs_acl                16384  1 nfsd
    32	lockd                  90112  1 nfsd
    33	grace                  16384  2 nfsd,lockd
    34	sunrpc                319488  7 nfsd,auth_rpcgss,lockd,nfs_acl
    35	amdkfd                131072  1
    36	amd_iommu_v2           20480  1 amdkfd
    37	radeon               1503232  7
    38	i2c_algo_bit           16384  1 radeon
    39	drm_kms_helper        131072  1 radeon
    40	ttm                    90112  1 radeon
    41	drm                   335872  10 ttm,drm_kms_helper,radeon
    42	ata_generic            16384  0
    43	serio_raw              16384  0
    44	pata_acpi              16384  0
    45	r8169                  81920  0
    46	mii                    16384  1 r8169
    47	fjes                   28672  0
