*************************************

     1	Module                  Size  Used by
     2	fuse                   98304  5
     3	nf_conntrack_ipv4      16384  8
     4	nf_defrag_ipv4         16384  1 nf_conntrack_ipv4
     5	xt_conntrack           16384  8
     6	nf_conntrack          106496  2 xt_conntrack,nf_conntrack_ipv4
     7	iptable_security       16384  1
     8	iptable_raw            16384  1
     9	snd_hda_codec_hdmi     53248  1
    10	snd_hda_intel          36864  5
    11	snd_hda_codec         126976  2 snd_hda_codec_hdmi,snd_hda_intel
    12	snd_hda_core           61440  3 snd_hda_codec_hdmi,snd_hda_codec,snd_hda_intel
    13	coretemp               16384  0
    14	kvm_intel             184320  0
    15	snd_hwdep              16384  1 snd_hda_codec
    16	snd_seq                69632  0
    17	snd_seq_device         16384  1 snd_seq
    18	kvm                   552960  1 kvm_intel
    19	snd_pcm               114688  4 snd_hda_codec_hdmi,snd_hda_codec,snd_hda_intel,snd_hda_core
    20	snd_timer              32768  2 snd_pcm,snd_seq
    21	snd                    77824  18 snd_hwdep,snd_timer,snd_hda_codec_hdmi,snd_pcm,snd_seq,snd_hda_codec,snd_hda_intel,snd_seq_device
    22	irqbypass              16384  1 kvm
    23	soundcore              16384  1 snd
    24	i2c_i801               20480  0
    25	shpchp                 36864  0
    26	acpi_cpufreq           20480  1
    27	tpm_tis                20480  0
    28	tpm                    40960  1 tpm_tis
    29	nfsd                  323584  1
    30	auth_rpcgss            61440  1 nfsd
    31	nfs_acl                16384  1 nfsd
    32	lockd                  90112  1 nfsd
    33	grace                  16384  2 nfsd,lockd
    34	sunrpc                319488  7 nfsd,auth_rpcgss,lockd,nfs_acl
    35	amdkfd                131072  1
    36	amd_iommu_v2           20480  1 amdkfd
    37	radeon               1503232  7
    38	i2c_algo_bit           16384  1 radeon
    39	drm_kms_helper        131072  1 radeon
    40	r8169                  81920  0
    41	ttm                    90112  1 radeon
    42	serio_raw              16384  0
    43	drm                   335872  10 ttm,drm_kms_helper,radeon
    44	ata_generic            16384  0
    45	pata_acpi              16384  0
    46	mii                    16384  1 r8169
    47	fjes                   28672  0
*************************************

total 100
drwxr-xr-x. 14 root root  4096 abr 18 12:36 ./
drwxr-xr-x. 20 root root  4096 abr 18 12:36 ../
drwxr-xr-x. 10 root root  4096 abr 18 12:36 ath/
drwxr-xr-x.  5 root root  4096 abr 18 12:36 broadcom/
drwxr-xr-x.  5 root root  4096 abr 18 12:36 intel/
drwxr-xr-x.  4 root root  4096 abr 18 12:36 intersil/
-rw-r--r--.  1 root root 18416 abr 18 12:36 mac80211_hwsim.ko.xz
drwxr-xr-x.  4 root root  4096 abr 18 12:36 marvell/
drwxr-xr-x.  3 root root  4096 abr 18 12:36 mediatek/
drwxr-xr-x.  3 root root  4096 abr 18 12:36 ralink/
drwxr-xr-x.  5 root root  4096 abr 18 12:36 realtek/
-rw-r--r--.  1 root root 21768 abr 18 12:36 rndis_wlan.ko.xz
drwxr-xr-x.  2 root root  4096 abr 18 12:36 rsi/
drwxr-xr-x.  3 root root  4096 abr 18 12:36 st/
drwxr-xr-x.  6 root root  4096 abr 18 12:36 ti/
drwxr-xr-x.  3 root root  4096 abr 18 12:36 zydas/
# dmidecode 3.0
Getting SMBIOS data from sysfs.
SMBIOS 2.5 present.
27 structures occupying 1892 bytes.
Table at 0x000F0000.

Handle 0x0000, DMI type 0, 24 bytes
BIOS Information
	Vendor: Phoenix Technologies, LTD
	Version: 5.19
	Release Date: 03/06/2009
	Address: 0xE0000
	Runtime Size: 128 kB
	ROM Size: 1024 kB
	Characteristics:
		ISA is supported
		PCI is supported
		PNP is supported
		APM is supported
		BIOS is upgradeable
		BIOS shadowing is allowed
		Boot from CD is supported
		Selectable boot is supported
		BIOS ROM is socketed
		EDD is supported
		5.25"/360 kB floppy services are supported (int 13h)
		5.25"/1.2 MB floppy services are supported (int 13h)
		3.5"/720 kB floppy services are supported (int 13h)
		3.5"/2.88 MB floppy services are supported (int 13h)
		Print screen service is supported (int 5h)
		8042 keyboard services are supported (int 9h)
		Serial services are supported (int 14h)
		Printer services are supported (int 17h)
		CGA/mono video services are supported (int 10h)
		ACPI is supported
		USB legacy is supported
		LS-120 boot is supported
		ATAPI Zip drive boot is supported
		Targeted content distribution is supported
	BIOS Revision: 5.19

Handle 0x0001, DMI type 1, 27 bytes
System Information
	Manufacturer: HP-Pavilion
	Product Name: NR021AA-ABE p6027es
	Version:  
	Serial Number: CZH91503KS
	UUID: 80DC077A-1D90-1410-BE42-A3335374273F
	Wake-up Type: Power Switch
	SKU Number: NR021AA#ABE
	Family: 103C_53316J

Handle 0x0002, DMI type 2, 10 bytes
Base Board Information
	Manufacturer: MSI
	Product Name: Boston
	Version: 1.0
	Serial Number:  
	Asset Tag:  
	Features:
		Board is a hosting board

Handle 0x0003, DMI type 3, 17 bytes
Chassis Information
	Manufacturer: Hewlett-Packard
	Type: Desktop
	Lock: Not Present
	Version:  
	Serial Number:  
	Asset Tag:  
	Boot-up State: <OUT OF SPEC>
	Power Supply State: <OUT OF SPEC>
	Thermal State: <OUT OF SPEC>
	Security Status: <OUT OF SPEC>
	OEM Information: 0x00000000

Handle 0x0004, DMI type 4, 40 bytes
Processor Information
	Socket Designation: Socket 775
	Type: Central Processor
	Family: Core 2 Duo
	Manufacturer: Intel
	ID: 7A 06 01 00 FF FB EB BF
	Signature: Type 0, Family 6, Model 23, Stepping 10
	Flags:
		FPU (Floating-point unit on-chip)
		VME (Virtual mode extension)
		DE (Debugging extension)
		PSE (Page size extension)
		TSC (Time stamp counter)
		MSR (Model specific registers)
		PAE (Physical address extension)
		MCE (Machine check exception)
		CX8 (CMPXCHG8 instruction supported)
		APIC (On-chip APIC hardware supported)
		SEP (Fast system call)
		MTRR (Memory type range registers)
		PGE (Page global enable)
		MCA (Machine check architecture)
		CMOV (Conditional move instruction supported)
		PAT (Page attribute table)
		PSE-36 (36-bit page size extension)
		CLFSH (CLFLUSH instruction supported)
		DS (Debug store)
		ACPI (ACPI supported)
		MMX (MMX technology supported)
		FXSR (FXSAVE and FXSTOR instructions supported)
		SSE (Streaming SIMD extensions)
		SSE2 (Streaming SIMD extensions 2)
		SS (Self-snoop)
		HTT (Multi-threading)
		TM (Thermal monitor supported)
		PBE (Pending break enabled)
	Version: Intel(R) Core(TM)2 Duo
	Voltage: 3.3 V
	External Clock: 1333 MHz
	Max Speed: 4000 MHz
	Current Speed: 3333 MHz
	Status: Populated, Enabled
	Upgrade: ZIF Socket
	L1 Cache Handle: 0x0008
	L2 Cache Handle: 0x0009
	L3 Cache Handle: Not Provided
	Serial Number:  
	Asset Tag:  
	Part Number:  
	Core Count: 2
	Core Enabled: 2
	Thread Count: 4
	Characteristics:
		64-bit capable

Handle 0x0005, DMI type 5, 20 bytes
Memory Controller Information
	Error Detecting Method: 8-bit Parity
	Error Correcting Capabilities:
		None
	Supported Interleave: One-way Interleave
	Current Interleave: One-way Interleave
	Maximum Memory Module Size: 2048 MB
	Maximum Total Memory Size: 4096 MB
	Supported Speeds:
		Other
	Supported Memory Types:
		DIMM
	Memory Module Voltage: 5.0 V
	Associated Memory Slots: 2
		0x0006
		0x0007
	Enabled Error Correcting Capabilities:
		None

Handle 0x0006, DMI type 6, 12 bytes
Memory Module Information
	Socket Designation: A0
	Bank Connections: 0 1
	Current Speed: Unknown
	Type: DIMM
	Installed Size: 2048 MB (Double-bank Connection)
	Enabled Size: 2048 MB (Double-bank Connection)
	Error Status: OK

Handle 0x0007, DMI type 6, 12 bytes
Memory Module Information
	Socket Designation: A1
	Bank Connections: 2 3
	Current Speed: Unknown
	Type: DIMM
	Installed Size: 2048 MB (Double-bank Connection)
	Enabled Size: 2048 MB (Double-bank Connection)
	Error Status: OK

Handle 0x0008, DMI type 7, 19 bytes
Cache Information
	Socket Designation: Internal Cache
	Configuration: Enabled, Not Socketed, Level 1
	Operational Mode: Write Back
	Location: Internal
	Installed Size: 32 kB
	Maximum Size: 32 kB
	Supported SRAM Types:
		Synchronous
	Installed SRAM Type: Synchronous
	Speed: Unknown
	Error Correction Type: None
	System Type: Data
	Associativity: 8-way Set-associative

Handle 0x0009, DMI type 7, 19 bytes
Cache Information
	Socket Designation: External Cache
	Configuration: Enabled, Not Socketed, Level 2
	Operational Mode: Write Back
	Location: External
	Installed Size: 6144 kB
	Maximum Size: 6144 kB
	Supported SRAM Types:
		Synchronous
	Installed SRAM Type: Synchronous
	Speed: Unknown
	Error Correction Type: None
	System Type: Unified
	Associativity: 16-way Set-associative

Handle 0x000A, DMI type 8, 9 bytes
Port Connector Information
	Internal Reference Designator: PRIMARY IDE
	Internal Connector Type: On Board IDE
	External Reference Designator: Not Specified
	External Connector Type: None
	Port Type: Other

Handle 0x000B, DMI type 8, 9 bytes
Port Connector Information
	Internal Reference Designator: SECONDARY IDE
	Internal Connector Type: On Board IDE
	External Reference Designator: Not Specified
	External Connector Type: None
	Port Type: Other

Handle 0x000C, DMI type 8, 9 bytes
Port Connector Information
	Internal Reference Designator: FDD
	Internal Connector Type: On Board Floppy
	External Reference Designator: Not Specified
	External Connector Type: None
	Port Type: 8251 FIFO Compatible

Handle 0x000D, DMI type 8, 9 bytes
Port Connector Information
	Internal Reference Designator: Keyboard
	Internal Connector Type: PS/2
	External Reference Designator:  
	External Connector Type: PS/2
	Port Type: Keyboard Port

Handle 0x000E, DMI type 8, 9 bytes
Port Connector Information
	Internal Reference Designator: PS/2 Mouse
	Internal Connector Type: PS/2
	External Reference Designator:  
	External Connector Type: PS/2
	Port Type: Mouse Port

Handle 0x000F, DMI type 8, 9 bytes
Port Connector Information
	Internal Reference Designator: Not Specified
	Internal Connector Type: None
	External Reference Designator: USB0
	External Connector Type: Other
	Port Type: USB

Handle 0x0010, DMI type 8, 9 bytes
Port Connector Information
	Internal Reference Designator: Not Specified
	Internal Connector Type: None
	External Reference Designator: USB1
	External Connector Type: Other
	Port Type: USB

Handle 0x0011, DMI type 13, 22 bytes
BIOS Language Information
	Language Description Format: Long
	Installable Languages: 3
		n|US|iso8859-1
		n|US|iso8859-1
		r|CA|iso8859-1
	Currently Installed Language: n|US|iso8859-1

Handle 0x0012, DMI type 16, 15 bytes
Physical Memory Array
	Location: System Board Or Motherboard
	Use: System Memory
	Error Correction Type: None
	Maximum Capacity: 4 GB
	Error Information Handle: Not Provided
	Number Of Devices: 2

Handle 0x0013, DMI type 17, 27 bytes
Memory Device
	Array Handle: 0x0012
	Error Information Handle: Not Provided
	Total Width: 64 bits
	Data Width: 64 bits
	Size: 2048 MB
	Form Factor: DIMM
	Set: None
	Locator: A0
	Bank Locator: Bank0/1
	Type: DDR2
	Type Detail: Synchronous
	Speed: 800 MHz
	Manufacturer: CE00000000000000
	Serial Number: 777112AE
	Asset Tag: None
	Part Number: M3 78T5663QZ3-CF7 

Handle 0x0014, DMI type 17, 27 bytes
Memory Device
	Array Handle: 0x0012
	Error Information Handle: Not Provided
	Total Width: 64 bits
	Data Width: 64 bits
	Size: 2048 MB
	Form Factor: DIMM
	Set: None
	Locator: A1
	Bank Locator: Bank2/3
	Type: DDR2
	Type Detail: Synchronous
	Speed: 800 MHz
	Manufacturer: CE00000000000000
	Serial Number: 7771123C
	Asset Tag: None
	Part Number: M3 78T5663QZ3-CF7 

Handle 0x0015, DMI type 19, 15 bytes
Memory Array Mapped Address
	Starting Address: 0x00000000000
	Ending Address: 0x000FFFFFFFF
	Range Size: 4 GB
	Physical Array Handle: 0x0012
	Partition Width: 1

Handle 0x0016, DMI type 20, 19 bytes
Memory Device Mapped Address
	Starting Address: 0x00000000000
	Ending Address: 0x0007FFFFFFF
	Range Size: 2 GB
	Physical Device Handle: 0x0013
	Memory Array Mapped Address Handle: 0x0015
	Partition Row Position: 1

Handle 0x0017, DMI type 20, 19 bytes
Memory Device Mapped Address
	Starting Address: 0x00080000000
	Ending Address: 0x000FFFFFFFF
	Range Size: 2 GB
	Physical Device Handle: 0x0014
	Memory Array Mapped Address Handle: 0x0015
	Partition Row Position: 1

Handle 0x0018, DMI type 32, 11 bytes
System Boot Information
	Status: No errors detected

Handle 0x0019, DMI type 11, 5 bytes
OEM Strings
	String 1: bid=92WEv3PrA2;PROD_MSWORKS;SFCHK;DLED;IS.N60d;ACPwrFail=Off;Cha
	String 2: n=Retail;CPUFan=On;DVDRW;LegacyFloppy=No;TVout=PAL;PCBRAND=Pavil
	String 3: ion;OS=MSV;KBDRV;LScribe;DVDP_STD;Vos.H;PROD_MSOFFHST;FPA=HM;MUV
	String 4: _B;C_VEN2;CDS_D;SW_Main;.Ff;##HPCPC=00000000<9000000602000000042
	String 5: 0000253514130040000010001000;5;:0665<;85>18>1<2=1:<55>?4;;=?=19:
	String 6: <8494;>:8011<=31953=?76?>378139;594701:=;34:;55;9128<7937==0<722
	String 7: <:<1:2489>:088=6:?1;2>8=8>12691>>286:9?;4454>3<3>89909>=738375;0
	String 8: 2951<;>=??2?70>75;04<815:33<20846?312127;?24876>7488457<0;0?39>9
	String 9: ;?407;8;8;09>=;==>231>;?456:100000006;00000000002000840515?454=4
	String 10: 35<49434=23405347594>444?475350200000000000000000000000000000000
	String 11: 00000000?24?41954<8?4243:463542:9034;??09<31;8951=>:><6>3291=35:
	String 12: 7;:7?<0;=973478<4:062629<>53103<<=4651<3499:7?769::98;357697=:34
	String 13: 83>07=6;>1<1?<>7<817?5586>79?5:5?19<87:>=6507148017=835>552096;7
	String 14: 14776===1=59:5:9;7?16>;910;6<?>4?;=21?;7975:6660><>729>:9<98<5<=
	String 15: 991>7?7>
	String 16:  
	String 17:  
	String 18:  
	String 19:  
	String 20:  
	String 21:  
	String 22:  
	String 23:  
	String 24:  
	String 25:  
	String 26:  
	String 27:  
	String 28:  
	String 29:  
	String 30:  
	String 31:  
	String 32:  

Handle 0x001A, DMI type 127, 4 bytes
End Of Table

***********************************************************

     1	Module                  Size  Used by
     2	fuse                   98304  5
     3	nf_conntrack_ipv4      16384  8
     4	nf_defrag_ipv4         16384  1 nf_conntrack_ipv4
     5	xt_conntrack           16384  8
     6	nf_conntrack          106496  2 xt_conntrack,nf_conntrack_ipv4
     7	iptable_security       16384  1
     8	iptable_raw            16384  1
     9	snd_hda_codec_hdmi     53248  1
    10	snd_hda_intel          36864  5
    11	snd_hda_codec         126976  2 snd_hda_codec_hdmi,snd_hda_intel
    12	snd_hda_core           61440  3 snd_hda_codec_hdmi,snd_hda_codec,snd_hda_intel
    13	snd_hwdep              16384  1 snd_hda_codec
    14	coretemp               16384  0
    15	snd_seq                69632  0
    16	snd_seq_device         16384  1 snd_seq
    17	snd_pcm               114688  4 snd_hda_codec_hdmi,snd_hda_codec,snd_hda_intel,snd_hda_core
    18	snd_timer              32768  2 snd_pcm,snd_seq
    19	kvm_intel             184320  0
    20	snd                    77824  18 snd_hwdep,snd_timer,snd_hda_codec_hdmi,snd_pcm,snd_seq,snd_hda_codec,snd_hda_intel,snd_seq_device
    21	soundcore              16384  1 snd
    22	kvm                   552960  1 kvm_intel
    23	irqbypass              16384  1 kvm
    24	shpchp                 36864  0
    25	i2c_i801               20480  0
    26	acpi_cpufreq           20480  1
    27	tpm_tis                20480  0
    28	tpm                    40960  1 tpm_tis
    29	nfsd                  323584  1
    30	auth_rpcgss            61440  1 nfsd
    31	nfs_acl                16384  1 nfsd
    32	lockd                  90112  1 nfsd
    33	grace                  16384  2 nfsd,lockd
    34	sunrpc                319488  7 nfsd,auth_rpcgss,lockd,nfs_acl
    35	amdkfd                131072  1
    36	amd_iommu_v2           20480  1 amdkfd
    37	radeon               1503232  7
    38	serio_raw              16384  0
    39	i2c_algo_bit           16384  1 radeon
    40	drm_kms_helper        131072  1 radeon
    41	r8169                  81920  0
    42	ata_generic            16384  0
    43	pata_acpi              16384  0
    44	ttm                    90112  1 radeon
    45	mii                    16384  1 r8169
    46	drm                   335872  10 ttm,drm_kms_helper,radeon
    47	fjes                   28672  0
***********************************************************

kernel/drivers/net/wireless/st/cw1200/cw1200_core.ko
kernel/drivers/net/wireless/st/cw1200/cw1200_wlan_sdio.ko
kernel/drivers/net/wireless/st/cw1200/cw1200_wlan_spi.ko
kernel/drivers/w1/masters/ds2490.ko
kernel/drivers/w1/masters/ds2482.ko
kernel/drivers/w1/masters/ds1wm.ko
kernel/drivers/w1/slaves/w1_therm.ko
kernel/drivers/w1/slaves/w1_smem.ko
kernel/drivers/w1/slaves/w1_ds2408.ko
kernel/drivers/w1/slaves/w1_ds2413.ko
kernel/drivers/w1/slaves/w1_ds2406.ko
kernel/drivers/w1/slaves/w1_ds2423.ko
kernel/drivers/w1/slaves/w1_ds2431.ko
kernel/drivers/w1/slaves/w1_ds2433.ko
kernel/drivers/w1/slaves/w1_ds2760.ko
kernel/drivers/w1/slaves/w1_ds2780.ko
kernel/drivers/w1/slaves/w1_ds2781.ko
kernel/drivers/w1/slaves/w1_bq27000.ko
kernel/drivers/w1/slaves/w1_ds28e04.ko
kernel/drivers/w1/wire.ko
***********************************************************

total 368
drwxr-xr-x. 2 root root  4096 abr 18 12:36 ./
drwxr-xr-x. 4 root root  4096 abr 18 12:36 ../
-rw-r--r--. 1 root root  6156 abr 18 12:36 acerhdf.ko.xz
-rw-r--r--. 1 root root 10716 abr 18 12:36 acer-wmi.ko.xz
-rw-r--r--. 1 root root  5372 abr 18 12:36 alienware-wmi.ko.xz
-rw-r--r--. 1 root root  2416 abr 18 12:36 amilo-rfkill.ko.xz
-rw-r--r--. 1 root root  5316 abr 18 12:36 apple-gmux.ko.xz
-rw-r--r--. 1 root root 10436 abr 18 12:36 asus-laptop.ko.xz
-rw-r--r--. 1 root root  2772 abr 18 12:36 asus-nb-wmi.ko.xz
-rw-r--r--. 1 root root  2288 abr 18 12:36 asus-wireless.ko.xz
-rw-r--r--. 1 root root 10772 abr 18 12:36 asus-wmi.ko.xz
-rw-r--r--. 1 root root  5536 abr 18 12:36 classmate-laptop.ko.xz
-rw-r--r--. 1 root root  6868 abr 18 12:36 compal-laptop.ko.xz
-rw-r--r--. 1 root root 10900 abr 18 12:36 dell-laptop.ko.xz
-rw-r--r--. 1 root root  3616 abr 18 12:36 dell-rbtn.ko.xz
-rw-r--r--. 1 root root  3240 abr 18 12:36 dell-smo8800.ko.xz
-rw-r--r--. 1 root root  2520 abr 18 12:36 dell-wmi-aio.ko.xz
-rw-r--r--. 1 root root  4492 abr 18 12:36 dell-wmi.ko.xz
-rw-r--r--. 1 root root  8736 abr 18 12:36 eeepc-laptop.ko.xz
-rw-r--r--. 1 root root  3056 abr 18 12:36 eeepc-wmi.ko.xz
-rw-r--r--. 1 root root  6924 abr 18 12:36 fujitsu-laptop.ko.xz
-rw-r--r--. 1 root root  3900 abr 18 12:36 fujitsu-tablet.ko.xz
-rw-r--r--. 1 root root  4888 abr 18 12:36 hdaps.ko.xz
-rw-r--r--. 1 root root  4336 abr 18 12:36 hp_accel.ko.xz
-rw-r--r--. 1 root root  2132 abr 18 12:36 hp-wireless.ko.xz
-rw-r--r--. 1 root root  6312 abr 18 12:36 hp-wmi.ko.xz
-rw-r--r--. 1 root root  6824 abr 18 12:36 ideapad-laptop.ko.xz
-rw-r--r--. 1 root root  3140 abr 18 12:36 intel-hid.ko.xz
-rw-r--r--. 1 root root  7744 abr 18 12:36 intel_ips.ko.xz
-rw-r--r--. 1 root root  3544 abr 18 12:36 intel_oaktrail.ko.xz
-rw-r--r--. 1 root root  3144 abr 18 12:36 intel_punit_ipc.ko.xz
-rw-r--r--. 1 root root  2200 abr 18 12:36 intel-rst.ko.xz
-rw-r--r--. 1 root root  6960 abr 18 12:36 msi-laptop.ko.xz
-rw-r--r--. 1 root root  4204 abr 18 12:36 msi-wmi.ko.xz
-rw-r--r--. 1 root root  1996 abr 18 12:36 mxm-wmi.ko.xz
-rw-r--r--. 1 root root  3872 abr 18 12:36 panasonic-laptop.ko.xz
-rw-r--r--. 1 root root  2004 abr 18 12:36 pvpanic.ko.xz
-rw-r--r--. 1 root root  8528 abr 18 12:36 samsung-laptop.ko.xz
-rw-r--r--. 1 root root  2708 abr 18 12:36 samsung-q10.ko.xz
-rw-r--r--. 1 root root 22848 abr 18 12:36 sony-laptop.ko.xz
-rw-r--r--. 1 root root  2624 abr 18 12:36 surfacepro3_button.ko.xz
-rw-r--r--. 1 root root 40316 abr 18 12:36 thinkpad_acpi.ko.xz
-rw-r--r--. 1 root root  2464 abr 18 12:36 topstar-laptop.ko.xz
-rw-r--r--. 1 root root 13704 abr 18 12:36 toshiba_acpi.ko.xz
-rw-r--r--. 1 root root  3152 abr 18 12:36 toshiba_bluetooth.ko.xz
-rw-r--r--. 1 root root  2976 abr 18 12:36 toshiba_haps.ko.xz
-rw-r--r--. 1 root root  2324 abr 18 12:36 toshiba-wmi.ko.xz
-rw-r--r--. 1 root root  6080 abr 18 12:36 wmi.ko.xz
***********************************************************

total 296
drwxr-xr-x. 2 root root  4096 abr 19 20:40 ./
drwxr-xr-x. 4 root root  4096 abr 18 12:36 ../
-rw-r--r--. 1 root root  5536 abr 18 12:36 classmate-laptop.ko.xz
-rw-r--r--. 1 root root  6868 abr 18 12:36 compal-laptop.ko.xz
-rw-r--r--. 1 root root 10900 abr 18 12:36 dell-laptop.ko.xz
-rw-r--r--. 1 root root  3616 abr 18 12:36 dell-rbtn.ko.xz
-rw-r--r--. 1 root root  3240 abr 18 12:36 dell-smo8800.ko.xz
-rw-r--r--. 1 root root  2520 abr 18 12:36 dell-wmi-aio.ko.xz
-rw-r--r--. 1 root root  4492 abr 18 12:36 dell-wmi.ko.xz
-rw-r--r--. 1 root root  8736 abr 18 12:36 eeepc-laptop.ko.xz
-rw-r--r--. 1 root root  3056 abr 18 12:36 eeepc-wmi.ko.xz
-rw-r--r--. 1 root root  6924 abr 18 12:36 fujitsu-laptop.ko.xz
-rw-r--r--. 1 root root  3900 abr 18 12:36 fujitsu-tablet.ko.xz
-rw-r--r--. 1 root root  4888 abr 18 12:36 hdaps.ko.xz
-rw-r--r--. 1 root root  4336 abr 18 12:36 hp_accel.ko.xz
-rw-r--r--. 1 root root  2132 abr 18 12:36 hp-wireless.ko.xz
-rw-r--r--. 1 root root  6312 abr 18 12:36 hp-wmi.ko.xz
-rw-r--r--. 1 root root  6824 abr 18 12:36 ideapad-laptop.ko.xz
-rw-r--r--. 1 root root  3140 abr 18 12:36 intel-hid.ko.xz
-rw-r--r--. 1 root root  7744 abr 18 12:36 intel_ips.ko.xz
-rw-r--r--. 1 root root  3544 abr 18 12:36 intel_oaktrail.ko.xz
-rw-r--r--. 1 root root  3144 abr 18 12:36 intel_punit_ipc.ko.xz
-rw-r--r--. 1 root root  2200 abr 18 12:36 intel-rst.ko.xz
-rw-r--r--. 1 root root  6960 abr 18 12:36 msi-laptop.ko.xz
-rw-r--r--. 1 root root  4204 abr 18 12:36 msi-wmi.ko.xz
-rw-r--r--. 1 root root  1996 abr 18 12:36 mxm-wmi.ko.xz
-rw-r--r--. 1 root root  3872 abr 18 12:36 panasonic-laptop.ko.xz
-rw-r--r--. 1 root root  2004 abr 18 12:36 pvpanic.ko.xz
-rw-r--r--. 1 root root  8528 abr 18 12:36 samsung-laptop.ko.xz
-rw-r--r--. 1 root root  2708 abr 18 12:36 samsung-q10.ko.xz
-rw-r--r--. 1 root root 22848 abr 18 12:36 sony-laptop.ko.xz
-rw-r--r--. 1 root root  2624 abr 18 12:36 surfacepro3_button.ko.xz
-rw-r--r--. 1 root root 40316 abr 18 12:36 thinkpad_acpi.ko.xz
-rw-r--r--. 1 root root  2464 abr 18 12:36 topstar-laptop.ko.xz
-rw-r--r--. 1 root root 13704 abr 18 12:36 toshiba_acpi.ko.xz
-rw-r--r--. 1 root root  3152 abr 18 12:36 toshiba_bluetooth.ko.xz
-rw-r--r--. 1 root root  2976 abr 18 12:36 toshiba_haps.ko.xz
-rw-r--r--. 1 root root  2324 abr 18 12:36 toshiba-wmi.ko.xz
-rw-r--r--. 1 root root  6080 abr 18 12:36 wmi.ko.xz
***********************************************************

total 60
drwxr-xr-x. 2 root root 4096 abr 19 20:46 ./
drwxr-xr-x. 4 root root 4096 abr 18 12:36 ../
-rw-r--r--. 1 root root 4336 abr 18 12:36 hp_accel.ko.xz
-rw-r--r--. 1 root root 6312 abr 18 12:36 hp-wmi.ko.xz
-rw-r--r--. 1 root root 3140 abr 18 12:36 intel-hid.ko.xz
-rw-r--r--. 1 root root 7744 abr 18 12:36 intel_ips.ko.xz
-rw-r--r--. 1 root root 3544 abr 18 12:36 intel_oaktrail.ko.xz
-rw-r--r--. 1 root root 3144 abr 18 12:36 intel_punit_ipc.ko.xz
-rw-r--r--. 1 root root 2200 abr 18 12:36 intel-rst.ko.xz
-rw-r--r--. 1 root root 4204 abr 18 12:36 msi-wmi.ko.xz
-rw-r--r--. 1 root root 1996 abr 18 12:36 mxm-wmi.ko.xz
***********************************************************

kernel/drivers/video/backlight/platform_lcd.ko
kernel/drivers/ata/ahci_platform.ko
kernel/drivers/ata/libahci_platform.ko
kernel/drivers/spi/spi-pxa2xx-platform.ko
kernel/drivers/net/can/sja1000/sja1000_platform.ko
kernel/drivers/net/can/c_can/c_can_platform.ko
kernel/drivers/net/can/cc770/cc770_platform.ko
kernel/drivers/i2c/busses/i2c-designware-platform.ko
kernel/drivers/i2c/busses/i2c-pca-platform.ko
kernel/drivers/platform/x86/asus-laptop.ko
kernel/drivers/platform/x86/asus-wmi.ko
kernel/drivers/platform/x86/asus-nb-wmi.ko
kernel/drivers/platform/x86/asus-wireless.ko
kernel/drivers/platform/x86/eeepc-laptop.ko
kernel/drivers/platform/x86/eeepc-wmi.ko
kernel/drivers/platform/x86/msi-laptop.ko
kernel/drivers/platform/x86/classmate-laptop.ko
kernel/drivers/platform/x86/compal-laptop.ko
kernel/drivers/platform/x86/dell-laptop.ko
kernel/drivers/platform/x86/dell-wmi.ko
kernel/drivers/platform/x86/dell-wmi-aio.ko
kernel/drivers/platform/x86/dell-smo8800.ko
kernel/drivers/platform/x86/dell-rbtn.ko
kernel/drivers/platform/x86/acer-wmi.ko
kernel/drivers/platform/x86/acerhdf.ko
kernel/drivers/platform/x86/hp_accel.ko
kernel/drivers/platform/x86/hp-wireless.ko
kernel/drivers/platform/x86/hp-wmi.ko
kernel/drivers/platform/x86/amilo-rfkill.ko
kernel/drivers/platform/x86/sony-laptop.ko
kernel/drivers/platform/x86/ideapad-laptop.ko
kernel/drivers/platform/x86/thinkpad_acpi.ko
kernel/drivers/platform/x86/hdaps.ko
kernel/drivers/platform/x86/fujitsu-laptop.ko
kernel/drivers/platform/x86/fujitsu-tablet.ko
kernel/drivers/platform/x86/panasonic-laptop.ko
kernel/drivers/platform/x86/wmi.ko
kernel/drivers/platform/x86/msi-wmi.ko
kernel/drivers/platform/x86/topstar-laptop.ko
kernel/drivers/platform/x86/toshiba_acpi.ko
kernel/drivers/platform/x86/toshiba_bluetooth.ko
kernel/drivers/platform/x86/toshiba_haps.ko
kernel/drivers/platform/x86/toshiba-wmi.ko
kernel/drivers/platform/x86/intel-hid.ko
kernel/drivers/platform/x86/intel_ips.ko
kernel/drivers/platform/x86/samsung-laptop.ko
kernel/drivers/platform/x86/mxm-wmi.ko
kernel/drivers/platform/x86/intel_oaktrail.ko
kernel/drivers/platform/x86/samsung-q10.ko
kernel/drivers/platform/x86/apple-gmux.ko
kernel/drivers/platform/x86/intel-rst.ko
kernel/drivers/platform/x86/pvpanic.ko
kernel/drivers/platform/x86/alienware-wmi.ko
kernel/drivers/platform/x86/surfacepro3_button.ko
kernel/drivers/platform/x86/intel_punit_ipc.ko
kernel/drivers/platform/chrome/chromeos_laptop.ko
kernel/drivers/platform/chrome/chromeos_pstore.ko
kernel/sound/soc/intel/atom/snd-soc-sst-mfld-platform.ko
***********************************************************

cheeseToFujiMountainNext

