[abr20 10:55] Linux version 4.5.5-300.fc24.x86_64 (mockbuild@bkernel01.phx2.fedoraproject.org) (gcc version 6.1.1 20160510 (Red Hat 6.1.1-2) (GCC) ) #1 SMP Thu May 19 13:05:32 UTC 2016
[  +0,000000] Command line: BOOT_IMAGE=/boot/vmlinuz-4.5.5-300.fc24.x86_64 root=/dev/mapper/fedora-root ro rd.lvm.lv=fedora/root rd.lvm.lv=fedora/swap rhgb quiet
[  +0,000000] x86/fpu: Supporting XSAVE feature 0x01: 'x87 floating point registers'
[  +0,000000] x86/fpu: Supporting XSAVE feature 0x02: 'SSE registers'
[  +0,000000] x86/fpu: Enabled xstate features 0x3, context size is 576 bytes, using 'standard' format.
[  +0,000000] x86/fpu: Using 'lazy' FPU context switches.
[  +0,000000] e820: BIOS-provided physical RAM map:
[  +0,000000] BIOS-e820: [mem 0x0000000000000000-0x000000000009f3ff] usable
[  +0,000000] BIOS-e820: [mem 0x000000000009f400-0x000000000009ffff] reserved
[  +0,000000] BIOS-e820: [mem 0x00000000000f0000-0x00000000000fffff] reserved
[  +0,000000] BIOS-e820: [mem 0x0000000000100000-0x00000000cfe8ffff] usable
[  +0,000000] BIOS-e820: [mem 0x00000000cfe90000-0x00000000cfee2fff] ACPI NVS
[  +0,000000] BIOS-e820: [mem 0x00000000cfee3000-0x00000000cfeeffff] ACPI data
[  +0,000000] BIOS-e820: [mem 0x00000000cfef0000-0x00000000cfefffff] reserved
[  +0,000000] BIOS-e820: [mem 0x00000000e0000000-0x00000000efffffff] reserved
[  +0,000000] BIOS-e820: [mem 0x00000000fec00000-0x00000000ffffffff] reserved
[  +0,000000] BIOS-e820: [mem 0x0000000100000000-0x000000012fffffff] usable
[  +0,000000] NX (Execute Disable) protection: active
[  +0,000000] SMBIOS 2.5 present.
[  +0,000000] DMI: HP-Pavilion NR021AA-ABE p6027es/Boston, BIOS 5.19 03/06/2009
[  +0,000000] e820: update [mem 0x00000000-0x00000fff] usable ==> reserved
[  +0,000000] e820: remove [mem 0x000a0000-0x000fffff] usable
[  +0,000000] e820: last_pfn = 0x130000 max_arch_pfn = 0x400000000
[  +0,000000] MTRR default type: uncachable
[  +0,000000] MTRR fixed ranges enabled:
[  +0,000000]   00000-9FFFF write-back
[  +0,000000]   A0000-BFFFF uncachable
[  +0,000000]   C0000-CFFFF write-protect
[  +0,000000]   D0000-EFFFF uncachable
[  +0,000000]   F0000-FFFFF write-through
[  +0,000000] MTRR variable ranges enabled:
[  +0,000000]   0 base 100000000 mask FE0000000 write-back
[  +0,000000]   1 base 120000000 mask FF0000000 write-back
[  +0,000000]   2 base 000000000 mask F80000000 write-back
[  +0,000000]   3 base 080000000 mask FC0000000 write-back
[  +0,000000]   4 base 0C0000000 mask FF0000000 write-back
[  +0,000000]   5 base 0CFF00000 mask FFFF00000 uncachable
[  +0,000000]   6 disabled
[  +0,000000]   7 disabled
[  +0,000000] x86/PAT: Configuration [0-7]: WB  WC  UC- UC  WB  WC  UC- WT
[  +0,000000] e820: update [mem 0xcff00000-0xffffffff] usable ==> reserved
[  +0,000000] e820: last_pfn = 0xcfe90 max_arch_pfn = 0x400000000
[  +0,000000] found SMP MP-table at [mem 0x000f4280-0x000f428f] mapped at [ffff8800000f4280]
[  +0,000000] Base memory trampoline at [ffff880000099000] 99000 size 24576
[  +0,000000] BRK [0x0205f000, 0x0205ffff] PGTABLE
[  +0,000000] BRK [0x02060000, 0x02060fff] PGTABLE
[  +0,000000] BRK [0x02061000, 0x02061fff] PGTABLE
[  +0,000000] BRK [0x02062000, 0x02062fff] PGTABLE
[  +0,000000] RAMDISK: [mem 0x35616000-0x36b02fff]
[  +0,000000] ACPI: Early table checksum verification disabled
[  +0,000000] ACPI: RSDP 0x00000000000F8300 000024 (v02 HPQOEM)
[  +0,000000] ACPI: XSDT 0x00000000CFEE3080 000054 (v01 HPQOEM SLIC-CPC 42302E31 AWRD 00000000)
[  +0,000000] ACPI: FACP 0x00000000CFEE7300 0000F4 (v03 HPQOEM SLIC-CPC 42302E31 AWRD 00000000)
[  +0,000000] ACPI BIOS Warning (bug): 32/64X length mismatch in FADT/Pm1aEventBlock: 32/8 (20160108/tbfadt-623)
[  +0,000000] ACPI BIOS Warning (bug): 32/64X length mismatch in FADT/Pm1aControlBlock: 16/8 (20160108/tbfadt-623)
[  +0,000000] ACPI BIOS Warning (bug): 32/64X length mismatch in FADT/PmTimerBlock: 32/8 (20160108/tbfadt-623)
[  +0,000000] ACPI BIOS Warning (bug): 32/64X length mismatch in FADT/Gpe0Block: 64/8 (20160108/tbfadt-623)
[  +0,000000] ACPI BIOS Warning (bug): Invalid length for FADT/Pm1aEventBlock: 8, using default 32 (20160108/tbfadt-704)
[  +0,000000] ACPI BIOS Warning (bug): Invalid length for FADT/Pm1aControlBlock: 8, using default 16 (20160108/tbfadt-704)
[  +0,000000] ACPI BIOS Warning (bug): Invalid length for FADT/PmTimerBlock: 8, using default 32 (20160108/tbfadt-704)
[  +0,000000] ACPI: DSDT 0x00000000CFEE3240 004097 (v01 HPQOEM SLIC-CPC 00001000 MSFT 03000000)
[  +0,000000] ACPI: FACS 0x00000000CFE90000 000040
[  +0,000000] ACPI: FACS 0x00000000CFE90000 000040
[  +0,000000] ACPI: SLIC 0x00000000CFEE74C0 000176 (v01 HPQOEM SLIC-CPC 42302E31 AWRD 00000000)
[  +0,000000] ACPI: HPET 0x00000000CFEE7740 000038 (v01 HPQOEM SLIC-CPC 42302E31 AWRD 00000098)
[  +0,000000] ACPI: MCFG 0x00000000CFEE7780 00003C (v01 HPQOEM SLIC-CPC 42302E31 AWRD 00000000)
[  +0,000000] ACPI: APIC 0x00000000CFEE7400 000084 (v01 HPQOEM SLIC-CPC 42302E31 AWRD 00000000)
[  +0,000000] ACPI: SSDT 0x00000000CFEE7E20 000380 (v01 HPQOEM SLIC-CPC 00003000 INTL 20041203)
[  +0,000000] ACPI: Local APIC address 0xfee00000
[  +0,000000] No NUMA configuration found
[  +0,000000] Faking a node at [mem 0x0000000000000000-0x000000012fffffff]
[  +0,000000] NODE_DATA(0) allocated [mem 0x12ffe5000-0x12fffbfff]
[  +0,000000] Zone ranges:
[  +0,000000]   DMA      [mem 0x0000000000001000-0x0000000000ffffff]
[  +0,000000]   DMA32    [mem 0x0000000001000000-0x00000000ffffffff]
[  +0,000000]   Normal   [mem 0x0000000100000000-0x000000012fffffff]
[  +0,000000]   Device   empty
[  +0,000000] Movable zone start for each node
[  +0,000000] Early memory node ranges
[  +0,000000]   node   0: [mem 0x0000000000001000-0x000000000009efff]
[  +0,000000]   node   0: [mem 0x0000000000100000-0x00000000cfe8ffff]
[  +0,000000]   node   0: [mem 0x0000000100000000-0x000000012fffffff]
[  +0,000000] Initmem setup node 0 [mem 0x0000000000001000-0x000000012fffffff]
[  +0,000000] On node 0 totalpages: 1048110
[  +0,000000]   DMA zone: 64 pages used for memmap
[  +0,000000]   DMA zone: 21 pages reserved
[  +0,000000]   DMA zone: 3998 pages, LIFO batch:0
[  +0,000000]   DMA32 zone: 13243 pages used for memmap
[  +0,000000]   DMA32 zone: 847504 pages, LIFO batch:31
[  +0,000000]   Normal zone: 3072 pages used for memmap
[  +0,000000]   Normal zone: 196608 pages, LIFO batch:31
[  +0,000000] ACPI: PM-Timer IO Port: 0x408
[  +0,000000] ACPI: Local APIC address 0xfee00000
[  +0,000000] ACPI: LAPIC_NMI (acpi_id[0x00] high edge lint[0x1])
[  +0,000000] ACPI: LAPIC_NMI (acpi_id[0x01] high edge lint[0x1])
[  +0,000000] ACPI: LAPIC_NMI (acpi_id[0x02] high edge lint[0x1])
[  +0,000000] ACPI: LAPIC_NMI (acpi_id[0x03] high edge lint[0x1])
[  +0,000000] IOAPIC[0]: apic_id 4, version 32, address 0xfec00000, GSI 0-23
[  +0,000000] ACPI: INT_SRC_OVR (bus 0 bus_irq 0 global_irq 2 dfl dfl)
[  +0,000000] ACPI: INT_SRC_OVR (bus 0 bus_irq 9 global_irq 9 high level)
[  +0,000000] ACPI: IRQ0 used by override.
[  +0,000000] ACPI: IRQ9 used by override.
[  +0,000000] Using ACPI (MADT) for SMP configuration information
[  +0,000000] ACPI: HPET id: 0x8086a201 base: 0xfed00000
[  +0,000000] smpboot: Allowing 4 CPUs, 2 hotplug CPUs
[  +0,000000] PM: Registered nosave memory: [mem 0x00000000-0x00000fff]
[  +0,000000] PM: Registered nosave memory: [mem 0x0009f000-0x0009ffff]
[  +0,000000] PM: Registered nosave memory: [mem 0x000a0000-0x000effff]
[  +0,000000] PM: Registered nosave memory: [mem 0x000f0000-0x000fffff]
[  +0,000000] PM: Registered nosave memory: [mem 0xcfe90000-0xcfee2fff]
[  +0,000000] PM: Registered nosave memory: [mem 0xcfee3000-0xcfeeffff]
[  +0,000000] PM: Registered nosave memory: [mem 0xcfef0000-0xcfefffff]
[  +0,000000] PM: Registered nosave memory: [mem 0xcff00000-0xdfffffff]
[  +0,000000] PM: Registered nosave memory: [mem 0xe0000000-0xefffffff]
[  +0,000000] PM: Registered nosave memory: [mem 0xf0000000-0xfebfffff]
[  +0,000000] PM: Registered nosave memory: [mem 0xfec00000-0xffffffff]
[  +0,000000] e820: [mem 0xcff00000-0xdfffffff] available for PCI devices
[  +0,000000] Booting paravirtualized kernel on bare hardware
[  +0,000000] clocksource: refined-jiffies: mask: 0xffffffff max_cycles: 0xffffffff, max_idle_ns: 1910969940391419 ns
[  +0,000000] setup_percpu: NR_CPUS:1024 nr_cpumask_bits:4 nr_cpu_ids:4 nr_node_ids:1
[  +0,000000] PERCPU: Embedded 34 pages/cpu @ffff88012fc00000 s98648 r8192 d32424 u524288
[  +0,000000] pcpu-alloc: s98648 r8192 d32424 u524288 alloc=1*2097152
[  +0,000000] pcpu-alloc: [0] 0 1 2 3
[  +0,000000] Built 1 zonelists in Node order, mobility grouping on.  Total pages: 1031710
[  +0,000000] Policy zone: Normal
[  +0,000000] Kernel command line: BOOT_IMAGE=/boot/vmlinuz-4.5.5-300.fc24.x86_64 root=/dev/mapper/fedora-root ro rd.lvm.lv=fedora/root rd.lvm.lv=fedora/swap rhgb quiet
[  +0,000000] PID hash table entries: 4096 (order: 3, 32768 bytes)
[  +0,000000] Memory: 4021652K/4192440K available (8014K kernel code, 1336K rwdata, 3512K rodata, 1552K init, 1544K bss, 170788K reserved, 0K cma-reserved)
[  +0,000000] SLUB: HWalign=64, Order=0-3, MinObjects=0, CPUs=4, Nodes=1
[  +0,000000] Hierarchical RCU implementation.
[  +0,000000] 	Build-time adjustment of leaf fanout to 64.
[  +0,000000] 	RCU restricting CPUs from NR_CPUS=1024 to nr_cpu_ids=4.
[  +0,000000] RCU: Adjusting geometry for rcu_fanout_leaf=64, nr_cpu_ids=4
[  +0,000000] NR_IRQS:65792 nr_irqs:456 16
[  +0,000000] 	Offload RCU callbacks from all CPUs
[  +0,000000] 	Offload RCU callbacks from CPUs: 0-3.
[  +0,000000] Console: colour VGA+ 80x25
[  +0,000000] console [tty0] enabled
[  +0,000000] clocksource: hpet: mask: 0xffffffff max_cycles: 0xffffffff, max_idle_ns: 133484882848 ns
[  +0,000000] hpet clockevent registered
[  +0,000000] tsc: Fast TSC calibration using PIT
[  +0,000000] tsc: Detected 3333.175 MHz processor
[  +0,000000] Calibrating delay loop (skipped), value calculated using timer frequency.. 6666.35 BogoMIPS (lpj=3333175)
[  +0,000002] pid_max: default: 32768 minimum: 301
[  +0,000007] ACPI: Core revision 20160108
[  +0,002127] ACPI: 2 ACPI AML tables successfully acquired and loaded

[  +0,000025] Security Framework initialized
[  +0,000002] Yama: becoming mindful.
[  +0,000006] SELinux:  Initializing.
[  +0,000013] SELinux:  Starting in permissive mode
[  +0,000287] Dentry cache hash table entries: 524288 (order: 10, 4194304 bytes)
[  +0,001783] Inode-cache hash table entries: 262144 (order: 9, 2097152 bytes)
[  +0,000796] Mount-cache hash table entries: 8192 (order: 4, 65536 bytes)
[  +0,000006] Mountpoint-cache hash table entries: 8192 (order: 4, 65536 bytes)
[  +0,000313] CPU: Physical Processor ID: 0
[  +0,000002] CPU: Processor Core ID: 0
[  +0,000002] mce: CPU supports 6 MCE banks
[  +0,000006] CPU0: Thermal monitoring enabled (TM2)
[  +0,000003] process: using mwait in idle threads
[  +0,000005] Last level iTLB entries: 4KB 128, 2MB 4, 4MB 4
[  +0,000001] Last level dTLB entries: 4KB 256, 2MB 0, 4MB 32, 1GB 0
[  +0,000284] Freeing SMP alternatives memory: 32K (ffffffff81ed3000 - ffffffff81edb000)
[  +0,002322] ftrace: allocating 29874 entries in 117 pages
[  +0,006428] ..TIMER: vector=0x30 apic1=0 pin1=2 apic2=-1 pin2=-1
[  +0,010569] smpboot: CPU0: Intel(R) Core(TM)2 Duo CPU     E8600  @ 3.33GHz (family: 0x6, model: 0x17, stepping: 0xa)
[  +0,000000] Performance Events: PEBS fmt0+, 4-deep LBR, Core2 events, Intel PMU driver.
[  +0,000000] ... version:                2
[  +0,000000] ... bit width:              40
[  +0,000000] ... generic registers:      2
[  +0,000000] ... value mask:             000000ffffffffff
[  +0,000000] ... max period:             000000007fffffff
[  +0,000000] ... fixed-purpose events:   3
[  +0,000000] ... event mask:             0000000700000003
[  +0,000000] x86: Booting SMP configuration:
[  +0,000000] .... node  #0, CPUs:      #1
[  +0,001037] x86: Booted up 1 node, 2 CPUs
[  +0,000004] smpboot: Total of 2 processors activated (13332.70 BogoMIPS)
[  +0,001035] NMI watchdog: enabled on all CPUs, permanently consumes one hw-PMU counter.
[  +0,000112] devtmpfs: initialized
[  +0,002844] PM: Registering ACPI NVS region [mem 0xcfe90000-0xcfee2fff] (339968 bytes)
[  +0,000065] clocksource: jiffies: mask: 0xffffffff max_cycles: 0xffffffff, max_idle_ns: 1911260446275000 ns
[  +0,000051] atomic64_test: passed for x86-64 platform with CX8 and with SSE
[  +0,000002] pinctrl core: initialized pinctrl subsystem
[  +0,000043] RTC time: 10:55:43, date: 04/20/17
[  +0,000097] NET: Registered protocol family 16
[  +0,001713] cpuidle: using governor menu
[  +0,000084] ACPI: bus type PCI registered
[  +0,000003] acpiphp: ACPI Hot Plug PCI Controller Driver version: 0.5
[  +0,000090] PCI: MMCONFIG for domain 0000 [bus 00-ff] at [mem 0xe0000000-0xefffffff] (base 0xe0000000)
[  +0,000003] PCI: MMCONFIG at [mem 0xe0000000-0xefffffff] reserved in E820
[  +0,000023] PCI: Using configuration type 1 for base access
[  +0,002847] HugeTLB registered 2 MB page size, pre-allocated 0 pages
[  +0,000029] ACPI: Added _OSI(Module Device)
[  +0,000000] ACPI: Added _OSI(Processor Device)
[  +0,000000] ACPI: Added _OSI(3.0 _SCP Extensions)
[  +0,000000] ACPI: Added _OSI(Processor Aggregator Device)
[  +0,002689] ACPI: Dynamic OEM Table Load:
[  +0,000004] ACPI: SSDT 0xFFFF88012A580C00 00026C (v01 PmRef  Cpu0Ist  00003000 INTL 20041203)
[  +0,000197] ACPI: Dynamic OEM Table Load:
[  +0,000004] ACPI: SSDT 0xFFFF88012A5B0400 000152 (v01 PmRef  Cpu1Ist  00003000 INTL 20041203)
[  +0,000249] ACPI: Interpreter enabled
[  +0,000015] ACPI: (supports S0 S1 S3 S4 S5)
[  +0,000001] ACPI: Using IOAPIC for interrupt routing
[  +0,000016] PCI: Using host bridge windows from ACPI; if necessary, use "pci=nocrs" and report a bug
[  +0,003049] ACPI: PCI Root Bridge [PCI0] (domain 0000 [bus 00-ff])
[  +0,000004] acpi PNP0A08:00: _OSC: OS supports [ExtendedConfig ASPM ClockPM Segments MSI]
[  +0,000004] acpi PNP0A08:00: _OSC failed (AE_NOT_FOUND); disabling ASPM
[  +0,000162] PCI host bridge to bus 0000:00
[  +0,000002] pci_bus 0000:00: root bus resource [io  0x0000-0x0cf7 window]
[  +0,000002] pci_bus 0000:00: root bus resource [io  0x0d00-0xffff window]
[  +0,000001] pci_bus 0000:00: root bus resource [mem 0x000a0000-0x000bffff window]
[  +0,000002] pci_bus 0000:00: root bus resource [mem 0x000c0000-0x000dffff window]
[  +0,000001] pci_bus 0000:00: root bus resource [mem 0xcff00000-0xfebfffff window]
[  +0,000002] pci_bus 0000:00: root bus resource [bus 00-ff]
[  +0,000007] pci 0000:00:00.0: [8086:29c0] type 00 class 0x060000
[  +0,000079] pci 0000:00:01.0: [8086:29c1] type 01 class 0x060400
[  +0,000028] pci 0000:00:01.0: PME# supported from D0 D3hot D3cold
[  +0,000077] pci 0000:00:1d.0: [8086:27c8] type 00 class 0x0c0300
[  +0,000032] pci 0000:00:1d.0: reg 0x20: [io  0xf500-0xf51f]
[  +0,000050] pci 0000:00:1d.0: System wakeup disabled by ACPI
[  +0,000034] pci 0000:00:1d.1: [8086:27c9] type 00 class 0x0c0300
[  +0,000031] pci 0000:00:1d.1: reg 0x20: [io  0xf600-0xf61f]
[  +0,000048] pci 0000:00:1d.1: System wakeup disabled by ACPI
[  +0,000034] pci 0000:00:1d.2: [8086:27ca] type 00 class 0x0c0300
[  +0,000030] pci 0000:00:1d.2: reg 0x20: [io  0xf700-0xf71f]
[  +0,000048] pci 0000:00:1d.2: System wakeup disabled by ACPI
[  +0,000036] pci 0000:00:1d.3: [8086:27cb] type 00 class 0x0c0300
[  +0,000031] pci 0000:00:1d.3: reg 0x20: [io  0xf800-0xf81f]
[  +0,000049] pci 0000:00:1d.3: System wakeup disabled by ACPI
[  +0,000040] pci 0000:00:1d.7: [8086:27cc] type 00 class 0x0c0320
[  +0,000014] pci 0000:00:1d.7: reg 0x10: [mem 0xfdfff000-0xfdfff3ff]
[  +0,000063] pci 0000:00:1d.7: PME# supported from D0 D3hot D3cold
[  +0,000033] pci 0000:00:1d.7: System wakeup disabled by ACPI
[  +0,000035] pci 0000:00:1e.0: [8086:244e] type 01 class 0x060401
[  +0,000063] pci 0000:00:1e.0: System wakeup disabled by ACPI
[  +0,000038] pci 0000:00:1f.0: [8086:27b8] type 00 class 0x060100
[  +0,000065] pci 0000:00:1f.0: quirk: [io  0x0400-0x047f] claimed by ICH6 ACPI/GPIO/TCO
[  +0,000003] pci 0000:00:1f.0: quirk: [io  0x0480-0x04bf] claimed by ICH6 GPIO
[  +0,000003] pci 0000:00:1f.0: ICH7 LPC Generic IO decode 1 PIO at 0800 (mask 003f)
[  +0,000003] pci 0000:00:1f.0: ICH7 LPC Generic IO decode 2 PIO at 0290 (mask 001f)
[  +0,000079] pci 0000:00:1f.2: [8086:27c0] type 00 class 0x01018a
[  +0,000010] pci 0000:00:1f.2: reg 0x10: [io  0x0000-0x0007]
[  +0,000006] pci 0000:00:1f.2: reg 0x14: [io  0x0000-0x0003]
[  +0,000006] pci 0000:00:1f.2: reg 0x18: [io  0x0000-0x0007]
[  +0,000006] pci 0000:00:1f.2: reg 0x1c: [io  0x0000-0x0003]
[  +0,000006] pci 0000:00:1f.2: reg 0x20: [io  0xf900-0xf90f]
[  +0,000012] pci 0000:00:1f.2: legacy IDE quirk: reg 0x10: [io  0x01f0-0x01f7]
[  +0,000002] pci 0000:00:1f.2: legacy IDE quirk: reg 0x14: [io  0x03f6]
[  +0,000001] pci 0000:00:1f.2: legacy IDE quirk: reg 0x18: [io  0x0170-0x0177]
[  +0,000001] pci 0000:00:1f.2: legacy IDE quirk: reg 0x1c: [io  0x0376]
[  +0,000017] pci 0000:00:1f.2: PME# supported from D3hot
[  +0,000064] pci 0000:00:1f.3: [8086:27da] type 00 class 0x0c0500
[  +0,000042] pci 0000:00:1f.3: reg 0x20: [io  0x0500-0x051f]
[  +0,000109] pci 0000:01:00.0: [1002:6779] type 00 class 0x030000
[  +0,000013] pci 0000:01:00.0: reg 0x10: [mem 0xd0000000-0xdfffffff 64bit pref]
[  +0,000010] pci 0000:01:00.0: reg 0x18: [mem 0xfdca0000-0xfdcbffff 64bit]
[  +0,000006] pci 0000:01:00.0: reg 0x20: [io  0xde00-0xdeff]
[  +0,000012] pci 0000:01:00.0: reg 0x30: [mem 0x00000000-0x0001ffff pref]
[  +0,000033] pci 0000:01:00.0: supports D1 D2
[  +0,000044] pci 0000:01:00.1: [1002:aa98] type 00 class 0x040300
[  +0,000013] pci 0000:01:00.1: reg 0x10: [mem 0xfdcfc000-0xfdcfffff 64bit]
[  +0,000060] pci 0000:01:00.1: supports D1 D2
[  +0,000055] pci 0000:00:01.0: PCI bridge to [bus 01]
[  +0,000002] pci 0000:00:01.0:   bridge window [io  0xd000-0xdfff]
[  +0,000002] pci 0000:00:01.0:   bridge window [mem 0xfdc00000-0xfdcfffff]
[  +0,000003] pci 0000:00:01.0:   bridge window [mem 0xd0000000-0xdfffffff 64bit pref]
[  +0,000034] pci 0000:05:00.0: [10ec:8169] type 00 class 0x020000
[  +0,000013] pci 0000:05:00.0: reg 0x10: [io  0xee00-0xeeff]
[  +0,000008] pci 0000:05:00.0: reg 0x14: [mem 0xfddff000-0xfddff0ff]
[  +0,000034] pci 0000:05:00.0: reg 0x30: [mem 0x00000000-0x0001ffff pref]
[  +0,000025] pci 0000:05:00.0: supports D1 D2
[  +0,000001] pci 0000:05:00.0: PME# supported from D1 D2 D3hot D3cold
[  +0,000068] pci 0000:00:1e.0: PCI bridge to [bus 05] (subtractive decode)
[  +0,000003] pci 0000:00:1e.0:   bridge window [io  0xe000-0xefff]
[  +0,000002] pci 0000:00:1e.0:   bridge window [mem 0xfdd00000-0xfddfffff]
[  +0,000004] pci 0000:00:1e.0:   bridge window [mem 0xfde00000-0xfdefffff 64bit pref]
[  +0,000002] pci 0000:00:1e.0:   bridge window [io  0x0000-0x0cf7 window] (subtractive decode)
[  +0,000002] pci 0000:00:1e.0:   bridge window [io  0x0d00-0xffff window] (subtractive decode)
[  +0,000001] pci 0000:00:1e.0:   bridge window [mem 0x000a0000-0x000bffff window] (subtractive decode)
[  +0,000002] pci 0000:00:1e.0:   bridge window [mem 0x000c0000-0x000dffff window] (subtractive decode)
[  +0,000001] pci 0000:00:1e.0:   bridge window [mem 0xcff00000-0xfebfffff window] (subtractive decode)
[  +0,000438] ACPI: PCI Interrupt Link [LNKA] (IRQs 3 4 5 7 9 *10 11 12 14 15)
[  +0,000044] ACPI: PCI Interrupt Link [LNKB] (IRQs 3 4 *5 7 9 10 11 12 14 15)
[  +0,000043] ACPI: PCI Interrupt Link [LNKC] (IRQs *3 4 5 7 9 10 11 12 14 15)
[  +0,000043] ACPI: PCI Interrupt Link [LNKD] (IRQs 3 4 5 7 9 10 *11 12 14 15)
[  +0,000042] ACPI: PCI Interrupt Link [LNKE] (IRQs 3 4 5 7 9 10 11 12 14 15) *0, disabled.
[  +0,000043] ACPI: PCI Interrupt Link [LNKF] (IRQs 3 4 5 7 9 10 11 12 14 15) *0, disabled.
[  +0,000043] ACPI: PCI Interrupt Link [LNK0] (IRQs 3 4 5 7 9 10 11 12 14 15) *0, disabled.
[  +0,000046] ACPI: PCI Interrupt Link [LNK1] (IRQs 3 4 5 *7 9 10 11 12 14 15)
[  +0,000049] ACPI: Enabled 2 GPEs in block 00 to 1F
[  +0,000062] vgaarb: setting as boot device: PCI:0000:01:00.0
[  +0,000000] vgaarb: device added: PCI:0000:01:00.0,decodes=io+mem,owns=io+mem,locks=none
[  +0,000000] vgaarb: loaded
[  +0,000000] vgaarb: bridge control possible 0000:01:00.0
[  +0,000000] SCSI subsystem initialized
[  +0,000000] libata version 3.00 loaded.
[  +0,000000] ACPI: bus type USB registered
[  +0,000000] usbcore: registered new interface driver usbfs
[  +0,000000] usbcore: registered new interface driver hub
[  +0,000000] usbcore: registered new device driver usb
[  +0,000016] PCI: Using ACPI for IRQ routing
[  +0,004872] PCI: pci_cache_line_size set to 64 bytes
[  +0,000027] e820: reserve RAM buffer [mem 0x0009f400-0x0009ffff]
[  +0,000001] e820: reserve RAM buffer [mem 0xcfe90000-0xcfffffff]
[  +0,000102] NetLabel: Initializing
[  +0,000001] NetLabel:  domain hash size = 128
[  +0,000001] NetLabel:  protocols = UNLABELED CIPSOv4
[  +0,000012] NetLabel:  unlabeled traffic allowed by default
[  +0,000037] HPET: 3 timers in total, 0 timers will be used for per-cpu timer
[  +0,000003] hpet0: at MMIO 0xfed00000, IRQs 2, 8, 0
[  +0,000003] hpet0: 3 comparators, 64-bit 14.318180 MHz counter
[  +0,001812] clocksource: Switched to clocksource hpet
[  +0,007827] VFS: Disk quotas dquot_6.6.0
[  +0,000020] VFS: Dquot-cache hash table entries: 512 (order 0, 4096 bytes)
[  +0,000121] pnp: PnP ACPI init
[  +0,000151] system 00:00: [io  0x04d0-0x04d1] has been reserved
[  +0,000003] system 00:00: [io  0x0800-0x087f] has been reserved
[  +0,000001] system 00:00: [io  0x0290-0x0297] has been reserved
[  +0,000002] system 00:00: [io  0x0880-0x088f] has been reserved
[  +0,000004] system 00:00: Plug and Play ACPI device, IDs PNP0c02 (active)
[  +0,000061] pnp 00:01: Plug and Play ACPI device, IDs PNP0b00 (active)
[  +0,000211] system 00:02: [io  0x0400-0x04bf] could not be reserved
[  +0,000003] system 00:02: Plug and Play ACPI device, IDs PNP0c02 (active)
[  +0,000152] system 00:03: [mem 0xe0000000-0xefffffff] has been reserved
[  +0,000002] system 00:03: Plug and Play ACPI device, IDs PNP0c02 (active)
[  +0,000071] system 00:04: [mem 0x000f0000-0x000fffff] could not be reserved
[  +0,000002] system 00:04: [mem 0xcff00000-0xcfffffff] has been reserved
[  +0,000002] system 00:04: [mem 0xfed00000-0xfed000ff] has been reserved
[  +0,000002] system 00:04: [mem 0xcfe90000-0xcfefffff] could not be reserved
[  +0,000002] system 00:04: [mem 0x00000000-0x0009ffff] could not be reserved
[  +0,000001] system 00:04: [mem 0x00100000-0xcfe8ffff] could not be reserved
[  +0,000002] system 00:04: [mem 0xfec00000-0xfec00fff] could not be reserved
[  +0,000002] system 00:04: [mem 0xfed13000-0xfed1dfff] has been reserved
[  +0,000001] system 00:04: [mem 0xfed20000-0xfed8ffff] has been reserved
[  +0,000002] system 00:04: [mem 0xfee00000-0xfee00fff] has been reserved
[  +0,000002] system 00:04: [mem 0xffb00000-0xffb7ffff] has been reserved
[  +0,000001] system 00:04: [mem 0xfff00000-0xffffffff] has been reserved
[  +0,000002] system 00:04: [mem 0x000e0000-0x000effff] has been reserved
[  +0,000002] system 00:04: Plug and Play ACPI device, IDs PNP0c01 (active)
[  +0,000005] pnp: PnP ACPI: found 5 devices
[  +0,006321] clocksource: acpi_pm: mask: 0xffffff max_cycles: 0xffffff, max_idle_ns: 2085701024 ns
[  +0,000024] pci 0000:01:00.0: BAR 6: assigned [mem 0xfdc00000-0xfdc1ffff pref]
[  +0,000003] pci 0000:00:01.0: PCI bridge to [bus 01]
[  +0,000002] pci 0000:00:01.0:   bridge window [io  0xd000-0xdfff]
[  +0,000002] pci 0000:00:01.0:   bridge window [mem 0xfdc00000-0xfdcfffff]
[  +0,000003] pci 0000:00:01.0:   bridge window [mem 0xd0000000-0xdfffffff 64bit pref]
[  +0,000003] pci 0000:05:00.0: BAR 6: assigned [mem 0xfdd00000-0xfdd1ffff pref]
[  +0,000002] pci 0000:00:1e.0: PCI bridge to [bus 05]
[  +0,000002] pci 0000:00:1e.0:   bridge window [io  0xe000-0xefff]
[  +0,000004] pci 0000:00:1e.0:   bridge window [mem 0xfdd00000-0xfddfffff]
[  +0,000002] pci 0000:00:1e.0:   bridge window [mem 0xfde00000-0xfdefffff 64bit pref]
[  +0,000005] pci_bus 0000:00: resource 4 [io  0x0000-0x0cf7 window]
[  +0,000002] pci_bus 0000:00: resource 5 [io  0x0d00-0xffff window]
[  +0,000001] pci_bus 0000:00: resource 6 [mem 0x000a0000-0x000bffff window]
[  +0,000002] pci_bus 0000:00: resource 7 [mem 0x000c0000-0x000dffff window]
[  +0,000001] pci_bus 0000:00: resource 8 [mem 0xcff00000-0xfebfffff window]
[  +0,000002] pci_bus 0000:01: resource 0 [io  0xd000-0xdfff]
[  +0,000001] pci_bus 0000:01: resource 1 [mem 0xfdc00000-0xfdcfffff]
[  +0,000002] pci_bus 0000:01: resource 2 [mem 0xd0000000-0xdfffffff 64bit pref]
[  +0,000001] pci_bus 0000:05: resource 0 [io  0xe000-0xefff]
[  +0,000002] pci_bus 0000:05: resource 1 [mem 0xfdd00000-0xfddfffff]
[  +0,000001] pci_bus 0000:05: resource 2 [mem 0xfde00000-0xfdefffff 64bit pref]
[  +0,000001] pci_bus 0000:05: resource 4 [io  0x0000-0x0cf7 window]
[  +0,000002] pci_bus 0000:05: resource 5 [io  0x0d00-0xffff window]
[  +0,000001] pci_bus 0000:05: resource 6 [mem 0x000a0000-0x000bffff window]
[  +0,000002] pci_bus 0000:05: resource 7 [mem 0x000c0000-0x000dffff window]
[  +0,000001] pci_bus 0000:05: resource 8 [mem 0xcff00000-0xfebfffff window]
[  +0,000027] NET: Registered protocol family 2
[  +0,000158] TCP established hash table entries: 32768 (order: 6, 262144 bytes)
[  +0,000126] TCP bind hash table entries: 32768 (order: 7, 524288 bytes)
[  +0,000203] TCP: Hash tables configured (established 32768 bind 32768)
[  +0,000043] UDP hash table entries: 2048 (order: 4, 65536 bytes)
[  +0,000027] UDP-Lite hash table entries: 2048 (order: 4, 65536 bytes)
[  +0,000065] NET: Registered protocol family 1
[  +0,000498] pci 0000:01:00.0: Video device with shadowed ROM
[  +0,000006] PCI: CLS 64 bytes, default 64
[  +0,000043] Unpacking initramfs...
[  +0,279373] Freeing initrd memory: 21428K (ffff880035616000 - ffff880036b03000)
[  +0,000016] PCI-DMA: Using software bounce buffering for IO (SWIOTLB)
[  +0,000003] software IO TLB [mem 0xcbe90000-0xcfe90000] (64MB) mapped at [ffff8800cbe90000-ffff8800cfe8ffff]
[  +0,000761] futex hash table entries: 1024 (order: 4, 65536 bytes)
[  +0,000048] audit: initializing netlink subsys (disabled)
[  +0,000023] audit: type=2000 audit(1492685742.347:1): initialized
[  +0,000238] Initialise system trusted keyring
[  +0,001807] zbud: loaded
[  +0,000464] Key type big_key registered
[  +0,000003] SELinux:  Registering netfilter hooks
[  +0,003939] NET: Registered protocol family 38
[  +0,000006] Key type asymmetric registered
[  +0,000002] Asymmetric key parser 'x509' registered
[  +0,000040] Block layer SCSI generic (bsg) driver version 0.4 loaded (major 250)
[  +0,000032] io scheduler noop registered
[  +0,000002] io scheduler deadline registered
[  +0,000032] io scheduler cfq registered (default)
[  +0,000225] pci_hotplug: PCI Hot Plug PCI Core version: 0.5
[  +0,000006] pciehp: PCI Express Hot Plug Controller Driver version: 0.4
[  +0,000021] intel_idle: does not run on family 6 model 23
[  +0,000073] input: Power Button as /devices/LNXSYSTM:00/LNXSYBUS:00/PNP0C0C:00/input/input0
[  +0,000005] ACPI: Power Button [PWRB]
[  +0,000041] input: Power Button as /devices/LNXSYSTM:00/LNXPWRBN:00/input/input1
[  +0,000001] ACPI: Power Button [PWRF]
[  +0,000130] GHES: HEST is not enabled!
[  +0,000056] Serial: 8250/16550 driver, 32 ports, IRQ sharing enabled
[  +0,001492] Non-volatile memory driver v1.3
[  +0,000027] Linux agpgart interface v0.103
[  +0,000279] ata_piix 0000:00:1f.2: version 2.13
[  +0,000052] ata_piix 0000:00:1f.2: MAP [ P0 P2 P1 P3 ]
[  +0,000553] scsi host0: ata_piix
[  +0,000089] scsi host1: ata_piix
[  +0,000040] ata1: SATA max UDMA/133 cmd 0x1f0 ctl 0x3f6 bmdma 0xf900 irq 14
[  +0,000001] ata2: SATA max UDMA/133 cmd 0x170 ctl 0x376 bmdma 0xf908 irq 15
[  +0,000120] libphy: Fixed MDIO Bus: probed
[  +0,000053] ehci_hcd: USB 2.0 'Enhanced' Host Controller (EHCI) Driver
[  +0,000004] ehci-pci: EHCI PCI platform driver
[  +0,000066] ehci-pci 0000:00:1d.7: EHCI Host Controller
[  +0,000037] ehci-pci 0000:00:1d.7: new USB bus registered, assigned bus number 1
[  +0,000010] ehci-pci 0000:00:1d.7: debug port 1
[  +0,003913] ehci-pci 0000:00:1d.7: cache line size of 64 is not supported
[  +0,000010] ehci-pci 0000:00:1d.7: irq 23, io mem 0xfdfff000
[  +0,005658] ehci-pci 0000:00:1d.7: USB 2.0 started, EHCI 1.00
[  +0,000052] usb usb1: New USB device found, idVendor=1d6b, idProduct=0002
[  +0,000003] usb usb1: New USB device strings: Mfr=3, Product=2, SerialNumber=1
[  +0,000003] usb usb1: Product: EHCI Host Controller
[  +0,000002] usb usb1: Manufacturer: Linux 4.5.5-300.fc24.x86_64 ehci_hcd
[  +0,000002] usb usb1: SerialNumber: 0000:00:1d.7
[  +0,000150] hub 1-0:1.0: USB hub found
[  +0,000006] hub 1-0:1.0: 8 ports detected
[  +0,000156] ohci_hcd: USB 1.1 'Open' Host Controller (OHCI) Driver
[  +0,000004] ohci-pci: OHCI PCI platform driver
[  +0,000010] uhci_hcd: USB Universal Host Controller Interface driver
[  +0,000055] uhci_hcd 0000:00:1d.0: UHCI Host Controller
[  +0,000035] uhci_hcd 0000:00:1d.0: new USB bus registered, assigned bus number 2
[  +0,000006] uhci_hcd 0000:00:1d.0: detected 2 ports
[  +0,000015] uhci_hcd 0000:00:1d.0: irq 23, io base 0x0000f500
[  +0,000035] usb usb2: New USB device found, idVendor=1d6b, idProduct=0001
[  +0,000001] usb usb2: New USB device strings: Mfr=3, Product=2, SerialNumber=1
[  +0,000002] usb usb2: Product: UHCI Host Controller
[  +0,000001] usb usb2: Manufacturer: Linux 4.5.5-300.fc24.x86_64 uhci_hcd
[  +0,000002] usb usb2: SerialNumber: 0000:00:1d.0
[  +0,000083] hub 2-0:1.0: USB hub found
[  +0,000005] hub 2-0:1.0: 2 ports detected
[  +0,000124] uhci_hcd 0000:00:1d.1: UHCI Host Controller
[  +0,000037] uhci_hcd 0000:00:1d.1: new USB bus registered, assigned bus number 3
[  +0,000005] uhci_hcd 0000:00:1d.1: detected 2 ports
[  +0,000021] uhci_hcd 0000:00:1d.1: irq 19, io base 0x0000f600
[  +0,000033] usb usb3: New USB device found, idVendor=1d6b, idProduct=0001
[  +0,000002] usb usb3: New USB device strings: Mfr=3, Product=2, SerialNumber=1
[  +0,000002] usb usb3: Product: UHCI Host Controller
[  +0,000001] usb usb3: Manufacturer: Linux 4.5.5-300.fc24.x86_64 uhci_hcd
[  +0,000001] usb usb3: SerialNumber: 0000:00:1d.1
[  +0,000084] hub 3-0:1.0: USB hub found
[  +0,000005] hub 3-0:1.0: 2 ports detected
[  +0,000126] uhci_hcd 0000:00:1d.2: UHCI Host Controller
[  +0,000037] uhci_hcd 0000:00:1d.2: new USB bus registered, assigned bus number 4
[  +0,000005] uhci_hcd 0000:00:1d.2: detected 2 ports
[  +0,000019] uhci_hcd 0000:00:1d.2: irq 18, io base 0x0000f700
[  +0,000033] usb usb4: New USB device found, idVendor=1d6b, idProduct=0001
[  +0,000002] usb usb4: New USB device strings: Mfr=3, Product=2, SerialNumber=1
[  +0,000001] usb usb4: Product: UHCI Host Controller
[  +0,000002] usb usb4: Manufacturer: Linux 4.5.5-300.fc24.x86_64 uhci_hcd
[  +0,000001] usb usb4: SerialNumber: 0000:00:1d.2
[  +0,000082] hub 4-0:1.0: USB hub found
[  +0,000005] hub 4-0:1.0: 2 ports detected
[  +0,000119] uhci_hcd 0000:00:1d.3: UHCI Host Controller
[  +0,000036] uhci_hcd 0000:00:1d.3: new USB bus registered, assigned bus number 5
[  +0,000005] uhci_hcd 0000:00:1d.3: detected 2 ports
[  +0,000020] uhci_hcd 0000:00:1d.3: irq 16, io base 0x0000f800
[  +0,000031] usb usb5: New USB device found, idVendor=1d6b, idProduct=0001
[  +0,000002] usb usb5: New USB device strings: Mfr=3, Product=2, SerialNumber=1
[  +0,000001] usb usb5: Product: UHCI Host Controller
[  +0,000002] usb usb5: Manufacturer: Linux 4.5.5-300.fc24.x86_64 uhci_hcd
[  +0,000001] usb usb5: SerialNumber: 0000:00:1d.3
[  +0,000088] hub 5-0:1.0: USB hub found
[  +0,000005] hub 5-0:1.0: 2 ports detected
[  +0,000104] usbcore: registered new interface driver usbserial
[  +0,000006] usbcore: registered new interface driver usbserial_generic
[  +0,000008] usbserial: USB Serial support registered for generic
[  +0,000025] i8042: PNP: No PS/2 controller found. Probing ports directly.
[  +0,002180] serio: i8042 KBD port at 0x60,0x64 irq 1
[  +0,000003] serio: i8042 AUX port at 0x60,0x64 irq 12
[  +0,000092] mousedev: PS/2 mouse device common for all mice
[  +0,000136] rtc_cmos 00:01: RTC can wake from S4
[  +0,000106] rtc_cmos 00:01: rtc core: registered rtc_cmos as rtc0
[  +0,000020] rtc_cmos 00:01: alarms up to one month, 242 bytes nvram, hpet irqs
[  +0,000040] device-mapper: uevent: version 1.0.3
[  +0,000060] device-mapper: ioctl: 4.34.0-ioctl (2015-10-28) initialised: dm-devel@redhat.com
[  +0,000176] hidraw: raw HID events driver (C) Jiri Kosina
[  +0,000041] usbcore: registered new interface driver usbhid
[  +0,000001] usbhid: USB HID core driver
[  +0,000057] drop_monitor: Initializing network drop monitor service
[  +0,000063] ip_tables: (C) 2000-2006 Netfilter Core Team
[  +0,000024] Initializing XFRM netlink socket
[  +0,000152] NET: Registered protocol family 10
[  +0,000158] mip6: Mobile IPv6
[  +0,000003] NET: Registered protocol family 17
[  +0,000142] microcode: CPU0 sig=0x1067a, pf=0x1, revision=0xa07
[  +0,000006] microcode: CPU1 sig=0x1067a, pf=0x1, revision=0xa07
[  +0,000025] microcode: Microcode Update Driver: v2.01 <tigran@aivazian.fsnet.co.uk>, Peter Oruba
[  +0,000126] registered taskstats version 1
[  +0,000011] Loading compiled-in X.509 certificates
[  +0,000803] Loaded X.509 cert 'Fedora kernel signing key: 1304c420836ce81b5a1692090e4eee89aac431dd'
[  +0,000016] zswap: loaded using pool lzo/zbud
[  +0,000172]   Magic number: 13:440:932
[  +0,000066] rtc_cmos 00:01: setting system clock to 2017-04-20 10:55:43 UTC (1492685743)
[  +0,000043] PM: Hibernation image not present or could not be loaded.
[  +0,147940] ata1.00: ATA-9: ST1000DM003-1ER162, CC45, max UDMA/133
[  +0,000004] ata1.00: 1953525168 sectors, multi 16: LBA48 NCQ (depth 0/32)
[  +0,000006] ata1.01: ATAPI: TSSTcorp CDDVDW TS-H653Z, 4303, max UDMA/33
[  +0,004683] ata1.00: configured for UDMA/133
[  +0,004462] ata1.01: configured for UDMA/33
[  +0,000446] scsi 0:0:0:0: Direct-Access     ATA      ST1000DM003-1ER1 CC45 PQ: 0 ANSI: 5
[  +0,006205] sd 0:0:0:0: [sda] 1953525168 512-byte logical blocks: (1.00 TB/932 GiB)
[  +0,000003] sd 0:0:0:0: [sda] 4096-byte physical blocks
[  +0,000028] sd 0:0:0:0: Attached scsi generic sg0 type 0
[  +0,000017] sd 0:0:0:0: [sda] Write Protect is off
[  +0,000002] sd 0:0:0:0: [sda] Mode Sense: 00 3a 00 00
[  +0,000017] sd 0:0:0:0: [sda] Write cache: enabled, read cache: enabled, doesn't support DPO or FUA
[  +0,000685] scsi 0:0:1:0: CD-ROM            TSSTcorp CDDVDW TS-H653Z  4303 PQ: 0 ANSI: 5
[  +0,030912]  sda: sda1 sda2 sda3
[  +0,013475] sr 0:0:1:0: [sr0] scsi3-mmc drive: 40x/40x writer dvd-ram cd/rw xa/form2 cdda tray
[  +0,000004] cdrom: Uniform CD-ROM driver Revision: 3.20
[  +0,000101] sd 0:0:0:0: [sda] Attached SCSI disk
[  +0,000039] sr 0:0:1:0: Attached scsi CD-ROM sr0
[  +0,000102] sr 0:0:1:0: Attached scsi generic sg1 type 5
[  +0,001344] Freeing unused kernel memory: 1552K (ffffffff81d4f000 - ffffffff81ed3000)
[  +0,000001] Write protecting the kernel read-only data: 12288k
[  +0,000171] Freeing unused kernel memory: 168K (ffff8800017d6000 - ffff880001800000)
[  +0,001264] Freeing unused kernel memory: 584K (ffff880001b6e000 - ffff880001c00000)
[  +0,006461] random: systemd urandom read with 13 bits of entropy available
[  +0,068052] audit: type=1130 audit(1492685743.784:2): pid=1 uid=0 auid=4294967295 ses=4294967295 subj=kernel msg='unit=systemd-tmpfiles-setup-dev comm="systemd" exe="/usr/lib/systemd/systemd" hostname=? addr=? terminal=? res=success'
[  +0,009595] audit: type=1130 audit(1492685743.794:3): pid=1 uid=0 auid=4294967295 ses=4294967295 subj=kernel msg='unit=systemd-journald comm="systemd" exe="/usr/lib/systemd/systemd" hostname=? addr=? terminal=? res=success'
[  +0,049401] audit: type=1130 audit(1492685743.843:4): pid=1 uid=0 auid=4294967295 ses=4294967295 subj=kernel msg='unit=dracut-cmdline comm="systemd" exe="/usr/lib/systemd/systemd" hostname=? addr=? terminal=? res=success'
[  +0,010292] audit: type=1130 audit(1492685743.854:5): pid=1 uid=0 auid=4294967295 ses=4294967295 subj=kernel msg='unit=systemd-vconsole-setup comm="systemd" exe="/usr/lib/systemd/systemd" hostname=? addr=? terminal=? res=success'
[  +0,015481] audit: type=1130 audit(1492685743.869:6): pid=1 uid=0 auid=4294967295 ses=4294967295 subj=kernel msg='unit=dracut-pre-udev comm="systemd" exe="/usr/lib/systemd/systemd" hostname=? addr=? terminal=? res=success'
[  +0,008949] audit: type=1130 audit(1492685743.878:7): pid=1 uid=0 auid=4294967295 ses=4294967295 subj=kernel msg='unit=systemd-udevd comm="systemd" exe="/usr/lib/systemd/systemd" hostname=? addr=? terminal=? res=success'
[  +0,045203] audit: type=1130 audit(1492685743.923:8): pid=1 uid=0 auid=4294967295 ses=4294967295 subj=kernel msg='unit=systemd-udev-trigger comm="systemd" exe="/usr/lib/systemd/systemd" hostname=? addr=? terminal=? res=success'
[  +0,022097] FUJITSU Extended Socket Network Device Driver - version 1.0 - Copyright (c) 2015 FUJITSU LIMITED
[  +0,015159] [drm] Initialized drm 1.1.0 20060810
[  +0,004553] r8169 Gigabit Ethernet driver 2.3LK-NAPI loaded
[  +0,000082] r8169 0000:05:00.0 (unnamed net_device) (uninitialized): not PCI Express
[  +0,000257] r8169 0000:05:00.0 eth0: RTL8169sb/8110sb at 0xffffc90000750000, 18:a6:f7:01:78:98, XID 10000000 IRQ 16
[  +0,000002] r8169 0000:05:00.0 eth0: jumbo features [frames: 7152 bytes, tx checksumming: ok]
[  +0,004073] usb 3-1: new low-speed USB device number 2 using uhci_hcd
[  +0,028461] r8169 0000:05:00.0 enp5s0: renamed from eth0
[  +0,059630] [drm] radeon kernel modesetting enabled.
[  +0,002587] AMD IOMMUv2 driver by Joerg Roedel <jroedel@suse.de>
[  +0,000002] AMD IOMMUv2 functionality not available on this system
[  +0,007010] CRAT table not found
[  +0,000002] Finished initializing topology ret=0
[  +0,000039] kfd kfd: Initialized module
[  +0,000450] [drm] initializing kernel modesetting (CAICOS 0x1002:0x6779 0x174B:0xE199).
[  +0,000011] [drm] register mmio base: 0xFDCA0000
[  +0,000001] [drm] register mmio size: 131072
[  +0,000062] ATOM BIOS: AMD
[  +0,000452] radeon 0000:01:00.0: VRAM: 2048M 0x0000000000000000 - 0x000000007FFFFFFF (2048M used)
[  +0,000001] radeon 0000:01:00.0: GTT: 1024M 0x0000000080000000 - 0x00000000BFFFFFFF
[  +0,000002] [drm] Detected VRAM RAM=2048M, BAR=256M
[  +0,000001] [drm] RAM width 64bits DDR
[  +0,000033] [TTM] Zone  kernel: Available graphics memory: 2022708 kiB
[  +0,000002] [TTM] Initializing pool allocator
[  +0,000004] [TTM] Initializing DMA pool allocator
[  +0,000018] [drm] radeon: 2048M of VRAM memory ready
[  +0,000001] [drm] radeon: 1024M of GTT memory ready.
[  +0,000012] [drm] Loading CAICOS Microcode
[  +0,000090] [drm] Internal thermal controller without fan control
[  +0,004245] [drm] radeon: dpm initialized
[  +0,000117] [drm] GART: num cpu pages 262144, num gpu pages 262144
[  +0,007934] [drm] PCIE GART of 1024M enabled (table at 0x0000000000274000).
[  +0,000109] radeon 0000:01:00.0: WB enabled
[  +0,000003] radeon 0000:01:00.0: fence driver on ring 0 use gpu addr 0x0000000080000c00 and cpu addr 0xffff8800354c5c00
[  +0,000002] radeon 0000:01:00.0: fence driver on ring 3 use gpu addr 0x0000000080000c0c and cpu addr 0xffff8800354c5c0c
[  +0,001456] radeon 0000:01:00.0: fence driver on ring 5 use gpu addr 0x0000000000072118 and cpu addr 0xffffc90000c32118
[  +0,000006] [drm] Supports vblank timestamp caching Rev 2 (21.10.2013).
[  +0,000001] [drm] Driver supports precise vblank timestamp query.
[  +0,000001] radeon 0000:01:00.0: radeon: MSI limited to 32-bit
[  +0,000034] radeon 0000:01:00.0: radeon: using MSI.
[  +0,000035] [drm] radeon: irq initialized.
[  +0,016721] [drm] ring test on 0 succeeded in 2 usecs
[  +0,000011] [drm] ring test on 3 succeeded in 7 usecs
[  +0,052287] usb 3-1: New USB device found, idVendor=046d, idProduct=c31c
[  +0,000003] usb 3-1: New USB device strings: Mfr=1, Product=2, SerialNumber=0
[  +0,000002] usb 3-1: Product: USB Keyboard
[  +0,000001] usb 3-1: Manufacturer: Logitech
[  +0,034990] input: Logitech USB Keyboard as /devices/pci0000:00/0000:00:1d.1/usb3/3-1/3-1:1.0/0003:046D:C31C.0001/input/input5
[  +0,050366] hid-generic 0003:046D:C31C.0001: input,hidraw0: USB HID v1.10 Keyboard [Logitech USB Keyboard] on usb-0000:00:1d.1-1/input0
[  +0,039585] usb 2-1: new low-speed USB device number 2 using uhci_hcd
[  +0,000007] [drm] ring test on 5 succeeded in 2 usecs
[  +0,000009] [drm] UVD initialized successfully.
[  +0,000316] [drm] ib test on ring 0 succeeded in 0 usecs
[  +0,000049] [drm] ib test on ring 3 succeeded in 0 usecs
[  +0,151126] input: Logitech USB Keyboard as /devices/pci0000:00/0000:00:1d.1/usb3/3-1/3-1:1.1/0003:046D:C31C.0002/input/input6
[  +0,010739] usb 2-1: New USB device found, idVendor=046d, idProduct=c05a
[  +0,000004] usb 2-1: New USB device strings: Mfr=1, Product=2, SerialNumber=0
[  +0,000003] usb 2-1: Product: USB Optical Mouse
[  +0,000002] usb 2-1: Manufacturer: Logitech
[  +0,016355] input: Logitech USB Optical Mouse as /devices/pci0000:00/0000:00:1d.0/usb2/2-1/2-1:1.0/0003:046D:C05A.0003/input/input7
[  +0,017611] tsc: Refined TSC clocksource calibration: 3333.269 MHz
[  +0,000004] clocksource: tsc: mask: 0xffffffffffffffff max_cycles: 0x300c1087868, max_idle_ns: 440795347510 ns
[  +0,006116] hid-generic 0003:046D:C31C.0002: input,hidraw1: USB HID v1.10 Device [Logitech USB Keyboard] on usb-0000:00:1d.1-1/input1
[  +0,000089] hid-generic 0003:046D:C05A.0003: input,hidraw2: USB HID v1.11 Mouse [Logitech USB Optical Mouse] on usb-0000:00:1d.0-1/input0
[  +0,449821] [drm] ib test on ring 5 succeeded
[  +0,000468] [drm] Radeon Display Connectors
[  +0,000001] [drm] Connector 0:
[  +0,000001] [drm]   HDMI-A-1
[  +0,000001] [drm]   HPD1
[  +0,000002] [drm]   DDC: 0x6460 0x6460 0x6464 0x6464 0x6468 0x6468 0x646c 0x646c
[  +0,000001] [drm]   Encoders:
[  +0,000001] [drm]     DFP1: INTERNAL_UNIPHY1
[  +0,000000] [drm] Connector 1:
[  +0,000001] [drm]   DVI-D-1
[  +0,000001] [drm]   HPD4
[  +0,000001] [drm]   DDC: 0x6440 0x6440 0x6444 0x6444 0x6448 0x6448 0x644c 0x644c
[  +0,000001] [drm]   Encoders:
[  +0,000001] [drm]     DFP2: INTERNAL_UNIPHY
[  +0,000001] [drm] Connector 2:
[  +0,000001] [drm]   VGA-1
[  +0,000001] [drm]   DDC: 0x6430 0x6430 0x6434 0x6434 0x6438 0x6438 0x643c 0x643c
[  +0,000001] [drm]   Encoders:
[  +0,000001] [drm]     CRT1: INTERNAL_KLDSCP_DAC1
[  +0,044596] [drm] fb mappable at 0xD0475000
[  +0,000001] [drm] vram apper at 0xD0000000
[  +0,000001] [drm] size 5324800
[  +0,000001] [drm] fb depth is 24
[  +0,000001] [drm]    pitch is 5888
[  +0,000046] fbcon: radeondrmfb (fb0) is primary device
[  +0,026484] Console: switching to colour frame buffer device 180x56
[  +0,004008] radeon 0000:01:00.0: fb0: radeondrmfb frame buffer device
[  +0,012017] [drm] Initialized radeon 2.43.0 20080528 for 0000:01:00.0 on minor 0
[  +0,076145] audit: type=1130 audit(1492685745.092:9): pid=1 uid=0 auid=4294967295 ses=4294967295 subj=kernel msg='unit=plymouth-start comm="systemd" exe="/usr/lib/systemd/systemd" hostname=? addr=? terminal=? res=success'
[  +0,271616] audit: type=1130 audit(1492685745.364:10): pid=1 uid=0 auid=4294967295 ses=4294967295 subj=kernel msg='unit=dracut-initqueue comm="systemd" exe="/usr/lib/systemd/systemd" hostname=? addr=? terminal=? res=success'
[  +0,040190] random: nonblocking pool is initialized
[  +0,068429] clocksource: Switched to clocksource tsc
[  +0,014138] EXT4-fs (dm-0): mounted filesystem with ordered data mode. Opts: (null)
[  +0,674667] SELinux: 32768 avtab hash slots, 104786 rules.
[  +0,012914] SELinux: 32768 avtab hash slots, 104786 rules.
[  +0,017543] SELinux:  8 users, 14 roles, 5012 types, 303 bools, 1 sens, 1024 cats
[  +0,000005] SELinux:  92 classes, 104786 rules
[  +0,002908] SELinux:  Permission validate_trans in class security not defined in policy.
[  +0,000096] SELinux: the above unknown classes and permissions will be allowed
[  +0,000005] SELinux:  Completing initialization.
[  +0,000001] SELinux:  Setting up existing superblocks.
[  +1,198425] EXT4-fs (dm-0): re-mounted. Opts: (null)
[  +0,682122] RPC: Registered named UNIX socket transport module.
[  +0,000003] RPC: Registered udp transport module.
[  +0,000001] RPC: Registered tcp transport module.
[  +0,000001] RPC: Registered tcp NFSv4.1 backchannel transport module.
[  +0,152296] Installing knfsd (copyright (C) 1996 okir@monad.swb.de).
[  +0,474966] i801_smbus 0000:00:1f.3: SMBus using PCI interrupt
[  +0,071067] leds_ss4200: no LED devices found
[  +0,026906] intel_rng: FWH not detected
[  +0,206285] snd_hda_intel: Unknown symbol snd_hdac_bus_enter_link_reset (err 0)
[  +0,000011] snd_hda_intel: Unknown symbol azx_probe_codecs (err 0)
[  +0,000005] snd_hda_intel: Unknown symbol snd_card_register (err 0)
[  +0,000004] snd_hda_intel: Unknown symbol snd_card_free (err 0)
[  +0,000004] snd_hda_intel: Unknown symbol azx_init_streams (err 0)
[  +0,000021] snd_hda_intel: Unknown symbol azx_stop_all_streams (err 0)
[  +0,000004] snd_hda_intel: Unknown symbol snd_dma_free_pages (err 0)
[  +0,000004] snd_hda_intel: Unknown symbol snd_hdac_bus_free_stream_pages (err 0)
[  +0,000003] snd_hda_intel: Unknown symbol snd_hdac_bus_exit (err 0)
[  +0,000004] snd_hda_intel: Unknown symbol azx_get_pos_lpib (err 0)
[  +0,000007] snd_hda_intel: Unknown symbol snd_hdac_i915_init (err 0)
[  +0,000004] snd_hda_intel: Unknown symbol snd_card_new (err 0)
[  +0,000005] snd_hda_intel: Unknown symbol snd_pcm_lib_malloc_pages (err 0)
[  +0,000003] snd_hda_intel: Unknown symbol snd_hda_unlock_devices (err 0)
[  +0,000005] snd_hda_intel: Unknown symbol snd_pcm_lib_free_pages (err 0)
[  +0,000003] snd_hda_intel: Unknown symbol azx_get_pos_posbuf (err 0)
[  +0,000006] snd_hda_intel: Unknown symbol azx_bus_init (err 0)
[  +0,000004] snd_hda_intel: Unknown symbol azx_free_streams (err 0)
[  +0,000005] snd_hda_intel: Unknown symbol snd_hda_load_patch (err 0)
[  +0,000004] snd_hda_intel: Unknown symbol azx_init_chip (err 0)
[  +0,000003] snd_hda_intel: Unknown symbol snd_device_new (err 0)
[  +0,000004] snd_hda_intel: Unknown symbol snd_hdac_display_power (err 0)
[  +0,000009] snd_hda_intel: Unknown symbol snd_card_disconnect (err 0)
[  +0,000004] snd_hda_intel: Unknown symbol snd_hda_set_power_save (err 0)
[  +0,000003] snd_hda_intel: Unknown symbol azx_stop_chip (err 0)
[  +0,000009] snd_hda_intel: Unknown symbol snd_pci_quirk_lookup (err 0)
[  +0,000004] snd_hda_intel: Unknown symbol azx_codec_configure (err 0)
[  +0,000003] snd_hda_intel: Unknown symbol snd_dma_alloc_pages (err 0)
[  +0,000003] snd_hda_intel: Unknown symbol snd_hdac_set_codec_wakeup (err 0)
[  +0,000004] snd_hda_intel: Unknown symbol snd_pcm_period_elapsed (err 0)
[  +0,000004] snd_hda_intel: Unknown symbol snd_hdac_bus_alloc_stream_pages (err 0)
[  +0,000003] snd_hda_intel: Unknown symbol snd_hdac_i915_exit (err 0)
[  +0,000004] snd_hda_intel: Unknown symbol snd_hda_lock_devices (err 0)
[  +0,000004] snd_hda_intel: Unknown symbol azx_interrupt (err 0)
[  +0,000006] snd_hda_intel: Unknown symbol snd_hdac_i915_set_bclk (err 0)
[  +0,005179] snd_hda_intel: Unknown symbol snd_hdac_bus_enter_link_reset (err 0)
[  +0,000005] snd_hda_intel: Unknown symbol azx_probe_codecs (err 0)
[  +0,000005] snd_hda_intel: Unknown symbol snd_card_register (err 0)
[  +0,000004] snd_hda_intel: Unknown symbol snd_card_free (err 0)
[  +0,000003] snd_hda_intel: Unknown symbol azx_init_streams (err 0)
[  +0,000015] snd_hda_intel: Unknown symbol azx_stop_all_streams (err 0)
[  +0,000004] snd_hda_intel: Unknown symbol snd_dma_free_pages (err 0)
[  +0,000003] snd_hda_intel: Unknown symbol snd_hdac_bus_free_stream_pages (err 0)
[  +0,000004] snd_hda_intel: Unknown symbol snd_hdac_bus_exit (err 0)
[  +0,000004] snd_hda_intel: Unknown symbol azx_get_pos_lpib (err 0)
[  +0,000006] snd_hda_intel: Unknown symbol snd_hdac_i915_init (err 0)
[  +0,000004] snd_hda_intel: Unknown symbol snd_card_new (err 0)
[  +0,000005] snd_hda_intel: Unknown symbol snd_pcm_lib_malloc_pages (err 0)
[  +0,000003] snd_hda_intel: Unknown symbol snd_hda_unlock_devices (err 0)
[  +0,000004] snd_hda_intel: Unknown symbol snd_pcm_lib_free_pages (err 0)
[  +0,000004] snd_hda_intel: Unknown symbol azx_get_pos_posbuf (err 0)
[  +0,000005] snd_hda_intel: Unknown symbol azx_bus_init (err 0)
[  +0,000004] snd_hda_intel: Unknown symbol azx_free_streams (err 0)
[  +0,000004] snd_hda_intel: Unknown symbol snd_hda_load_patch (err 0)
[  +0,000004] snd_hda_intel: Unknown symbol azx_init_chip (err 0)
[  +0,000003] snd_hda_intel: Unknown symbol snd_device_new (err 0)
[  +0,000004] snd_hda_intel: Unknown symbol snd_hdac_display_power (err 0)
[  +0,000008] snd_hda_intel: Unknown symbol snd_card_disconnect (err 0)
[  +0,000003] snd_hda_intel: Unknown symbol snd_hda_set_power_save (err 0)
[  +0,000004] snd_hda_intel: Unknown symbol azx_stop_chip (err 0)
[  +0,000008] snd_hda_intel: Unknown symbol snd_pci_quirk_lookup (err 0)
[  +0,000003] snd_hda_intel: Unknown symbol azx_codec_configure (err 0)
[  +0,000004] snd_hda_intel: Unknown symbol snd_dma_alloc_pages (err 0)
[  +0,000003] snd_hda_intel: Unknown symbol snd_hdac_set_codec_wakeup (err 0)
[  +0,000004] snd_hda_intel: Unknown symbol snd_pcm_period_elapsed (err 0)
[  +0,000003] snd_hda_intel: Unknown symbol snd_hdac_bus_alloc_stream_pages (err 0)
[  +0,000004] snd_hda_intel: Unknown symbol snd_hdac_i915_exit (err 0)
[  +0,000004] snd_hda_intel: Unknown symbol snd_hda_lock_devices (err 0)
[  +0,000004] snd_hda_intel: Unknown symbol azx_interrupt (err 0)
[  +0,000005] snd_hda_intel: Unknown symbol snd_hdac_i915_set_bclk (err 0)
[  +0,631899] audit_printk_skb: 138 callbacks suppressed
[  +0,000003] audit: type=1130 audit(1492678549.644:57): pid=1 uid=0 auid=4294967295 ses=4294967295 subj=system_u:system_r:init_t:s0 msg='unit=systemd-journald comm="systemd" exe="/usr/lib/systemd/systemd" hostname=? addr=? terminal=? res=success'
[  +0,130910] Adding 2097148k swap on /dev/mapper/fedora-swap.  Priority:-1 extents:1 across:2097148k FS
[  +0,521629] audit: type=1130 audit(1492678550.297:58): pid=1 uid=0 auid=4294967295 ses=4294967295 subj=system_u:system_r:init_t:s0 msg='unit=lvm2-pvscan@8:3 comm="systemd" exe="/usr/lib/systemd/systemd" hostname=? addr=? terminal=? res=success'
[  +0,001725] audit: type=1130 audit(1492678550.299:59): pid=1 uid=0 auid=4294967295 ses=4294967295 subj=system_u:system_r:init_t:s0 msg='unit=systemd-udev-settle comm="systemd" exe="/usr/lib/systemd/systemd" hostname=? addr=? terminal=? res=success'
[  +0,376595] audit: type=1130 audit(1492678550.675:60): pid=1 uid=0 auid=4294967295 ses=4294967295 subj=system_u:system_r:init_t:s0 msg='unit=dmraid-activation comm="systemd" exe="/usr/lib/systemd/systemd" hostname=? addr=? terminal=? res=success'
[  +0,000019] audit: type=1131 audit(1492678550.675:61): pid=1 uid=0 auid=4294967295 ses=4294967295 subj=system_u:system_r:init_t:s0 msg='unit=dmraid-activation comm="systemd" exe="/usr/lib/systemd/systemd" hostname=? addr=? terminal=? res=success'
[  +0,357442] audit: type=1130 audit(1492678551.033:62): pid=1 uid=0 auid=4294967295 ses=4294967295 subj=system_u:system_r:init_t:s0 msg='unit=systemd-fsck@dev-mapper-fedora\x2dhome comm="systemd" exe="/usr/lib/systemd/systemd" hostname=? addr=? terminal=? res=success'
[  +0,088194] audit: type=1130 audit(1492678551.121:63): pid=1 uid=0 auid=4294967295 ses=4294967295 subj=system_u:system_r:init_t:s0 msg='unit=systemd-journal-flush comm="systemd" exe="/usr/lib/systemd/systemd" hostname=? addr=? terminal=? res=success'
[  +0,085391] EXT4-fs (dm-3): mounted filesystem with ordered data mode. Opts: (null)
[  +0,035156] audit: type=1130 audit(1492678551.241:64): pid=1 uid=0 auid=4294967295 ses=4294967295 subj=system_u:system_r:init_t:s0 msg='unit=systemd-fsck@dev-mapper-fedora\x2dtmp comm="systemd" exe="/usr/lib/systemd/systemd" hostname=? addr=? terminal=? res=success'
[  +0,098984] EXT4-fs (dm-2): mounted filesystem with ordered data mode. Opts: (null)
[  +0,063485] audit: type=1130 audit(1492678551.404:65): pid=1 uid=0 auid=4294967295 ses=4294967295 subj=system_u:system_r:init_t:s0 msg='unit=dracut-shutdown comm="systemd" exe="/usr/lib/systemd/systemd" hostname=? addr=? terminal=? res=success'
[  +0,027142] audit: type=1130 audit(1492678551.431:66): pid=1 uid=0 auid=4294967295 ses=4294967295 subj=system_u:system_r:init_t:s0 msg='unit=plymouth-read-write comm="systemd" exe="/usr/lib/systemd/systemd" hostname=? addr=? terminal=? res=success'
[  +7,258923] nf_conntrack version 0.5.0 (16384 buckets, 65536 max)
[  +0,585686] IPv6: ADDRCO****************************************************************

     1	Module                  Size  Used by
     2	fuse                   98304  5
     3	nf_conntrack_ipv4      16384  8
     4	nf_defrag_ipv4         16384  1 nf_conntrack_ipv4
     5	xt_conntrack           16384  8
     6	nf_conntrack          106496  2 xt_conntrack,nf_conntrack_ipv4
     7	iptable_raw            16384  1
     8	iptable_security       16384  1
     9	coretemp               16384  0
    10	kvm_intel             184320  0
    11	kvm                   552960  1 kvm_intel
    12	irqbypass              16384  1 kvm
    13	acpi_cpufreq           20480  1
    14	tpm_tis                20480  0
    15	tpm                    40960  1 tpm_tis
    16	i2c_i801               20480  0
    17	nfsd                  323584  1
    18	auth_rpcgss            61440  1 nfsd
    19	nfs_acl                16384  1 nfsd
    20	lockd                  90112  1 nfsd
    21	grace                  16384  2 nfsd,lockd
    22	sunrpc                319488  7 nfsd,auth_rpcgss,lockd,nfs_acl
    23	amdkfd                131072  1
    24	amd_iommu_v2           20480  1 amdkfd
    25	radeon               1503232  7
    26	i2c_algo_bit           16384  1 radeon
    27	drm_kms_helper        131072  1 radeon
    28	serio_raw              16384  0
    29	ttm                    90112  1 radeon
    30	r8169                  81920  0
    31	ata_generic            16384  0
    32	pata_acpi              16384  0
    33	drm                   335872  10 ttm,drm_kms_helper,radeon
    34	mii                    16384  1 r8169
