******************************************************

total 344
drwxr-xr-x.  2 root root  4096 abr 18 12:36 ./
drwxr-xr-x. 68 root root  4096 abr 19 19:46 ../
-rw-r--r--.  1 root root  4396 abr 18 12:36 acard-ahci.ko.xz
-rw-r--r--.  1 root root  2404 abr 18 12:36 ahci_platform.ko.xz
-rw-r--r--.  1 root root  3176 abr 18 12:36 ata_generic.ko.xz
-rw-r--r--.  1 root root  4296 abr 18 12:36 libahci_platform.ko.xz
-rw-r--r--.  1 root root  3016 abr 18 12:36 pata_acpi.ko.xz
-rw-r--r--.  1 root root  5008 abr 18 12:36 pata_ali.ko.xz
-rw-r--r--.  1 root root  5204 abr 18 12:36 pata_amd.ko.xz
-rw-r--r--.  1 root root  3744 abr 18 12:36 pata_artop.ko.xz
-rw-r--r--.  1 root root  3600 abr 18 12:36 pata_atiixp.ko.xz
-rw-r--r--.  1 root root  4248 abr 18 12:36 pata_atp867x.ko.xz
-rw-r--r--.  1 root root  3272 abr 18 12:36 pata_cmd640.ko.xz
-rw-r--r--.  1 root root  4232 abr 18 12:36 pata_cmd64x.ko.xz
-rw-r--r--.  1 root root  2724 abr 18 12:36 pata_cypress.ko.xz
-rw-r--r--.  1 root root  3496 abr 18 12:36 pata_efar.ko.xz
-rw-r--r--.  1 root root  3728 abr 18 12:36 pata_hpt366.ko.xz
-rw-r--r--.  1 root root  5936 abr 18 12:36 pata_hpt37x.ko.xz
-rw-r--r--.  1 root root  4264 abr 18 12:36 pata_hpt3x2n.ko.xz
-rw-r--r--.  1 root root  3196 abr 18 12:36 pata_hpt3x3.ko.xz
-rw-r--r--.  1 root root  3308 abr 18 12:36 pata_it8213.ko.xz
-rw-r--r--.  1 root root  6288 abr 18 12:36 pata_it821x.ko.xz
-rw-r--r--.  1 root root  2472 abr 18 12:36 pata_jmicron.ko.xz
-rw-r--r--.  1 root root  2844 abr 18 12:36 pata_marvell.ko.xz
-rw-r--r--.  1 root root  3052 abr 18 12:36 pata_mpiix.ko.xz
-rw-r--r--.  1 root root  2340 abr 18 12:36 pata_netcell.ko.xz
-rw-r--r--.  1 root root  2916 abr 18 12:36 pata_ninja32.ko.xz
-rw-r--r--.  1 root root  2896 abr 18 12:36 pata_ns87410.ko.xz
-rw-r--r--.  1 root root  3168 abr 18 12:36 pata_ns87415.ko.xz
-rw-r--r--.  1 root root  3020 abr 18 12:36 pata_oldpiix.ko.xz
-rw-r--r--.  1 root root  3868 abr 18 12:36 pata_optidma.ko.xz
-rw-r--r--.  1 root root  2780 abr 18 12:36 pata_opti.ko.xz
-rw-r--r--.  1 root root  5492 abr 18 12:36 pata_pcmcia.ko.xz
-rw-r--r--.  1 root root  4984 abr 18 12:36 pata_pdc2027x.ko.xz
-rw-r--r--.  1 root root  3660 abr 18 12:36 pata_pdc202xx_old.ko.xz
-rw-r--r--.  1 root root  2556 abr 18 12:36 pata_piccolo.ko.xz
-rw-r--r--.  1 root root  3888 abr 18 12:36 pata_rdc.ko.xz
-rw-r--r--.  1 root root  2568 abr 18 12:36 pata_sch.ko.xz
-rw-r--r--.  1 root root  4192 abr 18 12:36 pata_serverworks.ko.xz
-rw-r--r--.  1 root root  4372 abr 18 12:36 pata_sil680.ko.xz
-rw-r--r--.  1 root root  5512 abr 18 12:36 pata_sis.ko.xz
-rw-r--r--.  1 root root  3416 abr 18 12:36 pata_sl82c105.ko.xz
-rw-r--r--.  1 root root  2960 abr 18 12:36 pata_triflex.ko.xz
-rw-r--r--.  1 root root  5360 abr 18 12:36 pata_via.ko.xz
-rw-r--r--.  1 root root  4848 abr 18 12:36 pdc_adma.ko.xz
-rw-r--r--.  1 root root  5744 abr 18 12:36 sata_inic162x.ko.xz
-rw-r--r--.  1 root root 16064 abr 18 12:36 sata_mv.ko.xz
-rw-r--r--.  1 root root 11796 abr 18 12:36 sata_nv.ko.xz
-rw-r--r--.  1 root root  6884 abr 18 12:36 sata_promise.ko.xz
-rw-r--r--.  1 root root  4596 abr 18 12:36 sata_qstor.ko.xz
-rw-r--r--.  1 root root  7624 abr 18 12:36 sata_sil24.ko.xz
-rw-r--r--.  1 root root  5768 abr 18 12:36 sata_sil.ko.xz
-rw-r--r--.  1 root root  3452 abr 18 12:36 sata_sis.ko.xz
-rw-r--r--.  1 root root  3780 abr 18 12:36 sata_svw.ko.xz
-rw-r--r--.  1 root root  6664 abr 18 12:36 sata_sx4.ko.xz
-rw-r--r--.  1 root root  2972 abr 18 12:36 sata_uli.ko.xz
-rw-r--r--.  1 root root  5232 abr 18 12:36 sata_via.ko.xz
-rw-r--r--.  1 root root  3856 abr 18 12:36 sata_vsc.ko.xz
