[abr23 11:51] Linux version 4.5.5-300.fc24.x86_64 (mockbuild@bkernel01.phx2.fedoraproject.org) (gcc version 6.1.1 20160510 (Red Hat 6.1.1-2) (GCC) ) #1 SMP Thu May 19 13:05:32 UTC 2016
[  +0,000000] Command line: BOOT_IMAGE=/boot/vmlinuz-4.5.5-300.fc24.x86_64 root=/dev/mapper/fedora-root ro rd.lvm.lv=fedora/root rd.lvm.lv=fedora/swap rhgb quiet
[  +0,000000] x86/fpu: Supporting XSAVE feature 0x01: 'x87 floating point registers'
[  +0,000000] x86/fpu Supporting XSAVE feature 0x02: 'SSE registers'
[  +0,000000] x86/fpu: Enabled xstate features 0x3, context size is 576 bytes, using 'standard' format.
[  +0,000000] x86/fpu: Using 'lazy' FPU context switches.
[  +0,000000] e820: BIOS-provided physical RAM map:
[  +0,000000] BIOS-e820: [mem 0x0000000000000000-0x000000000009f3ff] usable
[  +0,000000] BIOS-e820: [mem 0x000000000009f400-0x000000000009ffff] reserved
[  +0,000000] BIOS-e820: [mem 0x00000000000f0000-0x00000000000fffff] reserved
[  +0,000000] BIOS-e820: [mem 0x0000000000100000-0x00000000cfe8ffff] usable
[  +0,000000] BIOS-e820: [mem 0x00000000cfe90000-0x00000000cfee2fff] ACPI NVS
[  +0,000000] BIOS-e820: [mem 0x00000000cfee3000-0x00000000cfeeffff] ACPI data
[  +0,000000] BIOS-e820: [mem 0x00000000cfef0000-0x00000000cfefffff] reserved
[  +0,000000] BIOS-e820: [mem 0x00000000e0000000-0x00000000efffffff] reserved
[  +0,000000] BIOS-e820: [mem 0x00000000fec00000-0x00000000ffffffff] reserved
[  +0,000000] BIOS-e820: [mem 0x0000000100000000-0x000000012fffffff] usable
[  +0,000000] NX (Execute Disable) protection: active
[  +0,000000] SMBIOS 2.5 present.
[  +0,000000] DMI: HP-Pavilion NR021AA-ABE p6027es/Boston, BIOS 5.19 03/06/2009
[  +0,000000] e820: update [mem 0x00000000-0x00000fff] usable ==> reserved
[  +0,000000] e820: remove [mem 0x000a0000-0x000fffff] usable
[  +0,000000] e820: last_pfn = 0x130000 max_arch_pfn = 0x400000000
[  +0,000000] MTRR default type: uncachable
[  +0,000000] MTRR fixed ranges enabled:
[  +0,000000]   00000-9FFFF write-back
[  +0,000000]   A0000-BFFFF uncachable
[  +0,000000]   C0000-CFFFF write-protect
[  +0,000000]   D0000-EFFFF uncachable
[  +0,000000]   F0000-FFFFF write-through
[  +0,000000] MTRR variable ranges enabled:
[  +0,000000]   0 base 100000000 mask FE0000000 write-back
[  +0,000000]   1 base 120000000 mask FF0000000 write-back
[  +0,000000]   2 base 000000000 mask F80000000 write-back
[  +0,000000]   3 base 080000000 mask FC0000000 write-back
[  +0,000000]   4 base 0C0000000 mask FF0000000 write-back
[  +0,000000]   5 base 0CFF00000 mask FFFF00000 uncachable
[  +0,000000]   6 disabled
[  +0,000000]   7 disabled
[  +0,000000] x86/PAT: Configuration [0-7]: WB  WC  UC- UC  WB  WC  UC- WT  
[  +0,000000] e820: update [mem 0xcff00000-0xffffffff] usable ==> reserved
[  +0,000000] e820: last_pfn = 0xcfe90 max_arch_pfn = 0x400000000
[  +0,000000] found SMP MP-table at [mem 0x000f4280-0x000f428f] mapped at [ffff8800000f4280]
[  +0,000000] Base memory trampoline at [ffff880000099000] 99000 size 24576
[  +0,000000] BRK [0x0205f000, 0x0205ffff] PGTABLE
[  +0,000000] BRK [0x02060000, 0x02060fff] PGTABLE
[  +0,000000] BRK [0x02061000, 0x02061fff] PGTABLE
[  +0,000000] BRK [0x02062000, 0x02062fff] PGTABLE
[  +0,000000] RAMDISK: [mem 0x35616000-0x36b02fff]
[  +0,000000] ACPI: Early table checksum verification disabled
[  +0,000000] ACPI: RSDP 0x00000000000F8300 000024 (v02 HPQOEM)
[  +0,000000] ACPI: XSDT 0x00000000CFEE3080 000054 (v01 HPQOEM SLIC-CPC 42302E31 AWRD 00000000)
[  +0,000000] ACPI: FACP 0x00000000CFEE7300 0000F4 (v03 HPQOEM SLIC-CPC 42302E31 AWRD 00000000)
[  +0,000000] ACPI BIOS Warning (bug): 32/64X length mismatch in FADT/Pm1aEventBlock: 32/8 (20160108/tbfadt-623)
[  +0,000000] ACPI BIOS Warning (bug): 32/64X length mismatch in FADT/Pm1aControlBlock: 16/8 (20160108/tbfadt-623)
[  +0,000000] ACPI BIOS Warning (bug): 32/64X length mismatch in FADT/PmTimerBlock: 32/8 (20160108/tbfadt-623)
[  +0,000000] ACPI BIOS Warning (bug): 32/64X length mismatch in FADT/Gpe0Block: 64/8 (20160108/tbfadt-623)
[  +0,000000] ACPI BIOS Warning (bug): Invalid length for FADT/Pm1aEventBlock: 8, using default 32 (20160108/tbfadt-704)
[  +0,000000] ACPI BIOS Warning (bug): Invalid length for FADT/Pm1aControlBlock: 8, using default 16 (20160108/tbfadt-704)
[  +0,000000] ACPI BIOS Warning (bug): Invalid length for FADT/PmTimerBlock: 8, using default 32 (20160108/tbfadt-704)
[  +0,000000] ACPI: DSDT 0x00000000CFEE3240 004097 (v01 HPQOEM SLIC-CPC 00001000 MSFT 03000000)
[  +0,000000] ACPI: FACS 0x00000000CFE90000 000040
[  +0,000000] ACPI: FACS 0x0000000CFE90000 000040
[  +0,000000] ACPI: SLIC 0x00000000CFEE74C0 000176 (v01 HPQOEM SLIC-CPC 42302E31 AWRD 00000000)
[  +0,000000] ACPI: HPET 0x00000000CFEE7740 000038 (v01 HPQOEM SLIC-CPC 42302E31 AWRD 00000098)
[  +0,000000] ACPI: MCFG 0x00000000CFEE7780 00003C (v01 HPQOEM SLIC-CPC 42302E31 AWRD 00000000)
[  +0,000000] ACPI: APIC 0x00000000CFEE7400 000084 (v01 HPQOEM SLIC-CPC 42302E31 AWRD 00000000)
[  +0,000000] ACPI: SSDT 0x00000000CFEE7E20 000380 (v01 HPQOEM SLIC-CPC 00003000 INTL 20041203)
[  +0,000000] ACPI: Local APIC address 0xfee00000
[  +0,000000] No NUMA configuration found
[  +0,000000] Faking a node at [mem 0x0000000000000000-0x000000012fffffff]
[  +0,000000] NODE_DATA(0) allocated [mem 0x12ffe5000-0x12fffbfff]
[  +0,000000] Zone ranges:
[  +0,000000]   DMA      [mem 0x0000000000001000-0x0000000000ffffff]
[  +0,000000]   DMA32    [mem 0x0000000001000000-0x00000000ffffffff]
[  +0,000000]   Normal   [mem 0x0000000100000000-0x000000012fffffff]
[  +0,000000]   Device   empty
[  +0,000000] Movable zone start for each node
[  +0,000000] Early memory node ranges
[  +0,000000]   node   0: [mem 0x0000000000001000-0x000000000009efff]
[  +0,000000]   node   0: [mem 0x0000000000100000-0x00000000cfe8ffff]
[  +0,000000]   node   0: [mem 0x0000000100000000-0x000000012fffffff]
[  +0,000000] Initmem setup node 0 [mem 0x0000000000001000-0x000000012fffffff]
[  +0,000000] On node 0 totalpages: 1048110
[  +0,000000]   DMA zone: 64 pages used for memmap
[  +0,000000]   DMA zone: 21 pages reserved
[  +0,000000]   DMA zone: 3998 pages, LIFO batch:0
[  +0,000000]   DMA32 zone: 13243 pages used for memmap
[  +0,000000]   DMA32 zone: 847504 pages, LIFO batch:31
[  +0,000000]   Normal zone: 3072 pages used for memmap
[  +0,000000]   Normal zone: 196608 pages, LIFO batch:31
[  +0,000000] ACPI: PM-Timer IO Port: 0x408
[  +0,000000] ACPI: Local APIC address 0xfee00000
[  +0,000000] ACPI: LAPIC_NMI (acpi_id[0x00] high edge lint[0x1])
[  +0,000000] ACPI: LAPIC_NMI (acpi_id[0x01] high edge lint[0x1])
[  +0,000000] ACPI: LAPIC_NMI (acpi_id[0x02] high edge lint[0x1])
[  +0,000000] ACPI: LAPIC_NMI (acpi_id[0x03] high edge lint[0x1])
[  +0,000000] IOAPIC[0]: apic_id 4, version 32, address 0xfec00000, GSI 0-23
[  +0,000000] ACPI: INT_SRC_OVR (bus 0 bus_irq 0 global_irq 2 dfl dfl)
[  +0,000000] ACPI: INT_SRC_OVR (bus 0 bus_irq 9 global_irq 9 high level)
[  +0,000000] ACPI: IRQ0 used by override.
[  +0,000000] ACPI: IRQ9 used by override.
[  +0,000000] Using ACPI (MADT) for SMP configuration information
[  +0,000000] ACPI: HPET id: 0x8086a201 base: 0xfed00000
[  +0,000000] smpboot: Allowing 4 CPUs, 2 hotplug CPUs
[  +0,000000] PM: Registered nosave memory: [mem 0x00000000-0x00000fff]
[  +0,000000] PM: Registered nosave memory: [mem 0x0009f000-0x0009ffff]
[  +0,000000] PM: Registered nosave memory: [mem 0x000a0000-0x000effff]
[  +0,000000] PM: Registered nosave memory: [mem 0x000f0000-0x000fffff]
[  +0,000000] PM: Registered nosave memory: [mem 0xcfe90000-0xcfee2fff]
[  +0,000000] PM: Registered nosave memory: [mem 0xcfee3000-0xcfeeffff]
[  +0,000000] PM: Registered nosave memory: [mem 0xcfef0000-0xcfefffff]
[  +0,000000] PM: Registered nosave memory: [mem 0xcff00000-0xdfffffff]
[  +0,000000] PM: Registered nosave memory: [mem 0xe0000000-0xefffffff]
[  +0,000000] PM: Registered nosave memory: [mem 0xf0000000-0xfebfffff]
[  +0,000000] PM: Registered nosave memory: [mem 0xfec00000-0xffffffff]
[  +0,000000] e820: [mem 0xcff00000-0xdfffffff] available for PCI devices
[  +0,000000] Booting paravirtualized kernel on bare hardware
[  +0,000000] clocksource: refined-jiffies: mask: 0xffffffff max_cycles: 0xffffffff, max_idle_ns: 1910969940391419 ns
[  +0,000000] setup_percpu: NR_CPUS:1024 nr_cpumask_bits:4 nr_cpu_ids:4 nr_node_ids:1
[  +0,000000] PERCPU: Embedded 34 pages/cpu @ffff88012fc00000 s98648 r8192 d32424 u524288
[  +0,000000] pcpu-alloc: s98648 r8192 d32424 u524288 alloc=1*2097152
[  +0,000000] pcpu-alloc: [0] 0 1 2 3 
[  +0,000000] Built 1 zonelists in Node order, mobility grouping on.  Total pages: 1031710
[  +0,000000] Policy zone: Normal
[  +0,000000] Kernel command line: BOOT_IMAGE=/boot/vmlinuz-4.5.5-300.fc24.x86_64 root=/dev/mapper/fedora-root ro rd.lvm.lv=fedora/root rd.lvm.lv=fedora/swap rhgb quiet
[  +0,000000] PID hash table entries: 4096 (order: 3, 32768 bytes)
[  +0,000000] Memory: 4021652K/4192440K available (8014K kernel code, 1336K rwdata, 3512K rodata, 1552K init, 1544K bss, 170788K reserved, 0K cma-reserved)
[  +0,000000] SLUB: HWalign=64, Order=0-3, MinObjects=0, CPUs=4, Nodes=1
[  +0,000000] Hierarchical RCU implementation.
[  +0,000000] 	Build-time adjustment of leaf fanout to 64.
[  +0,000000] 	RCU restricting CPUs from NR_CPUS=1024 to nr_cpu_ids=4.
[  +0,000000] RCU: Adjusting geometry for rcu_fanout_leaf=64, nr_cpu_ids=4
[  +0,000000] NR_IRQS:65792 nr_irqs:456 16
[  +0,000000] 	Offload RCU callbacks from all CPUs
[  +0,000000] 	Offload RCU callbacks from CPUs: 0-3.
[  +0,000000] Console: colour VGA+ 80x25
[  +0,000000] console [tty0] enabled
[  +0,000000] clocksource: hpet: mask: 0xffffffff max_cycles: 0xffffffff, max_idle_ns: 133484882848 ns
[  +0,000000] hpet clockevent registered
[  +0,000000] tsc: Fast TSC calibration using PIT
[  +0,000000] tsc: Detected 3325.245 MHz processor
[  +0,000000] Calibrating delay loop (skipped), value calculated using timer frequency.. 6650.49 BogoMIPS (lpj=3325245)
[  +0,000002] pid_max: default: 32768 minimum: 301
[  +0,000007] ACPI0: Core revision 20160108
[  +0,002916] ACPI: 2 ACPI AML tables successfully acquired and loaded

[  +0,000026] Security Framework initialized
[  +0,000002] Yama: becoming mindful.
[  +0,000005] SELinux:  Initializing.
[  +0,000013] SELinux:  Starting in permissive mode
[  +0,000294] Dentry cache hash table entries: 524288 (order: 10, 4194304 bytes)
[  +0,001794] Inode-cache hash table entries: 262144 (order: 9, 2097152 bytes)
[  +0,000793] Mount-cache hash table entriesm: 8192 (order: 4, 65536 bytes)
[  +0,000005] Mountpoint-cache hash table entries: 8192 (order: 4, 65536 bytes)
[  +0,000325] CPU: Physical Processor ID: 0
[  +0,000001] CPU: Processor Core ID: 0
[  +0,000002] mce: CPU supports 6 MCE banks
[  +0,000007] CPU0: Thermal monitoring enabled (TM2)
[  +0,000003] process: using mwait in idle threads
[  +0,000005] Last level iTLB entries: 4KB 128, 2MB 4, 4MB 4
[  +0,000001] Last level dTLB entries: 4KB 256, 2MB 0, 4MB 32, 1GB 0
[  +0,000286] Freeing SMP alternatives memory: 32K (ffffffff81ed3000 - ffffffff81edb000)
[  +0,001506] ftrace: allocating 29874 entries in 117 pages
[  +0,006424] ..TIMER: vector=0x30 apic1=0 pin1=2 apic2=-1 pin2=-1
[  +0,010572] smpboot: CPU0: Intel(R) Core(TM)2 Duo CPU     E8600  @ 3.33GHz (family: 0x6, model: 0x17, stepping: 0xa)
[  +0,000000] Performance Events: PEBS fmt0+, 4-deep LBR, Core2 events, Intel PMU driver.
[  +0,000000] ... version:                2
[  +0,000000] ... bit width:              40
[  +0,000000] ... generic registers:      2
[  +0,000000] ... value mask:             000000ffffffffff
[  +0,000000] ... max period:             000000007fffffff
[  +0,000000] ... fixed-purpose events:   3
[  +0,000000] ... event mask:             0000000700000003
[  +0,000000] x86: Booting SMP configuration:
[  +0,000000] .... node  #0, CPUs:      #1
[  +0,001038] x86: Booted up 1 node, 2 CPUs
[  +0,000004] smpboot: Total of 2 processors activated (13300.98 BogoMIPS)
[  +0,001036] NMI watchdog: enabled on all CPUs, permanently consumes one hw-PMU counter.
[  +0,000112] devtmpfs: initialized
[  +0,002859] PM: Registering ACPI NVS region [mem 0xcfe90000-0xcfee2fff] (339968 bytes)
[  +0,000065] clocksource: jiffies: mask: 0xffffffff max_cycles: 0xffffffff, max_idle_ns: 1911260446275000 ns
[  +0,000051] atomic64_test: passed for x86-64 platform with CX8 and with SSE
[  +0,000002] pinctrl core: initialized pinctrl subsystem
[  +0,000043] RTC time: 11:51:09, date: 04/23/17
[  +0,000096] NET: Registered protocol family 16
[  +0,002697] cpuidle: using governor menu
[  +0,000085] ACPI: bus type PCI registered
[  +0,000003] acpiphp: ACPI Hot Plug PCI Controller Driver version: 0.5
[  +0,000090] PCI: MMCONFIG for domain 0000 [bus 00-ff] at [mem 0xe0000000-0xefffffff] (base 0xe0000000)
[  +0,000003] PCI: MMCONFIG at [mem 0xe0000000-0xefffffff] reserved in E820
[  +0,000023] PCI: Using configuration type 1 for base access
[  +0,002848] HugeTLB registered 2 MB page size, pre-allocated 0 pages
[  +0,000027] ACPI: Added _OSI(Module Device)
[  +0,000000] ACPI: Added _OSI(Processor Device)
[  +0,000000] ACPI: Added _OSI(3.0 _SCP Extensions)
[  +0,000000] ACPI: Added _OSI(Processor Aggregator Device)
[  +0,002698] ACPI: Dynamic OEM Table Load:
[  +0,000005] ACPI: SSDT 0xFFFF88012A580C00 00026C (v01 PmRef  Cpu0Ist  00003000 INTL 20041203)
[  +0,000197] ACPI: Dynamic OEM Table Load:
[  +0,000003] ACPI: SSDT 0xFFFF88012A5B0400 000152 (v01 PmRef  Cpu1Ist  00003000 INTL 20041203)
[  +0,000250] ACPI: Interpreter enabled
[  +0,000015] ACPI: (supports S0 S1 S3 S4 S5)
[  +0,000001] ACPI: Using IOAPIC for interrupt routing
[  +0,000016] PCI: Using host bridge windows from ACPI; if necessary, use "pci=nocrs" and report a bug
[  +0,003056] ACPI: PCI Root Bridge [PCI0] (domain 0000 [bus 00-ff])
[  +0,000005] acpi PNP0A08:00: _OSC: OS supports [ExtendedConfig ASPM ClockPM Segments MSI]
[  +0,000003] acpi PNP0A08:00: _OSC failed (AE_NOT_FOUND); disabling ASPM
[  +0,000161] PCI host bridge to bus 0000:00
[  +0,000003] pci_bus 0000:00: root bus resource [io  0x0000-0x0cf7 window]
[  +0,000002] pci_bus 0000:00: root bus resource [io  0x0d00-0xffff window]
[  +0,000001] pci_bus 0000:00: root bus resource [mem 0x000a0000-0x000bffff window]
[  +0,000002] pci_bus 0000:00: root bus resource [mem 0x000c0000-0x000dffff window]
[  +0,000001] pci_bus 0000:00: root bus resource [mem 0xcff00000-0xfebfffff window]
[  +0,000002] pci_bus 0000:00: root bus resource [bus 00-ff]
[  +0,000007] pci 0000:00:00.0: [8086:29c0] type 00 class 0x060000
[  +0,000079] pci 0000:00:01.0: [8086:29c1] type 01 class 0x060400
[  +0,000028] pci 0000:00:01.0: PME# supported from D0 D3hot D3cold
[  +0,000078] pci 0000:00:1d.0: [8086:27c8] type 00 class 0x0c0300
[  +0,000031] pci 0000:00:1d.0: reg 0x20: [io  0xf500-0xf51f]
[  +0,000051] pci 0000:00:1d.0: System wakeup disabled by ACPI
[  +0,000035] pci 0000:00:1d.1: [8086:27c9] type 00 class 0x0c0300
[  +0,000031] pci 0000:00:1d.1: reg 0x20: [io  0xf600-0xf61f]
[  +0,000047] pci 0000:00:1d.1: System wakeup disabled by ACPI
[  +0,000034] pci 0000:00:1d.2: [8086:27ca] type 00 class 0x0c0300
[  +0,000031] pci 0000:00:1d.2: reg 0x20: [io  0xf700-0xf71f]
[  +0,000050] pci 0000:00:1d.2: System wakeup disabled by ACPI
[  +0,000034] pci 0000:00:1d.3: [8086:27cb] type 00 class 0x0c0300
[  +0,000031] pci 0000:00:1d.3: reg 0x20: [io  0xf800-0xf81f]
[  +0,000048] pci 0000:00:1d.3: System wakeup disabled by ACPI
[  +0,000040] pci 0000:00:1d.7: [8086:27cc] type 00 class 0x0c0320
[  +0,000014] pci 0000:00:1d.7: reg 0x10: [mem 0xfdfff000-0xfdfff3ff]
[  +0,000064] pci 0000:00:1d.7: PME# supported from D0 D3hot D3cold
[  +0,000032] pci 0000:00:1d.7: System wakeup disabled by ACPI
[  +0,000035] pci 0000:00:1e.0: [8086:244e] type 01 class 0x060401
[  +0,000064] pci 0000:00:1e.0: System wakeup disabled by ACPI
[  +0,000038] pci 0000:00:1f.0: [8086:27b8] type 00 class 0x060100
[  +0,000064] pci 0000:00:1f.0: quirk: [io  0x0400-0x047f] claimed by ICH6 ACPI/GPIO/TCO
[  +0,000004] pci 0000:00:1f.0: quirk: [io  0x0480-0x04bf] claimed by ICH6 GPIO
[  +0,000003] pci 0000:00:1f.0: ICH7 LPC Generic IO decode 1 PIO at 0800 (mask 003f)
[  +0,000002] pci 0000:00:1f.0: ICH7 LPC Generic IO decode 2 PIO at 0290 (mask 001f)
[  +0,000080] pci 0000:00:1f.2: [8086:27c0] type 00 class 0x01018a
[  +0,000010] pci 0000:00:1f.2: reg 0x10: [io  0x0000-0x0007]
[  +0,000006] pci 0000:00:1f.2: reg 0x14: [io  0x0000-0x0003]
[  +0,000006] pci 0000:00:1f.2: reg 0x18: [io  0x0000-0x0007]
[  +0,000006] pci 0000:00:1f.2: reg 0x1c: [io  0x0000-0x0003]
[  +0,000006] pci 0000:00:1f.2: reg 0x20: [io  0xf900-0xf90f]
[  +0,000012] pci 0000:00:1f.2: legacy IDE quirk: reg 0x10: [io  0x01f0-0x01f7]
[  +0,000002] pci 0000:00:1f.2: legacy IDE quirk: reg 0x14: [io  0x03f6]
[  +0,000001] pci 0000:00:1f.2: legacy IDE quirk: reg 0x18: [io  0x0170-0x0177]
[  +0,000001] pci 0000:00:1f.2: legacy IDE quirk: reg 0x1c: [io  0x0376]
[  +0,000017] pci 0000:00:1f.2: PME# supported from D3hot
[  +0,000064] pci 0000:00:1f.3: [8086:27da] type 00 class 0x0c0500
[  +0,000042] pci 0000:00:1f.3: reg 0x20: [io  0x0500-0x051f]
[  +0,000108] pci 0000:01:00.0: [1002:6779] type 00 class 0x030000
[  +0,000014] pci 0000:01:00.0: reg 0x10: [mem 0xd0000000-0xdfffffff 64bit pref]
[  +0,000009] pci 0000:01:00.0: reg 0x18: [mem 0xfdca0000-0xfdcbffff 64bit]
[  +0,000007] pci 0000:01:00.0: reg 0x20: [io  0xde00-0xdeff]
[  +0,000012] pci 0000:01:00.0: reg 0x30: [mem 0x00000000-0x0001ffff pref]
[  +0,000033] pci 0000:01:00.0: supports D1 D2
[  +0,000044] pci 0000:01:00.1: [1002:aa98] type 00 class 0x040300
[  +0,000013] pci 0000:01:00.1: reg 0x10: [mem 0xfdcfc000-0xfdcfffff 64bit]
[  +0,000060] pci 0000:01:00.1: supports D1 D2
[  +0,000055] pci 0000:00:01.0: PCI bridge to [bus 01]
[  +0,000002] pci 0000:00:01.0:   bridge window [io  0xd000-0xdfff]
[  +0,000002] pci 0000:00:01.0:   bridge window [mem 0xfdc00000-0xfdcfffff]
[  +0,000003] pci 0000:00:01.0:   bridge window [mem 0xd0000000-0xdfffffff 64bit pref]
[  +0,000034] pci 0000:05:00.0: [10ec:8169] type 00 class 0x020000
[  +0,000013] pci 0000:05:00.0: reg 0x10: [io  0xee00-0xeeff]
[  +0,000008] pci 0000:05:00.0: reg 0x14: [mem 0xfddff000-0xfddff0ff]
[  +0,000034] pci 0000:05:00.0: reg 0x30: [mem 0x00000000-0x0001ffff pref]
[  +0,000024] pci 0000:05:00.0: supports D1 D2
[  +0,000001] pci 0000:05:00.0: PME# supported from D1 D2 D3hot D3cold
[  +0,000068] pci 0000:00:1e.0: PCI bridge to [bus 05] (subtractive decode)
[  +0,000003] pci 0000:00:1e.0:   bridge window [io  0xe000-0xefff]
[  +0,000002] pci 0000:00:1e.0:   bridge window [mem 0xfdd00000-0xfddfffff]
[  +0,000004] pci 0000:00:1e.0:   bridge window [mem 0xfde00000-0xfdefffff 64bit pref]
[  +0,000002] pci 0000:00:1e.0:   bridge window [io  0x0000-0x0cf7 window] (subtractive decode)
[  +0,000002] pci 0000:00:1e.0:   bridge window [io  0x0d00-0xffff window] (subtractive decode)
[  +0,000001] pci 0000:00:1e.0:   bridge window [mem 0x000a0000-0x000bffff window] (subtractive decode)
[  +0,000002] pci 0000:00:1e.0:   bridge window [mem 0x000c0000-0x000dffff window] (subtractive decode)
[  +0,000001] pci 0000:00:1e.0:   bridge window [mem 0xcff00000-0xfebfffff window] (subtractive decode)
[  +0,000439] ACPI: PCI Interrupt Link [LNKA] (IRQs 3 4 5 7 9 *10 11 12 14 15)
[  +0,000044] ACPI: PCI Interrupt Link [LNKB] (IRQs 3 4 *5 7 9 10 11 12 14 15)
[  +0,000043] ACPI: PCI Interrupt Link [LNKC] (IRQs *3 4 5 7 9 10 11 12 14 15)
[  +0,000043] ACPI: PCI Interrupt Link [LNKD] (IRQs 3 4 5 7 9 10 *11 12 14 15)
[  +0,000042] ACPI: PCI Interrupt Link [LNKE] (IRQs 3 4 5 7 9 10 11 12 14 15) *0, disabled.
[  +0,000043] ACPI: PCI Interrupt Link [LNKF] (IRQs 3 4 5 7 9 10 11 12 14 15) *0, disabled.
[  +0,000043] ACPI: PCI Interrupt Link [LNK0] (IRQs 3 4 5 7 9 10 11 12 14 15) *0, disabled.
[  +0,000047] ACPI: PCI Interrupt Link [LNK1] (IRQs 3 4 5 *7 9 10 11 12 14 15)
[  +0,000049] ACPI: Enabled 2 GPEs in block 00 to 1F
[  +0,000063] vgaarb: setting as boot device: PCI:0000:01:00.0
[  +0,000000] vgaarb: device added: PCI:0000:01:00.0,decodes=io+mem,owns=io+mem,locks=none
[  +0,000000] vgaarb: loaded
[  +0,000000] vgaarb: bridge control possible 0000:01:00.0
[  +0,000000] SCSI subsystem initialized
[  +0,000000] libata version 3.00 loaded.
[  +0,000000] ACPI: bus type USB registered
[  +0,000000] usbcore: registered new interface driver usbfs
[  +0,000000] usbcore: registered new interface driver hub
[  +0,000000] usbcore: registered new device driver usb
[  +0,000000] PCI: Using ACPI for IRQ routing
[  +0,004874] PCI: pci_cache_line_size set to 64 bytes
[  +0,000027] e820: reserve RAM buffer [mem 0x0009f400-0x0009ffff]
[  +0,000001] e820: reserve RAM buffer [mem 0xcfe90000-0xcfffffff]
[  +0,000102] NetLabel[0m: Initializing
[  +0,000002] NetLabel[0m:  domain hash size = 128
[  +0,000000] NetLabel[0m:  protocols = UNLABELED CIPSOv4
[  +0,000012] NetLabel[0m:  unlabeled traffic allowed by default
[  +0,000037] HPET[0m: 3 timers in total, 0 timers will be used for per-cpu timer
[  +0,000004] hpet0[0m: at MMIO 0xfed00000, IRQs 2, 8, 0
[  +0,000002] hpet0[0m: 3 comparators, 64-bit 14.318180 MHz counter
[  +0,001805] clocksource[0m: Switched to clocksource hpet
[  +0,007860] VFS[0m: Disk quotas dquot_6.6.0
[  +0,000020] VFS[0m: Dquot-cache hash table entries: 512 (order 0, 4096 bytes)
[  +0,000125] pnp[0m: PnP ACPI init
[  +0,000147] system 00:00[0m: [io  0x04d0-0x04d1] has been reserved
[  +0,000002] system 00:00[0m: [io  0x0800-0x087f] has been reserved
[  +0,000001] system 00:00[0m: [io  0x0290-0x0297] has been reserved
[  +0,000002] system 00:00[0m: [io  0x0880-0x088f] has been reserved
[  +0,000004] system 00:00[0m: Plug and Play ACPI device, IDs PNP0c02 (active)
[  +0,000061] pnp 00:01[0m: Plug and Play ACPI device, IDs PNP0b00 (active)
[  +0,000211] system 00:02[0m: [io  0x0400-0x04bf] could not be reserved
[  +0,000003] system 00:02[0m: Plug and Play ACPI device, IDs PNP0c02 (active)
[  +0,000152] system 00:03[0m: [mem 0xe0000000-0xefffffff] has been reserved
[  +0,000003] system 00:03[0m: Plug and Play ACPI device, IDs PNP0c02 (active)
[  +0,000070] system 00:04[0m: [mem 0x000f0000-0x000fffff] could not be reserved
[  +0,000003] system 00:04[0m: [mem 0xcff00000-0xcfffffff] has been reserved
[  +0,000001] system 00:04[0m: [mem 0xfed00000-0xfed000ff] has been reserved
[  +0,000002] system 00:04[0m: [mem 0xcfe90000-0xcfefffff] could not be reserved
[  +0,000002] system 00:04[0m: [mem 0x00000000-0x0009ffff] could not be reserved
[  +0,000002] system 00:04[0m: [mem 0x00100000-0xcfe8ffff] could not be reserved
[  +0,000001] system 00:04[0m: [mem 0xfec00000-0xfec00fff] could not be reserved
[  +0,000002] system 00:04[0m: [mem 0xfed13000-0xfed1dfff] has been reserved
[  +0,000002] system 00:04[0m: [mem 0xfed20000-0xfed8ffff] has been reserved
[  +0,000001] system 00:04[0m: [mem 0xfee00000-0xfee00fff] has been reserved
[  +0,000002] system 00:04[0m: [mem 0xffb00000-0xffb7ffff] has been reserved
[  +0,000002] system 00:04[0m: [mem 0xfff00000-0xffffffff] has been reserved
[  +0,000001] system 00:04[0m: [mem 0x000e0000-0x000effff] has been reserved
[  +0,000003] system 00:04[0m: Plug and Play ACPI device, IDs PNP0c01 (active)
[  +0,000004] pnp[0m: PnP ACPI: found 5 devices
[  +0,006324] clocksource[0m: acpi_pm: mask: 0xffffff max_cycles: 0xffffff, max_idle_ns: 2085701024 ns
[  +0,000022] pci 0000:01:00.0[0m: BAR 6: assigned [mem 0xfdc00000-0xfdc1ffff pref]
[  +0,000002] pci 0000:00:01.0[0m: PCI bridge to [bus 01]
[  +0,000002] pci 0000:00:01.0[0m:   bridge window [io  0xd000-0xdfff]
[  +0,000003] pci 0000:00:01.0[0m:   bridge window [mem 0xfdc00000-0xfdcfffff]
[  +0,000002] pci 0000:00:01.0[0m:   bridge window [mem 0xd0000000-0xdfffffff 64bit pref]
[  +0,000004] pci 0000:05:00.0[0m: BAR 6: assigned [mem 0xfdd00000-0xfdd1ffff pref]
[  +0,000002] pci 0000:00:1e.0[0m: PCI bridge to [bus 05]
[  +0,000002] pci 0000:00:1e.0[0m:   bridge window [io  0xe000-0xefff]
[  +0,000003] pci 0000:00:1e.0[0m:   bridge window [mem 0xfdd00000-0xfddfffff]
[  +0,000003] pci 0000:00:1e.0[0m:   bridge window [mem 0xfde00000-0xfdefffff 64bit pref]
[  +0,000005] pci_bus 0000:00[0m: resource 4 [io  0x0000-0x0cf7 window]
[  +0,000001] pci_bus 0000:00[0m: resource 5 [io  0x0d00-0xffff window]
[  +0,000002] pci_bus 0000:00[0m: resource 6 [mem 0x000a0000-0x000bffff window]
[  +0,000001] pci_bus 0000:00[0m: resource 7 [mem 0x000c0000-0x000dffff window]
[  +0,000002] pci_bus 0000:00[0m: resource 8 [mem 0xcff00000-0xfebfffff window]
[  +0,000001] pci_bus 0000:01[0m: resource 0 [io  0xd000-0xdfff]
[  +0,000002] pci_bus 0000:01[0m: resource 1 [mem 0xfdc00000-0xfdcfffff]
[  +0,000001] pci_bus 0000:01[0m: resource 2 [mem 0xd0000000-0xdfffffff 64bit pref]
[  +0,000002] pci_bus 0000:05[0m: resource 0 [io  0xe000-0xefff]
[  +0,000001] pci_bus 0000:05[0m: resource 1 [mem 0xfdd00000-0xfddfffff]
[  +0,000002] pci_bus 0000:05[0m: resource 2 [mem 0xfde00000-0xfdefffff 64bit pref]
[  +0,000001] pci_bus 0000:05[0m: resource 4 [io  0x0000-0x0cf7 window]
[  +0,000002] pci_bus 0000:05[0m: resource 5 [io  0x0d00-0xffff window]
[  +0,000001] pci_bus 0000:05[0m: resource 6 [mem 0x000a0000-0x000bffff window]
[  +0,000001] pci_bus 0000:05[0m: resource 7 [mem 0x000c0000-0x000dffff window]
[  +0,000002] pci_bus 0000:05[0m: resource 8 [mem 0xcff00000-0xfebfffff window]
[  +0,000027] NET[0m: Registered protocol family 2
[  +0,000158] TCP established hash table entries[0m: 32768 (order: 6, 262144 bytes)
[  +0,000125] TCP bind hash table entries[0m: 32768 (order: 7, 524288 bytes)
[  +0,000201] TCP[0m: Hash tables configured (established 32768 bind 32768)
[  +0,000044] UDP hash table entries[0m: 2048 (order: 4, 65536 bytes)
[  +0,000029] UDP-Lite hash table entries[0m: 2048 (order: 4, 65536 bytes)
[  +0,000067] NET[0m: Registered protocol family 1
[  +0,000497] pci 0000:01:00.0[0m: Video device with shadowed ROM
[  +0,000005] PCI[0m: CLS 64 bytes, default 64
[  +0,000043] Unpacking initramfs...
[  +0,280026] [33mFreeing initrd memory[0m: 21428K (ffff880035616000 - ffff880036b03000)
[  +0,000032] [33mPCI-DMA[0m: Using software bounce buffering for IO (SWIOTLB)
[  +0,000004] software IO TLB [mem 0xcbe90000-0xcfe90000] (64MB) mapped at [ffff8800cbe90000-ffff8800cfe8ffff]
[  +0,000741] [33mfutex hash table entries[0m: 1024 (order: 4, 65536 bytes)
[  +0,000047] [33maudit[0m: initializing netlink subsys (disabled)
[  +0,000023] [33maudit[0m: type=2000 audit(1492948269.349:1): initialized
[  +0,000235] Initialise system trusted keyring
[  +0,001832] [33mzbud[0m: loaded
[  +0,000468] Key type big_key registered
[  +0,000003] [33mSELinux[0m:  Registering netfilter hooks
[  +0,003851] [33mNET[0m: Registered protocol family 38
[  +0,000006] Key type asymmetric registered
[  +0,000002] Asymmetric key parser 'x509' registered
[  +0,000038] Block layer SCSI generic (bsg) driver version 0.4 loaded (major 250)
[  +0,000026] io scheduler noop registered
[  +0,000002] io scheduler deadline registered
[  +0,000032] io scheduler cfq registered (default)
[  +0,000231] [33mpci_hotplug[0m: PCI Hot Plug PCI Core version: 0.5
[  +0,000006] [33mpciehp[0m: PCI Express Hot Plug Controller Driver version: 0.4
[  +0,000023] [33mintel_idle[0m: does not run on family 6 model 23
[  +0,000072] [33minput[0m: Power Button as /devices/LNXSYSTM:00/LNXSYBUS:00/PNP0C0C:00/input/input0
[  +0,000003] [33mACPI[0m: Power Button [PWRB]
[  +0,000050] [33minput[0m: Power Button as /devices/LNXSYSTM:00/LNXPWRBN:00/input/input1
[  +0,000001] [33mACPI[0m: Power Button [PWRF]
[  +0,000132] [33mGHES[0m: HEST is not enabled!
[  +0,000056] [33mSerial[0m: 8250/16550 driver, 32 ports, IRQ sharing enabled
[  +0,001448] Non-volatile memory driver v1.3
[  +0,000028] Linux agpgart interface v0.103
[  +0,000280] [33mata_piix 0000:00:1f.2[0m: version 2.13
[  +0,000056] [33mata_piix 0000:00:1f.2[0m: MAP [ P0 P2 P1 P3 ]
[  +0,000545] [33mscsi host0[0m: ata_piix
[  +0,000078] [33mscsi host1[0m: ata_piix
[  +0,000035] [33mata1[0m: SATA max UDMA/133 cmd 0x1f0 ctl 0x3f6 bmdma 0xf900 irq 14
[  +0,000002] [33mata2[0m: SATA max UDMA/133 cmd 0x170 ctl 0x376 bmdma 0xf908 irq 15
[  +0,000066] [33mlibphy[0m: Fixed MDIO Bus: probed
[  +0,000045] [33mehci_hcd[0m: USB 2.0 'Enhanced' Host Controller (EHCI) Driver
[  +0,000004] [33mehci-pci[0m: EHCI PCI platform driver
[  +0,000066] [33mehci-pci 0000:00:1d.7[0m: EHCI Host Controller
[  +0,000038] [33mehci-pci 0000:00:1d.7[0m: new USB bus registered, assigned bus number 1
[  +0,000009] [33mehci-pci 0000:00:1d.7[0m: debug port 1
[  +0,003890] [33mehci-pci 0000:00:1d.7[0m: cache line size of 64 is not supported
[  +0,000011] [33mehci-pci 0000:00:1d.7[0m: irq 23, io mem 0xfdfff000
[  +0,005178] [33mehci-pci 0000:00:1d.7[0m: USB 2.0 started, EHCI 1.00
[  +0,000054] [33musb usb1[0m: New USB device found, idVendor=1d6b, idProduct=0002
[  +0,000003] [33musb usb1[0m: New USB device strings: Mfr=3, Product=2, SerialNumber=1
[  +0,000002] [33musb usb1[0m: Product: EHCI Host Controller
[  +0,000002] [33musb usb1[0m: Manufacturer: Linux 4.5.5-300.fc24.x86_64 ehci_hcd
[  +0,000003] [33musb usb1[0m: SerialNumber: 0000:00:1d.7
[  +0,000144] [33mhub 1-0:1.0[0m: USB hub found
[  +0,000006] [33mhub 1-0:1.0[0m: 8 ports detected
[  +0,000155] [33mohci_hcd[0m: USB 1.1 'Open' Host Controller (OHCI) Driver
[  +0,000004] [33mohci-pci[0m: OHCI PCI platform driver
[  +0,000011] [33muhci_hcd[0m: USB Universal Host Controller Interface driver
[  +0,000056] [33muhci_hcd 0000:00:1d.0[0m: UHCI Host Controller
[  +0,000035] [33muhci_hcd 0000:00:1d.0[0m: new USB bus registered, assigned bus number 2
[  +0,000006] [33muhci_hcd 0000:00:1d.0[0m: detected 2 ports
[  +0,000017] [33muhci_hcd 0000:00:1d.0[0m: irq 23, io base 0x0000f500
[  +0,000035] [33musb usb2[0m: New USB device found, idVendor=1d6b, idProduct=0001
[  +0,000001] [33musb usb2[0m: New USB device strings: Mfr=3, Product=2, SerialNumber=1
[  +0,000002] [33musb usb2[0m: Product: UHCI Host Controller
[  +0,000001] [33musb usb2[0m: Manufacturer: Linux 4.5.5-300.fc24.x86_64 uhci_hcd
[  +0,000002] [33musb usb2[0m: SerialNumber: 0000:00:1d.0
[  +0,000086] [33mhub 2-0:1.0[0m: USB hub found
[  +0,000006] [33mhub 2-0:1.0[0m: 2 ports detected
[  +0,000118] [33muhci_hcd 0000:00:1d.1[0m: UHCI Host Controller
[  +0,000039] [33muhci_hcd 0000:00:1d.1[0m: new USB bus registered, assigned bus number 3
[  +0,000005] [33muhci_hcd 0000:00:1d.1[0m: detected 2 ports
[  +0,000020] [33muhci_hcd 0000:00:1d.1[0m: irq 19, io base 0x0000f600
[  +0,000032] [33musb usb3[0m: New USB device found, idVendor=1d6b, idProduct=0001
[  +0,000002] [33musb usb3[0m: New USB device strings: Mfr=3, Product=2, SerialNumber=1
[  +0,000001] [33musb usb3[0m: Product: UHCI Host Controller
[  +0,000002] [33musb usb3[0m: Manufacturer: Linux 4.5.5-300.fc24.x86_64 uhci_hcd
[  +0,000001] [33musb usb3[0m: SerialNumber: 0000:00:1d.1
[  +0,000086] [33mhub 3-0:1.0[0m: USB hub found
[  +0,000005] [33mhub 3-0:1.0[0m: 2 ports detected
[  +0,000134] [33muhci_hcd 0000:00:1d.2[0m: UHCI Host Controller
[  +0,000035] [33muhci_hcd 0000:00:1d.2[0m: new USB bus registered, assigned bus number 4
[  +0,000005] [33muhci_hcd 0000:00:1d.2[0m: detected 2 ports
[  +0,000020] [33muhci_hcd 0000:00:1d.2[0m: irq 18, io base 0x0000f700
[  +0,000032] [33musb usb4[0m: New USB device found, idVendor=1d6b, idProduct=0001
[  +0,000002] [33musb usb4[0m: New USB device strings: Mfr=3, Product=2, SerialNumber=1
[  +0,000001] [33musb usb4[0m: Product: UHCI Host Controller
[  +0,000002] [33musb usb4[0m: Manufacturer: Linux 4.5.5-300.fc24.x86_64 uhci_hcd
[  +0,000001] [33musb usb4[0m: SerialNumber: 0000:00:1d.2
[  +0,000085] [33mhub 4-0:1.0[0m: USB hub found
[  +0,000005] [33mhub 4-0:1.0[0m: 2 ports detected
[  +0,000119] [33muhci_hcd 0000:00:1d.3[0m: UHCI Host Controller
[  +0,000035] [33muhci_hcd 0000:00:1d.3[0m: new USB bus registered, assigned bus number 5
[  +0,000005] [33muhci_hcd 0000:00:1d.3[0m: detected 2 ports
[  +0,000020] [33muhci_hcd 0000:00:1d.3[0m: irq 16, io base 0x0000f800
[  +0,000033] [33musb usb5[0m: New USB device found, idVendor=1d6b, idProduct=0001
[  +0,000002] [33musb usb5[0m: New USB device strings: Mfr=3, Product=2, SerialNumber=1
[  +0,000002] [33musb usb5[0m: Product: UHCI Host Controller
[  +0,000001] [33musb usb5[0m: Manufacturer: Linux 4.5.5-300.fc24.x86_64 uhci_hcd
[  +0,000001] [33musb usb5[0m: SerialNumber: 0000:00:1d.3
[  +0,000086] [33mhub 5-0:1.0[0m: USB hub found
[  +0,000005] [33mhub 5-0:1.0[0m: 2 ports detected
[  +0,000104] [33musbcore[0m: registered new interface driver usbserial
[  +0,000008] [33musbcore[0m: registered new interface driver usbserial_generic
[  +0,000006] [33musbserial[0m: USB Serial support registered for generic
[  +0,000023] [33mi8042[0m: PNP: No PS/2 controller found. Probing ports directly.
[  +0,002394] [33mserio[0m: i8042 KBD port at 0x60,0x64 irq 1
[  +0,000003] [33mserio[0m: i8042 AUX port at 0x60,0x64 irq 12
[  +0,000097] [33mmousedev[0m: PS/2 mouse device common for all mice
[  +0,000130] [33mrtc_cmos 00:01[0m: RTC can wake from S4
[  +0,000104] [33mrtc_cmos 00:01[0m: rtc core: registered rtc_cmos as rtc0
[  +0,000020] [33mrtc_cmos 00:01[0m: alarms up to one month, 242 bytes nvram, hpet irqs
[  +0,000042] [33mdevice-mapper[0m: uevent: version 1.0.3
[  +0,000060] [33mdevice-mapper[0m: ioctl: 4.34.0-ioctl (2015-10-28) initialised: dm-devel@redhat.com
[  +0,000176] [33mhidraw[0m: raw HID events driver (C) Jiri Kosina
[  +0,000036] [33musbcore[0m: registered new interface driver usbhid
[  +0,000001] [33musbhid[0m: USB HID core driver
[  +0,000055] [33mdrop_monitor[0m: Initializing network drop monitor service
[  +0,000063] [33mip_tables[0m: (C) 2000-2006 Netfilter Core Team
[  +0,000023] Initializing XFRM netlink socket
[  +0,000156] [33mNET[0m: Registered protocol family 10
[  +0,000157] [33mmip6[0m: Mobile IPv6
[  +0,000003] [33mNET[0m: Registered protocol family 17
[  +0,000148] [33mmicrocode[0m: CPU0 sig=0x1067a, pf=0x1, revision=0xa07
[  +0,000006] [33mmicrocode[0m: CPU1 sig=0x1067a, pf=0x1, revision=0xa07
[  +0,000029] [33mmicrocode[0m: Microcode Update Driver: v2.01 <tigran@aivazian.fsnet.co.uk>, Peter Oruba
[  +0,000134] registered taskstats version 1
[  +0,000011] Loading compiled-in X.509 certificates
[  +0,000799] [33mLoaded X.509 cert 'Fedora kernel signing key[0m: 1304c420836ce81b5a1692090e4eee89aac431dd'
[  +0,000022] [33mzswap[0m: loaded using pool lzo/zbud
[  +0,000166] [33m  Magic number[0m: 13:221:884
[  +0,000067] [33mrtc_cmos 00:01[0m: setting system clock to 2017-04-23 11:51:09 UTC (1492948269)
[  +0,000044] [33mPM[0m: Hibernation image not present or could not be loaded.
[  +0,165689] [33mata1.00[0m: ATA-9: ST1000DM003-1ER162, CC45, max UDMA/133
[  +0,000004] [33mata1.00[0m: 1953525168 sectors, multi 16: LBA48 NCQ (depth 0/32)
[  +0,000006] [33mata1.01[0m: ATAPI: TSSTcorp CDDVDW TS-H653Z, 4303, max UDMA/33
[  +0,004681] [33mata1.00[0m: configured for UDMA/133
[  +0,004459] [33mata1.01[0m: configured for UDMA/33
[  +0,000474] [33mscsi 0:0:0:0[0m: Direct-Access     ATA      ST1000DM003-1ER1 CC45 PQ: 0 ANSI: 5
[  +0,006198] [33msd 0:0:0:0[0m: [sda] 1953525168 512-byte logical blocks: (1.00 TB/932 GiB)
[  +0,000004] [33msd 0:0:0:0[0m: [sda] 4096-byte physical blocks
[  +0,000023] [33msd 0:0:0:0[0m: Attached scsi generic sg0 type 0
[  +0,000024] [33msd 0:0:0:0[0m: [sda] Write Protect is off
[  +0,000002] [33msd 0:0:0:0[0m: [sda] Mode Sense: 00 3a 00 00
[  +0,000018] [33msd 0:0:0:0[0m: [sda] Write cache: enabled, read cache: enabled, doesn't support DPO or FUA
[  +0,000592] [33mscsi 0:0:1:0[0m: CD-ROM            TSSTcorp CDDVDW TS-H653Z  4303 PQ: 0 ANSI: 5
[  +0,045997] [33m sda[0m: sda1 sda2 sda3
[  +0,003061] [33msr 0:0:1:0[0m: [sr0] scsi3-mmc drive: 40x/40x writer dvd-ram cd/rw xa/form2 cdda tray
[  +0,000003] [33mcdrom[0m: Uniform CD-ROM driver Revision: 3.20
[  +0,000112] [33msd 0:0:0:0[0m: [sda] Attached SCSI disk
[  +0,000037] [33msr 0:0:1:0[0m: Attached scsi CD-ROM sr0
[  +0,000072] [33msr 0:0:1:0[0m: Attached scsi generic sg1 type 5
[  +0,001370] [33mFreeing unused kernel memory[0m: 1552K (ffffffff81d4f000 - ffffffff81ed3000)
[  +0,000002] [33mWrite protecting the kernel read-only data[0m: 12288k
[  +0,000163] [33mFreeing unused kernel memory[0m: 168K (ffff8800017d6000 - ffff880001800000)
[  +0,001267] [33mFreeing unused kernel memory[0m: 584K (ffff880001b6e000 - ffff880001c00000)
[  +0,006885] [33mrandom[0m: systemd urandom read with 13 bits of entropy available
[  +0,053483] [33maudit[0m: type=1130 audit(1492948269.793:2): pid=1 uid=0 auid=4294967295 ses=4294967295 subj=kernel msg='unit=systemd-sysctl comm="systemd" exe="/usr/lib/systemd/systemd" hostname=? addr=? terminal=? res=success'
[  +0,018749] [33maudit[0m: type=1130 audit(1492948269.812:3): pid=1 uid=0 auid=4294967295 ses=4294967295 subj=kernel msg='unit=systemd-journald comm="systemd" exe="/usr/lib/systemd/systemd" hostname=? addr=? terminal=? res=success'
[  +0,010619] [33maudit[0m: type=1130 audit(1492948269.822:4): pid=1 uid=0 auid=4294967295 ses=4294967295 subj=kernel msg='unit=systemd-tmpfiles-setup-dev comm="systemd" exe="/usr/lib/systemd/systemd" hostname=? addr=? terminal=? res=success'
[  +0,050833] [33maudit[0m: type=1130 audit(1492948269.873:5): pid=1 uid=0 auid=4294967295 ses=4294967295 subj=kernel msg='unit=dracut-cmdline comm="systemd" exe="/usr/lib/systemd/systemd" hostname=? addr=? terminal=? res=success'
[  +0,005077] [33maudit[0m: type=1130 audit(1492948269.878:6): pid=1 uid=0 auid=4294967295 ses=4294967295 subj=kernel msg='unit=systemd-vconsole-setup comm="systemd" exe="/usr/lib/systemd/systemd" hostname=? addr=? terminal=? res=success'
[  +0,017733] [33maudit[0m: type=1130 audit(1492948269.896:7): pid=1 uid=0 auid=4294967295 ses=4294967295 subj=kernel msg='unit=dracut-pre-udev comm="systemd" exe="/usr/lib/systemd/systemd" hostname=? addr=? terminal=? res=success'
[  +0,009785] [33maudit[0m: type=1130 audit(1492948269.906:8): pid=1 uid=0 auid=4294967295 ses=4294967295 subj=kernel msg='unit=systemd-udevd comm="systemd" exe="/usr/lib/systemd/systemd" hostname=? addr=? terminal=? res=success'
[  +0,009923] [33musb 2-1[0m: new low-speed USB device number 2 using uhci_hcd
[  +0,033521] [33maudit[0m: type=1130 audit(1492948269.949:9): pid=1 uid=0 auid=4294967295 ses=4294967295 subj=kernel msg='unit=systemd-udev-trigger comm="systemd" exe="/usr/lib/systemd/systemd" hostname=? addr=? terminal=? res=success'
[  +0,017477] [33musb 3-1[0m: new low-speed USB device number 2 using uhci_hcd
[  +0,012780] FUJITSU Extended Socket Network Device Driver - version 1.0 - Copyright (c) 2015 FUJITSU LIMITED
[  +0,002898] [drm] Initialized drm 1.1.0 20060810
[  +0,013009] r8169 Gigabit Ethernet driver 2.3LK-NAPI loaded
[  +0,000083] [33mr8169 0000:05:00.0 (unnamed net_device) (uninitialized)[0m: not PCI Express
[  +0,005739] [33mr8169 0000:05:00.0 eth0[0m: RTL8169sb/8110sb at 0xffffc90000750000, 18:a6:f7:01:78:98, XID 10000000 IRQ 16
[  +0,000007] [33mr8169 0000:05:00.0 eth0[0m: jumbo features [frames: 7152 bytes, tx checksumming: ok]
[  +0,035772] [33mr8169 0000:05:00.0 enp5s0[0m: renamed from eth0
[  +0,031338] [drm] radeon kernel modesetting enabled.
[  +0,003734] AMD IOMMUv2 driver by Joerg Roedel <jroedel@suse.de>
[  +0,000002] AMD IOMMUv2 functionality not available on this system
[  +0,006997] [1mCRAT table not found[0m
[  +0,000002] Finished initializing topology ret=0
[  +0,000102] [33mkfd kfd[0m: Initialized module
[  +0,000574] [drm] initializing kernel modesetting (CAICOS 0x1002:0x6779 0x174B:0xE199).
[  +0,000011] [33m[drm] register mmio base[0m: 0xFDCA0000
[  +0,000001] [33m[drm] register mmio size[0m: 131072
[  +0,000073] [33mATOM BIOS[0m: AMD
[  +0,000539] [33mradeon 0000:01:00.0[0m: VRAM: 2048M 0x0000000000000000 - 0x000000007FFFFFFF (2048M used)
[  +0,000003] [33mradeon 0000:01:00.0[0m: GTT: 1024M 0x0000000080000000 - 0x00000000BFFFFFFF
[  +0,000001] [drm] Detected VRAM RAM=2048M, BAR=256M
[  +0,000001] [drm] RAM width 64bits DDR
[  +0,000031] [33m[TTM] Zone  kernel[0m: Available graphics memory: 2022708 kiB
[  +0,000001] [TTM] Initializing pool allocator
[  +0,000004] [TTM] Initializing DMA pool allocator
[  +0,000018] [33m[drm] radeon[0m: 2048M of VRAM memory ready
[  +0,000001] [33m[drm] radeon[0m: 1024M of GTT memory ready.
[  +0,000011] [drm] Loading CAICOS Microcode
[  +0,000085] [drm] Internal thermal controller without fan control
[  +0,004331] [33m[drm] radeon[0m: dpm initialized
[  +0,000104] [33m[drm] GART[0m: num cpu pages 262144, num gpu pages 262144
[  +0,014328] [drm] PCIE GART of 1024M enabled (table at 0x0000000000274000).
[  +0,000114] [33mradeon 0000:01:00.0[0m: WB enabled
[  +0,000003] [33mradeon 0000:01:00.0[0m: fence driver on ring 0 use gpu addr 0x0000000080000c00 and cpu addr 0xffff880129a84c00
[  +0,000002] [33mradeon 0000:01:00.0[0m: fence driver on ring 3 use gpu addr 0x0000000080000c0c and cpu addr 0xffff880129a84c0c
[  +0,001469] [33mradeon 0000:01:00.0[0m: fence driver on ring 5 use gpu addr 0x0000000000072118 and cpu addr 0xffffc90000c32118
[  +0,000674] [drm] Supports vblank timestamp caching Rev 2 (21.10.2013).
[  +0,000002] [drm] Driver supports precise vblank timestamp query.
[  +0,000002] [33mradeon 0000:01:00.0[0m: radeon: MSI limited to 32-bit
[  +0,000030] [33mradeon 0000:01:00.0[0m: radeon: using MSI.
[  +0,000035] [33m[drm] radeon[0m: irq initialized.
[  +0,017120] [drm] ring test on 0 succeeded in 3 usecs
[  +0,000011] [drm] ring test on 3 succeeded in 6 usecs
[  +0,013971] [33musb 3-1[0m: New USB device found, idVendor=046d, idProduct=c31c
[  +0,000003] [33musb 3-1[0m: New USB device strings: Mfr=1, Product=2, SerialNumber=0
[  +0,000002] [33musb 3-1[0m: Product: USB Keyboard
[  +0,000001] [33musb 3-1[0m: Manufacturer: Logitech
[  +0,034360] [33minput[0m: Logitech USB Keyboard as /devices/pci0000:00/0000:00:1d.1/usb3/3-1/3-1:1.0/0003:046D:C31C.0001/input/input5
[  +0,050803] [33mhid-generic 0003:046D:C31C.0001[0m: input,hidraw0: USB HID v1.10 Keyboard [Logitech USB Keyboard] on usb-0000:00:1d.1-1/input0
[  +0,048875] [33minput[0m: Logitech USB Keyboard as /devices/pci0000:00/0000:00:1d.1/usb3/3-1/3-1:1.1/0003:046D:C31C.0002/input/input6
[  +0,018953] [33musb 2-1[0m: New USB device found, idVendor=046d, idProduct=c05a
[  +0,000002] [33musb 2-1[0m: New USB device strings: Mfr=1, Product=2, SerialNumber=0
[  +0,000002] [33musb 2-1[0m: Product: USB Optical Mouse
[  +0,000001] [33musb 2-1[0m: Manufacturer: Logitech
[  +0,010143] [drm] ring test on 5 succeeded in 2 usecs
[  +0,000010] [drm] UVD initialized successfully.
[  +0,000336] [drm] ib test on ring 0 succeeded in 0 usecs
[  +0,000049] [drm] ib test on ring 3 succeeded in 0 usecs
[  +0,151457] [33minput[0m: Logitech USB Optical Mouse as /devices/pci0000:00/0000:00:1d.0/usb2/2-1/2-1:1.0/0003:046D:C05A.0003/input/input7
[  +0,000073] [33mhid-generic 0003:046D:C31C.0002[0m: input,hidraw1: USB HID v1.10 Device [Logitech USB Keyboard] on usb-0000:00:1d.1-1/input1
[  +0,000130] [33mhid-generic 0003:046D:C05A.0003[0m: input,hidraw2: USB HID v1.11 Mouse [Logitech USB Optical Mouse] on usb-0000:00:1d.0-1/input0
[  +0,025784] [33mtsc[0m: Refined TSC clocksource calibration: 3325.409 MHz
[  +0,000004] [33mclocksource[0m: tsc: mask: 0xffffffffffffffff max_cycles: 0x2fef0f1cc2a, max_idle_ns: 440795288797 ns
[  +0,474021] [drm] ib test on ring 5 succeeded
[  +0,000472] [drm] Radeon Display Connectors
[  +0,000002] [drm] Connector 0:
[  +0,000000] [drm]   HDMI-A-1
[  +0,000001] [drm]   HPD1
[  +0,000002] [33m[drm]   DDC[0m: 0x6460 0x6460 0x6464 0x6464 0x6468 0x6468 0x646c 0x646c
[  +0,000001] [drm]   Encoders:
[  +0,000000] [33m[drm]     DFP1[0m: INTERNAL_UNIPHY1
[  +0,000001] [drm] Connector 1:
[  +0,000001] [drm]   DVI-D-1
[  +0,000001] [drm]   HPD4
[  +0,000001] [33m[drm]   DDC[0m: 0x6440 0x6440 0x6444 0x6444 0x6448 0x6448 0x644c 0x644c
[  +0,000001] [drm]   Encoders:
[  +0,000001] [33m[drm]     DFP2[0m: INTERNAL_UNIPHY
[  +0,000001] [drm] Connector 2:
[  +0,000000] [drm]   VGA-1
[  +0,000002] [33m[drm]   DDC[0m: 0x6430 0x6430 0x6434 0x6434 0x6438 0x6438 0x643c 0x643c
[  +0,000001] [drm]   Encoders:
[  +0,000001] [33m[drm]     CRT1[0m: INTERNAL_KLDSCP_DAC1
[  +0,044581] [drm] fb mappable at 0xD0475000
[  +0,000001] [drm] vram apper at 0xD0000000
[  +0,000001] [drm] size 5324800
[  +0,000001] [drm] fb depth is 24
[  +0,000001] [drm]    pitch is 5888
[  +0,000046] [33mfbcon[0m: radeondrmfb (fb0) is primary device
[  +0,026500] [33mConsole[0m: switching to colour frame buffer device 180x56
[  +0,003363] [33mradeon 0000:01:00.0[0m: fb0: radeondrmfb frame buffer device
[  +0,009818] [drm] Initialized radeon 2.43.0 20080528 for 0000:01:00.0 on minor 0
[  +0,092289] [33maudit[0m: type=1130 audit(1492948271.125:10): pid=1 uid=0 auid=4294967295 ses=4294967295 subj=kernel msg='unit=plymouth-start comm="systemd" exe="/usr/lib/systemd/systemd" hostname=? addr=? terminal=? res=success'
[  +0,202009] [33mrandom[0m: nonblocking pool is initialized
[  +0,146922] [33mclocksource[0m: Switched to clocksource tsc
[  +0,071149] [33mEXT4-fs (dm-0)[0m: mounted filesystem with ordered data mode. Opts: (null)
[  +0,707922] [33mSELinux[0m: 32768 avtab hash slots, 104786 rules.
[  +0,012837] [33mSELinux[0m: 32768 avtab hash slots, 104786 rules.
[  +0,017672] [33mSELinux[0m:  8 users, 14 roles, 5012 types, 303 bools, 1 sens, 1024 cats
[  +0,000004] [33mSELinux[0m:  92 classes, 104786 rules
[  +0,002948] [33mSELinux[0m:  Permission validate_trans in class security not defined in policy.
[  +0,000097] [33mSELinux[0m: the above unknown classes and permissions will be allowed
[  +0,000005] [33mSELinux[0m:  Completing initialization.
[  +0,000001] [33mSELinux[0m:  Setting up existing superblocks.
[  +1,190082] [33mEXT4-fs (dm-0)[0m: re-mounted. Opts: (null)
[  +1,031510] [33maudit_printk_skb[0m[1m: 138 callbacks suppressed[0m
[  +0,000003] [33maudit[0m: type=1130 audit(1492941074.509:57): pid=1 uid=0 auid=4294967295 ses=4294967295 subj=system_u:system_r:init_t:s0 msg='unit=systemd-random-seed comm="systemd" exe="/usr/lib/systemd/systemd" hostname=? addr=? terminal=? res=success'
[  +1,424862] Adding 2097148k swap on /dev/mapper/fedora-swap.  Priority:-1 extents:1 across:2097148k FS
[  +0,246413] [33maudit[0m: type=1130 audit(1492941076.180:58): pid=1 uid=0 auid=4294967295 ses=4294967295 subj=system_u:system_r:init_t:s0 msg='unit=lvm2-pvscan@8:3 comm="systemd" exe="/usr/lib/systemd/systemd" hostname=? addr=? terminal=? res=success'
[  +0,000339] [33maudit[0m: type=1130 audit(1492941076.180:59): pid=1 uid=0 auid=4294967295 ses=4294967295 subj=system_u:system_r:init_t:s0 msg='unit=systemd-udev-settle comm="systemd" exe="/usr/lib/systemd/systemd" hostname=? addr=? terminal=? res=success'
[  +0,681540] [33maudit[0m: type=1130 audit(1492941076.862:60): pid=1 uid=0 auid=4294967295 ses=4294967295 subj=system_u:system_r:init_t:s0 msg='unit=dmraid-activation comm="systemd" exe="/usr/lib/systemd/systemd" hostname=? addr=? terminal=? res=success'
[  +0,000028] [33maudit[0m: type=1131 audit(1492941076.862:61): pid=1 uid=0 auid=4294967295 ses=4294967295 subj=system_u:system_r:init_t:s0 msg='unit=dmraid-activation comm="systemd" exe="/usr/lib/systemd/systemd" hostname=? addr=? terminal=? res=success'
[  +0,380133] [33maudit[0m: type=1130 audit(1492941077.242:62): pid=1 uid=0 auid=4294967295 ses=4294967295 subj=system_u:system_r:init_t:s0 msg='unit=systemd-fsck@dev-mapper-fedora\x2dhome comm="systemd" exe="/usr/lib/systemd/systemd" hostname=? addr=? terminal=? res=success'
[  +0,131142] [33maudit[0m: type=1130 audit(1492941077.373:63): pid=1 uid=0 auid=4294967295 ses=4294967295 subj=system_u:system_r:init_t:s0 msg='unit=systemd-journald comm="systemd" exe="/usr/lib/systemd/systemd" hostname=? addr=? terminal=? res=success'
[  +0,116966] [33mEXT4-fs (dm-3)[0m: mounted filesystem with ordered data mode. Opts: (null)
[  +0,093651] [33maudit[0m: type=1130 audit(1492941077.584:64): pid=1 uid=0 auid=4294967295 ses=4294967295 subj=system_u:system_r:init_t:s0 msg='unit=systemd-fsck@dev-mapper-fedora\x2dtmp comm="systemd" exe="/usr/lib/systemd/systemd" hostname=? addr=? terminal=? res=success'
[  +0,108628] [33mEXT4-fs (dm-2)[0m: mounted filesystem with ordered data mode. Opts: (null)
[  +0,069900] [33maudit[0m: type=1130 audit(1492941077.762:65): pid=1 uid=0 auid=4294967295 ses=4294967295 subj=system_u:system_r:init_t:s0 msg='unit=dracut-shutdown comm="systemd" exe="/usr/lib/systemd/systemd" hostname=? addr=? terminal=? res=success'
[  +0,052324] [33maudit[0m: type=1130 audit(1492941077.815:66): pid=1 uid=0 auid=4294967295 ses=4294967295 subj=system_u:system_r:init_t:s0 msg='unit=plymouth-read-write comm="systemd" exe="/usr/lib/systemd/systemd" hostname=? addr=? terminal=? res=success'
[  +1,871330] [33maudit_printk_skb[0m[1m: 18 callbacks suppressed[0m
[  +0,000003] [33maudit[0m: type=1305 audit(1492941079.686:73): audit_enabled=1 old=1 auid=4294967295 ses=4294967295 subj=system_u:system_r:auditd_t:s0 res=1
[  +0,000013] [33maudit[0m: type=1305 audit(1492941079.686:74): audit_pid=708 old=0 auid=4294967295 ses=4294967295 subj=system_u:system_r:auditd_t:s0 res=1
[  +6,972293] [33mIPv6[0m: ADDRCONF(NETDEV_UP): enp5s0: link is not ready
[  +0,002659] [33mr8169 0000:05:00.0 enp5s0[0m: link down
[  +0,000050] [33mIPv6[0m: ADDRCONF(NETDEV_UP): enp5s0: link is not ready


*****************************************************************************
************************      ANALISIS PRELIMINAR      **********************
*****************************************************************************


-12 Reserva de memoria para dispositivo ACPI en PLACA BASE.
  "[  +0,000000] BIOS-e820: [mem 0x00000000cfe90000-0x00000000cfee2fff] ACPI NVS"
  "[  +0,000000] BIOS-e820: [mem 0x00000000cfee3000-0x00000000cfeeffff] ACPI data"

-54-60 Aviso de BIOS (bug) en FADT

-70 No se encuentra configuración numa:
  "Faking a node at..."

-105 Bad CPU scann?
  "smpboot: Allowing 4 CPUs, 2 hotplug CPUs"

-119 Referencia de redondeo en el reloj?
  "clocksource: refined-jiffies: mask: 0xffffffff"

-128 Abuso en la reserva de memoria para dispositivos, etc
  "Memory: 4021652K/4192440K"

-129 Declarada CPU inexistente:
  "SLUB: HWalign=64, Order=0-3, MinObjects=0, CPUs=4, Nodes=1"
  comprobar configuración: 
  - modelo NUMA
  - Modelo setCpu sobre Bus de sistema.

-145 Aplicada revisión del núcleo no coincidente:
  "(inea20)BIOS 5.19 03/06/2009" 
  -- "ACPI0: Core revision 20160108"
  -- mockbuild@bkernel01.phx2.fedoraproject.org) (gcc version 6.1.1 20160510 (Red Hat 6.1.1-2) (GCC) ) #1 SMP Thu May 19 13:05:32 UTC 2016


-147 Linea anormal en el log de sistema - inerta caracter nulo?
  "  "

-159 Registro del termómetro de la "CPU0" - No queda registro de la segunda "CPU".
  "CPU0: Thermal monitoring enabled (TM2)"


-163 Congelación de memoria alternativa
  "Freeing SMP alternatives memory: 32K (ffffffff81ed3000 - ffffffff81edb000)"

-166 Configuración irregular sobre bus de sistema. Asignación de ambos procesadores
  al cpuID-0 
  "smpboot: CPU0: Intel(R) Core(TM)2 Duo CPU     E8600  @ 3.33GHz (family: 0x6, model: 0x17, stepping: 0xa)"

-182 Nuevo reajuste del reloj de sistema 
  "e820: [mem 0xcff00000-0xdfffffff] available for PCI devices"
  "clocksource: jiffies: mask: 0xffffffff"

-186 Anormal orden de registro para la familia de protocolos de red:
  IPv6 - es poco probable que llegue nunca a adoptarse el protocolo IPv6 para
  la red interna. Aunque funcional, canónicamente se ha aceptado el uso de las
  4 típica direcciones de red sobre LAN: 
  192.168.0.1,255.255.255.0,192.168.0.127,192.168.0.100 y sus combinaciones habituales.
  -Está completamente fuera de lugar el uso de IPv6, y ningún sistema operativo(?)
  implementa el uso de una configuración basada en esta, de forma predeterminada.


-189 Carga de controlador de dispositivo muy desactualizado, 
  "acpiphp: ACPI Hot Plug PCI Controller Driver version: 0.5" 

-193 HugeTLB ---memoria paginacion(?) vacía
  "[  +0,002848] HugeTLB registered 2 MB page size, pre-allocated 0 pages"

-205 Aviso de bug:
  "PCI: Using host bridge windows from ACPI; if necessary, use "pci=nocrs" and report a bug"

00:00.0 Host bridge: Intel Corporation 82G33/G31/P35/P31 Express DRAM Controller (rev 10)
00:01.0 PCI bridge: Intel Corporation 82G33/G31/P35/P31 Express PCI Express Root Port (rev 10)
00:1d.0 USB controller: Intel Corporation NM10/ICH7 Family USB UHCI Controller #1 (rev 01)
00:1d.1 USB controller: Intel Corporation NM10/ICH7 Family USB UHCI Controller #2 (rev 01)
00:1d.2 USB controller: Intel Corporation NM10/ICH7 Family USB UHCI Controller #3 (rev 01)
00:1d.3 USB controller: Intel Corporation NM10/ICH7 Family USB UHCI Controller #4 (rev 01)
00:1d.7 USB controller: Intel Corporation NM10/ICH7 Family USB2 EHCI Controller (rev 01)
00:1e.0 PCI bridge: Intel Corporation 82801 PCI Bridge (rev e1)
00:1f.0 ISA bridge: Intel Corporation 82801GB/GR (ICH7 Family) LPC Interface Bridge (rev 01)
00:1f.2 IDE interface: Intel Corporation NM10/ICH7 Family SATA Controller [IDE mode] (rev 01)
00:1f.3 SMBus: Intel Corporation NM10/ICH7 Family SMBus Controller (rev 01)
01:00.0 VGA compatible controller: Advanced Micro Devices, Inc. [AMD/ATI] Caicos [Radeon HD 6450/7450/8450 / R5 230 OEM]
01:00.1 Audio device: Advanced Micro Devices, Inc. [AMD/ATI] Caicos HDMI Audio [Radeon HD 6400 Series]
05:00.0 Ethernet controller: Realtek Semiconductor Co., Ltd. RTL8169 PCI Gigabit Ethernet Controller (rev 10)

-207-208 Controlador ACPI Plug&Play(?) Dirección de memoria erronea(?)
  "acpi PNP0A08:00: _OSC: OS supports [ExtendedConfig ASPM ClockPM Segments MSI]"
  "acpi PNP0A08:00: _OSC failed (AE_NOT_FOUND); disabling ASPM"

-217-282 Dirección de dispositivo (?)
  "pci 0000:00:01.0: [8086:29c1] type 01 class 0x060400"
  "pci 0000:00:01.0: PME# supported from D0 D3hot D3cold"
  "scope ... "

  - Resumen:
  4 USB (MB)
  2 PS/2 (MB)
  1 ??? db9 (MB) Tarjeta video Integrada(?) de tipo [i915??]
  1 RJ45 Tarjeta Red Integrada (bios BOOT LAN OFF) (MB)
  3 ??? Tipo Jack T. Sonido Integrada (MB)
  1 VGA db9 (GPU)
  1 DVI (GPU)
  1 HDMI (GPU)

  - Controlador para el dispositivo de red ERRONEO. Realtek Dispositivo no EXISTE.
    (MSI BOSTON 7075)
  - Dispositivo conectado a PCI no Realtek.
  - Uno de los dispositivos USB es falso
  - Dispositivo Disco duro SATA erroneo, sin cache, desactualizado.
  - Controlador para la tarjeta de vídeo aparentement correcto, sin embargo
    carga registros basura, Personalmente interpreto como "EEPROM FLASHED".
    Alternativa!! driver de grafica integrada (desabilitada por BIOS) referencia
    direcciónes durante carga GPU en PCIE.





