I: Bus=0019 Vendor=0000 Product=0001 Version=0000
N: Name="Power Button"
P: Phys=PNP0C0C/button/input0
S: Sysfs=/devices/LNXSYSTM:00/LNXSYBUS:00/PNP0C0C:00/input/input0
U: Uniq=
H: Handlers=kbd event0 
B: PROP=0
B: EV=3
B: KEY=10000000000000 0

I: Bus=0019 Vendor=0000 Product=0001 Version=0000
N: Name="Power Button"
P: Phys=LNXPWRBN/button/input0
S: Sysfs=/devices/LNXSYSTM:00/LNXPWRBN:00/input/input1
U: Uniq=
H: Handlers=kbd event1 
B: PROP=0
B: EV=3
B: KEY=10000000000000 0

I: Bus=0003 Vendor=046d Product=c05a Version=0111
N: Name="Logitech USB Optical Mouse"
P: Phys=usb-0000:00:1d.0-1/input0
S: Sysfs=/devices/pci0000:00/0000:00:1d.0/usb2/2-1/2-1:1.0/0003:046D:C05A.0001/input/input5
U: Uniq=
H: Handlers=mouse0 event2 
B: PROP=0
B: EV=17
B: KEY=70000 0 0 0 0
B: REL=103
B: MSC=10

I: Bus=0003 Vendor=046d Product=c31c Version=0110
N: Name="Logitech USB Keyboard"
P: Phys=usb-0000:00:1d.1-1/input0
S: Sysfs=/devices/pci0000:00/0000:00:1d.1/usb3/3-1/3-1:1.0/0003:046D:C31C.0002/input/input6
U: Uniq=
H: Handlers=sysrq kbd leds event3 
B: PROP=0
B: EV=120013
B: KEY=1000000000007 ff9f207ac14057ff febeffdfffefffff fffffffffffffffe
B: MSC=10
B: LED=1f

I: Bus=0003 Vendor=046d Product=c31c Version=0110
N: Name="Logitech USB Keyboard"
P: Phys=usb-0000:00:1d.1-1/input1
S: Sysfs=/devices/pci0000:00/0000:00:1d.1/usb3/3-1/3-1:1.1/0003:046D:C31C.0003/input/input7
U: Uniq=
H: Handlers=kbd event4 
B: PROP=0
B: EV=1b
B: KEY=2010000 397ad801d001 1e000000000000 0
B: ABS=100000000
B: MSC=10

