55908de2e000 default file=/usr/lib/systemd/systemd mapped=322 mapmax=5 active=287 N0=322 kernelpagesize_kB=4
55908df95000 default file=/usr/lib/systemd/systemd anon=35 dirty=35 mapmax=3 N0=35 kernelpagesize_kB=4
55908dfb9000 default file=/usr/lib/systemd/systemd anon=1 dirty=1 N0=1 kernelpagesize_kB=4
55908dfba000 default anon=1 dirty=1 mapmax=3 N0=1 kernelpagesize_kB=4
55908e755000 default heap anon=492 dirty=492 mapmax=3 N0=492 kernelpagesize_kB=4
7f7578000000 default anon=3 dirty=3 mapmax=2 N0=3 kernelpagesize_kB=4
7f7578029000 default
7f757fed3000 default
7f757fed4000 default anon=2 dirty=2 mapmax=2 N0=2 kernelpagesize_kB=4
7f75806d4000 default
7f75806d5000 default anon=208 dirty=208 mapmax=3 N0=208 kernelpagesize_kB=4
7f758113b000 default file=/usr/lib64/libuuid.so.1.3.0 mapped=4 mapmax=8 N0=4 kernelpagesize_kB=4
7f758113f000 default file=/usr/lib64/libuuid.so.1.3.0
7f758133e000 default file=/usr/lib64/libuuid.so.1.3.0 anon=1 dirty=1 mapmax=3 N0=1 kernelpagesize_kB=4
7f758133f000 default
7f7581340000 default file=/usr/lib64/libblkid.so.1.1.0 mapped=32 mapmax=5 N0=32 kernelpagesize_kB=4
7f758137d000 default file=/usr/lib64/libblkid.so.1.1.0
7f758157d000 default file=/usr/lib64/libblkid.so.1.1.0 anon=4 dirty=4 mapmax=3 N0=4 kernelpagesize_kB=4
7f7581581000 default file=/usr/lib64/libblkid.so.1.1.0 anon=1 dirty=1 mapmax=3 N0=1 kernelpagesize_kB=4
7f7581582000 default
7f7581583000 default file=/usr/lib64/libz.so.1.2.8 mapped=15 mapmax=16 N0=15 kernelpagesize_kB=4
7f7581598000 default file=/usr/lib64/libz.so.1.2.8
7f7581797000 default file=/usr/lib64/libz.so.1.2.8 anon=1 dirty=1 mapmax=3 N0=1 kernelpagesize_kB=4
7f7581798000 default file=/usr/lib64/libz.so.1.2.8 anon=1 dirty=1 mapmax=3 N0=1 kernelpagesize_kB=4
7f7581799000 default file=/usr/lib64/liblzma.so.5.2.2 mapped=4 mapmax=21 N0=4 kernelpagesize_kB=4
7f75817be000 default file=/usr/lib64/liblzma.so.5.2.2
7f75819bd000 default file=/usr/lib64/liblzma.so.5.2.2 anon=1 dirty=1 mapmax=3 N0=1 kernelpagesize_kB=4
7f75819be000 default
7f75819bf000 default file=/usr/lib64/libattr.so.1.1.0 mapped=4 mapmax=23 N0=4 kernelpagesize_kB=4
7f75819c3000 default file=/usr/lib64/libattr.so.1.1.0
7f7581bc2000 default file=/usr/lib64/libattr.so.1.1.0 anon=1 dirty=1 mapmax=3 N0=1 kernelpagesize_kB=4
7f7581bc3000 default
7f7581bc4000 default file=/usr/lib64/libdl-2.23.so mapped=3 mapmax=31 N0=3 kernelpagesize_kB=4
7f7581bc7000 default file=/usr/lib64/libdl-2.23.so
7f7581dc6000 default file=/usr/lib64/libdl-2.23.so anon=1 dirty=1 mapmax=3 N0=1 kernelpagesize_kB=4
7f7581dc7000 default file=/usr/lib64/libdl-2.23.so anon=1 dirty=1 mapmax=3 N0=1 kernelpagesize_kB=4
7f7581dc8000 default file=/usr/lib64/libpcre.so.1.2.6 mapped=59 mapmax=27 N0=59 kernelpagesize_kB=4
7f7581e37000 default file=/usr/lib64/libpcre.so.1.2.6
7f7582037000 default file=/usr/lib64/libpcre.so.1.2.6 anon=1 dirty=1 mapmax=3 N0=1 kernelpagesize_kB=4
7f7582038000 default file=/usr/lib64/libpcre.so.1.2.6 anon=1 dirty=1 mapmax=3 N0=1 kernelpagesize_kB=4
7f7582039000 default file=/usr/lib64/libc-2.23.so mapped=367 mapmax=39 N0=367 kernelpagesize_kB=4
7f75821f2000 default file=/usr/lib64/libc-2.23.so
7f75823f2000 default file=/usr/lib64/libc-2.23.so anon=4 dirty=4 mapmax=3 N0=4 kernelpagesize_kB=4
7f75823f6000 default file=/usr/lib64/libc-2.23.so anon=2 dirty=2 N0=2 kernelpagesize_kB=4
7f75823f8000 default anon=3 dirty=3 N0=3 kernelpagesize_kB=4
7f75823fc000 default file=/usr/lib64/libpthread-2.23.so mapped=20 mapmax=34 N0=20 kernelpagesize_kB=4
7f7582413000 default file=/usr/lib64/libpthread-2.23.so
7f7582612000 default file=/usr/lib64/libpthread-2.23.so anon=1 dirty=1 mapmax=3 N0=1 kernelpagesize_kB=4
7f7582613000 default file=/usr/lib64/libpthread-2.23.so anon=1 dirty=1 N0=1 kernelpagesize_kB=4
7f7582614000 default anon=1 dirty=1 N0=1 kernelpagesize_kB=4
7f7582618000 default file=/usr/lib64/libgcc_s-6.1.1-20160510.so.1 mapped=20 mapmax=22 N0=20 kernelpagesize_kB=4
7f758262e000 default file=/usr/lib64/libgcc_s-6.1.1-20160510.so.1
7f758282d000 default file=/usr/lib64/libgcc_s-6.1.1-20160510.so.1 anon=1 dirty=1 mapmax=3 N0=1 kernelpagesize_kB=4
7f758282e000 default file=/usr/lib64/libgcc_s-6.1.1-20160510.so.1 anon=1 dirty=1 mapmax=3 N0=1 kernelpagesize_kB=4
7f758282f000 default file=/usr/lib64/libmount.so.1.1.0 mapped=64 mapmax=3 N0=64 kernelpagesize_kB=4
7f7582876000 default file=/usr/lib64/libmount.so.1.1.0
7f7582a75000 default file=/usr/lib64/libmount.so.1.1.0 anon=2 dirty=2 mapmax=3 N0=2 kernelpagesize_kB=4
7f7582a77000 default file=/usr/lib64/libmount.so.1.1.0 anon=1 dirty=1 mapmax=3 N0=1 kernelpagesize_kB=4
7f7582a78000 default
7f7582a79000 default file=/usr/lib64/libkmod.so.2.3.0 mapped=15 mapmax=4 N0=15 kernelpagesize_kB=4
7f7582a8e000 default file=/usr/lib64/libkmod.so.2.3.0
7f7582c8d000 default file=/usr/lib64/libkmod.so.2.3.0 anon=1 dirty=1 mapmax=3 N0=1 kernelpagesize_kB=4
7f7582c8e000 default file=/usr/lib64/libkmod.so.2.3.0 anon=1 dirty=1 mapmax=3 N0=1 kernelpagesize_kB=4
7f7582c8f000 default file=/usr/lib64/libaudit.so.1.0.0 mapped=27 mapmax=13 N0=27 kernelpagesize_kB=4
7f7582cab000 default file=/usr/lib64/libaudit.so.1.0.0
7f7582eab000 default file=/usr/lib64/libaudit.so.1.0.0 anon=1 dirty=1 mapmax=3 N0=1 kernelpagesize_kB=4
7f7582eac000 default file=/usr/lib64/libaudit.so.1.0.0 anon=1 dirty=1 N0=1 kernelpagesize_kB=4
7f7582ead000 default anon=2 dirty=2 mapmax=3 N0=2 kernelpagesize_kB=4
7f7582eb7000 default file=/usr/lib64/libpam.so.0.84.1 mapped=14 mapmax=7 N0=14 kernelpagesize_kB=4
7f7582ec5000 default file=/usr/lib64/libpam.so.0.84.1
7f75830c4000 default file=/usr/lib64/libpam.so.0.84.1 anon=1 dirty=1 mapmax=3 N0=1 kernelpagesize_kB=4
7f75830c5000 default file=/usr/lib64/libpam.so.0.84.1 anon=1 dirty=1 mapmax=3 N0=1 kernelpagesize_kB=4
7f75830c6000 default file=/usr/lib64/libseccomp.so.2.3.1 mapped=42 mapmax=6 N0=42 kernelpagesize_kB=4
7f75830f2000 default file=/usr/lib64/libseccomp.so.2.3.1
7f75832f1000 default file=/usr/lib64/libseccomp.so.2.3.1 anon=21 dirty=21 mapmax=3 N0=21 kernelpagesize_kB=4
7f7583306000 default file=/usr/lib64/libseccomp.so.2.3.1 anon=1 dirty=1 mapmax=3 N0=1 kernelpagesize_kB=4
7f7583307000 default file=/usr/lib64/librt-2.23.so mapped=7 mapmax=26 N0=7 kernelpagesize_kB=4
7f758330e000 default file=/usr/lib64/librt-2.23.so
7f758350d000 default file=/usr/lib64/librt-2.23.so anon=1 dirty=1 mapmax=3 N0=1 kernelpagesize_kB=4
7f758350e000 default file=/usr/lib64/librt-2.23.so anon=1 dirty=1 mapmax=3 N0=1 kernelpagesize_kB=4
7f758350f000 default file=/usr/lib64/libcap.so.2.24 mapped=4 mapmax=20 N0=4 kernelpagesize_kB=4
7f7583513000 default file=/usr/lib64/libcap.so.2.24
7f7583712000 default file=/usr/lib64/libcap.so.2.24 anon=1 dirty=1 mapmax=3 N0=1 kernelpagesize_kB=4
7f7583713000 default file=/usr/lib64/libcap.so.2.24 anon=1 dirty=1 mapmax=3 N0=1 kernelpagesize_kB=4
7f7583714000 default file=/usr/lib64/libselinux.so.1 mapped=35 mapmax=27 N0=35 kernelpagesize_kB=4
7f7583737000 default file=/usr/lib64/libselinux.so.1
7f7583937000 default file=/usr/lib64/libselinux.so.1 anon=1 dirty=1 mapmax=3 N0=1 kernelpagesize_kB=4
7f7583938000 default file=/usr/lib64/libselinux.so.1 anon=1 dirty=1 N0=1 kernelpagesize_kB=4
7f7583939000 default anon=2 dirty=2 mapmax=3 N0=2 kernelpagesize_kB=4
7f758393b000 default file=/usr/lib64/ld-2.23.so mapped=35 mapmax=36 N0=35 kernelpagesize_kB=4
7f75839d1000 default file=/etc/selinux/targeted/contexts/files/file_contexts.bin mapped=364 mapmax=4 N0=364 kernelpagesize_kB=4
7f7583b3d000 default anon=10 dirty=10 mapmax=3 N0=10 kernelpagesize_kB=4
7f7583b50000 default file=/etc/selinux/targeted/contexts/files/file_contexts.local.bin mapped=1 mapmax=4 N0=1 kernelpagesize_kB=4
7f7583b51000 default file=/etc/selinux/targeted/contexts/files/file_contexts.homedirs.bin mapped=12 mapmax=4 N0=12 kernelpagesize_kB=4
7f7583b5d000 default anon=1 dirty=1 N0=1 kernelpagesize_kB=4
7f7583b5e000 default file=/usr/lib64/ld-2.23.so anon=1 dirty=1 mapmax=3 N0=1 kernelpagesize_kB=4
7f7583b5f000 default file=/usr/lib64/ld-2.23.so anon=1 dirty=1 N0=1 kernelpagesize_kB=4
7f7583b60000 default anon=1 dirty=1 N0=1 kernelpagesize_kB=4
7ffc9aea8000 default stack anon=14 dirty=14 mapmax=3 N0=14 kernelpagesize_kB=4
7ffc9af0f000 default
7ffc9af12000 default
