04/08/2017  09:32:31 DDNS> Invalid Domain Name.
04/08/2017  09:32:24 SMTP> Succeed in sending alert mail.
04/08/2017  09:32:21 DDNS> Invalid Domain Name.
04/08/2017  09:32:18 sending DHCP ACK to 192.168.1.102
04/08/2017  09:32:14 SMTP> Fail to send alert mail. Delay 10 seconds.
04/08/2017  09:32:11 DDNS> Invalid Domain Name.
04/08/2017  09:32:10 DHCP Client: [ATM1]Receive Ack from 81.52.127.249,Lease time=86400
04/08/2017  09:32:10 DHCP Client: [ATM1]Domain name = orange.es
04/08/2017  09:32:10 DHCP Client: [ATM1]Send Request, Request IP=90.75.213.228
04/08/2017  09:32:10 DHCP Client: [ATM1]Receive Offer from 81.52.127.249
04/08/2017  09:32:10 DHCP Client: [ATM1]Domain name = orange.es
04/08/2017  09:32:10 DHCP Client: [ATM1]Send Discover
04/08/2017  09:32:00 sending DHCP ACK to 192.168.1.100
04/08/2017  09:32:00 sending DHCP OFFER to 192.168.1.100
04/08/2017  09:31:54 DHCP Client: [ATM1]Send Release
04/08/2017  09:28:48 192.168.1.102 login success
04/08/2017  09:05:24 **Mac filter** 00:00:00:00:00:00  (from WLAN Inbound)
04/08/2017  09:05:22 **Mac filter** 00:00:00:00:00:00  (from WLAN Inbound)
04/08/2017  09:05:21 **Mac filter** 00:00:00:00:00:00  (from WLAN Inbound)
04/08/2017  09:05:20 **Mac filter** 00:00:00:00:00:00  (from WLAN Inbound)
04/08/2017  09:05:18 **Mac filter** 00:00:00:00:00:00  (from WLAN Inbound)
04/08/2017  09:05:16 **Mac filter** 00:00:00:00:00:00  (from WLAN Inbound)
04/08/2017  09:05:16 **Mac filter** 00:00:00:00:00:00  (from WLAN Inbound)
04/08/2017  09:05:15 **Mac filter** 00:00:00:00:00:00  (from WLAN Inbound)
04/08/2017  09:05:15 **Mac filter** 00:00:00:00:00:00  (from WLAN Inbound)
04/08/2017  09:05:15 **Mac filter** 00:00:00:00:00:00  (from WLAN Inbound)
04/08/2017  09:05:14 **Mac filter** 00:00:00:00:00:00  (from WLAN Inbound)
04/08/2017  09:01:44 192.168.1.102 login success
04/08/2017  09:01:34 User from 192.168.1.102 timed out
04/08/2017  09:00:25 **Mac filter** 00:00:00:00:00:00  (from WLAN Inbound)
04/08/2017  09:00:23 **Mac filter** 00:00:00:00:00:00  (from WLAN Inbound)
04/08/2017  09:00:21 **Mac filter** 00:00:00:00:00:00  (from WLAN Inbound)
04/08/2017  09:00:20 **Mac filter** 00:00:00:00:00:00  (from WLAN Inbound)
04/08/2017  09:00:19 **Mac filter** 00:00:00:00:00:00  (from WLAN Inbound)
04/08/2017  09:00:17 **Mac filter** 00:00:00:00:00:00  (from WLAN Inbound)
04/08/2017  09:00:17 **Mac filter** 00:00:00:00:00:00  (from WLAN Inbound)
04/08/2017  09:00:16 **Mac filter** 00:00:00:00:00:00  (from WLAN Inbound)
04/08/2017  09:00:15 **Mac filter** 00:00:00:00:00:00  (from WLAN Inbound)
04/08/2017  09:00:15 **Mac filter** 00:00:00:00:00:00  (from WLAN Inbound)
04/08/2017  09:00:15 **Mac filter** 00:00:00:00:00:00  (from WLAN Inbound)
04/08/2017  08:54:50 192.168.1.102 login success
04/08/2017  08:54:35 User from 192.168.1.102 timed out
04/08/2017  08:54:19 sending DHCP ACK to 192.168.1.102
04/08/2017  08:53:47 **Mac filter** 00:00:00:00:00:00  (from WLAN Inbound)
04/08/2017  08:53:46 **Mac filter** 00:00:00:00:00:00  (from WLAN Inbound)
04/08/2017  08:53:44 **Mac filter** 00:00:00:00:00:00  (from WLAN Inbound)
04/08/2017  08:53:43 **Mac filter** 00:00:00:00:00:00  (from WLAN Inbound)
04/08/2017  08:53:40 **Mac filter** 00:00:00:00:00:00  (from WLAN Inbound)
04/08/2017  08:53:39 **Mac filter** 00:00:00:00:00:00  (from WLAN Inbound)
04/08/2017  08:53:38 **Mac filter** 00:00:00:00:00:00  (from WLAN Inbound)
04/08/2017  08:53:38 **Mac filter** 00:00:00:00:00:00  (from WLAN Inbound)
04/08/2017  08:53:37 **Mac filter** 00:00:00:00:00:00  (from WLAN Inbound)
04/08/2017  08:53:37 **Mac filter** 00:00:00:00:00:00  (from WLAN Inbound)
04/08/2017  08:53:37 **Mac filter** 00:00:00:00:00:00  (from WLAN Inbound)
04/08/2017  08:51:59 **Mac filter** 00:00:00:00:00:00  (from WLAN Inbound)
04/08/2017  08:51:58 **Mac filter** 00:00:00:00:00:00  (from WLAN Inbound)
04/08/2017  08:51:57 **Mac filter** 00:00:00:00:00:00  (from WLAN Inbound)
04/08/2017  08:51:55 **Mac filter** 00:00:00:00:00:00  (from WLAN Inbound)
04/08/2017  08:51:53 **Mac filter** 00:00:00:00:00:00  (from WLAN Inbound)
04/08/2017  08:51:51 **Mac filter** 00:00:00:00:00:00  (from WLAN Inbound)
04/08/2017  08:51:51 **Mac filter** 00:00:00:00:00:00  (from WLAN Inbound)
04/08/2017  08:51:50 **Mac filter** 00:00:00:00:00:00  (from WLAN Inbound)
04/08/2017  08:51:50 **Mac filter** 00:00:00:00:00:00  (from WLAN Inbound)
04/08/2017  08:51:50 **Mac filter** 00:00:00:00:00:00  (from WLAN Inbound)
04/08/2017  08:51:49 **Mac filter** 00:00:00:00:00:00  (from WLAN Inbound)
04/08/2017  08:51:34 **Mac filter** 00:00:00:00:00:00  (from WLAN Inbound)
04/08/2017  08:51:32 **Mac filter** 00:00:00:00:00:00  (from WLAN Inbound)
04/08/2017  08:51:30 **Mac filter** 00:00:00:00:00:00  (from WLAN Inbound)
04/08/2017  08:51:30 **Mac filter** 00:00:00:00:00:00  (from WLAN Inbound)
04/08/2017  08:51:29 sending DHCP ACK to 192.168.1.102
04/08/2017  08:51:28 **Mac filter** 00:00:00:00:00:00  (from WLAN Inbound)
04/08/2017  08:51:26 **Mac filter** 00:00:00:00:00:00  (from WLAN Inbound)
04/08/2017  08:51:26 **Mac filter** 00:00:00:00:00:00  (from WLAN Inbound)
04/08/2017  08:51:25 **Mac filter** 00:00:00:00:00:00  (from WLAN Inbound)
04/08/2017  08:51:25 **Mac filter** 00:00:00:00:00:00  (from WLAN Inbound)
04/08/2017  08:51:24 **Mac filter** 00:00:00:00:00:00  (from WLAN Inbound)
04/08/2017  08:51:24 **Mac filter** 00:00:00:00:00:00  (from WLAN Inbound)
04/08/2017  08:50:54 **Mac filter** 00:00:00:00:00:00  (from WLAN Inbound)
04/08/2017  08:50:53 **Mac filter** 00:00:00:00:00:00  (from WLAN Inbound)
04/08/2017  08:50:51 **Mac filter** 00:00:00:00:00:00  (from WLAN Inbound)
04/08/2017  08:50:50 **Mac filter** 00:00:00:00:00:00  (from WLAN Inbound)
04/08/2017  08:50:49 **Mac filter** 00:00:00:00:00:00  (from WLAN Inbound)
04/08/2017  08:50:47 **Mac filter** 00:00:00:00:00:00  (from WLAN Inbound)
04/08/2017  08:50:46 **Mac filter** 00:00:00:00:00:00  (from WLAN Inbound)
04/08/2017  08:50:45 **Mac filter** 00:00:00:00:00:00  (from WLAN Inbound)
04/08/2017  08:50:45 **Mac filter** 00:00:00:00:00:00  (from WLAN Inbound)
04/08/2017  08:50:45 **Mac filter** 00:00:00:00:00:00  (from WLAN Inbound)
04/08/2017  08:50:45 **Mac filter** 00:00:00:00:00:00  (from WLAN Inbound)
04/08/2017  08:42:37 sending DHCP ACK to 192.168.1.102
04/08/2017  08:42:23 NTP Date/Time updated.
01/25/2017  00:01:00 Get system time from NTP server:62.36.16.6.
01/25/2017  00:00:52 SMTP> Succeed in sending alert mail.
01/25/2017  00:00:49 192.168.1.102 login success
01/25/2017  00:00:49 DDNS> Invalid Domain Name.
01/25/2017  00:00:41 SMTP> Fail to send alert mail. Delay 10 seconds.
01/25/2017  00:00:41 SMTP fail message>451 Temporary local problem - please try later.
01/25/2017  00:00:39 DDNS> Invalid Domain Name.
01/25/2017  00:00:37 If(3) can not receive RA message.
01/25/2017  00:00:30 SMTP> Fail to send alert mail. Delay 10 seconds.
01/25/2017  00:00:28 DDNS> Invalid Domain Name.
01/25/2017  00:00:27 DHCP Client: [ATM1]Receive Ack from 81.52.127.249,Lease time=86400
01/25/2017  00:00:27 DHCP Client: [ATM1]Domain name = orange.es
01/25/2017  00:00:27 DHCP Client: [ATM1]Send Request, Request IP=90.75.213.228
01/25/2017  00:00:27 DHCP Client: [ATM1]Receive Offer from 81.52.127.249
01/25/2017  00:00:27 DHCP Client: [ATM1]Domain name = orange.es
01/25/2017  00:00:27 DHCP Client: [ATM1]Send Discover
01/25/2017  00:00:27 DHCP Client: [ATM1]Send Discover
01/25/2017  00:00:26 If(3) can not receive RA message.
01/25/2017  00:00:19 sending DHCP ACK to 192.168.1.102
01/25/2017  00:00:18 **Mac filter** 00:00:00:00:00:00  (from WLAN Inbound)
01/25/2017  00:00:17 **Mac filter** 00:00:00:00:00:00  (from WLAN Inbound)
01/25/2017  00:00:14 **Mac filter** 00:00:00:00:00:00  (from WLAN Inbound)
01/25/2017  00:00:13 **Mac filter** 00:00:00:00:00:00  (from WLAN Inbound)
01/25/2017  00:00:12 **Mac filter** 00:00:00:00:00:00  (from WLAN Inbound)
01/25/2017  00:00:11 **Mac filter** 00:00:00:00:00:00  (from WLAN Inbound)
01/25/2017  00:00:11 **Mac filter** 00:00:00:00:00:00  (from WLAN Inbound)
01/25/2017  00:00:10 **Mac filter** 00:00:00:00:00:00  (from WLAN Inbound)
01/25/2017  00:00:10 **Mac filter** 00:00:00:00:00:00  (from WLAN Inbound)
01/25/2017  00:00:09 **Mac filter** 00:00:00:00:00:00  (from WLAN Inbound)
01/25/2017  00:00:09 **Mac filter** 00:00:00:00:00:00  (from WLAN Inbound)
01/25/2017  00:00:03 sending DHCP ACK to 192.168.1.100
01/25/2017  00:00:03 sending DHCP OFFER to 192.168.1.100
