  UNIT                                                                                                  LOAD   ACTIVE SUB       DESCRIPTION
  proc-sys-fs-binfmt_misc.automount                                                                     loaded active waiting   Arbitrary Executable File Formats File System Automount Point
  sys-devices-pci0000:00-0000:00:01.0-0000:01:00.0-hwmon-hwmon0.device                                  loaded active plugged   /sys/devices/pci0000:00/0000:00:01.0/0000:01:00.0/hwmon/hwmon0
  sys-devices-pci0000:00-0000:00:01.0-0000:01:00.1-sound-card1.device                                   loaded active plugged   Caicos HDMI Audio [Radeon HD 6400 Series] (Radeon HD 6450 1GB DDR3)
  sys-devices-pci0000:00-0000:00:1b.0-sound-card0.device                                                loaded active plugged   NM10/ICH7 Family High Definition Audio Controller
  sys-devices-pci0000:00-0000:00:1d.7-usb1-1\x2d8-1\x2d8:1.0-host2-target2:0:0-2:0:0:0-block-sdb.device loaded active plugged   Compact_Flash
  sys-devices-pci0000:00-0000:00:1d.7-usb1-1\x2d8-1\x2d8:1.0-host2-target2:0:0-2:0:0:1-block-sdc.device loaded active plugged   SM_xD-Picture
  sys-devices-pci0000:00-0000:00:1d.7-usb1-1\x2d8-1\x2d8:1.0-host2-target2:0:0-2:0:0:2-block-sdd.device loaded active plugged   SD_MMC
  sys-devices-pci0000:00-0000:00:1d.7-usb1-1\x2d8-1\x2d8:1.0-host2-target2:0:0-2:0:0:3-block-sde.device loaded active plugged   MS_MS-Pro
  sys-devices-pci0000:00-0000:00:1e.0-0000:05:00.0-net-enp5s0.device                                    loaded active plugged   RTL8169 PCI Gigabit Ethernet Controller (RTL8169/8110 Family PCI Gigabit Ethernet NIC)
  sys-devices-pci0000:00-0000:00:1f.2-ata1-host0-target0:0:0-0:0:0:0-block-sda-sda1.device              loaded active plugged   ST1000DM003-1ER162 Windows
  sys-devices-pci0000:00-0000:00:1f.2-ata1-host0-target0:0:0-0:0:0:0-block-sda-sda2.device              loaded active plugged   ST1000DM003-1ER162 WinMedia
  sys-devices-pci0000:00-0000:00:1f.2-ata1-host0-target0:0:0-0:0:0:0-block-sda-sda3.device              loaded active plugged   LVM PV G1HYHO-5bq3-A4ls-eGvt-uePV-ekdC-ViKMYg on /dev/sda3 3
  sys-devices-pci0000:00-0000:00:1f.2-ata1-host0-target0:0:0-0:0:0:0-block-sda-sda4.device              loaded active plugged   ST1000DM003-1ER162 4
  sys-devices-pci0000:00-0000:00:1f.2-ata1-host0-target0:0:0-0:0:0:0-block-sda-sda5.device              loaded active plugged   LVM PV DXrifx-ro63-Q9j8-MxMb-UPZX-Kb7z-1puSQK on /dev/sda5 5
  sys-devices-pci0000:00-0000:00:1f.2-ata1-host0-target0:0:0-0:0:0:0-block-sda-sda6.device              loaded active plugged   ST1000DM003-1ER162 6
  sys-devices-pci0000:00-0000:00:1f.2-ata1-host0-target0:0:0-0:0:0:0-block-sda-sda7.device              loaded active plugged   ST1000DM003-1ER162 fedora_nr021aa
  sys-devices-pci0000:00-0000:00:1f.2-ata1-host0-target0:0:0-0:0:0:0-block-sda-sda8.device              loaded active plugged   ST1000DM003-1ER162 swap
  sys-devices-pci0000:00-0000:00:1f.2-ata1-host0-target0:0:0-0:0:0:0-block-sda.device                   loaded active plugged   ST1000DM003-1ER162
  sys-devices-pci0000:00-0000:00:1f.2-ata1-host0-target0:0:1-0:0:1:0-block-sr0.device                   loaded active plugged   TSSTcorp_CDDVDW_TS-H653Z
  sys-devices-platform-coretemp.0-hwmon-hwmon1.device                                                   loaded active plugged   /sys/devices/platform/coretemp.0/hwmon/hwmon1
  sys-devices-platform-serial8250-tty-ttyS0.device                                                      loaded active plugged   /sys/devices/platform/serial8250/tty/ttyS0
  sys-devices-platform-serial8250-tty-ttyS1.device                                                      loaded active plugged   /sys/devices/platform/serial8250/tty/ttyS1
  sys-devices-platform-serial8250-tty-ttyS10.device                                                     loaded active plugged   /sys/devices/platform/serial8250/tty/ttyS10
  sys-devices-platform-serial8250-tty-ttyS11.device                                                     loaded active plugged   /sys/devices/platform/serial8250/tty/ttyS11
  sys-devices-platform-serial8250-tty-ttyS12.device                                                     loaded active plugged   /sys/devices/platform/serial8250/tty/ttyS12
  sys-devices-platform-serial8250-tty-ttyS13.device                                                     loaded active plugged   /sys/devices/platform/serial8250/tty/ttyS13
  sys-devices-platform-serial8250-tty-ttyS14.device                                                     loaded active plugged   /sys/devices/platform/serial8250/tty/ttyS14
  sys-devices-platform-serial8250-tty-ttyS15.device                                                     loaded active plugged   /sys/devices/platform/serial8250/tty/ttyS15
  sys-devices-platform-serial8250-tty-ttyS16.device                                                     loaded active plugged   /sys/devices/platform/serial8250/tty/ttyS16
  sys-devices-platform-serial8250-tty-ttyS17.device                                                     loaded active plugged   /sys/devices/platform/serial8250/tty/ttyS17
  sys-devices-platform-serial8250-tty-ttyS18.device                                                     loaded active plugged   /sys/devices/platform/serial8250/tty/ttyS18
  sys-devices-platform-serial8250-tty-ttyS19.device                                                     loaded active plugged   /sys/devices/platform/serial8250/tty/ttyS19
  sys-devices-platform-serial8250-tty-ttyS2.device                                                      loaded active plugged   /sys/devices/platform/serial8250/tty/ttyS2
  sys-devices-platform-serial8250-tty-ttyS20.device                                                     loaded active plugged   /sys/devices/platform/serial8250/tty/ttyS20
  sys-devices-platform-serial8250-tty-ttyS21.device                                                     loaded active plugged   /sys/devices/platform/serial8250/tty/ttyS21
  sys-devices-platform-serial8250-tty-ttyS22.device                                                     loaded active plugged   /sys/devices/platform/serial8250/tty/ttyS22
  sys-devices-platform-serial8250-tty-ttyS23.device                                                     loaded active plugged   /sys/devices/platform/serial8250/tty/ttyS23
  sys-devices-platform-serial8250-tty-ttyS24.device                                                     loaded active plugged   /sys/devices/platform/serial8250/tty/ttyS24
  sys-devices-platform-serial8250-tty-ttyS25.device                                                     loaded active plugged   /sys/devices/platform/serial8250/tty/ttyS25
  sys-devices-platform-serial8250-tty-ttyS26.device                                                     loaded active plugged   /sys/devices/platform/serial8250/tty/ttyS26
  sys-devices-platform-serial8250-tty-ttyS27.device                                                     loaded active plugged   /sys/devices/platform/serial8250/tty/ttyS27
  sys-devices-platform-serial8250-tty-ttyS28.device                                                     loaded active plugged   /sys/devices/platform/serial8250/tty/ttyS28
  sys-devices-platform-serial8250-tty-ttyS29.device                                                     loaded active plugged   /sys/devices/platform/serial8250/tty/ttyS29
  sys-devices-platform-serial8250-tty-ttyS3.device                                                      loaded active plugged   /sys/devices/platform/serial8250/tty/ttyS3
  sys-devices-platform-serial8250-tty-ttyS30.device                                                     loaded active plugged   /sys/devices/platform/serial8250/tty/ttyS30
  sys-devices-platform-serial8250-tty-ttyS31.device                                                     loaded active plugged   /sys/devices/platform/serial8250/tty/ttyS31
  sys-devices-platform-serial8250-tty-ttyS4.device                                                      loaded active plugged   /sys/devices/platform/serial8250/tty/ttyS4
  sys-devices-platform-serial8250-tty-ttyS5.device                                                      loaded active plugged   /sys/devices/platform/serial8250/tty/ttyS5
  sys-devices-platform-serial8250-tty-ttyS6.device                                                      loaded active plugged   /sys/devices/platform/serial8250/tty/ttyS6
  sys-devices-platform-serial8250-tty-ttyS7.device                                                      loaded active plugged   /sys/devices/platform/serial8250/tty/ttyS7
  sys-devices-platform-serial8250-tty-ttyS8.device                                                      loaded active plugged   /sys/devices/platform/serial8250/tty/ttyS8
  sys-devices-platform-serial8250-tty-ttyS9.device                                                      loaded active plugged   /sys/devices/platform/serial8250/tty/ttyS9
  sys-devices-virtual-block-dm\x2d0.device                                                              loaded active plugged   /sys/devices/virtual/block/dm-0
  sys-devices-virtual-block-dm\x2d1.device                                                              loaded active plugged   /sys/devices/virtual/block/dm-1
  sys-devices-virtual-block-dm\x2d2.device                                                              loaded active plugged   /sys/devices/virtual/block/dm-2
  sys-devices-virtual-block-dm\x2d3.device                                                              loaded active plugged   /sys/devices/virtual/block/dm-3
  sys-devices-virtual-block-dm\x2d7.device                                                              loaded active plugged   /sys/devices/virtual/block/dm-7
  sys-devices-virtual-misc-rfkill.device                                                                loaded active plugged   /sys/devices/virtual/misc/rfkill
  sys-devices-virtual-net-br0.device                                                                    loaded active plugged   /sys/devices/virtual/net/br0
  sys-devices-virtual-tty-hvc0.device                                                                   loaded active plugged   /sys/devices/virtual/tty/hvc0
  sys-devices-virtual-tty-hvc1.device                                                                   loaded active plugged   /sys/devices/virtual/tty/hvc1
  sys-devices-virtual-tty-hvc2.device                                                                   loaded active plugged   /sys/devices/virtual/tty/hvc2
  sys-devices-virtual-tty-hvc3.device                                                                   loaded active plugged   /sys/devices/virtual/tty/hvc3
  sys-devices-virtual-tty-hvc4.device                                                                   loaded active plugged   /sys/devices/virtual/tty/hvc4
  sys-devices-virtual-tty-hvc5.device                                                                   loaded active plugged   /sys/devices/virtual/tty/hvc5
  sys-devices-virtual-tty-hvc6.device                                                                   loaded active plugged   /sys/devices/virtual/tty/hvc6
  sys-devices-virtual-tty-hvc7.device                                                                   loaded active plugged   /sys/devices/virtual/tty/hvc7
  sys-module-configfs.device                                                                            loaded active plugged   /sys/module/configfs
  sys-module-fuse.device                                                                                loaded active plugged   /sys/module/fuse
  sys-subsystem-net-devices-br0.device                                                                  loaded active plugged   /sys/subsystem/net/devices/br0
  sys-subsystem-net-devices-enp5s0.device                                                               loaded active plugged   RTL8169 PCI Gigabit Ethernet Controller (RTL8169/8110 Family PCI Gigabit Ethernet NIC)
  -.mount                                                                                               loaded active mounted   /
  boot.mount                                                                                            loaded active mounted   /boot
  dev-mqueue.mount                                                                                      loaded active mounted   POSIX Message Queue File System
  home.mount                                                                                            loaded active mounted   /home
  proc-fs-nfsd.mount                                                                                    loaded active mounted   NFSD configuration filesystem
  proc-xen.mount                                                                                        loaded active mounted   Mount /proc/xen files
  run-user-0-gvfs.mount                                                                                 loaded active mounted   /run/user/0/gvfs
  run-user-0.mount                                                                                      loaded active mounted   /run/user/0
  run-user-42-gvfs.mount                                                                                loaded active mounted   /run/user/42/gvfs
  run-user-42.mount                                                                                     loaded active mounted   /run/user/42
  sys-fs-fuse-connections.mount                                                                         loaded active mounted   FUSE Control File System
  sys-kernel-config.mount                                                                               loaded active mounted   Configuration File System
  sys-kernel-debug.mount                                                                                loaded active mounted   Debug File System
  tmp.mount                                                                                             loaded active mounted   Temporary Directory
  var-lib-nfs-rpc_pipefs.mount                                                                          loaded active mounted   RPC Pipe File System
  var-lib-xenstored.mount                                                                               loaded active mounted   mount xenstore file system
  cups.path                                                                                             loaded active waiting   CUPS Scheduler
  systemd-ask-password-plymouth.path                                                                    loaded active waiting   Forward Password Requests to Plymouth Directory Watch
  systemd-ask-password-wall.path                                                                        loaded active waiting   Forward Password Requests to Wall Directory Watch
  init.scope                                                                                            loaded active running   System and Service Manager
  session-2.scope                                                                                       loaded active running   Session 2 of user root
  session-c1.scope                                                                                      loaded active running   Session c1 of user gdm
  abrt-ccpp.service                                                                                     loaded active exited    Install ABRT coredump hook
  abrt-oops.service                                                                                     loaded active running   ABRT kernel log watcher
  abrt-xorg.service                                                                                     loaded active running   ABRT Xorg log watcher
  abrtd.service                                                                                         loaded active running   ABRT Automated Bug Reporting Tool
  accounts-daemon.service                                                                               loaded active running   Accounts Service
  alsa-state.service                                                                                    loaded active running   Manage Sound Card State (restore and store)
  atd.service                                                                                           loaded active running   Job spooling tools
  auditd.service                                                                                        loaded active running   Security Auditing Service
  avahi-daemon.service                                                                                  loaded active running   Avahi mDNS/DNS-SD Stack
  blk-availability.service                                                                              loaded active exited    Availability of block devices
  chronyd.service                                                                                       loaded active running   NTP client/server
  ckb-daemon.service                                                                                    loaded active running   Corsair Keyboard Daemon
  colord.service                                                                                        loaded active running   Manage, Install and Generate Color Profiles
  crond.service                                                                                         loaded active running   Command Scheduler
  cups.service                                                                                          loaded active running   CUPS Scheduler
  dbus.service                                                                                          loaded active running   D-Bus System Message Bus
  dracut-shutdown.service                                                                               loaded active exited    Restore /run/initramfs on shutdown
  fedora-import-state.service                                                                           loaded active exited    Import network configuration from initramfs
  fedora-loadmodules.service                                                                            loaded active exited    Load legacy module configuration
  fedora-readonly.service                                                                               loaded active exited    Configure read-only root support
  firewalld.service                                                                                     loaded active running   firewalld - dynamic firewall daemon
  gdm.service                                                                                           loaded active running   GNOME Display Manager
  gssproxy.service                                                                                      loaded active running   GSSAPI Proxy Daemon
  iscsi-shutdown.service                                                                                loaded active exited    Logout off all iSCSI sessions on shutdown
  kmod-static-nodes.service                                                                             loaded active exited    Create list of required static device nodes for the current kernel
  libvirtd.service                                                                                      loaded active running   Virtualization daemon
  livesys-late.service                                                                                  loaded active exited    SYSV: Late init script for live image.
  livesys.service                                                                                       loaded active exited    LSB: Init script for live image.
  lvm2-lvmetad.service                                                                                  loaded active running   LVM2 metadata daemon
  lvm2-monitor.service                                                                                  loaded active exited    Monitoring of LVM2 mirrors, snapshots etc. using dmeventd or progress polling
  lvm2-pvscan@8:3.service                                                                               loaded active exited    LVM2 PV scan on device 8:3
  lvm2-pvscan@8:5.service                                                                               loaded active exited    LVM2 PV scan on device 8:5
  mcelog.service                                                                                        loaded active running   Machine Check Exception Logging Daemon
  ModemManager.service                                                                                  loaded active running   Modem Manager
● network.service                                                                                       loaded failed failed    LSB: Bring up/down networking
  NetworkManager.service                                                                                loaded active running   Network Manager
  packagekit.service                                                                                    loaded active running   PackageKit Daemon
  polkit.service                                                                                        loaded active running   Authorization Manager
  rtkit-daemon.service                                                                                  loaded active running   RealtimeKit Scheduling Policy Service
  serial-getty@hvc0.service                                                                             loaded active running   Serial Getty on hvc0
  systemd-fsck@dev-disk-by\x2duuid-ad29ca8b\x2d7450\x2d4acd\x2d8eb1\x2dfdf9eb30387d.service             loaded active exited    File System Check on /dev/disk/by-uuid/ad29ca8b-7450-4acd-8eb1-fdf9eb30387d
  systemd-journal-flush.service                                                                         loaded active exited    Flush Journal to Persistent Storage
  systemd-journald.service                                                                              loaded active running   Journal Service
  systemd-logind.service                                                                                loaded active running   Login Service
● systemd-modules-load.service                                                                          loaded failed failed    Load Kernel Modules
  systemd-random-seed.service                                                                           loaded active exited    Load/Save Random Seed
  systemd-remount-fs.service                                                                            loaded active exited    Remount Root and Kernel File Systems
  systemd-sysctl.service                                                                                loaded active exited    Apply Kernel Variables
  systemd-tmpfiles-setup-dev.service                                                                    loaded active exited    Create Static Device Nodes in /dev
  systemd-tmpfiles-setup.service                                                                        loaded active exited    Create Volatile Files and Directories
  systemd-udev-settle.service                                                                           loaded active exited    udev Wait for Complete Device Initialization
  systemd-udev-trigger.service                                                                          loaded active exited    udev Coldplug all Devices
  systemd-udevd.service                                                                                 loaded active running   udev Kernel Device Manager
  systemd-update-utmp.service                                                                           loaded active exited    Update UTMP about System Boot/Shutdown
  systemd-user-sessions.service                                                                         loaded active exited    Permit User Sessions
  systemd-vconsole-setup.service                                                                        loaded active exited    Setup Virtual Console
  udisks2.service                                                                                       loaded active running   Disk Manager
  upower.service                                                                                        loaded active running   Daemon for power management
  user@0.service                                                                                        loaded active running   User Manager for UID 0
  user@42.service                                                                                       loaded active running   User Manager for UID 42
  wpa_supplicant.service                                                                                loaded active running   WPA supplicant
  xen-watchdog.service                                                                                  loaded active running   Xen-watchdog - run xen watchdog daemon
  xenconsoled.service                                                                                   loaded active running   Xenconsoled - handles logging from guest consoles and hypervisor
  xendomains.service                                                                                    loaded active exited    Xendomains - start and stop guests on boot and shutdown
  xenstored.service                                                                                     loaded active running   The Xen xenstore
  -.slice                                                                                               loaded active active    Root Slice
  system-getty.slice                                                                                    loaded active active    system-getty.slice
  system-lvm2\x2dpvscan.slice                                                                           loaded active active    system-lvm2\x2dpvscan.slice
  system-serial\x2dgetty.slice                                                                          loaded active active    system-serial\x2dgetty.slice
  system-systemd\x2dfsck.slice                                                                          loaded active active    system-systemd\x2dfsck.slice
  system.slice                                                                                          loaded active active    System Slice
  user-0.slice                                                                                          loaded active active    User Slice of root
  user-42.slice                                                                                         loaded active active    User Slice of gdm
  user.slice                                                                                            loaded active active    User and Session Slice
  avahi-daemon.socket                                                                                   loaded active running   Avahi mDNS/DNS-SD Stack Activation Socket
  cups.socket                                                                                           loaded active running   CUPS Scheduler
  dbus.socket                                                                                           loaded active running   D-Bus System Message Bus Socket
  dm-event.socket                                                                                       loaded active listening Device-mapper event daemon FIFOs
  iscsid.socket                                                                                         loaded active listening Open-iSCSI iscsid Socket
  iscsiuio.socket                                                                                       loaded active listening Open-iSCSI iscsiuio Socket
  lvm2-lvmetad.socket                                                                                   loaded active running   LVM2 metadata daemon socket
  lvm2-lvmpolld.socket                                                                                  loaded active listening LVM2 poll daemon socket
  rpcbind.socket                                                                                        loaded active listening RPCbind Server Activation Socket
  systemd-coredump.socket                                                                               loaded active listening Process Core Dump Socket
  systemd-initctl.socket                                                                                loaded active listening /dev/initctl Compatibility Named Pipe
  systemd-journald-audit.socket                                                                         loaded active running   Journal Audit Socket
  systemd-journald-dev-log.socket                                                                       loaded active running   Journal Socket (/dev/log)
  systemd-journald.socket                                                                               loaded active running   Journal Socket
  systemd-rfkill.socket                                                                                 loaded active listening Load/Save RF Kill Switch Status /dev/rfkill Watch
  systemd-udevd-control.socket                                                                          loaded active running   udev Control Socket
  systemd-udevd-kernel.socket                                                                           loaded active running   udev Kernel Socket
  virtlockd.socket                                                                                      loaded active listening Virtual machine lock manager socket
  virtlogd.socket                                                                                       loaded active listening Virtual machine log manager socket
  xenstored.socket                                                                                      loaded active running   xenstore socket
  xenstored_ro.socket                                                                                   loaded active running   xenstore ro socket
  dev-disk-by\x2duuid-97c72117\x2d6b2b\x2d4ece\x2d9dd6\x2daaae788c7b87.swap                             loaded active active    /dev/disk/by-uuid/97c72117-6b2b-4ece-9dd6-aaae788c7b87
  basic.target                                                                                          loaded active active    Basic System
  cryptsetup.target                                                                                     loaded active active    Encrypted Volumes
  getty.target                                                                                          loaded active active    Login Prompts
  graphical.target                                                                                      loaded active active    Graphical Interface
  local-fs-pre.target                                                                                   loaded active active    Local File Systems (Pre)
  local-fs.target                                                                                       loaded active active    Local File Systems
  multi-user.target                                                                                     loaded active active    Multi-User System
  network-online.target                                                                                 loaded active active    Network is Online
  network.target                                                                                        loaded active active    Network
  nfs-client.target                                                                                     loaded active active    NFS client services
  nss-user-lookup.target                                                                                loaded active active    User and Group Name Lookups
  paths.target                                                                                          loaded active active    Paths
  remote-fs-pre.target                                                                                  loaded active active    Remote File Systems (Pre)
  remote-fs.target                                                                                      loaded active active    Remote File Systems
  slices.target                                                                                         loaded active active    Slices
  sockets.target                                                                                        loaded active active    Sockets
  sound.target                                                                                          loaded active active    Sound Card
  swap.target                                                                                           loaded active active    Swap
  sysinit.target                                                                                        loaded active active    System Initialization
  timers.target                                                                                         loaded active active    Timers
  dnf-makecache.timer                                                                                   loaded active waiting   dnf makecache timer
  mlocate-updatedb.timer                                                                                loaded active waiting   Updates mlocate database every day
  systemd-tmpfiles-clean.timer                                                                          loaded active waiting   Daily Cleanup of Temporary Directories
  unbound-anchor.timer                                                                                  loaded active waiting   daily update of the root trust anchor for DNSSEC

LOAD   = Reflects whether the unit definition was properly loaded.
ACTIVE = The high-level unit activation state, i.e. generalization of SUB.
SUB    = The low-level unit activation state, values depend on unit type.

213 loaded units listed. Pass --all to see loaded but inactive units, too.
To show all installed unit files use 'systemctl list-unit-files'.
