/dev/:
adminRaul
autofs
block
bsg
bus
cdrom
char
console
core
cpu
cpu_dma_latency
disk
dm-0
dm-1
dm-2
dm-3
dri
fb0
fd
full
hpet
hugepages
hwrng
initctl
input
kmsg
log
loop0
loop1
loop2
loop3
loop4
loop5
loop6
loop7
loop-control
lp0
lp1
lp2
lp3
mapper
mem
memory_bandwidth
mqueue
network_latency
network_throughput
null
nvram
port
ptmx
pts
random
rtc
rtc0
sda
sda1
sda2
sda3
sdb
sdc
sdd
sde
sg0
sg1
sg2
sg3
sg4
sg5
shm
snapshot
snd
sr0
stderr
stdin
stdout
tty
tty0
tty1
tty10
tty11
tty12
tty13
tty14
tty15
tty16
tty17
tty18
tty19
tty2
tty20
tty21
tty22
tty23
tty24
tty25
tty26
tty27
tty28
tty29
tty3
tty30
tty31
tty32
tty33
tty34
tty35
tty36
tty37
tty38
tty39
tty4
tty40
tty41
tty42
tty43
tty44
tty45
tty46
tty47
tty48
tty49
tty5
tty50
tty51
tty52
tty53
tty54
tty55
tty56
tty57
tty58
tty59
tty6
tty60
tty61
tty62
tty63
tty7
tty8
tty9
ttyS0
ttyS1
ttyS2
ttyS3
uinput
urandom
usbmon0
usbmon1
usbmon2
usbmon3
usbmon4
usbmon5
vcs
vcs1
vcs2
vcs3
vcs4
vcs5
vcs6
vcsa
vcsa1
vcsa2
vcsa3
vcsa4
vcsa5
vcsa6
vga_arbiter
zero

/dev/adminRaul:
boot
home
root
swap

/dev/block:
11:0
253:0
253:1
253:2
253:3
7:0
7:1
7:2
7:3
7:4
7:5
7:6
7:7
8:0
8:1
8:16
8:2
8:3
8:32
8:48
8:64

/dev/bsg:
0:0:0:0
0:0:1:0
2:0:0:0
2:0:0:1
2:0:0:2
2:0:0:3

/dev/bus:
usb

/dev/bus/usb:
001
002
003
004
005

/dev/bus/usb/001:
001
003

/dev/bus/usb/002:
001

/dev/bus/usb/003:
001

/dev/bus/usb/004:
001
002

/dev/bus/usb/005:
001

/dev/char:
10:144
10:183
10:184
10:223
10:228
10:231
10:235
10:236
10:237
10:59
10:60
10:61
10:62
10:63
1:1
1:11
116:1
116:33
1:3
13:64
13:65
13:66
13:67
1:4
1:5
1:7
1:8
189:0
189:128
189:2
189:256
189:384
189:385
189:512
1:9
202:0
202:1
203:0
203:1
21:0
21:1
21:2
21:3
21:4
21:5
226:0
226:128
249:0
249:1
249:2
249:3
249:4
249:5
250:0
250:1
250:2
250:3
250:4
250:5
253:0
29:0
4:0
4:1
4:10
4:11
4:12
4:13
4:14
4:15
4:16
4:17
4:18
4:19
4:2
4:20
4:21
4:22
4:23
4:24
4:25
4:26
4:27
4:28
4:29
4:3
4:30
4:31
4:32
4:33
4:34
4:35
4:36
4:37
4:38
4:39
4:4
4:40
4:41
4:42
4:43
4:44
4:45
4:46
4:47
4:48
4:49
4:5
4:50
4:51
4:52
4:53
4:54
4:55
4:56
4:57
4:58
4:59
4:6
4:60
4:61
4:62
4:63
4:64
4:65
4:66
4:67
4:7
4:8
4:9
5:0
5:1
5:2
7:0
7:1
7:128
7:129
7:130
7:131
7:132
7:133
7:134
7:2
7:3
7:4
7:5
7:6

/dev/cpu:
0
1
microcode

/dev/cpu/0:
cpuid
msr

/dev/cpu/1:
cpuid
msr

/dev/disk:
by-id
by-label
by-path
by-uuid

/dev/disk/by-id:
ata-ST1000DM003-1ER162_Z4Y5W1PT
ata-ST1000DM003-1ER162_Z4Y5W1PT-part1
ata-ST1000DM003-1ER162_Z4Y5W1PT-part2
ata-ST1000DM003-1ER162_Z4Y5W1PT-part3
ata-TSSTcorp_CDDVDW_TS-H653Z
dm-name-adminRaul-boot
dm-name-adminRaul-home
dm-name-adminRaul-root
dm-name-adminRaul-swap
dm-uuid-LVM-xJCkZPXA6L989fmkW1p1qrJLHcv4PbS1e3k5MVgVhUO7oO7yVji53NmqldwWoek4
dm-uuid-LVM-xJCkZPXA6L989fmkW1p1qrJLHcv4PbS1G66AAuuVae3lRjVW2W9xAeX0RNOhRAh9
dm-uuid-LVM-xJCkZPXA6L989fmkW1p1qrJLHcv4PbS1VdcDmNwu8HOBHcb3kcDQfPoCbQ6cIqK0
dm-uuid-LVM-xJCkZPXA6L989fmkW1p1qrJLHcv4PbS1w0QT1rG4vcuZUEXZ1tsGNf9k20OW3BVX
lvm-pv-uuid-M6Hutm-YsDJ-4erP-Ivz1-xPQh-1aIG-cNILQn
usb-Generic-_Compact_Flash_20060413092100000-0:0
usb-Generic-_MS_MS-Pro_20060413092100000-0:3
usb-Generic-_SD_MMC_20060413092100000-0:2
usb-Generic-_SM_xD-Picture_20060413092100000-0:1
wwn-0x5000c5007aca33ad
wwn-0x5000c5007aca33ad-part1
wwn-0x5000c5007aca33ad-part2
wwn-0x5000c5007aca33ad-part3

/dev/disk/by-label:
bootLV
homeLV
rootLV
swapLV
Windows
WinMedia

/dev/disk/by-path:
pci-0000:00:1d.7-usb-0:8:1.0-scsi-0:0:0:0
pci-0000:00:1d.7-usb-0:8:1.0-scsi-0:0:0:1
pci-0000:00:1d.7-usb-0:8:1.0-scsi-0:0:0:2
pci-0000:00:1d.7-usb-0:8:1.0-scsi-0:0:0:3
pci-0000:00:1f.2-ata-1
pci-0000:00:1f.2-ata-1-part1
pci-0000:00:1f.2-ata-1-part2
pci-0000:00:1f.2-ata-1-part3

/dev/disk/by-uuid:
2333f01b-7dd7-4da6-817a-dff866960acc
7E1CE7971CE7492B
8baa4bfe-39b8-4759-8d97-28555a6232f5
8C6A9FA96A9F8F18
d03bef8a-0749-412e-9af3-599e23b8dbeb
f0693298-0145-4322-a71f-7b2cd1941699

/dev/dri:
card0
renderD128

/dev/hugepages:
libvirt

/dev/hugepages/libvirt:
qemu

/dev/hugepages/libvirt/qemu:

/dev/input:
ckb0
ckb1
event0
event1
event2
event3

/dev/input/ckb0:
connected
pid
version

/dev/input/ckb1:
cmd
features
fwversion
model
notify0
notify1
pollrate
serial

/dev/mapper:
adminRaul-boot
adminRaul-home
adminRaul-root
adminRaul-swap
control

/dev/mqueue:

/dev/pts:
0
1
ptmx

/dev/shm:
pulse-shm-1011783857
pulse-shm-1502840937
pulse-shm-154347406
pulse-shm-1659301856
pulse-shm-232201417
pulse-shm-2512681231
pulse-shm-2684150747
pulse-shm-3097044261
pulse-shm-3458275506
pulse-shm-488040136
pulse-shm-925290634

/dev/snd:
seq
timer
