.::                                                                           cannot open `.:' (No such file or directory)
adminRaul:                                                                    directory
autofs:                                                                       character special (10/235)
block:                                                                        directory
bsg:                                                                          directory
bus:                                                                          directory
cdrom:                                                                        symbolic link to sr0
char:                                                                         directory
console:                                                                      character special (5/1)
core:                                                                         symbolic link to /proc/kcore
cpu:                                                                          directory
cpu_dma_latency:                                                              character special (10/62)
disk:                                                                         directory
dm-0:                                                                         block special (253/0)
dm-1:                                                                         block special (253/1)
dm-2:                                                                         block special (253/2)
dm-3:                                                                         block special (253/3)
dri:                                                                          directory
fb0:                                                                          character special (29/0)
fd:                                                                           symbolic link to /proc/self/fd
full:                                                                         character special (1/7)
hpet:                                                                         character special (10/228)
hugepages:                                                                    directory
hwrng:                                                                        character special (10/183)
initctl:                                                                      symbolic link to /run/systemd/initctl/fifo
input:                                                                        directory
kmsg:                                                                         character special (1/11)
log:                                                                          symbolic link to /run/systemd/journal/dev-log
loop0:                                                                        block special (7/0)
loop1:                                                                        block special (7/1)
loop2:                                                                        block special (7/2)
loop3:                                                                        block special (7/3)
loop4:                                                                        block special (7/4)
loop5:                                                                        block special (7/5)
loop6:                                                                        block special (7/6)
loop7:                                                                        block special (7/7)
loop-control:                                                                 character special (10/237)
lp0:                                                                          character special (6/0)
lp1:                                                                          character special (6/1)
lp2:                                                                          character special (6/2)
lp3:                                                                          character special (6/3)
mapper:                                                                       directory
mem:                                                                          character special (1/1)
memory_bandwidth:                                                             character special (10/59)
mqueue:                                                                       sticky, directory
network_latency:                                                              character special (10/61)
network_throughput:                                                           character special (10/60)
null:                                                                         character special (1/3)
nvram:                                                                        character special (10/144)
port:                                                                         character special (1/4)
ptmx:                                                                         character special (5/2)
pts:                                                                          directory
random:                                                                       character special (1/8)
rtc:                                                                          symbolic link to rtc0
rtc0:                                                                         character special (253/0)
sda:                                                                          block special (8/0)
sda1:                                                                         block special (8/1)
sda2:                                                                         block special (8/2)
sda3:                                                                         block special (8/3)
sdb:                                                                          block special (8/16)
sdc:                                                                          block special (8/32)
sdd:                                                                          block special (8/48)
sde:                                                                          block special (8/64)
sg0:                                                                          character special (21/0)
sg1:                                                                          character special (21/1)
sg2:                                                                          character special (21/2)
sg3:                                                                          character special (21/3)
sg4:                                                                          character special (21/4)
sg5:                                                                          character special (21/5)
shm:                                                                          sticky, directory
snapshot:                                                                     character special (10/231)
snd:                                                                          directory
sr0:                                                                          block special (11/0)
stderr:                                                                       symbolic link to /proc/self/fd/2
stdin:                                                                        symbolic link to /proc/self/fd/0
stdout:                                                                       symbolic link to /proc/self/fd/1
tty:                                                                          character special (5/0)
tty0:                                                                         character special (4/0)
tty1:                                                                         character special (4/1)
tty10:                                                                        character special (4/10)
tty11:                                                                        character special (4/11)
tty12:                                                                        character special (4/12)
tty13:                                                                        character special (4/13)
tty14:                                                                        character special (4/14)
tty15:                                                                        character special (4/15)
tty16:                                                                        character special (4/16)
tty17:                                                                        character special (4/17)
tty18:                                                                        character special (4/18)
tty19:                                                                        character special (4/19)
tty2:                                                                         character special (4/2)
tty20:                                                                        character special (4/20)
tty21:                                                                        character special (4/21)
tty22:                                                                        character special (4/22)
tty23:                                                                        character special (4/23)
tty24:                                                                        character special (4/24)
tty25:                                                                        character special (4/25)
tty26:                                                                        character special (4/26)
tty27:                                                                        character special (4/27)
tty28:                                                                        character special (4/28)
tty29:                                                                        character special (4/29)
tty3:                                                                         character special (4/3)
tty30:                                                                        character special (4/30)
tty31:                                                                        character special (4/31)
tty32:                                                                        character special (4/32)
tty33:                                                                        character special (4/33)
tty34:                                                                        character special (4/34)
tty35:                                                                        character special (4/35)
tty36:                                                                        character special (4/36)
tty37:                                                                        character special (4/37)
tty38:                                                                        character special (4/38)
tty39:                                                                        character special (4/39)
tty4:                                                                         character special (4/4)
tty40:                                                                        character special (4/40)
tty41:                                                                        character special (4/41)
tty42:                                                                        character special (4/42)
tty43:                                                                        character special (4/43)
tty44:                                                                        character special (4/44)
tty45:                                                                        character special (4/45)
tty46:                                                                        character special (4/46)
tty47:                                                                        character special (4/47)
tty48:                                                                        character special (4/48)
tty49:                                                                        character special (4/49)
tty5:                                                                         character special (4/5)
tty50:                                                                        character special (4/50)
tty51:                                                                        character special (4/51)
tty52:                                                                        character special (4/52)
tty53:                                                                        character special (4/53)
tty54:                                                                        character special (4/54)
tty55:                                                                        character special (4/55)
tty56:                                                                        character special (4/56)
tty57:                                                                        character special (4/57)
tty58:                                                                        character special (4/58)
tty59:                                                                        character special (4/59)
tty6:                                                                         character special (4/6)
tty60:                                                                        character special (4/60)
tty61:                                                                        character special (4/61)
tty62:                                                                        character special (4/62)
tty63:                                                                        character special (4/63)
tty7:                                                                         character special (4/7)
tty8:                                                                         character special (4/8)
tty9:                                                                         character special (4/9)
ttyS0:                                                                        character special (4/64)
ttyS1:                                                                        character special (4/65)
ttyS2:                                                                        character special (4/66)
ttyS3:                                                                        character special (4/67)
uinput:                                                                       character special (10/223)
urandom:                                                                      character special (1/9)
usbmon0:                                                                      character special (249/0)
usbmon1:                                                                      character special (249/1)
usbmon2:                                                                      character special (249/2)
usbmon3:                                                                      character special (249/3)
usbmon4:                                                                      character special (249/4)
usbmon5:                                                                      character special (249/5)
vcs:                                                                          character special (7/0)
vcs1:                                                                         character special (7/1)
vcs2:                                                                         character special (7/2)
vcs3:                                                                         character special (7/3)
vcs4:                                                                         character special (7/4)
vcs5:                                                                         character special (7/5)
vcs6:                                                                         character special (7/6)
vcsa:                                                                         character special (7/128)
vcsa1:                                                                        character special (7/129)
vcsa2:                                                                        character special (7/130)
vcsa3:                                                                        character special (7/131)
vcsa4:                                                                        character special (7/132)
vcsa5:                                                                        character special (7/133)
vcsa6:                                                                        character special (7/134)
vga_arbiter:                                                                  character special (10/63)
zero:                                                                         character special (1/5)
./adminRaul::                                                                 cannot open `./adminRaul:' (No such file or directory)
boot:                                                                         cannot open `boot' (No such file or directory)
home:                                                                         cannot open `home' (No such file or directory)
root:                                                                         cannot open `root' (No such file or directory)
swap:                                                                         cannot open `swap' (No such file or directory)
./block::                                                                     cannot open `./block:' (No such file or directory)
11:0:                                                                         cannot open `11:0' (No such file or directory)
253:0:                                                                        cannot open `253:0' (No such file or directory)
253:1:                                                                        cannot open `253:1' (No such file or directory)
253:2:                                                                        cannot open `253:2' (No such file or directory)
253:3:                                                                        cannot open `253:3' (No such file or directory)
7:0:                                                                          cannot open `7:0' (No such file or directory)
7:1:                                                                          cannot open `7:1' (No such file or directory)
7:2:                                                                          cannot open `7:2' (No such file or directory)
7:3:                                                                          cannot open `7:3' (No such file or directory)
7:4:                                                                          cannot open `7:4' (No such file or directory)
7:5:                                                                          cannot open `7:5' (No such file or directory)
7:6:                                                                          cannot open `7:6' (No such file or directory)
7:7:                                                                          cannot open `7:7' (No such file or directory)
8:0:                                                                          cannot open `8:0' (No such file or directory)
8:1:                                                                          cannot open `8:1' (No such file or directory)
8:16:                                                                         cannot open `8:16' (No such file or directory)
8:2:                                                                          cannot open `8:2' (No such file or directory)
8:3:                                                                          cannot open `8:3' (No such file or directory)
8:32:                                                                         cannot open `8:32' (No such file or directory)
8:48:                                                                         cannot open `8:48' (No such file or directory)
8:64:                                                                         cannot open `8:64' (No such file or directory)
./bsg::                                                                       cannot open `./bsg:' (No such file or directory)
0:0:0:0:                                                                      cannot open `0:0:0:0' (No such file or directory)
0:0:1:0:                                                                      cannot open `0:0:1:0' (No such file or directory)
2:0:0:0:                                                                      cannot open `2:0:0:0' (No such file or directory)
2:0:0:1:                                                                      cannot open `2:0:0:1' (No such file or directory)
2:0:0:2:                                                                      cannot open `2:0:0:2' (No such file or directory)
2:0:0:3:                                                                      cannot open `2:0:0:3' (No such file or directory)
./bus::                                                                       cannot open `./bus:' (No such file or directory)
usb:                                                                          cannot open `usb' (No such file or directory)
./bus/usb::                                                                   cannot open `./bus/usb:' (No such file or directory)
001:                                                                          cannot open `001' (No such file or directory)
002:                                                                          cannot open `002' (No such file or directory)
003:                                                                          cannot open `003' (No such file or directory)
004:                                                                          cannot open `004' (No such file or directory)
005:                                                                          cannot open `005' (No such file or directory)
./bus/usb/001::                                                               cannot open `./bus/usb/001:' (No such file or directory)
001:                                                                          cannot open `001' (No such file or directory)
003:                                                                          cannot open `003' (No such file or directory)
./bus/usb/002::                                                               cannot open `./bus/usb/002:' (No such file or directory)
001:                                                                          cannot open `001' (No such file or directory)
./bus/usb/003::                                                               cannot open `./bus/usb/003:' (No such file or directory)
001:                                                                          cannot open `001' (No such file or directory)
./bus/usb/004::                                                               cannot open `./bus/usb/004:' (No such file or directory)
001:                                                                          cannot open `001' (No such file or directory)
002:                                                                          cannot open `002' (No such file or directory)
./bus/usb/005::                                                               cannot open `./bus/usb/005:' (No such file or directory)
001:                                                                          cannot open `001' (No such file or directory)
./char::                                                                      cannot open `./char:' (No such file or directory)
10:144:                                                                       cannot open `10:144' (No such file or directory)
10:183:                                                                       cannot open `10:183' (No such file or directory)
10:184:                                                                       cannot open `10:184' (No such file or directory)
10:223:                                                                       cannot open `10:223' (No such file or directory)
10:228:                                                                       cannot open `10:228' (No such file or directory)
10:231:                                                                       cannot open `10:231' (No such file or directory)
10:235:                                                                       cannot open `10:235' (No such file or directory)
10:236:                                                                       cannot open `10:236' (No such file or directory)
10:237:                                                                       cannot open `10:237' (No such file or directory)
10:59:                                                                        cannot open `10:59' (No such file or directory)
10:60:                                                                        cannot open `10:60' (No such file or directory)
10:61:                                                                        cannot open `10:61' (No such file or directory)
10:62:                                                                        cannot open `10:62' (No such file or directory)
10:63:                                                                        cannot open `10:63' (No such file or directory)
1:1:                                                                          cannot open `1:1' (No such file or directory)
1:11:                                                                         cannot open `1:11' (No such file or directory)
116:1:                                                                        cannot open `116:1' (No such file or directory)
116:33:                                                                       cannot open `116:33' (No such file or directory)
1:3:                                                                          cannot open `1:3' (No such file or directory)
13:64:                                                                        cannot open `13:64' (No such file or directory)
13:65:                                                                        cannot open `13:65' (No such file or directory)
13:66:                                                                        cannot open `13:66' (No such file or directory)
13:67:                                                                        cannot open `13:67' (No such file or directory)
1:4:                                                                          cannot open `1:4' (No such file or directory)
1:5:                                                                          cannot open `1:5' (No such file or directory)
1:7:                                                                          cannot open `1:7' (No such file or directory)
1:8:                                                                          cannot open `1:8' (No such file or directory)
189:0:                                                                        cannot open `189:0' (No such file or directory)
189:128:                                                                      cannot open `189:128' (No such file or directory)
189:2:                                                                        cannot open `189:2' (No such file or directory)
189:256:                                                                      cannot open `189:256' (No such file or directory)
189:384:                                                                      cannot open `189:384' (No such file or directory)
189:385:                                                                      cannot open `189:385' (No such file or directory)
189:512:                                                                      cannot open `189:512' (No such file or directory)
1:9:                                                                          cannot open `1:9' (No such file or directory)
202:0:                                                                        cannot open `202:0' (No such file or directory)
202:1:                                                                        cannot open `202:1' (No such file or directory)
203:0:                                                                        cannot open `203:0' (No such file or directory)
203:1:                                                                        cannot open `203:1' (No such file or directory)
21:0:                                                                         cannot open `21:0' (No such file or directory)
21:1:                                                                         cannot open `21:1' (No such file or directory)
21:2:                                                                         cannot open `21:2' (No such file or directory)
21:3:                                                                         cannot open `21:3' (No such file or directory)
21:4:                                                                         cannot open `21:4' (No such file or directory)
21:5:                                                                         cannot open `21:5' (No such file or directory)
226:0:                                                                        cannot open `226:0' (No such file or directory)
226:128:                                                                      cannot open `226:128' (No such file or directory)
249:0:                                                                        cannot open `249:0' (No such file or directory)
249:1:                                                                        cannot open `249:1' (No such file or directory)
249:2:                                                                        cannot open `249:2' (No such file or directory)
249:3:                                                                        cannot open `249:3' (No such file or directory)
249:4:                                                                        cannot open `249:4' (No such file or directory)
249:5:                                                                        cannot open `249:5' (No such file or directory)
250:0:                                                                        cannot open `250:0' (No such file or directory)
250:1:                                                                        cannot open `250:1' (No such file or directory)
250:2:                                                                        cannot open `250:2' (No such file or directory)
250:3:                                                                        cannot open `250:3' (No such file or directory)
250:4:                                                                        cannot open `250:4' (No such file or directory)
250:5:                                                                        cannot open `250:5' (No such file or directory)
253:0:                                                                        cannot open `253:0' (No such file or directory)
29:0:                                                                         cannot open `29:0' (No such file or directory)
4:0:                                                                          cannot open `4:0' (No such file or directory)
4:1:                                                                          cannot open `4:1' (No such file or directory)
4:10:                                                                         cannot open `4:10' (No such file or directory)
4:11:                                                                         cannot open `4:11' (No such file or directory)
4:12:                                                                         cannot open `4:12' (No such file or directory)
4:13:                                                                         cannot open `4:13' (No such file or directory)
4:14:                                                                         cannot open `4:14' (No such file or directory)
4:15:                                                                         cannot open `4:15' (No such file or directory)
4:16:                                                                         cannot open `4:16' (No such file or directory)
4:17:                                                                         cannot open `4:17' (No such file or directory)
4:18:                                                                         cannot open `4:18' (No such file or directory)
4:19:                                                                         cannot open `4:19' (No such file or directory)
4:2:                                                                          cannot open `4:2' (No such file or directory)
4:20:                                                                         cannot open `4:20' (No such file or directory)
4:21:                                                                         cannot open `4:21' (No such file or directory)
4:22:                                                                         cannot open `4:22' (No such file or directory)
4:23:                                                                         cannot open `4:23' (No such file or directory)
4:24:                                                                         cannot open `4:24' (No such file or directory)
4:25:                                                                         cannot open `4:25' (No such file or directory)
4:26:                                                                         cannot open `4:26' (No such file or directory)
4:27:                                                                         cannot open `4:27' (No such file or directory)
4:28:                                                                         cannot open `4:28' (No such file or directory)
4:29:                                                                         cannot open `4:29' (No such file or directory)
4:3:                                                                          cannot open `4:3' (No such file or directory)
4:30:                                                                         cannot open `4:30' (No such file or directory)
4:31:                                                                         cannot open `4:31' (No such file or directory)
4:32:                                                                         cannot open `4:32' (No such file or directory)
4:33:                                                                         cannot open `4:33' (No such file or directory)
4:34:                                                                         cannot open `4:34' (No such file or directory)
4:35:                                                                         cannot open `4:35' (No such file or directory)
4:36:                                                                         cannot open `4:36' (No such file or directory)
4:37:                                                                         cannot open `4:37' (No such file or directory)
4:38:                                                                         cannot open `4:38' (No such file or directory)
4:39:                                                                         cannot open `4:39' (No such file or directory)
4:4:                                                                          cannot open `4:4' (No such file or directory)
4:40:                                                                         cannot open `4:40' (No such file or directory)
4:41:                                                                         cannot open `4:41' (No such file or directory)
4:42:                                                                         cannot open `4:42' (No such file or directory)
4:43:                                                                         cannot open `4:43' (No such file or directory)
4:44:                                                                         cannot open `4:44' (No such file or directory)
4:45:                                                                         cannot open `4:45' (No such file or directory)
4:46:                                                                         cannot open `4:46' (No such file or directory)
4:47:                                                                         cannot open `4:47' (No such file or directory)
4:48:                                                                         cannot open `4:48' (No such file or directory)
4:49:                                                                         cannot open `4:49' (No such file or directory)
4:5:                                                                          cannot open `4:5' (No such file or directory)
4:50:                                                                         cannot open `4:50' (No such file or directory)
4:51:                                                                         cannot open `4:51' (No such file or directory)
4:52:                                                                         cannot open `4:52' (No such file or directory)
4:53:                                                                         cannot open `4:53' (No such file or directory)
4:54:                                                                         cannot open `4:54' (No such file or directory)
4:55:                                                                         cannot open `4:55' (No such file or directory)
4:56:                                                                         cannot open `4:56' (No such file or directory)
4:57:                                                                         cannot open `4:57' (No such file or directory)
4:58:                                                                         cannot open `4:58' (No such file or directory)
4:59:                                                                         cannot open `4:59' (No such file or directory)
4:6:                                                                          cannot open `4:6' (No such file or directory)
4:60:                                                                         cannot open `4:60' (No such file or directory)
4:61:                                                                         cannot open `4:61' (No such file or directory)
4:62:                                                                         cannot open `4:62' (No such file or directory)
4:63:                                                                         cannot open `4:63' (No such file or directory)
4:64:                                                                         cannot open `4:64' (No such file or directory)
4:65:                                                                         cannot open `4:65' (No such file or directory)
4:66:                                                                         cannot open `4:66' (No such file or directory)
4:67:                                                                         cannot open `4:67' (No such file or directory)
4:7:                                                                          cannot open `4:7' (No such file or directory)
4:8:                                                                          cannot open `4:8' (No such file or directory)
4:9:                                                                          cannot open `4:9' (No such file or directory)
5:0:                                                                          cannot open `5:0' (No such file or directory)
5:1:                                                                          cannot open `5:1' (No such file or directory)
5:2:                                                                          cannot open `5:2' (No such file or directory)
7:0:                                                                          cannot open `7:0' (No such file or directory)
7:1:                                                                          cannot open `7:1' (No such file or directory)
7:128:                                                                        cannot open `7:128' (No such file or directory)
7:129:                                                                        cannot open `7:129' (No such file or directory)
7:130:                                                                        cannot open `7:130' (No such file or directory)
7:131:                                                                        cannot open `7:131' (No such file or directory)
7:132:                                                                        cannot open `7:132' (No such file or directory)
7:133:                                                                        cannot open `7:133' (No such file or directory)
7:134:                                                                        cannot open `7:134' (No such file or directory)
7:2:                                                                          cannot open `7:2' (No such file or directory)
7:3:                                                                          cannot open `7:3' (No such file or directory)
7:4:                                                                          cannot open `7:4' (No such file or directory)
7:5:                                                                          cannot open `7:5' (No such file or directory)
7:6:                                                                          cannot open `7:6' (No such file or directory)
./cpu::                                                                       cannot open `./cpu:' (No such file or directory)
0:                                                                            cannot open `0' (No such file or directory)
1:                                                                            cannot open `1' (No such file or directory)
microcode:                                                                    cannot open `microcode' (No such file or directory)
./cpu/0::                                                                     cannot open `./cpu/0:' (No such file or directory)
cpuid:                                                                        cannot open `cpuid' (No such file or directory)
msr:                                                                          cannot open `msr' (No such file or directory)
./cpu/1::                                                                     cannot open `./cpu/1:' (No such file or directory)
cpuid:                                                                        cannot open `cpuid' (No such file or directory)
msr:                                                                          cannot open `msr' (No such file or directory)
./disk::                                                                      cannot open `./disk:' (No such file or directory)
by-id:                                                                        cannot open `by-id' (No such file or directory)
by-label:                                                                     cannot open `by-label' (No such file or directory)
by-path:                                                                      cannot open `by-path' (No such file or directory)
by-uuid:                                                                      cannot open `by-uuid' (No such file or directory)
./disk/by-id::                                                                cannot open `./disk/by-id:' (No such file or directory)
ata-ST1000DM003-1ER162_Z4Y5W1PT:                                              cannot open `ata-ST1000DM003-1ER162_Z4Y5W1PT' (No such file or directory)
ata-ST1000DM003-1ER162_Z4Y5W1PT-part1:                                        cannot open `ata-ST1000DM003-1ER162_Z4Y5W1PT-part1' (No such file or directory)
ata-ST1000DM003-1ER162_Z4Y5W1PT-part2:                                        cannot open `ata-ST1000DM003-1ER162_Z4Y5W1PT-part2' (No such file or directory)
ata-ST1000DM003-1ER162_Z4Y5W1PT-part3:                                        cannot open `ata-ST1000DM003-1ER162_Z4Y5W1PT-part3' (No such file or directory)
ata-TSSTcorp_CDDVDW_TS-H653Z:                                                 cannot open `ata-TSSTcorp_CDDVDW_TS-H653Z' (No such file or directory)
dm-name-adminRaul-boot:                                                       cannot open `dm-name-adminRaul-boot' (No such file or directory)
dm-name-adminRaul-home:                                                       cannot open `dm-name-adminRaul-home' (No such file or directory)
dm-name-adminRaul-root:                                                       cannot open `dm-name-adminRaul-root' (No such file or directory)
dm-name-adminRaul-swap:                                                       cannot open `dm-name-adminRaul-swap' (No such file or directory)
dm-uuid-LVM-xJCkZPXA6L989fmkW1p1qrJLHcv4PbS1e3k5MVgVhUO7oO7yVji53NmqldwWoek4: cannot open `dm-uuid-LVM-xJCkZPXA6L989fmkW1p1qrJLHcv4PbS1e3k5MVgVhUO7oO7yVji53NmqldwWoek4' (No such file or directory)
dm-uuid-LVM-xJCkZPXA6L989fmkW1p1qrJLHcv4PbS1G66AAuuVae3lRjVW2W9xAeX0RNOhRAh9: cannot open `dm-uuid-LVM-xJCkZPXA6L989fmkW1p1qrJLHcv4PbS1G66AAuuVae3lRjVW2W9xAeX0RNOhRAh9' (No such file or directory)
dm-uuid-LVM-xJCkZPXA6L989fmkW1p1qrJLHcv4PbS1VdcDmNwu8HOBHcb3kcDQfPoCbQ6cIqK0: cannot open `dm-uuid-LVM-xJCkZPXA6L989fmkW1p1qrJLHcv4PbS1VdcDmNwu8HOBHcb3kcDQfPoCbQ6cIqK0' (No such file or directory)
dm-uuid-LVM-xJCkZPXA6L989fmkW1p1qrJLHcv4PbS1w0QT1rG4vcuZUEXZ1tsGNf9k20OW3BVX: cannot open `dm-uuid-LVM-xJCkZPXA6L989fmkW1p1qrJLHcv4PbS1w0QT1rG4vcuZUEXZ1tsGNf9k20OW3BVX' (No such file or directory)
lvm-pv-uuid-M6Hutm-YsDJ-4erP-Ivz1-xPQh-1aIG-cNILQn:                           cannot open `lvm-pv-uuid-M6Hutm-YsDJ-4erP-Ivz1-xPQh-1aIG-cNILQn' (No such file or directory)
usb-Generic-_Compact_Flash_20060413092100000-0:0:                             cannot open `usb-Generic-_Compact_Flash_20060413092100000-0:0' (No such file or directory)
usb-Generic-_MS_MS-Pro_20060413092100000-0:3:                                 cannot open `usb-Generic-_MS_MS-Pro_20060413092100000-0:3' (No such file or directory)
usb-Generic-_SD_MMC_20060413092100000-0:2:                                    cannot open `usb-Generic-_SD_MMC_20060413092100000-0:2' (No such file or directory)
usb-Generic-_SM_xD-Picture_20060413092100000-0:1:                             cannot open `usb-Generic-_SM_xD-Picture_20060413092100000-0:1' (No such file or directory)
wwn-0x5000c5007aca33ad:                                                       cannot open `wwn-0x5000c5007aca33ad' (No such file or directory)
wwn-0x5000c5007aca33ad-part1:                                                 cannot open `wwn-0x5000c5007aca33ad-part1' (No such file or directory)
wwn-0x5000c5007aca33ad-part2:                                                 cannot open `wwn-0x5000c5007aca33ad-part2' (No such file or directory)
wwn-0x5000c5007aca33ad-part3:                                                 cannot open `wwn-0x5000c5007aca33ad-part3' (No such file or directory)
./disk/by-label::                                                             cannot open `./disk/by-label:' (No such file or directory)
bootLV:                                                                       cannot open `bootLV' (No such file or directory)
homeLV:                                                                       cannot open `homeLV' (No such file or directory)
rootLV:                                                                       cannot open `rootLV' (No such file or directory)
swapLV:                                                                       cannot open `swapLV' (No such file or directory)
Windows:                                                                      cannot open `Windows' (No such file or directory)
WinMedia:                                                                     cannot open `WinMedia' (No such file or directory)
./disk/by-path::                                                              cannot open `./disk/by-path:' (No such file or directory)
pci-0000:00:1d.7-usb-0:8:1.0-scsi-0:0:0:0:                                    cannot open `pci-0000:00:1d.7-usb-0:8:1.0-scsi-0:0:0:0' (No such file or directory)
pci-0000:00:1d.7-usb-0:8:1.0-scsi-0:0:0:1:                                    cannot open `pci-0000:00:1d.7-usb-0:8:1.0-scsi-0:0:0:1' (No such file or directory)
pci-0000:00:1d.7-usb-0:8:1.0-scsi-0:0:0:2:                                    cannot open `pci-0000:00:1d.7-usb-0:8:1.0-scsi-0:0:0:2' (No such file or directory)
pci-0000:00:1d.7-usb-0:8:1.0-scsi-0:0:0:3:                                    cannot open `pci-0000:00:1d.7-usb-0:8:1.0-scsi-0:0:0:3' (No such file or directory)
pci-0000:00:1f.2-ata-1:                                                       cannot open `pci-0000:00:1f.2-ata-1' (No such file or directory)
pci-0000:00:1f.2-ata-1-part1:                                                 cannot open `pci-0000:00:1f.2-ata-1-part1' (No such file or directory)
pci-0000:00:1f.2-ata-1-part2:                                                 cannot open `pci-0000:00:1f.2-ata-1-part2' (No such file or directory)
pci-0000:00:1f.2-ata-1-part3:                                                 cannot open `pci-0000:00:1f.2-ata-1-part3' (No such file or directory)
./disk/by-uuid::                                                              cannot open `./disk/by-uuid:' (No such file or directory)
2333f01b-7dd7-4da6-817a-dff866960acc:                                         cannot open `2333f01b-7dd7-4da6-817a-dff866960acc' (No such file or directory)
7E1CE7971CE7492B:                                                             cannot open `7E1CE7971CE7492B' (No such file or directory)
8baa4bfe-39b8-4759-8d97-28555a6232f5:                                         cannot open `8baa4bfe-39b8-4759-8d97-28555a6232f5' (No such file or directory)
8C6A9FA96A9F8F18:                                                             cannot open `8C6A9FA96A9F8F18' (No such file or directory)
d03bef8a-0749-412e-9af3-599e23b8dbeb:                                         cannot open `d03bef8a-0749-412e-9af3-599e23b8dbeb' (No such file or directory)
f0693298-0145-4322-a71f-7b2cd1941699:                                         cannot open `f0693298-0145-4322-a71f-7b2cd1941699' (No such file or directory)
./dri::                                                                       cannot open `./dri:' (No such file or directory)
card0:                                                                        cannot open `card0' (No such file or directory)
renderD128:                                                                   cannot open `renderD128' (No such file or directory)
./hugepages::                                                                 cannot open `./hugepages:' (No such file or directory)
libvirt:                                                                      cannot open `libvirt' (No such file or directory)
./hugepages/libvirt::                                                         cannot open `./hugepages/libvirt:' (No such file or directory)
qemu:                                                                         cannot open `qemu' (No such file or directory)
./hugepages/libvirt/qemu::                                                    cannot open `./hugepages/libvirt/qemu:' (No such file or directory)
./input::                                                                     cannot open `./input:' (No such file or directory)
ckb0:                                                                         cannot open `ckb0' (No such file or directory)
ckb1:                                                                         cannot open `ckb1' (No such file or directory)
event0:                                                                       cannot open `event0' (No such file or directory)
event1:                                                                       cannot open `event1' (No such file or directory)
event2:                                                                       cannot open `event2' (No such file or directory)
event3:                                                                       cannot open `event3' (No such file or directory)
./input/ckb0::                                                                cannot open `./input/ckb0:' (No such file or directory)
connected:                                                                    cannot open `connected' (No such file or directory)
pid:                                                                          cannot open `pid' (No such file or directory)
version:                                                                      cannot open `version' (No such file or directory)
./input/ckb1::                                                                cannot open `./input/ckb1:' (No such file or directory)
cmd:                                                                          cannot open `cmd' (No such file or directory)
features:                                                                     cannot open `features' (No such file or directory)
fwversion:                                                                    cannot open `fwversion' (No such file or directory)
model:                                                                        cannot open `model' (No such file or directory)
notify0:                                                                      cannot open `notify0' (No such file or directory)
notify1:                                                                      cannot open `notify1' (No such file or directory)
pollrate:                                                                     cannot open `pollrate' (No such file or directory)
serial:                                                                       cannot open `serial' (No such file or directory)
./mapper::                                                                    cannot open `./mapper:' (No such file or directory)
adminRaul-boot:                                                               cannot open `adminRaul-boot' (No such file or directory)
adminRaul-home:                                                               cannot open `adminRaul-home' (No such file or directory)
adminRaul-root:                                                               cannot open `adminRaul-root' (No such file or directory)
adminRaul-swap:                                                               cannot open `adminRaul-swap' (No such file or directory)
control:                                                                      cannot open `control' (No such file or directory)
./mqueue::                                                                    cannot open `./mqueue:' (No such file or directory)
./pts::                                                                       cannot open `./pts:' (No such file or directory)
0:                                                                            cannot open `0' (No such file or directory)
1:                                                                            cannot open `1' (No such file or directory)
ptmx:                                                                         character special (5/2)
./shm::                                                                       cannot open `./shm:' (No such file or directory)
pulse-shm-1011783857:                                                         cannot open `pulse-shm-1011783857' (No such file or directory)
pulse-shm-1502840937:                                                         cannot open `pulse-shm-1502840937' (No such file or directory)
pulse-shm-154347406:                                                          cannot open `pulse-shm-154347406' (No such file or directory)
pulse-shm-1659301856:                                                         cannot open `pulse-shm-1659301856' (No such file or directory)
pulse-shm-232201417:                                                          cannot open `pulse-shm-232201417' (No such file or directory)
pulse-shm-2512681231:                                                         cannot open `pulse-shm-2512681231' (No such file or directory)
pulse-shm-2684150747:                                                         cannot open `pulse-shm-2684150747' (No such file or directory)
pulse-shm-3097044261:                                                         cannot open `pulse-shm-3097044261' (No such file or directory)
pulse-shm-3458275506:                                                         cannot open `pulse-shm-3458275506' (No such file or directory)
pulse-shm-488040136:                                                          cannot open `pulse-shm-488040136' (No such file or directory)
pulse-shm-925290634:                                                          cannot open `pulse-shm-925290634' (No such file or directory)
./snd::                                                                       cannot open `./snd:' (No such file or directory)
seq:                                                                          cannot open `seq' (No such file or directory)
timer:                                                                        cannot open `timer' (No such file or directory)
